[ 2016-06-16T10:40:57+08:00 ] 66.249.66.139 /Home/News/017/
ERR: 非法操作:017

[ 2016-06-16T10:41:51+08:00 ] 66.249.66.139 /Home/News/tm
ERR: 非法操作:tm

[ 2016-06-16T17:52:13+08:00 ] 123.119.15.170 /Home/News/comment.html
INFO: [ app_begin ] --START--
INFO: Run Behavior\ReadHtmlCacheBehavior [ RunTime:0.000415s ]
INFO: [ app_begin ] --END-- [ RunTime:0.000673s ]
SQL: SHOW COLUMNS FROM `hsdcw_comment` [ RunTime:0.0005s ]
SQL: INSERT INTO `hsdcw_comment` (`arcticle_id`,`username`,`content`,`time`) VALUES ('16','aa','gg','1466070733') [ RunTime:0.0004s ]

[ 2016-06-16T17:52:23+08:00 ] 123.119.15.170 /Home/News/ajaxmore.html
INFO: [ app_begin ] --START--
INFO: Run Behavior\ReadHtmlCacheBehavior [ RunTime:0.000349s ]
INFO: [ app_begin ] --END-- [ RunTime:0.000618s ]
SQL: SHOW COLUMNS FROM `hsdcw_comment` [ RunTime:0.0005s ]
SQL: SELECT * FROM `hsdcw_comment` WHERE `arcticle_id` = 17 ORDER BY time desc LIMIT 3,3   [ RunTime:0.0002s ]

[ 2016-06-16T17:52:24+08:00 ] 123.119.15.170 /Home/News/ajaxmore.html
INFO: [ app_begin ] --START--
INFO: Run Behavior\ReadHtmlCacheBehavior [ RunTime:0.000347s ]
INFO: [ app_begin ] --END-- [ RunTime:0.000611s ]
SQL: SHOW COLUMNS FROM `hsdcw_comment` [ RunTime:0.0005s ]
SQL: SELECT * FROM `hsdcw_comment` WHERE `arcticle_id` = 17 ORDER BY time desc LIMIT 6,3   [ RunTime:0.0002s ]

[ 2016-06-16T17:52:25+08:00 ] 123.119.15.170 /Home/News/ajaxmore.html
INFO: [ app_begin ] --START--
INFO: Run Behavior\ReadHtmlCacheBehavior [ RunTime:0.000365s ]
INFO: [ app_begin ] --END-- [ RunTime:0.000648s ]
SQL: SHOW COLUMNS FROM `hsdcw_comment` [ RunTime:0.0006s ]
SQL: SELECT * FROM `hsdcw_comment` WHERE `arcticle_id` = 17 ORDER BY time desc LIMIT 9,3   [ RunTime:0.0002s ]

[ 2016-06-16T17:52:27+08:00 ] 123.119.15.170 /Home/News/ajaxmore.html
INFO: [ app_begin ] --START--
INFO: Run Behavior\ReadHtmlCacheBehavior [ RunTime:0.000379s ]
INFO: [ app_begin ] --END-- [ RunTime:0.000664s ]
SQL: SHOW COLUMNS FROM `hsdcw_comment` [ RunTime:0.0006s ]
SQL: SELECT * FROM `hsdcw_comment` WHERE `arcticle_id` = 17 ORDER BY time desc LIMIT 12,3   [ RunTime:0.0003s ]

[ 2016-06-16T17:52:28+08:00 ] 123.119.15.170 /Home/News/ajaxmore.html
INFO: [ app_begin ] --START--
INFO: Run Behavior\ReadHtmlCacheBehavior [ RunTime:0.000385s ]
INFO: [ app_begin ] --END-- [ RunTime:0.000643s ]
SQL: SHOW COLUMNS FROM `hsdcw_comment` [ RunTime:0.0005s ]
SQL: SELECT * FROM `hsdcw_comment` WHERE `arcticle_id` = 17 ORDER BY time desc LIMIT 15,3   [ RunTime:0.0036s ]

[ 2016-06-16T17:53:52+08:00 ] 123.119.15.170 /Home/News/hbxw.html
ERR: 模板不存在:./Application/Home/View/News/hbxw.html

[ 2016-06-16T19:40:21+08:00 ] 123.119.15.170 /Home/News/comment.html
INFO: [ app_begin ] --START--
INFO: Run Behavior\ReadHtmlCacheBehavior [ RunTime:0.000376s ]
INFO: [ app_begin ] --END-- [ RunTime:0.000658s ]
SQL: SHOW COLUMNS FROM `hsdcw_comment` [ RunTime:0.0006s ]
SQL: INSERT INTO `hsdcw_comment` (`arcticle_id`,`username`,`content`,`time`) VALUES ('15','aa','支付成功后跳转的页','1466077221') [ RunTime:0.0003s ]

[ 2016-06-16T19:40:25+08:00 ] 123.119.15.170 /Home/News/comment.html
INFO: [ app_begin ] --START--
INFO: Run Behavior\ReadHtmlCacheBehavior [ RunTime:0.000344s ]
INFO: [ app_begin ] --END-- [ RunTime:0.000640s ]
SQL: SHOW COLUMNS FROM `hsdcw_comment` [ RunTime:0.0005s ]
SQL: INSERT INTO `hsdcw_comment` (`arcticle_id`,`username`,`content`,`time`) VALUES ('15','aa','支付成功后跳转的页','1466077225') [ RunTime:0.0002s ]

[ 2016-06-16T19:40:26+08:00 ] 123.119.15.170 /Home/News/comment.html
INFO: [ app_begin ] --START--
INFO: Run Behavior\ReadHtmlCacheBehavior [ RunTime:0.000344s ]
INFO: [ app_begin ] --END-- [ RunTime:0.000603s ]
SQL: SHOW COLUMNS FROM `hsdcw_comment` [ RunTime:0.0005s ]
SQL: INSERT INTO `hsdcw_comment` (`arcticle_id`,`username`,`content`,`time`) VALUES ('15','aa','支付成功后跳转的页','1466077226') [ RunTime:0.0002s ]

[ 2016-06-16T19:40:33+08:00 ] 123.119.15.170 /Home/News/ajaxmore.html
INFO: [ app_begin ] --START--
INFO: Run Behavior\ReadHtmlCacheBehavior [ RunTime:0.000540s ]
INFO: [ app_begin ] --END-- [ RunTime:0.000826s ]
SQL: SHOW COLUMNS FROM `hsdcw_comment` [ RunTime:0.0005s ]
SQL: SELECT * FROM `hsdcw_comment` WHERE `arcticle_id` = 15 ORDER BY time desc LIMIT 3,3   [ RunTime:0.0002s ]

[ 2016-06-16T19:41:09+08:00 ] 123.119.15.170 /Home/News/comment.html
INFO: [ app_begin ] --START--
INFO: Run Behavior\ReadHtmlCacheBehavior [ RunTime:0.000353s ]
INFO: [ app_begin ] --END-- [ RunTime:0.000610s ]
SQL: SHOW COLUMNS FROM `hsdcw_comment` [ RunTime:0.0005s ]
SQL: INSERT INTO `hsdcw_comment` (`arcticle_id`,`username`,`content`,`time`) VALUES ('15','蓝宝石','支付成功后跳转的页','1466077269') [ RunTime:0.0002s ]

[ 2016-06-16T19:41:19+08:00 ] 123.119.15.170 /Home/News/ajaxmore.html
INFO: [ app_begin ] --START--
INFO: Run Behavior\ReadHtmlCacheBehavior [ RunTime:0.000356s ]
INFO: [ app_begin ] --END-- [ RunTime:0.000642s ]
SQL: SHOW COLUMNS FROM `hsdcw_comment` [ RunTime:0.0029s ]
SQL: SELECT * FROM `hsdcw_comment` WHERE `arcticle_id` = 15 ORDER BY time desc LIMIT 3,3   [ RunTime:0.0003s ]

