[ 2018-06-10T01:26:43+08:00 ] 106.11.159.253 /H_N_d/7.html
INFO: [ app_init ] --START--
INFO: Run Behavior\BuildLiteBehavior [ RunTime:0.000012s ]
INFO: [ app_init ] --END-- [ RunTime:0.000342s ]
INFO: [ app_begin ] --START--
INFO: Run Behavior\ReadHtmlCacheBehavior [ RunTime:0.000626s ]
INFO: [ app_begin ] --END-- [ RunTime:0.000656s ]
SQL: SHOW COLUMNS FROM `hsdcw_news` [ RunTime:0.0014s ]
SQL: SELECT * FROM `hsdcw_news` WHERE `id` = 7 LIMIT 1   [ RunTime:0.0003s ]
SQL: UPDATE `hsdcw_news` SET `eye`='1' WHERE ( id=7 ) [ RunTime:0.0003s ]
SQL: SHOW COLUMNS FROM `hsdcw_comment` [ RunTime:0.0004s ]
SQL: SELECT COUNT(*) AS tp_count FROM `hsdcw_comment` WHERE ( arcticle_id=7 ) LIMIT 1   [ RunTime:0.0002s ]
SQL: SELECT * FROM `hsdcw_comment` WHERE `arcticle_id` = 7 ORDER BY time desc LIMIT 0,3   [ RunTime:0.0003s ]
SQL: SELECT COUNT(id) AS tp_count FROM `hsdcw_comment` WHERE `arcticle_id` = 7 LIMIT 1   [ RunTime:0.0002s ]
INFO: [ view_parse ] --START--
INFO: [ template_filter ] --START--
INFO: Run Behavior\ContentReplaceBehavior [ RunTime:0.000313s ]
INFO: [ template_filter ] --END-- [ RunTime:0.000348s ]
INFO: Run Behavior\ParseTemplateBehavior [ RunTime:0.010732s ]
INFO: [ view_parse ] --END-- [ RunTime:0.010767s ]
INFO: [ view_filter ] --START--
INFO: Run Behavior\WriteHtmlCacheBehavior [ RunTime:0.000132s ]
INFO: [ view_filter ] --END-- [ RunTime:0.000157s ]
INFO: [ app_end ] --START--
INFO: Run Behavior\ShowPageTraceBehavior [ RunTime:0.000502s ]
INFO: [ app_end ] --END-- [ RunTime:0.000534s ]

[ 2018-06-10T01:32:32+08:00 ] 140.205.205.23 /
INFO: [ app_init ] --START--
INFO: Run Behavior\BuildLiteBehavior [ RunTime:0.000011s ]
INFO: [ app_init ] --END-- [ RunTime:0.000262s ]
INFO: [ app_begin ] --START--
INFO: Run Behavior\ReadHtmlCacheBehavior [ RunTime:0.000387s ]
INFO: [ app_begin ] --END-- [ RunTime:0.000414s ]
INFO: [ view_parse ] --START--
INFO: [ template_filter ] --START--
INFO: Run Behavior\ContentReplaceBehavior [ RunTime:0.000614s ]
INFO: [ template_filter ] --END-- [ RunTime:0.000660s ]
INFO: Run Behavior\ParseTemplateBehavior [ RunTime:0.014468s ]
INFO: [ view_parse ] --END-- [ RunTime:0.014496s ]
INFO: [ view_filter ] --START--
INFO: Run Behavior\WriteHtmlCacheBehavior [ RunTime:0.000236s ]
INFO: [ view_filter ] --END-- [ RunTime:0.000256s ]
INFO: [ app_end ] --START--
INFO: Run Behavior\ShowPageTraceBehavior [ RunTime:0.000498s ]
INFO: [ app_end ] --END-- [ RunTime:0.000524s ]

[ 2018-06-10T03:42:48+08:00 ] 58.250.125.133 /
INFO: [ app_init ] --START--
INFO: Run Behavior\BuildLiteBehavior [ RunTime:0.000009s ]
INFO: [ app_init ] --END-- [ RunTime:0.000244s ]
INFO: [ app_begin ] --START--
INFO: Run Behavior\ReadHtmlCacheBehavior [ RunTime:0.000305s ]
INFO: [ app_begin ] --END-- [ RunTime:0.000327s ]
INFO: [ view_parse ] --START--
INFO: [ template_filter ] --START--
INFO: Run Behavior\ContentReplaceBehavior [ RunTime:0.000532s ]
INFO: [ template_filter ] --END-- [ RunTime:0.000567s ]
INFO: Run Behavior\ParseTemplateBehavior [ RunTime:0.013323s ]
INFO: [ view_parse ] --END-- [ RunTime:0.013345s ]
INFO: [ view_filter ] --START--
INFO: Run Behavior\WriteHtmlCacheBehavior [ RunTime:0.000113s ]
INFO: [ view_filter ] --END-- [ RunTime:0.000132s ]
INFO: [ app_end ] --START--
INFO: Run Behavior\ShowPageTraceBehavior [ RunTime:0.000405s ]
INFO: [ app_end ] --END-- [ RunTime:0.000430s ]

[ 2018-06-10T03:43:21+08:00 ] 140.205.205.29 /
INFO: [ app_init ] --START--
INFO: Run Behavior\BuildLiteBehavior [ RunTime:0.000013s ]
INFO: [ app_init ] --END-- [ RunTime:0.000256s ]
INFO: [ app_begin ] --START--
INFO: Run Behavior\ReadHtmlCacheBehavior [ RunTime:0.000333s ]
INFO: [ app_begin ] --END-- [ RunTime:0.000359s ]
INFO: [ view_parse ] --START--
INFO: [ template_filter ] --START--
INFO: Run Behavior\ContentReplaceBehavior [ RunTime:0.000541s ]
INFO: [ template_filter ] --END-- [ RunTime:0.000583s ]
INFO: Run Behavior\ParseTemplateBehavior [ RunTime:0.014350s ]
INFO: [ view_parse ] --END-- [ RunTime:0.014374s ]
INFO: [ view_filter ] --START--
INFO: Run Behavior\WriteHtmlCacheBehavior [ RunTime:0.000127s ]
INFO: [ view_filter ] --END-- [ RunTime:0.000147s ]
INFO: [ app_end ] --START--
INFO: Run Behavior\ShowPageTraceBehavior [ RunTime:0.000436s ]
INFO: [ app_end ] --END-- [ RunTime:0.000465s ]

[ 2018-06-10T05:57:35+08:00 ] 203.208.60.209 /
INFO: [ app_init ] --START--
INFO: Run Behavior\BuildLiteBehavior [ RunTime:0.000013s ]
INFO: [ app_init ] --END-- [ RunTime:0.000308s ]
INFO: [ app_begin ] --START--
INFO: Run Behavior\ReadHtmlCacheBehavior [ RunTime:0.000297s ]
INFO: [ app_begin ] --END-- [ RunTime:0.000320s ]
INFO: [ view_parse ] --START--
INFO: [ template_filter ] --START--
INFO: Run Behavior\ContentReplaceBehavior [ RunTime:0.000570s ]
INFO: [ template_filter ] --END-- [ RunTime:0.000614s ]
INFO: Run Behavior\ParseTemplateBehavior [ RunTime:0.013909s ]
INFO: [ view_parse ] --END-- [ RunTime:0.013932s ]
INFO: [ view_filter ] --START--
INFO: Run Behavior\WriteHtmlCacheBehavior [ RunTime:0.000137s ]
INFO: [ view_filter ] --END-- [ RunTime:0.000157s ]
INFO: [ app_end ] --START--
INFO: Run Behavior\ShowPageTraceBehavior [ RunTime:0.000434s ]
INFO: [ app_end ] --END-- [ RunTime:0.000459s ]

[ 2018-06-10T06:53:47+08:00 ] 220.181.108.117 /
INFO: [ app_init ] --START--
INFO: Run Behavior\BuildLiteBehavior [ RunTime:0.000010s ]
INFO: [ app_init ] --END-- [ RunTime:0.000248s ]
INFO: [ app_begin ] --START--
INFO: Run Behavior\ReadHtmlCacheBehavior [ RunTime:0.000295s ]
INFO: [ app_begin ] --END-- [ RunTime:0.000317s ]
INFO: [ view_parse ] --START--
INFO: [ template_filter ] --START--
INFO: Run Behavior\ContentReplaceBehavior [ RunTime:0.000547s ]
INFO: [ template_filter ] --END-- [ RunTime:0.000580s ]
INFO: Run Behavior\ParseTemplateBehavior [ RunTime:0.013724s ]
INFO: [ view_parse ] --END-- [ RunTime:0.013747s ]
INFO: [ view_filter ] --START--
INFO: Run Behavior\WriteHtmlCacheBehavior [ RunTime:0.000120s ]
INFO: [ view_filter ] --END-- [ RunTime:0.000140s ]
INFO: [ app_end ] --START--
INFO: Run Behavior\ShowPageTraceBehavior [ RunTime:0.000387s ]
INFO: [ app_end ] --END-- [ RunTime:0.000411s ]

[ 2018-06-10T07:05:41+08:00 ] 106.11.226.117 /
INFO: [ app_init ] --START--
INFO: Run Behavior\BuildLiteBehavior [ RunTime:0.000009s ]
INFO: [ app_init ] --END-- [ RunTime:0.000248s ]
INFO: [ app_begin ] --START--
INFO: Run Behavior\ReadHtmlCacheBehavior [ RunTime:0.000307s ]
INFO: [ app_begin ] --END-- [ RunTime:0.000329s ]
INFO: [ view_parse ] --START--
INFO: [ template_filter ] --START--
INFO: Run Behavior\ContentReplaceBehavior [ RunTime:0.000575s ]
INFO: [ template_filter ] --END-- [ RunTime:0.000602s ]
INFO: Run Behavior\ParseTemplateBehavior [ RunTime:0.014518s ]
INFO: [ view_parse ] --END-- [ RunTime:0.014540s ]
INFO: [ view_filter ] --START--
INFO: Run Behavior\WriteHtmlCacheBehavior [ RunTime:0.000102s ]
INFO: [ view_filter ] --END-- [ RunTime:0.000124s ]
INFO: [ app_end ] --START--
INFO: Run Behavior\ShowPageTraceBehavior [ RunTime:0.000387s ]
INFO: [ app_end ] --END-- [ RunTime:0.000415s ]

[ 2018-06-10T08:12:57+08:00 ] 140.205.205.23 /
INFO: [ app_init ] --START--
INFO: Run Behavior\BuildLiteBehavior [ RunTime:0.000010s ]
INFO: [ app_init ] --END-- [ RunTime:0.000222s ]
INFO: [ app_begin ] --START--
INFO: Run Behavior\ReadHtmlCacheBehavior [ RunTime:0.000365s ]
INFO: [ app_begin ] --END-- [ RunTime:0.000390s ]
INFO: [ view_parse ] --START--
INFO: [ template_filter ] --START--
INFO: Run Behavior\ContentReplaceBehavior [ RunTime:0.000549s ]
INFO: [ template_filter ] --END-- [ RunTime:0.000575s ]
INFO: Run Behavior\ParseTemplateBehavior [ RunTime:0.013826s ]
INFO: [ view_parse ] --END-- [ RunTime:0.013848s ]
INFO: [ view_filter ] --START--
INFO: Run Behavior\WriteHtmlCacheBehavior [ RunTime:0.000095s ]
INFO: [ view_filter ] --END-- [ RunTime:0.000115s ]
INFO: [ app_end ] --START--
INFO: Run Behavior\ShowPageTraceBehavior [ RunTime:0.000378s ]
INFO: [ app_end ] --END-- [ RunTime:0.000401s ]

[ 2018-06-10T08:12:58+08:00 ] 140.205.205.25 /Home/News/index.html
INFO: [ app_init ] --START--
INFO: Run Behavior\BuildLiteBehavior [ RunTime:0.000010s ]
INFO: [ app_init ] --END-- [ RunTime:0.000229s ]
INFO: [ app_begin ] --START--
INFO: Run Behavior\ReadHtmlCacheBehavior [ RunTime:0.000338s ]
INFO: [ app_begin ] --END-- [ RunTime:0.000362s ]
SQL: SHOW COLUMNS FROM `hsdcw_news` [ RunTime:0.0007s ]
SQL: SELECT COUNT(*) AS tp_count FROM `hsdcw_news` WHERE `cateid` = 2 AND `display` = 0 AND `type` IN (2,3) LIMIT 1   [ RunTime:0.0004s ]
SQL: SELECT * FROM `hsdcw_news` WHERE `cateid` = 2 AND `display` = 0 AND `type` IN (2,3) ORDER BY `time` desc LIMIT 0,6   [ RunTime:0.0005s ]
SQL: SHOW COLUMNS FROM `hsdcw_comment` [ RunTime:0.0004s ]
SQL: SELECT COUNT(id) AS tp_count FROM `hsdcw_comment` WHERE `arcticle_id` = 33 LIMIT 1   [ RunTime:0.0002s ]
SQL: SELECT COUNT(id) AS tp_count FROM `hsdcw_comment` WHERE `arcticle_id` = 32 LIMIT 1   [ RunTime:0.0002s ]
SQL: SELECT COUNT(id) AS tp_count FROM `hsdcw_comment` WHERE `arcticle_id` = 31 LIMIT 1   [ RunTime:0.0002s ]
SQL: SELECT COUNT(id) AS tp_count FROM `hsdcw_comment` WHERE `arcticle_id` = 30 LIMIT 1   [ RunTime:0.0002s ]
SQL: SELECT COUNT(id) AS tp_count FROM `hsdcw_comment` WHERE `arcticle_id` = 26 LIMIT 1   [ RunTime:0.0002s ]
SQL: SELECT COUNT(id) AS tp_count FROM `hsdcw_comment` WHERE `arcticle_id` = 25 LIMIT 1   [ RunTime:0.0002s ]
SQL: SELECT * FROM hsdcw_news a WHERE ( a.cateid=2 and a.display=0 and a.type=1 ) ORDER BY a.time desc LIMIT 1   [ RunTime:0.0004s ]
SQL: SELECT * FROM `hsdcw_news` WHERE `display` = 0 AND `cateid` = 2 ORDER BY eye desc  [ RunTime:0.0006s ]
INFO: [ view_parse ] --START--
INFO: [ template_filter ] --START--
INFO: Run Behavior\ContentReplaceBehavior [ RunTime:0.000145s ]
INFO: [ template_filter ] --END-- [ RunTime:0.000174s ]
INFO: Run Behavior\ParseTemplateBehavior [ RunTime:0.008300s ]
INFO: [ view_parse ] --END-- [ RunTime:0.008333s ]
INFO: [ view_filter ] --START--
INFO: Run Behavior\WriteHtmlCacheBehavior [ RunTime:0.000104s ]
INFO: [ view_filter ] --END-- [ RunTime:0.000127s ]
INFO: [ app_end ] --START--
INFO: Run Behavior\ShowPageTraceBehavior [ RunTime:0.000408s ]
INFO: [ app_end ] --END-- [ RunTime:0.000434s ]

[ 2018-06-10T08:12:58+08:00 ] 140.205.205.23 /Home/News/hbxw.html
INFO: [ app_init ] --START--
INFO: Run Behavior\BuildLiteBehavior [ RunTime:0.000009s ]
INFO: [ app_init ] --END-- [ RunTime:0.000238s ]
INFO: [ app_begin ] --START--
INFO: Run Behavior\ReadHtmlCacheBehavior [ RunTime:0.000324s ]
INFO: [ app_begin ] --END-- [ RunTime:0.000347s ]
SQL: SHOW COLUMNS FROM `hsdcw_news` [ RunTime:0.0006s ]
SQL: SELECT COUNT(*) AS tp_count FROM `hsdcw_news` WHERE `cateid` = 4 AND `display` = 0 AND `type` IN (2,3) LIMIT 1   [ RunTime:0.0003s ]
SQL: SELECT * FROM `hsdcw_news` WHERE `cateid` = 4 AND `display` = 0 AND `type` IN (2,3) ORDER BY `time` desc LIMIT 0,6   [ RunTime:0.0003s ]
SQL: SHOW COLUMNS FROM `hsdcw_comment` [ RunTime:0.0004s ]
SQL: SELECT COUNT(id) AS tp_count FROM `hsdcw_comment` WHERE `arcticle_id` = 29 LIMIT 1   [ RunTime:0.0003s ]
SQL: SELECT COUNT(id) AS tp_count FROM `hsdcw_comment` WHERE `arcticle_id` = 14 LIMIT 1   [ RunTime:0.0002s ]
SQL: SELECT * FROM `hsdcw_news` WHERE ( cateid=4 and display=0 and type=1 ) ORDER BY `time` desc LIMIT 1   [ RunTime:0.0003s ]
SQL: SELECT * FROM `hsdcw_news` WHERE `display` = 0 AND `cateid` = 4 ORDER BY eye desc  [ RunTime:0.0003s ]
INFO: [ view_parse ] --START--
INFO: [ template_filter ] --START--
INFO: Run Behavior\ContentReplaceBehavior [ RunTime:0.000136s ]
INFO: [ template_filter ] --END-- [ RunTime:0.000166s ]
INFO: Run Behavior\ParseTemplateBehavior [ RunTime:0.008152s ]
INFO: [ view_parse ] --END-- [ RunTime:0.008259s ]
INFO: [ view_filter ] --START--
INFO: Run Behavior\WriteHtmlCacheBehavior [ RunTime:0.000125s ]
INFO: [ view_filter ] --END-- [ RunTime:0.000145s ]
INFO: [ app_end ] --START--
INFO: Run Behavior\ShowPageTraceBehavior [ RunTime:0.000376s ]
INFO: [ app_end ] --END-- [ RunTime:0.000400s ]

[ 2018-06-10T08:12:59+08:00 ] 140.205.205.25 /Home/News/hsms.html
INFO: [ app_init ] --START--
INFO: Run Behavior\BuildLiteBehavior [ RunTime:0.000009s ]
INFO: [ app_init ] --END-- [ RunTime:0.000239s ]
INFO: [ app_begin ] --START--
INFO: Run Behavior\ReadHtmlCacheBehavior [ RunTime:0.000295s ]
INFO: [ app_begin ] --END-- [ RunTime:0.000317s ]
SQL: SHOW COLUMNS FROM `hsdcw_news` [ RunTime:0.0007s ]
SQL: SELECT COUNT(*) AS tp_count FROM `hsdcw_news` WHERE `cateid` = 3 AND `display` = 0 AND `type` IN (2,3) LIMIT 1   [ RunTime:0.0004s ]
SQL: SELECT * FROM `hsdcw_news` WHERE `cateid` = 3 AND `display` = 0 AND `type` IN (2,3) ORDER BY `time` desc LIMIT 0,6   [ RunTime:0.0004s ]
SQL: SHOW COLUMNS FROM `hsdcw_comment` [ RunTime:0.0004s ]
SQL: SELECT COUNT(id) AS tp_count FROM `hsdcw_comment` WHERE `arcticle_id` = 28 LIMIT 1   [ RunTime:0.0002s ]
SQL: SELECT COUNT(id) AS tp_count FROM `hsdcw_comment` WHERE `arcticle_id` = 27 LIMIT 1   [ RunTime:0.0002s ]
SQL: SELECT * FROM `hsdcw_news` WHERE ( cateid=3 and display=0 and type=1 ) ORDER BY `time` desc LIMIT 1   [ RunTime:0.0003s ]
SQL: SELECT * FROM `hsdcw_news` WHERE `display` = 0 AND `cateid` = 3 ORDER BY eye desc  [ RunTime:0.0003s ]
INFO: [ view_parse ] --START--
INFO: [ template_filter ] --START--
INFO: Run Behavior\ContentReplaceBehavior [ RunTime:0.000126s ]
INFO: [ template_filter ] --END-- [ RunTime:0.000150s ]
INFO: Run Behavior\ParseTemplateBehavior [ RunTime:0.007187s ]
INFO: [ view_parse ] --END-- [ RunTime:0.007209s ]
INFO: [ view_filter ] --START--
INFO: Run Behavior\WriteHtmlCacheBehavior [ RunTime:0.000097s ]
INFO: [ view_filter ] --END-- [ RunTime:0.000115s ]
INFO: [ app_end ] --START--
INFO: Run Behavior\ShowPageTraceBehavior [ RunTime:0.000391s ]
INFO: [ app_end ] --END-- [ RunTime:0.000414s ]

[ 2018-06-10T08:12:59+08:00 ] 140.205.205.25 /
INFO: [ app_init ] --START--
INFO: Run Behavior\BuildLiteBehavior [ RunTime:0.000010s ]
INFO: [ app_init ] --END-- [ RunTime:0.000245s ]
INFO: [ app_begin ] --START--
INFO: Run Behavior\ReadHtmlCacheBehavior [ RunTime:0.000342s ]
INFO: [ app_begin ] --END-- [ RunTime:0.000368s ]
INFO: [ view_parse ] --START--
INFO: [ template_filter ] --START--
INFO: Run Behavior\ContentReplaceBehavior [ RunTime:0.000594s ]
INFO: [ template_filter ] --END-- [ RunTime:0.000631s ]
INFO: Run Behavior\ParseTemplateBehavior [ RunTime:0.014241s ]
INFO: [ view_parse ] --END-- [ RunTime:0.014267s ]
INFO: [ view_filter ] --START--
INFO: Run Behavior\WriteHtmlCacheBehavior [ RunTime:0.000107s ]
INFO: [ view_filter ] --END-- [ RunTime:0.000126s ]
INFO: [ app_end ] --START--
INFO: Run Behavior\ShowPageTraceBehavior [ RunTime:0.000441s ]
INFO: [ app_end ] --END-- [ RunTime:0.000470s ]

[ 2018-06-10T08:40:22+08:00 ] 106.11.227.229 /
INFO: [ app_init ] --START--
INFO: Run Behavior\BuildLiteBehavior [ RunTime:0.000012s ]
INFO: [ app_init ] --END-- [ RunTime:0.000324s ]
INFO: [ app_begin ] --START--
INFO: Run Behavior\ReadHtmlCacheBehavior [ RunTime:0.000505s ]
INFO: [ app_begin ] --END-- [ RunTime:0.000533s ]
INFO: [ view_parse ] --START--
INFO: [ template_filter ] --START--
INFO: Run Behavior\ContentReplaceBehavior [ RunTime:0.000671s ]
INFO: [ template_filter ] --END-- [ RunTime:0.000703s ]
INFO: Run Behavior\ParseTemplateBehavior [ RunTime:0.019510s ]
INFO: [ view_parse ] --END-- [ RunTime:0.019555s ]
INFO: [ view_filter ] --START--
INFO: Run Behavior\WriteHtmlCacheBehavior [ RunTime:0.000130s ]
INFO: [ view_filter ] --END-- [ RunTime:0.000152s ]
INFO: [ app_end ] --START--
INFO: Run Behavior\ShowPageTraceBehavior [ RunTime:0.000735s ]
INFO: [ app_end ] --END-- [ RunTime:0.000766s ]

[ 2018-06-10T09:10:31+08:00 ] 106.11.158.230 /h_n_d/13.html
INFO: [ app_init ] --START--
INFO: Run Behavior\BuildLiteBehavior [ RunTime:0.000010s ]
INFO: [ app_init ] --END-- [ RunTime:0.000264s ]
INFO: [ app_begin ] --START--
INFO: Run Behavior\ReadHtmlCacheBehavior [ RunTime:0.000344s ]
INFO: [ app_begin ] --END-- [ RunTime:0.000370s ]
SQL: SHOW COLUMNS FROM `hsdcw_news` [ RunTime:0.0007s ]
SQL: SELECT * FROM `hsdcw_news` WHERE `id` = 13 LIMIT 1   [ RunTime:0.0003s ]
SQL: UPDATE `hsdcw_news` SET `eye`='407' WHERE ( id=13 ) [ RunTime:0.0003s ]
SQL: SHOW COLUMNS FROM `hsdcw_comment` [ RunTime:0.0004s ]
SQL: SELECT COUNT(*) AS tp_count FROM `hsdcw_comment` WHERE ( arcticle_id=13 ) LIMIT 1   [ RunTime:0.0003s ]
SQL: SELECT * FROM `hsdcw_comment` WHERE `arcticle_id` = 13 ORDER BY time desc LIMIT 0,3   [ RunTime:0.0003s ]
SQL: SELECT COUNT(id) AS tp_count FROM `hsdcw_comment` WHERE `arcticle_id` = 13 LIMIT 1   [ RunTime:0.0003s ]
INFO: [ view_parse ] --START--
INFO: [ template_filter ] --START--
INFO: Run Behavior\ContentReplaceBehavior [ RunTime:0.000240s ]
INFO: [ template_filter ] --END-- [ RunTime:0.000282s ]
INFO: Run Behavior\ParseTemplateBehavior [ RunTime:0.009933s ]
INFO: [ view_parse ] --END-- [ RunTime:0.009962s ]
INFO: [ view_filter ] --START--
INFO: Run Behavior\WriteHtmlCacheBehavior [ RunTime:0.000116s ]
INFO: [ view_filter ] --END-- [ RunTime:0.000142s ]
INFO: [ app_end ] --START--
INFO: Run Behavior\ShowPageTraceBehavior [ RunTime:0.000484s ]
INFO: [ app_end ] --END-- [ RunTime:0.000514s ]

[ 2018-06-10T11:35:13+08:00 ] 106.11.157.251 /
INFO: [ app_init ] --START--
INFO: Run Behavior\BuildLiteBehavior [ RunTime:0.000015s ]
INFO: [ app_init ] --END-- [ RunTime:0.000343s ]
INFO: [ app_begin ] --START--
INFO: Run Behavior\ReadHtmlCacheBehavior [ RunTime:0.000451s ]
INFO: [ app_begin ] --END-- [ RunTime:0.000497s ]
INFO: [ view_parse ] --START--
INFO: [ template_filter ] --START--
INFO: Run Behavior\ContentReplaceBehavior [ RunTime:0.000547s ]
INFO: [ template_filter ] --END-- [ RunTime:0.000590s ]
INFO: Run Behavior\ParseTemplateBehavior [ RunTime:0.017463s ]
INFO: [ view_parse ] --END-- [ RunTime:0.017505s ]
INFO: [ view_filter ] --START--
INFO: Run Behavior\WriteHtmlCacheBehavior [ RunTime:0.000176s ]
INFO: [ view_filter ] --END-- [ RunTime:0.000196s ]
INFO: [ app_end ] --START--
INFO: Run Behavior\ShowPageTraceBehavior [ RunTime:0.000441s ]
INFO: [ app_end ] --END-- [ RunTime:0.000466s ]

[ 2018-06-10T12:47:51+08:00 ] 220.181.108.78 /
INFO: [ app_init ] --START--
INFO: Run Behavior\BuildLiteBehavior [ RunTime:0.000009s ]
INFO: [ app_init ] --END-- [ RunTime:0.000238s ]
INFO: [ app_begin ] --START--
INFO: Run Behavior\ReadHtmlCacheBehavior [ RunTime:0.000320s ]
INFO: [ app_begin ] --END-- [ RunTime:0.000340s ]
INFO: [ view_parse ] --START--
INFO: [ template_filter ] --START--
INFO: Run Behavior\ContentReplaceBehavior [ RunTime:0.000557s ]
INFO: [ template_filter ] --END-- [ RunTime:0.000591s ]
INFO: Run Behavior\ParseTemplateBehavior [ RunTime:0.013938s ]
INFO: [ view_parse ] --END-- [ RunTime:0.013961s ]
INFO: [ view_filter ] --START--
INFO: Run Behavior\WriteHtmlCacheBehavior [ RunTime:0.000115s ]
INFO: [ view_filter ] --END-- [ RunTime:0.000134s ]
INFO: [ app_end ] --START--
INFO: Run Behavior\ShowPageTraceBehavior [ RunTime:0.000390s ]
INFO: [ app_end ] --END-- [ RunTime:0.000415s ]

[ 2018-06-10T14:57:46+08:00 ] 202.108.211.56 /
INFO: [ app_init ] --START--
INFO: Run Behavior\BuildLiteBehavior [ RunTime:0.000011s ]
INFO: [ app_init ] --END-- [ RunTime:0.000228s ]
INFO: [ app_begin ] --START--
INFO: Run Behavior\ReadHtmlCacheBehavior [ RunTime:0.000335s ]
INFO: [ app_begin ] --END-- [ RunTime:0.000358s ]
INFO: [ view_parse ] --START--
INFO: [ template_filter ] --START--
INFO: Run Behavior\ContentReplaceBehavior [ RunTime:0.000522s ]
INFO: [ template_filter ] --END-- [ RunTime:0.000562s ]
INFO: Run Behavior\ParseTemplateBehavior [ RunTime:0.013453s ]
INFO: [ view_parse ] --END-- [ RunTime:0.013476s ]
INFO: [ view_filter ] --START--
INFO: Run Behavior\WriteHtmlCacheBehavior [ RunTime:0.000106s ]
INFO: [ view_filter ] --END-- [ RunTime:0.000124s ]
INFO: [ app_end ] --START--
INFO: Run Behavior\ShowPageTraceBehavior [ RunTime:0.000400s ]
INFO: [ app_end ] --END-- [ RunTime:0.000425s ]

[ 2018-06-10T15:32:01+08:00 ] 66.102.6.186 /
INFO: [ app_init ] --START--
INFO: Run Behavior\BuildLiteBehavior [ RunTime:0.000011s ]
INFO: [ app_init ] --END-- [ RunTime:0.000269s ]
INFO: [ app_begin ] --START--
INFO: Run Behavior\ReadHtmlCacheBehavior [ RunTime:0.000590s ]
INFO: [ app_begin ] --END-- [ RunTime:0.000620s ]
INFO: [ view_parse ] --START--
INFO: [ template_filter ] --START--
INFO: Run Behavior\ContentReplaceBehavior [ RunTime:0.000683s ]
INFO: [ template_filter ] --END-- [ RunTime:0.000739s ]
INFO: Run Behavior\ParseTemplateBehavior [ RunTime:0.016453s ]
INFO: [ view_parse ] --END-- [ RunTime:0.016483s ]
INFO: [ view_filter ] --START--
INFO: Run Behavior\WriteHtmlCacheBehavior [ RunTime:0.000173s ]
INFO: [ view_filter ] --END-- [ RunTime:0.000200s ]
INFO: [ app_end ] --START--
INFO: Run Behavior\ShowPageTraceBehavior [ RunTime:0.000616s ]
INFO: [ app_end ] --END-- [ RunTime:0.000650s ]

[ 2018-06-10T17:01:07+08:00 ] 106.11.152.229 /home/news/index.html
INFO: [ app_init ] --START--
INFO: Run Behavior\BuildLiteBehavior [ RunTime:0.000012s ]
INFO: [ app_init ] --END-- [ RunTime:0.000304s ]
INFO: [ app_begin ] --START--
INFO: Run Behavior\ReadHtmlCacheBehavior [ RunTime:0.000422s ]
INFO: [ app_begin ] --END-- [ RunTime:0.000450s ]
SQL: SHOW COLUMNS FROM `hsdcw_news` [ RunTime:0.0008s ]
SQL: SELECT COUNT(*) AS tp_count FROM `hsdcw_news` WHERE `cateid` = 2 AND `display` = 0 AND `type` IN (2,3) LIMIT 1   [ RunTime:0.0005s ]
SQL: SELECT * FROM `hsdcw_news` WHERE `cateid` = 2 AND `display` = 0 AND `type` IN (2,3) ORDER BY `time` desc LIMIT 0,6   [ RunTime:0.0007s ]
SQL: SHOW COLUMNS FROM `hsdcw_comment` [ RunTime:0.0005s ]
SQL: SELECT COUNT(id) AS tp_count FROM `hsdcw_comment` WHERE `arcticle_id` = 33 LIMIT 1   [ RunTime:0.0003s ]
SQL: SELECT COUNT(id) AS tp_count FROM `hsdcw_comment` WHERE `arcticle_id` = 32 LIMIT 1   [ RunTime:0.0002s ]
SQL: SELECT COUNT(id) AS tp_count FROM `hsdcw_comment` WHERE `arcticle_id` = 31 LIMIT 1   [ RunTime:0.0002s ]
SQL: SELECT COUNT(id) AS tp_count FROM `hsdcw_comment` WHERE `arcticle_id` = 30 LIMIT 1   [ RunTime:0.0003s ]
SQL: SELECT COUNT(id) AS tp_count FROM `hsdcw_comment` WHERE `arcticle_id` = 26 LIMIT 1   [ RunTime:0.0002s ]
SQL: SELECT COUNT(id) AS tp_count FROM `hsdcw_comment` WHERE `arcticle_id` = 25 LIMIT 1   [ RunTime:0.0002s ]
SQL: SELECT * FROM hsdcw_news a WHERE ( a.cateid=2 and a.display=0 and a.type=1 ) ORDER BY a.time desc LIMIT 1   [ RunTime:0.0003s ]
SQL: SELECT * FROM `hsdcw_news` WHERE `display` = 0 AND `cateid` = 2 ORDER BY eye desc  [ RunTime:0.0004s ]
INFO: [ view_parse ] --START--
INFO: [ template_filter ] --START--
INFO: Run Behavior\ContentReplaceBehavior [ RunTime:0.000118s ]
INFO: [ template_filter ] --END-- [ RunTime:0.000146s ]
INFO: Run Behavior\ParseTemplateBehavior [ RunTime:0.008089s ]
INFO: [ view_parse ] --END-- [ RunTime:0.008111s ]
INFO: [ view_filter ] --START--
INFO: Run Behavior\WriteHtmlCacheBehavior [ RunTime:0.000137s ]
INFO: [ view_filter ] --END-- [ RunTime:0.000158s ]
INFO: [ app_end ] --START--
INFO: Run Behavior\ShowPageTraceBehavior [ RunTime:0.000355s ]
INFO: [ app_end ] --END-- [ RunTime:0.000379s ]

[ 2018-06-10T17:16:39+08:00 ] 124.167.76.102 /
INFO: [ app_init ] --START--
INFO: Run Behavior\BuildLiteBehavior [ RunTime:0.000009s ]
INFO: [ app_init ] --END-- [ RunTime:0.000238s ]
INFO: [ app_begin ] --START--
INFO: Run Behavior\ReadHtmlCacheBehavior [ RunTime:0.000294s ]
INFO: [ app_begin ] --END-- [ RunTime:0.000317s ]
INFO: [ view_parse ] --START--
INFO: [ template_filter ] --START--
INFO: Run Behavior\ContentReplaceBehavior [ RunTime:0.000539s ]
INFO: [ template_filter ] --END-- [ RunTime:0.000570s ]
INFO: Run Behavior\ParseTemplateBehavior [ RunTime:0.013612s ]
INFO: [ view_parse ] --END-- [ RunTime:0.013638s ]
INFO: [ view_filter ] --START--
INFO: Run Behavior\WriteHtmlCacheBehavior [ RunTime:0.000097s ]
INFO: [ view_filter ] --END-- [ RunTime:0.000116s ]
INFO: [ app_end ] --START--
INFO: Run Behavior\ShowPageTraceBehavior [ RunTime:0.000356s ]
INFO: [ app_end ] --END-- [ RunTime:0.000380s ]

[ 2018-06-10T17:57:32+08:00 ] 54.215.254.26 /
INFO: [ app_init ] --START--
INFO: Run Behavior\BuildLiteBehavior [ RunTime:0.000024s ]
INFO: [ app_init ] --END-- [ RunTime:0.000269s ]
INFO: [ app_begin ] --START--
INFO: Run Behavior\ReadHtmlCacheBehavior [ RunTime:0.000359s ]
INFO: [ app_begin ] --END-- [ RunTime:0.000385s ]
INFO: [ view_parse ] --START--
INFO: [ template_filter ] --START--
INFO: Run Behavior\ContentReplaceBehavior [ RunTime:0.000543s ]
INFO: [ template_filter ] --END-- [ RunTime:0.000585s ]
INFO: Run Behavior\ParseTemplateBehavior [ RunTime:0.014217s ]
INFO: [ view_parse ] --END-- [ RunTime:0.014252s ]
INFO: [ view_filter ] --START--
INFO: Run Behavior\WriteHtmlCacheBehavior [ RunTime:0.000140s ]
INFO: [ view_filter ] --END-- [ RunTime:0.000166s ]
INFO: [ app_end ] --START--
INFO: Run Behavior\ShowPageTraceBehavior [ RunTime:0.000415s ]
INFO: [ app_end ] --END-- [ RunTime:0.000440s ]

[ 2018-06-10T18:43:18+08:00 ] 220.181.108.168 /
INFO: [ app_init ] --START--
INFO: Run Behavior\BuildLiteBehavior [ RunTime:0.000010s ]
INFO: [ app_init ] --END-- [ RunTime:0.000304s ]
INFO: [ app_begin ] --START--
INFO: Run Behavior\ReadHtmlCacheBehavior [ RunTime:0.000358s ]
INFO: [ app_begin ] --END-- [ RunTime:0.000381s ]
INFO: [ view_parse ] --START--
INFO: [ template_filter ] --START--
INFO: Run Behavior\ContentReplaceBehavior [ RunTime:0.000599s ]
INFO: [ template_filter ] --END-- [ RunTime:0.000636s ]
INFO: Run Behavior\ParseTemplateBehavior [ RunTime:0.014525s ]
INFO: [ view_parse ] --END-- [ RunTime:0.014549s ]
INFO: [ view_filter ] --START--
INFO: Run Behavior\WriteHtmlCacheBehavior [ RunTime:0.000114s ]
INFO: [ view_filter ] --END-- [ RunTime:0.000134s ]
INFO: [ app_end ] --START--
INFO: Run Behavior\ShowPageTraceBehavior [ RunTime:0.000424s ]
INFO: [ app_end ] --END-- [ RunTime:0.000449s ]

[ 2018-06-10T21:40:19+08:00 ] 119.79.165.24 /
INFO: [ app_init ] --START--
INFO: Run Behavior\BuildLiteBehavior [ RunTime:0.000010s ]
INFO: [ app_init ] --END-- [ RunTime:0.000305s ]
INFO: [ app_begin ] --START--
INFO: Run Behavior\ReadHtmlCacheBehavior [ RunTime:0.000324s ]
INFO: [ app_begin ] --END-- [ RunTime:0.000349s ]
INFO: [ view_parse ] --START--
INFO: [ template_filter ] --START--
INFO: Run Behavior\ContentReplaceBehavior [ RunTime:0.000643s ]
INFO: [ template_filter ] --END-- [ RunTime:0.000672s ]
INFO: Run Behavior\ParseTemplateBehavior [ RunTime:0.015452s ]
INFO: [ view_parse ] --END-- [ RunTime:0.015482s ]
INFO: [ view_filter ] --START--
INFO: Run Behavior\WriteHtmlCacheBehavior [ RunTime:0.000123s ]
INFO: [ view_filter ] --END-- [ RunTime:0.000145s ]
INFO: [ app_end ] --START--
INFO: Run Behavior\ShowPageTraceBehavior [ RunTime:0.000423s ]
INFO: [ app_end ] --END-- [ RunTime:0.000448s ]

[ 2018-06-10T21:40:21+08:00 ] 119.79.165.24 /Home/News/index.html
INFO: [ app_init ] --START--
INFO: Run Behavior\BuildLiteBehavior [ RunTime:0.000012s ]
INFO: [ app_init ] --END-- [ RunTime:0.000327s ]
INFO: [ app_begin ] --START--
INFO: Run Behavior\ReadHtmlCacheBehavior [ RunTime:0.000412s ]
INFO: [ app_begin ] --END-- [ RunTime:0.000439s ]
SQL: SHOW COLUMNS FROM `hsdcw_news` [ RunTime:0.0009s ]
SQL: SELECT COUNT(*) AS tp_count FROM `hsdcw_news` WHERE `cateid` = 2 AND `display` = 0 AND `type` IN (2,3) LIMIT 1   [ RunTime:0.0004s ]
SQL: SELECT * FROM `hsdcw_news` WHERE `cateid` = 2 AND `display` = 0 AND `type` IN (2,3) ORDER BY `time` desc LIMIT 0,6   [ RunTime:0.0005s ]
SQL: SHOW COLUMNS FROM `hsdcw_comment` [ RunTime:0.0005s ]
SQL: SELECT COUNT(id) AS tp_count FROM `hsdcw_comment` WHERE `arcticle_id` = 33 LIMIT 1   [ RunTime:0.0002s ]
SQL: SELECT COUNT(id) AS tp_count FROM `hsdcw_comment` WHERE `arcticle_id` = 32 LIMIT 1   [ RunTime:0.0002s ]
SQL: SELECT COUNT(id) AS tp_count FROM `hsdcw_comment` WHERE `arcticle_id` = 31 LIMIT 1   [ RunTime:0.0003s ]
SQL: SELECT COUNT(id) AS tp_count FROM `hsdcw_comment` WHERE `arcticle_id` = 30 LIMIT 1   [ RunTime:0.0002s ]
SQL: SELECT COUNT(id) AS tp_count FROM `hsdcw_comment` WHERE `arcticle_id` = 26 LIMIT 1   [ RunTime:0.0002s ]
SQL: SELECT COUNT(id) AS tp_count FROM `hsdcw_comment` WHERE `arcticle_id` = 25 LIMIT 1   [ RunTime:0.0002s ]
SQL: SELECT * FROM hsdcw_news a WHERE ( a.cateid=2 and a.display=0 and a.type=1 ) ORDER BY a.time desc LIMIT 1   [ RunTime:0.0003s ]
SQL: SELECT * FROM `hsdcw_news` WHERE `display` = 0 AND `cateid` = 2 ORDER BY eye desc  [ RunTime:0.0006s ]
INFO: [ view_parse ] --START--
INFO: [ template_filter ] --START--
INFO: Run Behavior\ContentReplaceBehavior [ RunTime:0.000153s ]
INFO: [ template_filter ] --END-- [ RunTime:0.000189s ]
INFO: Run Behavior\ParseTemplateBehavior [ RunTime:0.010545s ]
INFO: [ view_parse ] --END-- [ RunTime:0.010576s ]
INFO: [ view_filter ] --START--
INFO: Run Behavior\WriteHtmlCacheBehavior [ RunTime:0.000132s ]
INFO: [ view_filter ] --END-- [ RunTime:0.000155s ]
INFO: [ app_end ] --START--
INFO: Run Behavior\ShowPageTraceBehavior [ RunTime:0.000537s ]
INFO: [ app_end ] --END-- [ RunTime:0.000567s ]

[ 2018-06-10T21:40:25+08:00 ] 119.79.165.24 /H_N_d/25.html
INFO: [ app_init ] --START--
INFO: Run Behavior\BuildLiteBehavior [ RunTime:0.000013s ]
INFO: [ app_init ] --END-- [ RunTime:0.000455s ]
INFO: [ app_begin ] --START--
INFO: Run Behavior\ReadHtmlCacheBehavior [ RunTime:0.000895s ]
INFO: [ app_begin ] --END-- [ RunTime:0.000971s ]
SQL: SHOW COLUMNS FROM `hsdcw_news` [ RunTime:0.0010s ]
SQL: SELECT * FROM `hsdcw_news` WHERE `id` = 25 LIMIT 1   [ RunTime:0.0010s ]
SQL: UPDATE `hsdcw_news` SET `eye`='40' WHERE ( id=25 ) [ RunTime:0.0003s ]
SQL: SHOW COLUMNS FROM `hsdcw_comment` [ RunTime:0.0006s ]
SQL: SELECT COUNT(*) AS tp_count FROM `hsdcw_comment` WHERE ( arcticle_id=25 ) LIMIT 1   [ RunTime:0.0006s ]
SQL: SELECT * FROM `hsdcw_comment` WHERE `arcticle_id` = 25 ORDER BY time desc LIMIT 0,3   [ RunTime:0.0004s ]
SQL: SELECT COUNT(id) AS tp_count FROM `hsdcw_comment` WHERE `arcticle_id` = 25 LIMIT 1   [ RunTime:0.0003s ]
INFO: [ view_parse ] --START--
INFO: [ template_filter ] --START--
INFO: Run Behavior\ContentReplaceBehavior [ RunTime:0.000377s ]
INFO: [ template_filter ] --END-- [ RunTime:0.000422s ]
INFO: Run Behavior\ParseTemplateBehavior [ RunTime:0.016805s ]
INFO: [ view_parse ] --END-- [ RunTime:0.016838s ]
INFO: [ view_filter ] --START--
INFO: Run Behavior\WriteHtmlCacheBehavior [ RunTime:0.000221s ]
INFO: [ view_filter ] --END-- [ RunTime:0.000251s ]
INFO: [ app_end ] --START--
INFO: Run Behavior\ShowPageTraceBehavior [ RunTime:0.000868s ]
INFO: [ app_end ] --END-- [ RunTime:0.000903s ]

[ 2018-06-10T21:40:25+08:00 ] 119.79.165.24 /
INFO: [ app_init ] --START--
INFO: Run Behavior\BuildLiteBehavior [ RunTime:0.000014s ]
INFO: [ app_init ] --END-- [ RunTime:0.000335s ]
INFO: [ app_begin ] --START--
INFO: Run Behavior\ReadHtmlCacheBehavior [ RunTime:0.000635s ]
INFO: [ app_begin ] --END-- [ RunTime:0.000666s ]
INFO: [ view_parse ] --START--
INFO: [ template_filter ] --START--
INFO: Run Behavior\ContentReplaceBehavior [ RunTime:0.000992s ]
INFO: [ template_filter ] --END-- [ RunTime:0.001040s ]
INFO: Run Behavior\ParseTemplateBehavior [ RunTime:0.023784s ]
INFO: [ view_parse ] --END-- [ RunTime:0.023817s ]
INFO: [ view_filter ] --START--
INFO: Run Behavior\WriteHtmlCacheBehavior [ RunTime:0.000151s ]
INFO: [ view_filter ] --END-- [ RunTime:0.000177s ]
INFO: [ app_end ] --START--
INFO: Run Behavior\ShowPageTraceBehavior [ RunTime:0.000538s ]
INFO: [ app_end ] --END-- [ RunTime:0.000572s ]

