[ 2018-07-29T00:44:46+08:00 ] 106.11.156.216 /h_n_d/16.html
INFO: [ app_init ] --START--
INFO: Run Behavior\BuildLiteBehavior [ RunTime:0.000011s ]
INFO: [ app_init ] --END-- [ RunTime:0.000232s ]
INFO: [ app_begin ] --START--
INFO: Run Behavior\ReadHtmlCacheBehavior [ RunTime:0.000360s ]
INFO: [ app_begin ] --END-- [ RunTime:0.000383s ]
SQL: SHOW COLUMNS FROM `hsdcw_news` [ RunTime:0.0006s ]
SQL: SELECT * FROM `hsdcw_news` WHERE `id` = 16 LIMIT 1   [ RunTime:0.0003s ]
SQL: UPDATE `hsdcw_news` SET `eye`='296' WHERE ( id=16 ) [ RunTime:0.0003s ]
SQL: SHOW COLUMNS FROM `hsdcw_comment` [ RunTime:0.0004s ]
SQL: SELECT COUNT(*) AS tp_count FROM `hsdcw_comment` WHERE ( arcticle_id=16 ) LIMIT 1   [ RunTime:0.0003s ]
SQL: SELECT * FROM `hsdcw_comment` WHERE `arcticle_id` = 16 ORDER BY time desc LIMIT 0,3   [ RunTime:0.0002s ]
SQL: SELECT COUNT(id) AS tp_count FROM `hsdcw_comment` WHERE `arcticle_id` = 16 LIMIT 1   [ RunTime:0.0003s ]
INFO: [ view_parse ] --START--
INFO: [ template_filter ] --START--
INFO: Run Behavior\ContentReplaceBehavior [ RunTime:0.000262s ]
INFO: [ template_filter ] --END-- [ RunTime:0.000311s ]
INFO: Run Behavior\ParseTemplateBehavior [ RunTime:0.009199s ]
INFO: [ view_parse ] --END-- [ RunTime:0.009231s ]
INFO: [ view_filter ] --START--
INFO: Run Behavior\WriteHtmlCacheBehavior [ RunTime:0.000104s ]
INFO: [ view_filter ] --END-- [ RunTime:0.000122s ]
INFO: [ app_end ] --START--
INFO: Run Behavior\ShowPageTraceBehavior [ RunTime:0.000480s ]
INFO: [ app_end ] --END-- [ RunTime:0.000503s ]

[ 2018-07-29T01:13:12+08:00 ] 58.19.57.218 /
INFO: [ app_init ] --START--
INFO: Run Behavior\BuildLiteBehavior [ RunTime:0.000011s ]
INFO: [ app_init ] --END-- [ RunTime:0.000271s ]
INFO: [ app_begin ] --START--
INFO: Run Behavior\ReadHtmlCacheBehavior [ RunTime:0.000324s ]
INFO: [ app_begin ] --END-- [ RunTime:0.000348s ]
INFO: [ view_parse ] --START--
INFO: [ template_filter ] --START--
INFO: Run Behavior\ContentReplaceBehavior [ RunTime:0.000613s ]
INFO: [ template_filter ] --END-- [ RunTime:0.000660s ]
INFO: Run Behavior\ParseTemplateBehavior [ RunTime:0.014661s ]
INFO: [ view_parse ] --END-- [ RunTime:0.014691s ]
INFO: [ view_filter ] --START--
INFO: Run Behavior\WriteHtmlCacheBehavior [ RunTime:0.000179s ]
INFO: [ view_filter ] --END-- [ RunTime:0.000208s ]
INFO: [ app_end ] --START--
INFO: Run Behavior\ShowPageTraceBehavior [ RunTime:0.000564s ]
INFO: [ app_end ] --END-- [ RunTime:0.000596s ]

[ 2018-07-29T02:22:53+08:00 ] 140.205.205.25 /
INFO: [ app_init ] --START--
INFO: Run Behavior\BuildLiteBehavior [ RunTime:0.000014s ]
INFO: [ app_init ] --END-- [ RunTime:0.000312s ]
INFO: [ app_begin ] --START--
INFO: Run Behavior\ReadHtmlCacheBehavior [ RunTime:0.000466s ]
INFO: [ app_begin ] --END-- [ RunTime:0.000496s ]
INFO: [ view_parse ] --START--
INFO: [ template_filter ] --START--
INFO: Run Behavior\ContentReplaceBehavior [ RunTime:0.000746s ]
INFO: [ template_filter ] --END-- [ RunTime:0.000802s ]
INFO: Run Behavior\ParseTemplateBehavior [ RunTime:0.017202s ]
INFO: [ view_parse ] --END-- [ RunTime:0.017227s ]
INFO: [ view_filter ] --START--
INFO: Run Behavior\WriteHtmlCacheBehavior [ RunTime:0.000145s ]
INFO: [ view_filter ] --END-- [ RunTime:0.000167s ]
INFO: [ app_end ] --START--
INFO: Run Behavior\ShowPageTraceBehavior [ RunTime:0.000511s ]
INFO: [ app_end ] --END-- [ RunTime:0.000540s ]

[ 2018-07-29T02:49:03+08:00 ] 52.80.137.166 /
INFO: [ app_init ] --START--
INFO: Run Behavior\BuildLiteBehavior [ RunTime:0.000010s ]
INFO: [ app_init ] --END-- [ RunTime:0.000252s ]
INFO: [ app_begin ] --START--
INFO: Run Behavior\ReadHtmlCacheBehavior [ RunTime:0.000364s ]
INFO: [ app_begin ] --END-- [ RunTime:0.000393s ]
INFO: [ view_parse ] --START--
INFO: [ template_filter ] --START--
INFO: Run Behavior\ContentReplaceBehavior [ RunTime:0.000625s ]
INFO: [ template_filter ] --END-- [ RunTime:0.000663s ]
INFO: Run Behavior\ParseTemplateBehavior [ RunTime:0.014414s ]
INFO: [ view_parse ] --END-- [ RunTime:0.014438s ]
INFO: [ view_filter ] --START--
INFO: Run Behavior\WriteHtmlCacheBehavior [ RunTime:0.000106s ]
INFO: [ view_filter ] --END-- [ RunTime:0.000127s ]
INFO: [ app_end ] --START--
INFO: Run Behavior\ShowPageTraceBehavior [ RunTime:0.000452s ]
INFO: [ app_end ] --END-- [ RunTime:0.000477s ]

[ 2018-07-29T03:01:21+08:00 ] 111.206.36.139 /
INFO: [ app_init ] --START--
INFO: Run Behavior\BuildLiteBehavior [ RunTime:0.000012s ]
INFO: [ app_init ] --END-- [ RunTime:0.000325s ]
INFO: [ app_begin ] --START--
INFO: Run Behavior\ReadHtmlCacheBehavior [ RunTime:0.000447s ]
INFO: [ app_begin ] --END-- [ RunTime:0.000476s ]
INFO: [ view_parse ] --START--
INFO: [ template_filter ] --START--
INFO: Run Behavior\ContentReplaceBehavior [ RunTime:0.000688s ]
INFO: [ template_filter ] --END-- [ RunTime:0.000756s ]
INFO: Run Behavior\ParseTemplateBehavior [ RunTime:0.017455s ]
INFO: [ view_parse ] --END-- [ RunTime:0.017486s ]
INFO: [ view_filter ] --START--
INFO: Run Behavior\WriteHtmlCacheBehavior [ RunTime:0.000172s ]
INFO: [ view_filter ] --END-- [ RunTime:0.000198s ]
INFO: [ app_end ] --START--
INFO: Run Behavior\ShowPageTraceBehavior [ RunTime:0.000569s ]
INFO: [ app_end ] --END-- [ RunTime:0.000600s ]

[ 2018-07-29T03:03:21+08:00 ] 140.205.205.29 /
INFO: [ app_init ] --START--
INFO: Run Behavior\BuildLiteBehavior [ RunTime:0.000012s ]
INFO: [ app_init ] --END-- [ RunTime:0.000237s ]
INFO: [ app_begin ] --START--
INFO: Run Behavior\ReadHtmlCacheBehavior [ RunTime:0.000380s ]
INFO: [ app_begin ] --END-- [ RunTime:0.000407s ]
INFO: [ view_parse ] --START--
INFO: [ template_filter ] --START--
INFO: Run Behavior\ContentReplaceBehavior [ RunTime:0.000639s ]
INFO: [ template_filter ] --END-- [ RunTime:0.000717s ]
INFO: Run Behavior\ParseTemplateBehavior [ RunTime:0.014959s ]
INFO: [ view_parse ] --END-- [ RunTime:0.014982s ]
INFO: [ view_filter ] --START--
INFO: Run Behavior\WriteHtmlCacheBehavior [ RunTime:0.000126s ]
INFO: [ view_filter ] --END-- [ RunTime:0.000145s ]
INFO: [ app_end ] --START--
INFO: Run Behavior\ShowPageTraceBehavior [ RunTime:0.000451s ]
INFO: [ app_end ] --END-- [ RunTime:0.000476s ]

[ 2018-07-29T03:19:42+08:00 ] 123.126.113.165 /
INFO: [ app_init ] --START--
INFO: Run Behavior\BuildLiteBehavior [ RunTime:0.000011s ]
INFO: [ app_init ] --END-- [ RunTime:0.000258s ]
INFO: [ app_begin ] --START--
INFO: Run Behavior\ReadHtmlCacheBehavior [ RunTime:0.000322s ]
INFO: [ app_begin ] --END-- [ RunTime:0.000344s ]
INFO: [ view_parse ] --START--
INFO: [ template_filter ] --START--
INFO: Run Behavior\ContentReplaceBehavior [ RunTime:0.000594s ]
INFO: [ template_filter ] --END-- [ RunTime:0.000638s ]
INFO: Run Behavior\ParseTemplateBehavior [ RunTime:0.015096s ]
INFO: [ view_parse ] --END-- [ RunTime:0.015121s ]
INFO: [ view_filter ] --START--
INFO: Run Behavior\WriteHtmlCacheBehavior [ RunTime:0.000129s ]
INFO: [ view_filter ] --END-- [ RunTime:0.000148s ]
INFO: [ app_end ] --START--
INFO: Run Behavior\ShowPageTraceBehavior [ RunTime:0.000442s ]
INFO: [ app_end ] --END-- [ RunTime:0.000466s ]

[ 2018-07-29T03:50:54+08:00 ] 47.98.62.203 /
INFO: [ app_init ] --START--
INFO: Run Behavior\BuildLiteBehavior [ RunTime:0.000013s ]
INFO: [ app_init ] --END-- [ RunTime:0.000338s ]
INFO: [ app_begin ] --START--
INFO: Run Behavior\ReadHtmlCacheBehavior [ RunTime:0.000441s ]
INFO: [ app_begin ] --END-- [ RunTime:0.000470s ]
INFO: [ view_parse ] --START--
INFO: [ template_filter ] --START--
INFO: Run Behavior\ContentReplaceBehavior [ RunTime:0.000735s ]
INFO: [ template_filter ] --END-- [ RunTime:0.000784s ]
INFO: Run Behavior\ParseTemplateBehavior [ RunTime:0.015685s ]
INFO: [ view_parse ] --END-- [ RunTime:0.015715s ]
INFO: [ view_filter ] --START--
INFO: Run Behavior\WriteHtmlCacheBehavior [ RunTime:0.000170s ]
INFO: [ view_filter ] --END-- [ RunTime:0.000194s ]
INFO: [ app_end ] --START--
INFO: Run Behavior\ShowPageTraceBehavior [ RunTime:0.000639s ]
INFO: [ app_end ] --END-- [ RunTime:0.000669s ]

[ 2018-07-29T03:58:59+08:00 ] 101.132.144.145 /
INFO: [ app_init ] --START--
INFO: Run Behavior\BuildLiteBehavior [ RunTime:0.000012s ]
INFO: [ app_init ] --END-- [ RunTime:0.000270s ]
INFO: [ app_begin ] --START--
INFO: Run Behavior\ReadHtmlCacheBehavior [ RunTime:0.000351s ]
INFO: [ app_begin ] --END-- [ RunTime:0.000378s ]
INFO: [ view_parse ] --START--
INFO: [ template_filter ] --START--
INFO: Run Behavior\ContentReplaceBehavior [ RunTime:0.000650s ]
INFO: [ template_filter ] --END-- [ RunTime:0.000694s ]
INFO: Run Behavior\ParseTemplateBehavior [ RunTime:0.015002s ]
INFO: [ view_parse ] --END-- [ RunTime:0.015033s ]
INFO: [ view_filter ] --START--
INFO: Run Behavior\WriteHtmlCacheBehavior [ RunTime:0.000158s ]
INFO: [ view_filter ] --END-- [ RunTime:0.000185s ]
INFO: [ app_end ] --START--
INFO: Run Behavior\ShowPageTraceBehavior [ RunTime:0.000457s ]
INFO: [ app_end ] --END-- [ RunTime:0.000486s ]

[ 2018-07-29T04:20:16+08:00 ] 140.205.205.23 /
INFO: [ app_init ] --START--
INFO: Run Behavior\BuildLiteBehavior [ RunTime:0.000011s ]
INFO: [ app_init ] --END-- [ RunTime:0.000299s ]
INFO: [ app_begin ] --START--
INFO: Run Behavior\ReadHtmlCacheBehavior [ RunTime:0.000436s ]
INFO: [ app_begin ] --END-- [ RunTime:0.000462s ]
INFO: [ view_parse ] --START--
INFO: [ template_filter ] --START--
INFO: Run Behavior\ContentReplaceBehavior [ RunTime:0.000557s ]
INFO: [ template_filter ] --END-- [ RunTime:0.000587s ]
INFO: Run Behavior\ParseTemplateBehavior [ RunTime:0.015614s ]
INFO: [ view_parse ] --END-- [ RunTime:0.015637s ]
INFO: [ view_filter ] --START--
INFO: Run Behavior\WriteHtmlCacheBehavior [ RunTime:0.000134s ]
INFO: [ view_filter ] --END-- [ RunTime:0.000159s ]
INFO: [ app_end ] --START--
INFO: Run Behavior\ShowPageTraceBehavior [ RunTime:0.000566s ]
INFO: [ app_end ] --END-- [ RunTime:0.000598s ]

[ 2018-07-29T04:20:17+08:00 ] 140.205.205.25 /Home/News/hbxw.html
INFO: [ app_init ] --START--
INFO: Run Behavior\BuildLiteBehavior [ RunTime:0.000009s ]
INFO: [ app_init ] --END-- [ RunTime:0.000224s ]
INFO: [ app_begin ] --START--
INFO: Run Behavior\ReadHtmlCacheBehavior [ RunTime:0.000363s ]
INFO: [ app_begin ] --END-- [ RunTime:0.000390s ]
SQL: SHOW COLUMNS FROM `hsdcw_news` [ RunTime:0.0008s ]
SQL: SELECT COUNT(*) AS tp_count FROM `hsdcw_news` WHERE `cateid` = 4 AND `display` = 0 AND `type` IN (2,3) LIMIT 1   [ RunTime:0.0005s ]
SQL: SELECT * FROM `hsdcw_news` WHERE `cateid` = 4 AND `display` = 0 AND `type` IN (2,3) ORDER BY `time` desc LIMIT 0,6   [ RunTime:0.0005s ]
SQL: SHOW COLUMNS FROM `hsdcw_comment` [ RunTime:0.0004s ]
SQL: SELECT COUNT(id) AS tp_count FROM `hsdcw_comment` WHERE `arcticle_id` = 29 LIMIT 1   [ RunTime:0.0003s ]
SQL: SELECT COUNT(id) AS tp_count FROM `hsdcw_comment` WHERE `arcticle_id` = 14 LIMIT 1   [ RunTime:0.0003s ]
SQL: SELECT * FROM `hsdcw_news` WHERE ( cateid=4 and display=0 and type=1 ) ORDER BY `time` desc LIMIT 1   [ RunTime:0.0003s ]
SQL: SELECT * FROM `hsdcw_news` WHERE `display` = 0 AND `cateid` = 4 ORDER BY eye desc  [ RunTime:0.0003s ]
INFO: [ view_parse ] --START--
INFO: [ template_filter ] --START--
INFO: Run Behavior\ContentReplaceBehavior [ RunTime:0.000151s ]
INFO: [ template_filter ] --END-- [ RunTime:0.000217s ]
INFO: Run Behavior\ParseTemplateBehavior [ RunTime:0.010235s ]
INFO: [ view_parse ] --END-- [ RunTime:0.010267s ]
INFO: [ view_filter ] --START--
INFO: Run Behavior\WriteHtmlCacheBehavior [ RunTime:0.000130s ]
INFO: [ view_filter ] --END-- [ RunTime:0.000153s ]
INFO: [ app_end ] --START--
INFO: Run Behavior\ShowPageTraceBehavior [ RunTime:0.000441s ]
INFO: [ app_end ] --END-- [ RunTime:0.000464s ]

[ 2018-07-29T04:20:17+08:00 ] 140.205.205.23 /Home/News/hsms.html
INFO: [ app_init ] --START--
INFO: Run Behavior\BuildLiteBehavior [ RunTime:0.000037s ]
INFO: [ app_init ] --END-- [ RunTime:0.000256s ]
INFO: [ app_begin ] --START--
INFO: Run Behavior\ReadHtmlCacheBehavior [ RunTime:0.000388s ]
INFO: [ app_begin ] --END-- [ RunTime:0.000413s ]
SQL: SHOW COLUMNS FROM `hsdcw_news` [ RunTime:0.0008s ]
SQL: SELECT COUNT(*) AS tp_count FROM `hsdcw_news` WHERE `cateid` = 3 AND `display` = 0 AND `type` IN (2,3) LIMIT 1   [ RunTime:0.0004s ]
SQL: SELECT * FROM `hsdcw_news` WHERE `cateid` = 3 AND `display` = 0 AND `type` IN (2,3) ORDER BY `time` desc LIMIT 0,6   [ RunTime:0.0004s ]
SQL: SHOW COLUMNS FROM `hsdcw_comment` [ RunTime:0.0005s ]
SQL: SELECT COUNT(id) AS tp_count FROM `hsdcw_comment` WHERE `arcticle_id` = 28 LIMIT 1   [ RunTime:0.0003s ]
SQL: SELECT COUNT(id) AS tp_count FROM `hsdcw_comment` WHERE `arcticle_id` = 27 LIMIT 1   [ RunTime:0.0002s ]
SQL: SELECT * FROM `hsdcw_news` WHERE ( cateid=3 and display=0 and type=1 ) ORDER BY `time` desc LIMIT 1   [ RunTime:0.0003s ]
SQL: SELECT * FROM `hsdcw_news` WHERE `display` = 0 AND `cateid` = 3 ORDER BY eye desc  [ RunTime:0.0031s ]
INFO: [ view_parse ] --START--
INFO: [ template_filter ] --START--
INFO: Run Behavior\ContentReplaceBehavior [ RunTime:0.000114s ]
INFO: [ template_filter ] --END-- [ RunTime:0.000137s ]
INFO: Run Behavior\ParseTemplateBehavior [ RunTime:0.013021s ]
INFO: [ view_parse ] --END-- [ RunTime:0.013053s ]
INFO: [ view_filter ] --START--
INFO: Run Behavior\WriteHtmlCacheBehavior [ RunTime:0.000123s ]
INFO: [ view_filter ] --END-- [ RunTime:0.000148s ]
INFO: [ app_end ] --START--
INFO: Run Behavior\ShowPageTraceBehavior [ RunTime:0.000471s ]
INFO: [ app_end ] --END-- [ RunTime:0.000502s ]

[ 2018-07-29T04:20:17+08:00 ] 140.205.205.23 /Home/News/index.html
INFO: [ app_init ] --START--
INFO: Run Behavior\BuildLiteBehavior [ RunTime:0.000007s ]
INFO: [ app_init ] --END-- [ RunTime:0.000245s ]
INFO: [ app_begin ] --START--
INFO: Run Behavior\ReadHtmlCacheBehavior [ RunTime:0.002274s ]
INFO: [ app_begin ] --END-- [ RunTime:0.002303s ]
SQL: SHOW COLUMNS FROM `hsdcw_news` [ RunTime:0.0008s ]
SQL: SELECT COUNT(*) AS tp_count FROM `hsdcw_news` WHERE `cateid` = 2 AND `display` = 0 AND `type` IN (2,3) LIMIT 1   [ RunTime:0.0004s ]
SQL: SELECT * FROM `hsdcw_news` WHERE `cateid` = 2 AND `display` = 0 AND `type` IN (2,3) ORDER BY `time` desc LIMIT 0,6   [ RunTime:0.0005s ]
SQL: SHOW COLUMNS FROM `hsdcw_comment` [ RunTime:0.0005s ]
SQL: SELECT COUNT(id) AS tp_count FROM `hsdcw_comment` WHERE `arcticle_id` = 33 LIMIT 1   [ RunTime:0.0003s ]
SQL: SELECT COUNT(id) AS tp_count FROM `hsdcw_comment` WHERE `arcticle_id` = 32 LIMIT 1   [ RunTime:0.0002s ]
SQL: SELECT COUNT(id) AS tp_count FROM `hsdcw_comment` WHERE `arcticle_id` = 31 LIMIT 1   [ RunTime:0.0002s ]
SQL: SELECT COUNT(id) AS tp_count FROM `hsdcw_comment` WHERE `arcticle_id` = 30 LIMIT 1   [ RunTime:0.0002s ]
SQL: SELECT COUNT(id) AS tp_count FROM `hsdcw_comment` WHERE `arcticle_id` = 26 LIMIT 1   [ RunTime:0.0002s ]
SQL: SELECT COUNT(id) AS tp_count FROM `hsdcw_comment` WHERE `arcticle_id` = 25 LIMIT 1   [ RunTime:0.0002s ]
SQL: SELECT * FROM hsdcw_news a WHERE ( a.cateid=2 and a.display=0 and a.type=1 ) ORDER BY a.time desc LIMIT 1   [ RunTime:0.0003s ]
SQL: SELECT * FROM `hsdcw_news` WHERE `display` = 0 AND `cateid` = 2 ORDER BY eye desc  [ RunTime:0.0005s ]
INFO: [ view_parse ] --START--
INFO: [ template_filter ] --START--
INFO: Run Behavior\ContentReplaceBehavior [ RunTime:0.000148s ]
INFO: [ template_filter ] --END-- [ RunTime:0.000185s ]
INFO: Run Behavior\ParseTemplateBehavior [ RunTime:0.010856s ]
INFO: [ view_parse ] --END-- [ RunTime:0.010900s ]
INFO: [ view_filter ] --START--
INFO: Run Behavior\WriteHtmlCacheBehavior [ RunTime:0.000147s ]
INFO: [ view_filter ] --END-- [ RunTime:0.000176s ]
INFO: [ app_end ] --START--
INFO: Run Behavior\ShowPageTraceBehavior [ RunTime:0.000646s ]
INFO: [ app_end ] --END-- [ RunTime:0.000680s ]

[ 2018-07-29T04:20:21+08:00 ] 140.205.205.23 /
INFO: [ app_init ] --START--
INFO: Run Behavior\BuildLiteBehavior [ RunTime:0.000011s ]
INFO: [ app_init ] --END-- [ RunTime:0.000262s ]
INFO: [ app_begin ] --START--
INFO: Run Behavior\ReadHtmlCacheBehavior [ RunTime:0.000400s ]
INFO: [ app_begin ] --END-- [ RunTime:0.000430s ]
INFO: [ view_parse ] --START--
INFO: [ template_filter ] --START--
INFO: Run Behavior\ContentReplaceBehavior [ RunTime:0.000805s ]
INFO: [ template_filter ] --END-- [ RunTime:0.000861s ]
INFO: Run Behavior\ParseTemplateBehavior [ RunTime:0.020382s ]
INFO: [ view_parse ] --END-- [ RunTime:0.020415s ]
INFO: [ view_filter ] --START--
INFO: Run Behavior\WriteHtmlCacheBehavior [ RunTime:0.000228s ]
INFO: [ view_filter ] --END-- [ RunTime:0.000256s ]
INFO: [ app_end ] --START--
INFO: Run Behavior\ShowPageTraceBehavior [ RunTime:0.001369s ]
INFO: [ app_end ] --END-- [ RunTime:0.001404s ]

[ 2018-07-29T06:16:23+08:00 ] 123.125.143.65 /
INFO: [ app_init ] --START--
INFO: Run Behavior\BuildLiteBehavior [ RunTime:0.000009s ]
INFO: [ app_init ] --END-- [ RunTime:0.000296s ]
INFO: [ app_begin ] --START--
INFO: Run Behavior\ReadHtmlCacheBehavior [ RunTime:0.000322s ]
INFO: [ app_begin ] --END-- [ RunTime:0.000345s ]
INFO: [ view_parse ] --START--
INFO: [ template_filter ] --START--
INFO: Run Behavior\ContentReplaceBehavior [ RunTime:0.000549s ]
INFO: [ template_filter ] --END-- [ RunTime:0.000578s ]
INFO: Run Behavior\ParseTemplateBehavior [ RunTime:0.014011s ]
INFO: [ view_parse ] --END-- [ RunTime:0.014035s ]
INFO: [ view_filter ] --START--
INFO: Run Behavior\WriteHtmlCacheBehavior [ RunTime:0.000097s ]
INFO: [ view_filter ] --END-- [ RunTime:0.000121s ]
INFO: [ app_end ] --START--
INFO: Run Behavior\ShowPageTraceBehavior [ RunTime:0.000367s ]
INFO: [ app_end ] --END-- [ RunTime:0.000391s ]

[ 2018-07-29T08:52:38+08:00 ] 123.125.71.42 /
INFO: [ app_init ] --START--
INFO: Run Behavior\BuildLiteBehavior [ RunTime:0.000014s ]
INFO: [ app_init ] --END-- [ RunTime:0.000256s ]
INFO: [ app_begin ] --START--
INFO: Run Behavior\ReadHtmlCacheBehavior [ RunTime:0.000362s ]
INFO: [ app_begin ] --END-- [ RunTime:0.000409s ]
INFO: [ view_parse ] --START--
INFO: [ template_filter ] --START--
INFO: Run Behavior\ContentReplaceBehavior [ RunTime:0.000602s ]
INFO: [ template_filter ] --END-- [ RunTime:0.000652s ]
INFO: Run Behavior\ParseTemplateBehavior [ RunTime:0.016399s ]
INFO: [ view_parse ] --END-- [ RunTime:0.016425s ]
INFO: [ view_filter ] --START--
INFO: Run Behavior\WriteHtmlCacheBehavior [ RunTime:0.000156s ]
INFO: [ view_filter ] --END-- [ RunTime:0.000181s ]
INFO: [ app_end ] --START--
INFO: Run Behavior\ShowPageTraceBehavior [ RunTime:0.000439s ]
INFO: [ app_end ] --END-- [ RunTime:0.000469s ]

[ 2018-07-29T09:59:18+08:00 ] 123.125.71.75 /
INFO: [ app_init ] --START--
INFO: Run Behavior\BuildLiteBehavior [ RunTime:0.000012s ]
INFO: [ app_init ] --END-- [ RunTime:0.000257s ]
INFO: [ app_begin ] --START--
INFO: Run Behavior\ReadHtmlCacheBehavior [ RunTime:0.000357s ]
INFO: [ app_begin ] --END-- [ RunTime:0.000387s ]
INFO: [ view_parse ] --START--
INFO: [ template_filter ] --START--
INFO: Run Behavior\ContentReplaceBehavior [ RunTime:0.000534s ]
INFO: [ template_filter ] --END-- [ RunTime:0.000569s ]
INFO: Run Behavior\ParseTemplateBehavior [ RunTime:0.014371s ]
INFO: [ view_parse ] --END-- [ RunTime:0.014393s ]
INFO: [ view_filter ] --START--
INFO: Run Behavior\WriteHtmlCacheBehavior [ RunTime:0.000114s ]
INFO: [ view_filter ] --END-- [ RunTime:0.000133s ]
INFO: [ app_end ] --START--
INFO: Run Behavior\ShowPageTraceBehavior [ RunTime:0.000423s ]
INFO: [ app_end ] --END-- [ RunTime:0.000451s ]

[ 2018-07-29T11:00:15+08:00 ] 106.11.155.207 /home/news/hbxw.html
INFO: [ app_init ] --START--
INFO: Run Behavior\BuildLiteBehavior [ RunTime:0.000014s ]
INFO: [ app_init ] --END-- [ RunTime:0.000324s ]
INFO: [ app_begin ] --START--
INFO: Run Behavior\ReadHtmlCacheBehavior [ RunTime:0.000443s ]
INFO: [ app_begin ] --END-- [ RunTime:0.000472s ]
SQL: SHOW COLUMNS FROM `hsdcw_news` [ RunTime:0.0009s ]
SQL: SELECT COUNT(*) AS tp_count FROM `hsdcw_news` WHERE `cateid` = 4 AND `display` = 0 AND `type` IN (2,3) LIMIT 1   [ RunTime:0.0007s ]
SQL: SELECT * FROM `hsdcw_news` WHERE `cateid` = 4 AND `display` = 0 AND `type` IN (2,3) ORDER BY `time` desc LIMIT 0,6   [ RunTime:0.0006s ]
SQL: SHOW COLUMNS FROM `hsdcw_comment` [ RunTime:0.0006s ]
SQL: SELECT COUNT(id) AS tp_count FROM `hsdcw_comment` WHERE `arcticle_id` = 29 LIMIT 1   [ RunTime:0.0003s ]
SQL: SELECT COUNT(id) AS tp_count FROM `hsdcw_comment` WHERE `arcticle_id` = 14 LIMIT 1   [ RunTime:0.0002s ]
SQL: SELECT * FROM `hsdcw_news` WHERE ( cateid=4 and display=0 and type=1 ) ORDER BY `time` desc LIMIT 1   [ RunTime:0.0005s ]
SQL: SELECT * FROM `hsdcw_news` WHERE `display` = 0 AND `cateid` = 4 ORDER BY eye desc  [ RunTime:0.0004s ]
INFO: [ view_parse ] --START--
INFO: [ template_filter ] --START--
INFO: Run Behavior\ContentReplaceBehavior [ RunTime:0.000172s ]
INFO: [ template_filter ] --END-- [ RunTime:0.000219s ]
INFO: Run Behavior\ParseTemplateBehavior [ RunTime:0.012266s ]
INFO: [ view_parse ] --END-- [ RunTime:0.012299s ]
INFO: [ view_filter ] --START--
INFO: Run Behavior\WriteHtmlCacheBehavior [ RunTime:0.000145s ]
INFO: [ view_filter ] --END-- [ RunTime:0.000172s ]
INFO: [ app_end ] --START--
INFO: Run Behavior\ShowPageTraceBehavior [ RunTime:0.000557s ]
INFO: [ app_end ] --END-- [ RunTime:0.000589s ]

[ 2018-07-29T11:28:17+08:00 ] 180.167.46.170 /
INFO: [ app_init ] --START--
INFO: Run Behavior\BuildLiteBehavior [ RunTime:0.000009s ]
INFO: [ app_init ] --END-- [ RunTime:0.000248s ]
INFO: [ app_begin ] --START--
INFO: Run Behavior\ReadHtmlCacheBehavior [ RunTime:0.000353s ]
INFO: [ app_begin ] --END-- [ RunTime:0.000375s ]
INFO: [ view_parse ] --START--
INFO: [ template_filter ] --START--
INFO: Run Behavior\ContentReplaceBehavior [ RunTime:0.000559s ]
INFO: [ template_filter ] --END-- [ RunTime:0.000595s ]
INFO: Run Behavior\ParseTemplateBehavior [ RunTime:0.014147s ]
INFO: [ view_parse ] --END-- [ RunTime:0.014170s ]
INFO: [ view_filter ] --START--
INFO: Run Behavior\WriteHtmlCacheBehavior [ RunTime:0.000114s ]
INFO: [ view_filter ] --END-- [ RunTime:0.000139s ]
INFO: [ app_end ] --START--
INFO: Run Behavior\ShowPageTraceBehavior [ RunTime:0.000463s ]
INFO: [ app_end ] --END-- [ RunTime:0.000491s ]

[ 2018-07-29T12:15:55+08:00 ] 106.11.152.195 /H_N_d/26.html
INFO: [ app_init ] --START--
INFO: Run Behavior\BuildLiteBehavior [ RunTime:0.000013s ]
INFO: [ app_init ] --END-- [ RunTime:0.000309s ]
INFO: [ app_begin ] --START--
INFO: Run Behavior\ReadHtmlCacheBehavior [ RunTime:0.000342s ]
INFO: [ app_begin ] --END-- [ RunTime:0.000364s ]
SQL: SHOW COLUMNS FROM `hsdcw_news` [ RunTime:0.0008s ]
SQL: SELECT * FROM `hsdcw_news` WHERE `id` = 26 LIMIT 1   [ RunTime:0.0003s ]
SQL: UPDATE `hsdcw_news` SET `eye`='51' WHERE ( id=26 ) [ RunTime:0.0003s ]
SQL: SHOW COLUMNS FROM `hsdcw_comment` [ RunTime:0.0005s ]
SQL: SELECT COUNT(*) AS tp_count FROM `hsdcw_comment` WHERE ( arcticle_id=26 ) LIMIT 1   [ RunTime:0.0002s ]
SQL: SELECT * FROM `hsdcw_comment` WHERE `arcticle_id` = 26 ORDER BY time desc LIMIT 0,3   [ RunTime:0.0002s ]
SQL: SELECT COUNT(id) AS tp_count FROM `hsdcw_comment` WHERE `arcticle_id` = 26 LIMIT 1   [ RunTime:0.0002s ]
INFO: [ view_parse ] --START--
INFO: [ template_filter ] --START--
INFO: Run Behavior\ContentReplaceBehavior [ RunTime:0.000225s ]
INFO: [ template_filter ] --END-- [ RunTime:0.000262s ]
INFO: Run Behavior\ParseTemplateBehavior [ RunTime:0.009367s ]
INFO: [ view_parse ] --END-- [ RunTime:0.009390s ]
INFO: [ view_filter ] --START--
INFO: Run Behavior\WriteHtmlCacheBehavior [ RunTime:0.000179s ]
INFO: [ view_filter ] --END-- [ RunTime:0.000200s ]
INFO: [ app_end ] --START--
INFO: Run Behavior\ShowPageTraceBehavior [ RunTime:0.000398s ]
INFO: [ app_end ] --END-- [ RunTime:0.000423s ]

[ 2018-07-29T12:20:45+08:00 ] 47.92.130.247 /
INFO: [ app_init ] --START--
INFO: Run Behavior\BuildLiteBehavior [ RunTime:0.000012s ]
INFO: [ app_init ] --END-- [ RunTime:0.000336s ]
INFO: [ app_begin ] --START--
INFO: Run Behavior\ReadHtmlCacheBehavior [ RunTime:0.000567s ]
INFO: [ app_begin ] --END-- [ RunTime:0.000596s ]
INFO: [ view_parse ] --START--
INFO: [ template_filter ] --START--
INFO: Run Behavior\ContentReplaceBehavior [ RunTime:0.000735s ]
INFO: [ template_filter ] --END-- [ RunTime:0.000771s ]
INFO: Run Behavior\ParseTemplateBehavior [ RunTime:0.016306s ]
INFO: [ view_parse ] --END-- [ RunTime:0.016331s ]
INFO: [ view_filter ] --START--
INFO: Run Behavior\WriteHtmlCacheBehavior [ RunTime:0.000137s ]
INFO: [ view_filter ] --END-- [ RunTime:0.000162s ]
INFO: [ app_end ] --START--
INFO: Run Behavior\ShowPageTraceBehavior [ RunTime:0.000416s ]
INFO: [ app_end ] --END-- [ RunTime:0.000440s ]

[ 2018-07-29T13:12:44+08:00 ] 47.97.220.124 /
INFO: [ app_init ] --START--
INFO: Run Behavior\BuildLiteBehavior [ RunTime:0.000015s ]
INFO: [ app_init ] --END-- [ RunTime:0.000369s ]
INFO: [ app_begin ] --START--
INFO: Run Behavior\ReadHtmlCacheBehavior [ RunTime:0.000529s ]
INFO: [ app_begin ] --END-- [ RunTime:0.000566s ]
INFO: [ view_parse ] --START--
INFO: [ template_filter ] --START--
INFO: Run Behavior\ContentReplaceBehavior [ RunTime:0.001112s ]
INFO: [ template_filter ] --END-- [ RunTime:0.001197s ]
INFO: Run Behavior\ParseTemplateBehavior [ RunTime:0.025788s ]
INFO: [ view_parse ] --END-- [ RunTime:0.025828s ]
INFO: [ view_filter ] --START--
INFO: Run Behavior\WriteHtmlCacheBehavior [ RunTime:0.000465s ]
INFO: [ view_filter ] --END-- [ RunTime:0.000505s ]
INFO: [ app_end ] --START--
INFO: Run Behavior\ShowPageTraceBehavior [ RunTime:0.000744s ]
INFO: [ app_end ] --END-- [ RunTime:0.000790s ]

[ 2018-07-29T13:34:35+08:00 ] 220.248.65.64 /
INFO: [ app_init ] --START--
INFO: Run Behavior\BuildLiteBehavior [ RunTime:0.000012s ]
INFO: [ app_init ] --END-- [ RunTime:0.000256s ]
INFO: [ app_begin ] --START--
INFO: Run Behavior\ReadHtmlCacheBehavior [ RunTime:0.000294s ]
INFO: [ app_begin ] --END-- [ RunTime:0.000328s ]
INFO: [ view_parse ] --START--
INFO: [ template_filter ] --START--
INFO: Run Behavior\ContentReplaceBehavior [ RunTime:0.000553s ]
INFO: [ template_filter ] --END-- [ RunTime:0.000580s ]
INFO: Run Behavior\ParseTemplateBehavior [ RunTime:0.014037s ]
INFO: [ view_parse ] --END-- [ RunTime:0.014061s ]
INFO: [ view_filter ] --START--
INFO: Run Behavior\WriteHtmlCacheBehavior [ RunTime:0.000124s ]
INFO: [ view_filter ] --END-- [ RunTime:0.000143s ]
INFO: [ app_end ] --START--
INFO: Run Behavior\ShowPageTraceBehavior [ RunTime:0.001144s ]
INFO: [ app_end ] --END-- [ RunTime:0.001170s ]

[ 2018-07-29T15:50:48+08:00 ] 220.181.108.96 /
INFO: [ app_init ] --START--
INFO: Run Behavior\BuildLiteBehavior [ RunTime:0.000011s ]
INFO: [ app_init ] --END-- [ RunTime:0.000492s ]
INFO: [ app_begin ] --START--
INFO: Run Behavior\ReadHtmlCacheBehavior [ RunTime:0.000452s ]
INFO: [ app_begin ] --END-- [ RunTime:0.000481s ]
INFO: [ view_parse ] --START--
INFO: [ template_filter ] --START--
INFO: Run Behavior\ContentReplaceBehavior [ RunTime:0.000591s ]
INFO: [ template_filter ] --END-- [ RunTime:0.000719s ]
INFO: Run Behavior\ParseTemplateBehavior [ RunTime:0.019910s ]
INFO: [ view_parse ] --END-- [ RunTime:0.019939s ]
INFO: [ view_filter ] --START--
INFO: Run Behavior\WriteHtmlCacheBehavior [ RunTime:0.000144s ]
INFO: [ view_filter ] --END-- [ RunTime:0.000170s ]
INFO: [ app_end ] --START--
INFO: Run Behavior\ShowPageTraceBehavior [ RunTime:0.000511s ]
INFO: [ app_end ] --END-- [ RunTime:0.000542s ]

[ 2018-07-29T17:44:35+08:00 ] 184.168.152.214 /
INFO: [ app_init ] --START--
INFO: Run Behavior\BuildLiteBehavior [ RunTime:0.000011s ]
INFO: [ app_init ] --END-- [ RunTime:0.000266s ]
INFO: [ app_begin ] --START--
INFO: Run Behavior\ReadHtmlCacheBehavior [ RunTime:0.000358s ]
INFO: [ app_begin ] --END-- [ RunTime:0.000381s ]
INFO: [ view_parse ] --START--
INFO: [ template_filter ] --START--
INFO: Run Behavior\ContentReplaceBehavior [ RunTime:0.000552s ]
INFO: [ template_filter ] --END-- [ RunTime:0.000591s ]
INFO: Run Behavior\ParseTemplateBehavior [ RunTime:0.014198s ]
INFO: [ view_parse ] --END-- [ RunTime:0.014221s ]
INFO: [ view_filter ] --START--
INFO: Run Behavior\WriteHtmlCacheBehavior [ RunTime:0.000121s ]
INFO: [ view_filter ] --END-- [ RunTime:0.000140s ]
INFO: [ app_end ] --START--
INFO: Run Behavior\ShowPageTraceBehavior [ RunTime:0.000478s ]
INFO: [ app_end ] --END-- [ RunTime:0.000504s ]

[ 2018-07-29T21:06:40+08:00 ] 52.53.201.78 /
INFO: [ app_init ] --START--
INFO: Run Behavior\BuildLiteBehavior [ RunTime:0.000013s ]
INFO: [ app_init ] --END-- [ RunTime:0.000269s ]
INFO: [ app_begin ] --START--
INFO: Run Behavior\ReadHtmlCacheBehavior [ RunTime:0.000401s ]
INFO: [ app_begin ] --END-- [ RunTime:0.000427s ]
INFO: [ view_parse ] --START--
INFO: [ template_filter ] --START--
INFO: Run Behavior\ContentReplaceBehavior [ RunTime:0.000603s ]
INFO: [ template_filter ] --END-- [ RunTime:0.000645s ]
INFO: Run Behavior\ParseTemplateBehavior [ RunTime:0.014557s ]
INFO: [ view_parse ] --END-- [ RunTime:0.014587s ]
INFO: [ view_filter ] --START--
INFO: Run Behavior\WriteHtmlCacheBehavior [ RunTime:0.000131s ]
INFO: [ view_filter ] --END-- [ RunTime:0.000157s ]
INFO: [ app_end ] --START--
INFO: Run Behavior\ShowPageTraceBehavior [ RunTime:0.000432s ]
INFO: [ app_end ] --END-- [ RunTime:0.000457s ]

[ 2018-07-29T21:47:00+08:00 ] 123.125.71.97 /
INFO: [ app_init ] --START--
INFO: Run Behavior\BuildLiteBehavior [ RunTime:0.000011s ]
INFO: [ app_init ] --END-- [ RunTime:0.000267s ]
INFO: [ app_begin ] --START--
INFO: Run Behavior\ReadHtmlCacheBehavior [ RunTime:0.000372s ]
INFO: [ app_begin ] --END-- [ RunTime:0.000397s ]
INFO: [ view_parse ] --START--
INFO: [ template_filter ] --START--
INFO: Run Behavior\ContentReplaceBehavior [ RunTime:0.000610s ]
INFO: [ template_filter ] --END-- [ RunTime:0.000636s ]
INFO: Run Behavior\ParseTemplateBehavior [ RunTime:0.014897s ]
INFO: [ view_parse ] --END-- [ RunTime:0.014919s ]
INFO: [ view_filter ] --START--
INFO: Run Behavior\WriteHtmlCacheBehavior [ RunTime:0.000125s ]
INFO: [ view_filter ] --END-- [ RunTime:0.000144s ]
INFO: [ app_end ] --START--
INFO: Run Behavior\ShowPageTraceBehavior [ RunTime:0.000451s ]
INFO: [ app_end ] --END-- [ RunTime:0.000477s ]

[ 2018-07-29T22:28:01+08:00 ] 123.160.233.129 /
INFO: [ app_init ] --START--
INFO: Run Behavior\BuildLiteBehavior [ RunTime:0.000012s ]
INFO: [ app_init ] --END-- [ RunTime:0.000273s ]
INFO: [ app_begin ] --START--
INFO: Run Behavior\ReadHtmlCacheBehavior [ RunTime:0.000452s ]
INFO: [ app_begin ] --END-- [ RunTime:0.000483s ]
INFO: [ view_parse ] --START--
INFO: [ template_filter ] --START--
INFO: Run Behavior\ContentReplaceBehavior [ RunTime:0.000519s ]
INFO: [ template_filter ] --END-- [ RunTime:0.000556s ]
INFO: Run Behavior\ParseTemplateBehavior [ RunTime:0.014793s ]
INFO: [ view_parse ] --END-- [ RunTime:0.014816s ]
INFO: [ view_filter ] --START--
INFO: Run Behavior\WriteHtmlCacheBehavior [ RunTime:0.000127s ]
INFO: [ view_filter ] --END-- [ RunTime:0.000147s ]
INFO: [ app_end ] --START--
INFO: Run Behavior\ShowPageTraceBehavior [ RunTime:0.000502s ]
INFO: [ app_end ] --END-- [ RunTime:0.000530s ]

