[ 2018-05-27T01:20:52+08:00 ] 203.208.60.212 /
INFO: [ app_init ] --START--
INFO: Run Behavior\BuildLiteBehavior [ RunTime:0.000016s ]
INFO: [ app_init ] --END-- [ RunTime:0.000394s ]
INFO: [ app_begin ] --START--
INFO: Run Behavior\ReadHtmlCacheBehavior [ RunTime:0.000425s ]
INFO: [ app_begin ] --END-- [ RunTime:0.000453s ]
INFO: [ view_parse ] --START--
INFO: [ template_filter ] --START--
INFO: Run Behavior\ContentReplaceBehavior [ RunTime:0.000644s ]
INFO: [ template_filter ] --END-- [ RunTime:0.000695s ]
INFO: Run Behavior\ParseTemplateBehavior [ RunTime:0.017006s ]
INFO: [ view_parse ] --END-- [ RunTime:0.017031s ]
INFO: [ view_filter ] --START--
INFO: Run Behavior\WriteHtmlCacheBehavior [ RunTime:0.000128s ]
INFO: [ view_filter ] --END-- [ RunTime:0.000149s ]
INFO: [ app_end ] --START--
INFO: Run Behavior\ShowPageTraceBehavior [ RunTime:0.000575s ]
INFO: [ app_end ] --END-- [ RunTime:0.000601s ]

[ 2018-05-27T03:12:08+08:00 ] 140.205.205.25 /
INFO: [ app_init ] --START--
INFO: Run Behavior\BuildLiteBehavior [ RunTime:0.000012s ]
INFO: [ app_init ] --END-- [ RunTime:0.000283s ]
INFO: [ app_begin ] --START--
INFO: Run Behavior\ReadHtmlCacheBehavior [ RunTime:0.000480s ]
INFO: [ app_begin ] --END-- [ RunTime:0.000511s ]
INFO: [ view_parse ] --START--
INFO: [ template_filter ] --START--
INFO: Run Behavior\ContentReplaceBehavior [ RunTime:0.000642s ]
INFO: [ template_filter ] --END-- [ RunTime:0.000699s ]
INFO: Run Behavior\ParseTemplateBehavior [ RunTime:0.017213s ]
INFO: [ view_parse ] --END-- [ RunTime:0.017249s ]
INFO: [ view_filter ] --START--
INFO: Run Behavior\WriteHtmlCacheBehavior [ RunTime:0.000143s ]
INFO: [ view_filter ] --END-- [ RunTime:0.000167s ]
INFO: [ app_end ] --START--
INFO: Run Behavior\ShowPageTraceBehavior [ RunTime:0.000486s ]
INFO: [ app_end ] --END-- [ RunTime:0.000512s ]

[ 2018-05-27T03:12:32+08:00 ] 203.208.60.208 /
INFO: [ app_init ] --START--
INFO: Run Behavior\BuildLiteBehavior [ RunTime:0.000017s ]
INFO: [ app_init ] --END-- [ RunTime:0.000286s ]
INFO: [ app_begin ] --START--
INFO: Run Behavior\ReadHtmlCacheBehavior [ RunTime:0.000634s ]
INFO: [ app_begin ] --END-- [ RunTime:0.000676s ]
INFO: [ view_parse ] --START--
INFO: [ template_filter ] --START--
INFO: Run Behavior\ContentReplaceBehavior [ RunTime:0.000573s ]
INFO: [ template_filter ] --END-- [ RunTime:0.000620s ]
INFO: Run Behavior\ParseTemplateBehavior [ RunTime:0.013869s ]
INFO: [ view_parse ] --END-- [ RunTime:0.013897s ]
INFO: [ view_filter ] --START--
INFO: Run Behavior\WriteHtmlCacheBehavior [ RunTime:0.000122s ]
INFO: [ view_filter ] --END-- [ RunTime:0.000141s ]
INFO: [ app_end ] --START--
INFO: Run Behavior\ShowPageTraceBehavior [ RunTime:0.000462s ]
INFO: [ app_end ] --END-- [ RunTime:0.000487s ]

[ 2018-05-27T03:27:38+08:00 ] 54.215.254.26 /
INFO: [ app_init ] --START--
INFO: Run Behavior\BuildLiteBehavior [ RunTime:0.000012s ]
INFO: [ app_init ] --END-- [ RunTime:0.000471s ]
INFO: [ app_begin ] --START--
INFO: Run Behavior\ReadHtmlCacheBehavior [ RunTime:0.000457s ]
INFO: [ app_begin ] --END-- [ RunTime:0.000489s ]
INFO: [ view_parse ] --START--
INFO: [ template_filter ] --START--
INFO: Run Behavior\ContentReplaceBehavior [ RunTime:0.000547s ]
INFO: [ template_filter ] --END-- [ RunTime:0.000588s ]
INFO: Run Behavior\ParseTemplateBehavior [ RunTime:0.015418s ]
INFO: [ view_parse ] --END-- [ RunTime:0.015444s ]
INFO: [ view_filter ] --START--
INFO: Run Behavior\WriteHtmlCacheBehavior [ RunTime:0.000129s ]
INFO: [ view_filter ] --END-- [ RunTime:0.000193s ]
INFO: [ app_end ] --START--
INFO: Run Behavior\ShowPageTraceBehavior [ RunTime:0.000451s ]
INFO: [ app_end ] --END-- [ RunTime:0.000476s ]

[ 2018-05-27T04:32:15+08:00 ] 140.205.205.23 /
INFO: [ app_init ] --START--
INFO: Run Behavior\BuildLiteBehavior [ RunTime:0.000014s ]
INFO: [ app_init ] --END-- [ RunTime:0.000323s ]
INFO: [ app_begin ] --START--
INFO: Run Behavior\ReadHtmlCacheBehavior [ RunTime:0.000422s ]
INFO: [ app_begin ] --END-- [ RunTime:0.000452s ]
INFO: [ view_parse ] --START--
INFO: [ template_filter ] --START--
INFO: Run Behavior\ContentReplaceBehavior [ RunTime:0.000746s ]
INFO: [ template_filter ] --END-- [ RunTime:0.000796s ]
INFO: Run Behavior\ParseTemplateBehavior [ RunTime:0.016857s ]
INFO: [ view_parse ] --END-- [ RunTime:0.016888s ]
INFO: [ view_filter ] --START--
INFO: Run Behavior\WriteHtmlCacheBehavior [ RunTime:0.000190s ]
INFO: [ view_filter ] --END-- [ RunTime:0.000218s ]
INFO: [ app_end ] --START--
INFO: Run Behavior\ShowPageTraceBehavior [ RunTime:0.000631s ]
INFO: [ app_end ] --END-- [ RunTime:0.000665s ]

[ 2018-05-27T04:32:16+08:00 ] 140.205.205.23 /
INFO: [ app_init ] --START--
INFO: Run Behavior\BuildLiteBehavior [ RunTime:0.000011s ]
INFO: [ app_init ] --END-- [ RunTime:0.000338s ]
INFO: [ app_begin ] --START--
INFO: Run Behavior\ReadHtmlCacheBehavior [ RunTime:0.000442s ]
INFO: [ app_begin ] --END-- [ RunTime:0.000471s ]
INFO: [ view_parse ] --START--
INFO: [ template_filter ] --START--
INFO: Run Behavior\ContentReplaceBehavior [ RunTime:0.000715s ]
INFO: [ template_filter ] --END-- [ RunTime:0.000766s ]
INFO: Run Behavior\ParseTemplateBehavior [ RunTime:0.016555s ]
INFO: [ view_parse ] --END-- [ RunTime:0.016584s ]
INFO: [ view_filter ] --START--
INFO: Run Behavior\WriteHtmlCacheBehavior [ RunTime:0.000176s ]
INFO: [ view_filter ] --END-- [ RunTime:0.000203s ]
INFO: [ app_end ] --START--
INFO: Run Behavior\ShowPageTraceBehavior [ RunTime:0.000581s ]
INFO: [ app_end ] --END-- [ RunTime:0.000613s ]

[ 2018-05-27T04:32:16+08:00 ] 140.205.205.25 /Home/News/index.html
INFO: [ app_init ] --START--
INFO: Run Behavior\BuildLiteBehavior [ RunTime:0.000012s ]
INFO: [ app_init ] --END-- [ RunTime:0.000326s ]
INFO: [ app_begin ] --START--
INFO: Run Behavior\ReadHtmlCacheBehavior [ RunTime:0.000437s ]
INFO: [ app_begin ] --END-- [ RunTime:0.000466s ]
SQL: SHOW COLUMNS FROM `hsdcw_news` [ RunTime:0.0009s ]
SQL: SELECT COUNT(*) AS tp_count FROM `hsdcw_news` WHERE `cateid` = 2 AND `display` = 0 AND `type` IN (2,3) LIMIT 1   [ RunTime:0.0004s ]
SQL: SELECT * FROM `hsdcw_news` WHERE `cateid` = 2 AND `display` = 0 AND `type` IN (2,3) ORDER BY `time` desc LIMIT 0,6   [ RunTime:0.0006s ]
SQL: SHOW COLUMNS FROM `hsdcw_comment` [ RunTime:0.0005s ]
SQL: SELECT COUNT(id) AS tp_count FROM `hsdcw_comment` WHERE `arcticle_id` = 33 LIMIT 1   [ RunTime:0.0002s ]
SQL: SELECT COUNT(id) AS tp_count FROM `hsdcw_comment` WHERE `arcticle_id` = 32 LIMIT 1   [ RunTime:0.0003s ]
SQL: SELECT COUNT(id) AS tp_count FROM `hsdcw_comment` WHERE `arcticle_id` = 31 LIMIT 1   [ RunTime:0.0003s ]
SQL: SELECT COUNT(id) AS tp_count FROM `hsdcw_comment` WHERE `arcticle_id` = 30 LIMIT 1   [ RunTime:0.0002s ]
SQL: SELECT COUNT(id) AS tp_count FROM `hsdcw_comment` WHERE `arcticle_id` = 26 LIMIT 1   [ RunTime:0.0002s ]
SQL: SELECT COUNT(id) AS tp_count FROM `hsdcw_comment` WHERE `arcticle_id` = 25 LIMIT 1   [ RunTime:0.0003s ]
SQL: SELECT * FROM hsdcw_news a WHERE ( a.cateid=2 and a.display=0 and a.type=1 ) ORDER BY a.time desc LIMIT 1   [ RunTime:0.0004s ]
SQL: SELECT * FROM `hsdcw_news` WHERE `display` = 0 AND `cateid` = 2 ORDER BY eye desc  [ RunTime:0.0007s ]
INFO: [ view_parse ] --START--
INFO: [ template_filter ] --START--
INFO: Run Behavior\ContentReplaceBehavior [ RunTime:0.000157s ]
INFO: [ template_filter ] --END-- [ RunTime:0.000191s ]
INFO: Run Behavior\ParseTemplateBehavior [ RunTime:0.010873s ]
INFO: [ view_parse ] --END-- [ RunTime:0.010904s ]
INFO: [ view_filter ] --START--
INFO: Run Behavior\WriteHtmlCacheBehavior [ RunTime:0.000133s ]
INFO: [ view_filter ] --END-- [ RunTime:0.000159s ]
INFO: [ app_end ] --START--
INFO: Run Behavior\ShowPageTraceBehavior [ RunTime:0.000518s ]
INFO: [ app_end ] --END-- [ RunTime:0.000549s ]

[ 2018-05-27T04:32:16+08:00 ] 140.205.205.25 /Home/News/hbxw.html
INFO: [ app_init ] --START--
INFO: Run Behavior\BuildLiteBehavior [ RunTime:0.000014s ]
INFO: [ app_init ] --END-- [ RunTime:0.000341s ]
INFO: [ app_begin ] --START--
INFO: Run Behavior\ReadHtmlCacheBehavior [ RunTime:0.000472s ]
INFO: [ app_begin ] --END-- [ RunTime:0.000504s ]
SQL: SHOW COLUMNS FROM `hsdcw_news` [ RunTime:0.0009s ]
SQL: SELECT COUNT(*) AS tp_count FROM `hsdcw_news` WHERE `cateid` = 4 AND `display` = 0 AND `type` IN (2,3) LIMIT 1   [ RunTime:0.0004s ]
SQL: SELECT * FROM `hsdcw_news` WHERE `cateid` = 4 AND `display` = 0 AND `type` IN (2,3) ORDER BY `time` desc LIMIT 0,6   [ RunTime:0.0005s ]
SQL: SHOW COLUMNS FROM `hsdcw_comment` [ RunTime:0.0006s ]
SQL: SELECT COUNT(id) AS tp_count FROM `hsdcw_comment` WHERE `arcticle_id` = 29 LIMIT 1   [ RunTime:0.0002s ]
SQL: SELECT COUNT(id) AS tp_count FROM `hsdcw_comment` WHERE `arcticle_id` = 14 LIMIT 1   [ RunTime:0.0003s ]
SQL: SELECT * FROM `hsdcw_news` WHERE ( cateid=4 and display=0 and type=1 ) ORDER BY `time` desc LIMIT 1   [ RunTime:0.0004s ]
SQL: SELECT * FROM `hsdcw_news` WHERE `display` = 0 AND `cateid` = 4 ORDER BY eye desc  [ RunTime:0.0004s ]
INFO: [ view_parse ] --START--
INFO: [ template_filter ] --START--
INFO: Run Behavior\ContentReplaceBehavior [ RunTime:0.000193s ]
INFO: [ template_filter ] --END-- [ RunTime:0.000240s ]
INFO: Run Behavior\ParseTemplateBehavior [ RunTime:0.010054s ]
INFO: [ view_parse ] --END-- [ RunTime:0.010113s ]
INFO: [ view_filter ] --START--
INFO: Run Behavior\WriteHtmlCacheBehavior [ RunTime:0.000153s ]
INFO: [ view_filter ] --END-- [ RunTime:0.000181s ]
INFO: [ app_end ] --START--
INFO: Run Behavior\ShowPageTraceBehavior [ RunTime:0.000535s ]
INFO: [ app_end ] --END-- [ RunTime:0.000600s ]

[ 2018-05-27T04:32:17+08:00 ] 140.205.205.23 /Home/News/hsms.html
INFO: [ app_init ] --START--
INFO: Run Behavior\BuildLiteBehavior [ RunTime:0.000011s ]
INFO: [ app_init ] --END-- [ RunTime:0.000241s ]
INFO: [ app_begin ] --START--
INFO: Run Behavior\ReadHtmlCacheBehavior [ RunTime:0.000371s ]
INFO: [ app_begin ] --END-- [ RunTime:0.000397s ]
SQL: SHOW COLUMNS FROM `hsdcw_news` [ RunTime:0.0009s ]
SQL: SELECT COUNT(*) AS tp_count FROM `hsdcw_news` WHERE `cateid` = 3 AND `display` = 0 AND `type` IN (2,3) LIMIT 1   [ RunTime:0.0004s ]
SQL: SELECT * FROM `hsdcw_news` WHERE `cateid` = 3 AND `display` = 0 AND `type` IN (2,3) ORDER BY `time` desc LIMIT 0,6   [ RunTime:0.0005s ]
SQL: SHOW COLUMNS FROM `hsdcw_comment` [ RunTime:0.0006s ]
SQL: SELECT COUNT(id) AS tp_count FROM `hsdcw_comment` WHERE `arcticle_id` = 28 LIMIT 1   [ RunTime:0.0003s ]
SQL: SELECT COUNT(id) AS tp_count FROM `hsdcw_comment` WHERE `arcticle_id` = 27 LIMIT 1   [ RunTime:0.0003s ]
SQL: SELECT * FROM `hsdcw_news` WHERE ( cateid=3 and display=0 and type=1 ) ORDER BY `time` desc LIMIT 1   [ RunTime:0.0004s ]
SQL: SELECT * FROM `hsdcw_news` WHERE `display` = 0 AND `cateid` = 3 ORDER BY eye desc  [ RunTime:0.0004s ]
INFO: [ view_parse ] --START--
INFO: [ template_filter ] --START--
INFO: Run Behavior\ContentReplaceBehavior [ RunTime:0.000152s ]
INFO: [ template_filter ] --END-- [ RunTime:0.000211s ]
INFO: Run Behavior\ParseTemplateBehavior [ RunTime:0.010638s ]
INFO: [ view_parse ] --END-- [ RunTime:0.010672s ]
INFO: [ view_filter ] --START--
INFO: Run Behavior\WriteHtmlCacheBehavior [ RunTime:0.000154s ]
INFO: [ view_filter ] --END-- [ RunTime:0.000194s ]
INFO: [ app_end ] --START--
INFO: Run Behavior\ShowPageTraceBehavior [ RunTime:0.000512s ]
INFO: [ app_end ] --END-- [ RunTime:0.000547s ]

[ 2018-05-27T06:16:57+08:00 ] 106.11.226.48 /
INFO: [ app_init ] --START--
INFO: Run Behavior\BuildLiteBehavior [ RunTime:0.000009s ]
INFO: [ app_init ] --END-- [ RunTime:0.000224s ]
INFO: [ app_begin ] --START--
INFO: Run Behavior\ReadHtmlCacheBehavior [ RunTime:0.000319s ]
INFO: [ app_begin ] --END-- [ RunTime:0.000349s ]
INFO: [ view_parse ] --START--
INFO: [ template_filter ] --START--
INFO: Run Behavior\ContentReplaceBehavior [ RunTime:0.000580s ]
INFO: [ template_filter ] --END-- [ RunTime:0.000618s ]
INFO: Run Behavior\ParseTemplateBehavior [ RunTime:0.013941s ]
INFO: [ view_parse ] --END-- [ RunTime:0.013968s ]
INFO: [ view_filter ] --START--
INFO: Run Behavior\WriteHtmlCacheBehavior [ RunTime:0.000115s ]
INFO: [ view_filter ] --END-- [ RunTime:0.000142s ]
INFO: [ app_end ] --START--
INFO: Run Behavior\ShowPageTraceBehavior [ RunTime:0.000407s ]
INFO: [ app_end ] --END-- [ RunTime:0.000434s ]

[ 2018-05-27T08:35:17+08:00 ] 220.181.108.162 /
INFO: [ app_init ] --START--
INFO: Run Behavior\BuildLiteBehavior [ RunTime:0.000011s ]
INFO: [ app_init ] --END-- [ RunTime:0.000807s ]
INFO: [ app_begin ] --START--
INFO: Run Behavior\ReadHtmlCacheBehavior [ RunTime:0.000349s ]
INFO: [ app_begin ] --END-- [ RunTime:0.000371s ]
INFO: [ view_parse ] --START--
INFO: [ template_filter ] --START--
INFO: Run Behavior\ContentReplaceBehavior [ RunTime:0.000647s ]
INFO: [ template_filter ] --END-- [ RunTime:0.000688s ]
INFO: Run Behavior\ParseTemplateBehavior [ RunTime:0.014990s ]
INFO: [ view_parse ] --END-- [ RunTime:0.015013s ]
INFO: [ view_filter ] --START--
INFO: Run Behavior\WriteHtmlCacheBehavior [ RunTime:0.000106s ]
INFO: [ view_filter ] --END-- [ RunTime:0.000124s ]
INFO: [ app_end ] --START--
INFO: Run Behavior\ShowPageTraceBehavior [ RunTime:0.000392s ]
INFO: [ app_end ] --END-- [ RunTime:0.000417s ]

[ 2018-05-27T09:08:37+08:00 ] 220.181.108.120 /
INFO: [ app_init ] --START--
INFO: Run Behavior\BuildLiteBehavior [ RunTime:0.000013s ]
INFO: [ app_init ] --END-- [ RunTime:0.000350s ]
INFO: [ app_begin ] --START--
INFO: Run Behavior\ReadHtmlCacheBehavior [ RunTime:0.000432s ]
INFO: [ app_begin ] --END-- [ RunTime:0.000462s ]
INFO: [ view_parse ] --START--
INFO: [ template_filter ] --START--
INFO: Run Behavior\ContentReplaceBehavior [ RunTime:0.000733s ]
INFO: [ template_filter ] --END-- [ RunTime:0.000784s ]
INFO: Run Behavior\ParseTemplateBehavior [ RunTime:0.016753s ]
INFO: [ view_parse ] --END-- [ RunTime:0.016784s ]
INFO: [ view_filter ] --START--
INFO: Run Behavior\WriteHtmlCacheBehavior [ RunTime:0.000157s ]
INFO: [ view_filter ] --END-- [ RunTime:0.000184s ]
INFO: [ app_end ] --START--
INFO: Run Behavior\ShowPageTraceBehavior [ RunTime:0.000609s ]
INFO: [ app_end ] --END-- [ RunTime:0.000644s ]

[ 2018-05-27T12:00:07+08:00 ] 106.15.201.111 /
INFO: [ app_init ] --START--
INFO: Run Behavior\BuildLiteBehavior [ RunTime:0.000009s ]
INFO: [ app_init ] --END-- [ RunTime:0.000242s ]
INFO: [ app_begin ] --START--
INFO: Run Behavior\ReadHtmlCacheBehavior [ RunTime:0.000307s ]
INFO: [ app_begin ] --END-- [ RunTime:0.000328s ]
INFO: [ view_parse ] --START--
INFO: [ template_filter ] --START--
INFO: Run Behavior\ContentReplaceBehavior [ RunTime:0.000540s ]
INFO: [ template_filter ] --END-- [ RunTime:0.000572s ]
INFO: Run Behavior\ParseTemplateBehavior [ RunTime:0.013421s ]
INFO: [ view_parse ] --END-- [ RunTime:0.013447s ]
INFO: [ view_filter ] --START--
INFO: Run Behavior\WriteHtmlCacheBehavior [ RunTime:0.000136s ]
INFO: [ view_filter ] --END-- [ RunTime:0.000159s ]
INFO: [ app_end ] --START--
INFO: Run Behavior\ShowPageTraceBehavior [ RunTime:0.000404s ]
INFO: [ app_end ] --END-- [ RunTime:0.000428s ]

[ 2018-05-27T13:32:43+08:00 ] 13.56.232.243 /
INFO: [ app_init ] --START--
INFO: Run Behavior\BuildLiteBehavior [ RunTime:0.000010s ]
INFO: [ app_init ] --END-- [ RunTime:0.000242s ]
INFO: [ app_begin ] --START--
INFO: Run Behavior\ReadHtmlCacheBehavior [ RunTime:0.000354s ]
INFO: [ app_begin ] --END-- [ RunTime:0.000376s ]
INFO: [ view_parse ] --START--
INFO: [ template_filter ] --START--
INFO: Run Behavior\ContentReplaceBehavior [ RunTime:0.000561s ]
INFO: [ template_filter ] --END-- [ RunTime:0.000590s ]
INFO: Run Behavior\ParseTemplateBehavior [ RunTime:0.013834s ]
INFO: [ view_parse ] --END-- [ RunTime:0.013856s ]
INFO: [ view_filter ] --START--
INFO: Run Behavior\WriteHtmlCacheBehavior [ RunTime:0.000100s ]
INFO: [ view_filter ] --END-- [ RunTime:0.000124s ]
INFO: [ app_end ] --START--
INFO: Run Behavior\ShowPageTraceBehavior [ RunTime:0.000425s ]
INFO: [ app_end ] --END-- [ RunTime:0.000450s ]

[ 2018-05-27T13:52:01+08:00 ] 141.8.142.117 /
INFO: [ app_init ] --START--
INFO: Run Behavior\BuildLiteBehavior [ RunTime:0.000013s ]
INFO: [ app_init ] --END-- [ RunTime:0.000331s ]
INFO: [ app_begin ] --START--
INFO: Run Behavior\ReadHtmlCacheBehavior [ RunTime:0.000305s ]
INFO: [ app_begin ] --END-- [ RunTime:0.000328s ]
INFO: [ view_parse ] --START--
INFO: [ template_filter ] --START--
INFO: Run Behavior\ContentReplaceBehavior [ RunTime:0.000682s ]
INFO: [ template_filter ] --END-- [ RunTime:0.000737s ]
INFO: Run Behavior\ParseTemplateBehavior [ RunTime:0.015163s ]
INFO: [ view_parse ] --END-- [ RunTime:0.015187s ]
INFO: [ view_filter ] --START--
INFO: Run Behavior\WriteHtmlCacheBehavior [ RunTime:0.000148s ]
INFO: [ view_filter ] --END-- [ RunTime:0.000172s ]
INFO: [ app_end ] --START--
INFO: Run Behavior\ShowPageTraceBehavior [ RunTime:0.000462s ]
INFO: [ app_end ] --END-- [ RunTime:0.000493s ]

[ 2018-05-27T14:32:46+08:00 ] 220.181.108.114 /
INFO: [ app_init ] --START--
INFO: Run Behavior\BuildLiteBehavior [ RunTime:0.000013s ]
INFO: [ app_init ] --END-- [ RunTime:0.000298s ]
INFO: [ app_begin ] --START--
INFO: Run Behavior\ReadHtmlCacheBehavior [ RunTime:0.000387s ]
INFO: [ app_begin ] --END-- [ RunTime:0.000409s ]
INFO: [ view_parse ] --START--
INFO: [ template_filter ] --START--
INFO: Run Behavior\ContentReplaceBehavior [ RunTime:0.000532s ]
INFO: [ template_filter ] --END-- [ RunTime:0.000562s ]
INFO: Run Behavior\ParseTemplateBehavior [ RunTime:0.013918s ]
INFO: [ view_parse ] --END-- [ RunTime:0.013961s ]
INFO: [ view_filter ] --START--
INFO: Run Behavior\WriteHtmlCacheBehavior [ RunTime:0.000107s ]
INFO: [ view_filter ] --END-- [ RunTime:0.000130s ]
INFO: [ app_end ] --START--
INFO: Run Behavior\ShowPageTraceBehavior [ RunTime:0.000426s ]
INFO: [ app_end ] --END-- [ RunTime:0.000451s ]

[ 2018-05-27T19:11:22+08:00 ] 119.79.165.24 /
INFO: [ app_init ] --START--
INFO: Run Behavior\BuildLiteBehavior [ RunTime:0.000014s ]
INFO: [ app_init ] --END-- [ RunTime:0.000479s ]
INFO: [ app_begin ] --START--
INFO: Run Behavior\ReadHtmlCacheBehavior [ RunTime:0.000717s ]
INFO: [ app_begin ] --END-- [ RunTime:0.000754s ]
INFO: [ view_parse ] --START--
INFO: [ template_filter ] --START--
INFO: Run Behavior\ContentReplaceBehavior [ RunTime:0.000793s ]
INFO: [ template_filter ] --END-- [ RunTime:0.000831s ]
INFO: Run Behavior\ParseTemplateBehavior [ RunTime:0.016420s ]
INFO: [ view_parse ] --END-- [ RunTime:0.016454s ]
INFO: [ view_filter ] --START--
INFO: Run Behavior\WriteHtmlCacheBehavior [ RunTime:0.000125s ]
INFO: [ view_filter ] --END-- [ RunTime:0.000148s ]
INFO: [ app_end ] --START--
INFO: Run Behavior\ShowPageTraceBehavior [ RunTime:0.000536s ]
INFO: [ app_end ] --END-- [ RunTime:0.000563s ]

[ 2018-05-27T19:11:29+08:00 ] 119.79.165.24 /
INFO: [ app_init ] --START--
INFO: Run Behavior\BuildLiteBehavior [ RunTime:0.000011s ]
INFO: [ app_init ] --END-- [ RunTime:0.000251s ]
INFO: [ app_begin ] --START--
INFO: Run Behavior\ReadHtmlCacheBehavior [ RunTime:0.000388s ]
INFO: [ app_begin ] --END-- [ RunTime:0.000413s ]
INFO: [ view_parse ] --START--
INFO: [ template_filter ] --START--
INFO: Run Behavior\ContentReplaceBehavior [ RunTime:0.000661s ]
INFO: [ template_filter ] --END-- [ RunTime:0.000705s ]
INFO: Run Behavior\ParseTemplateBehavior [ RunTime:0.016640s ]
INFO: [ view_parse ] --END-- [ RunTime:0.016663s ]
INFO: [ view_filter ] --START--
INFO: Run Behavior\WriteHtmlCacheBehavior [ RunTime:0.000144s ]
INFO: [ view_filter ] --END-- [ RunTime:0.000163s ]
INFO: [ app_end ] --START--
INFO: Run Behavior\ShowPageTraceBehavior [ RunTime:0.000489s ]
INFO: [ app_end ] --END-- [ RunTime:0.000522s ]

[ 2018-05-27T19:28:55+08:00 ] 119.79.165.24 /
INFO: [ app_init ] --START--
INFO: Run Behavior\BuildLiteBehavior [ RunTime:0.000009s ]
INFO: [ app_init ] --END-- [ RunTime:0.000221s ]
INFO: [ app_begin ] --START--
INFO: Run Behavior\ReadHtmlCacheBehavior [ RunTime:0.000346s ]
INFO: [ app_begin ] --END-- [ RunTime:0.000368s ]
INFO: [ view_parse ] --START--
INFO: [ template_filter ] --START--
INFO: Run Behavior\ContentReplaceBehavior [ RunTime:0.000536s ]
INFO: [ template_filter ] --END-- [ RunTime:0.000566s ]
INFO: Run Behavior\ParseTemplateBehavior [ RunTime:0.014316s ]
INFO: [ view_parse ] --END-- [ RunTime:0.014341s ]
INFO: [ view_filter ] --START--
INFO: Run Behavior\WriteHtmlCacheBehavior [ RunTime:0.000122s ]
INFO: [ view_filter ] --END-- [ RunTime:0.000141s ]
INFO: [ app_end ] --START--
INFO: Run Behavior\ShowPageTraceBehavior [ RunTime:0.000391s ]
INFO: [ app_end ] --END-- [ RunTime:0.000416s ]

[ 2018-05-27T19:28:59+08:00 ] 119.79.165.24 /Home/News/index.html
INFO: [ app_init ] --START--
INFO: Run Behavior\BuildLiteBehavior [ RunTime:0.000026s ]
INFO: [ app_init ] --END-- [ RunTime:0.000298s ]
INFO: [ app_begin ] --START--
INFO: Run Behavior\ReadHtmlCacheBehavior [ RunTime:0.000306s ]
INFO: [ app_begin ] --END-- [ RunTime:0.000328s ]
SQL: SHOW COLUMNS FROM `hsdcw_news` [ RunTime:0.0008s ]
SQL: SELECT COUNT(*) AS tp_count FROM `hsdcw_news` WHERE `cateid` = 2 AND `display` = 0 AND `type` IN (2,3) LIMIT 1   [ RunTime:0.0004s ]
SQL: SELECT * FROM `hsdcw_news` WHERE `cateid` = 2 AND `display` = 0 AND `type` IN (2,3) ORDER BY `time` desc LIMIT 0,6   [ RunTime:0.0005s ]
SQL: SHOW COLUMNS FROM `hsdcw_comment` [ RunTime:0.0004s ]
SQL: SELECT COUNT(id) AS tp_count FROM `hsdcw_comment` WHERE `arcticle_id` = 33 LIMIT 1   [ RunTime:0.0002s ]
SQL: SELECT COUNT(id) AS tp_count FROM `hsdcw_comment` WHERE `arcticle_id` = 32 LIMIT 1   [ RunTime:0.0002s ]
SQL: SELECT COUNT(id) AS tp_count FROM `hsdcw_comment` WHERE `arcticle_id` = 31 LIMIT 1   [ RunTime:0.0002s ]
SQL: SELECT COUNT(id) AS tp_count FROM `hsdcw_comment` WHERE `arcticle_id` = 30 LIMIT 1   [ RunTime:0.0002s ]
SQL: SELECT COUNT(id) AS tp_count FROM `hsdcw_comment` WHERE `arcticle_id` = 26 LIMIT 1   [ RunTime:0.0002s ]
SQL: SELECT COUNT(id) AS tp_count FROM `hsdcw_comment` WHERE `arcticle_id` = 25 LIMIT 1   [ RunTime:0.0002s ]
SQL: SELECT * FROM hsdcw_news a WHERE ( a.cateid=2 and a.display=0 and a.type=1 ) ORDER BY a.time desc LIMIT 1   [ RunTime:0.0003s ]
SQL: SELECT * FROM `hsdcw_news` WHERE `display` = 0 AND `cateid` = 2 ORDER BY eye desc  [ RunTime:0.0005s ]
INFO: [ view_parse ] --START--
INFO: [ template_filter ] --START--
INFO: Run Behavior\ContentReplaceBehavior [ RunTime:0.000135s ]
INFO: [ template_filter ] --END-- [ RunTime:0.000159s ]
INFO: Run Behavior\ParseTemplateBehavior [ RunTime:0.008234s ]
INFO: [ view_parse ] --END-- [ RunTime:0.008256s ]
INFO: [ view_filter ] --START--
INFO: Run Behavior\WriteHtmlCacheBehavior [ RunTime:0.000098s ]
INFO: [ view_filter ] --END-- [ RunTime:0.000117s ]
INFO: [ app_end ] --START--
INFO: Run Behavior\ShowPageTraceBehavior [ RunTime:0.000430s ]
INFO: [ app_end ] --END-- [ RunTime:0.000457s ]

[ 2018-05-27T19:31:50+08:00 ] 119.79.165.24 /Home/News/hsms.html
INFO: [ app_init ] --START--
INFO: Run Behavior\BuildLiteBehavior [ RunTime:0.000012s ]
INFO: [ app_init ] --END-- [ RunTime:0.000257s ]
INFO: [ app_begin ] --START--
INFO: Run Behavior\ReadHtmlCacheBehavior [ RunTime:0.000661s ]
INFO: [ app_begin ] --END-- [ RunTime:0.000693s ]
SQL: SHOW COLUMNS FROM `hsdcw_news` [ RunTime:0.0009s ]
SQL: SELECT COUNT(*) AS tp_count FROM `hsdcw_news` WHERE `cateid` = 3 AND `display` = 0 AND `type` IN (2,3) LIMIT 1   [ RunTime:0.0004s ]
SQL: SELECT * FROM `hsdcw_news` WHERE `cateid` = 3 AND `display` = 0 AND `type` IN (2,3) ORDER BY `time` desc LIMIT 0,6   [ RunTime:0.0004s ]
SQL: SHOW COLUMNS FROM `hsdcw_comment` [ RunTime:0.0005s ]
SQL: SELECT COUNT(id) AS tp_count FROM `hsdcw_comment` WHERE `arcticle_id` = 28 LIMIT 1   [ RunTime:0.0002s ]
SQL: SELECT COUNT(id) AS tp_count FROM `hsdcw_comment` WHERE `arcticle_id` = 27 LIMIT 1   [ RunTime:0.0002s ]
SQL: SELECT * FROM `hsdcw_news` WHERE ( cateid=3 and display=0 and type=1 ) ORDER BY `time` desc LIMIT 1   [ RunTime:0.0003s ]
SQL: SELECT * FROM `hsdcw_news` WHERE `display` = 0 AND `cateid` = 3 ORDER BY eye desc  [ RunTime:0.0004s ]
INFO: [ view_parse ] --START--
INFO: [ template_filter ] --START--
INFO: Run Behavior\ContentReplaceBehavior [ RunTime:0.000135s ]
INFO: [ template_filter ] --END-- [ RunTime:0.000167s ]
INFO: Run Behavior\ParseTemplateBehavior [ RunTime:0.008135s ]
INFO: [ view_parse ] --END-- [ RunTime:0.008157s ]
INFO: [ view_filter ] --START--
INFO: Run Behavior\WriteHtmlCacheBehavior [ RunTime:0.000098s ]
INFO: [ view_filter ] --END-- [ RunTime:0.000116s ]
INFO: [ app_end ] --START--
INFO: Run Behavior\ShowPageTraceBehavior [ RunTime:0.000410s ]
INFO: [ app_end ] --END-- [ RunTime:0.000437s ]

[ 2018-05-27T19:32:51+08:00 ] 117.25.139.90 /
INFO: [ app_init ] --START--
INFO: Run Behavior\BuildLiteBehavior [ RunTime:0.000009s ]
INFO: [ app_init ] --END-- [ RunTime:0.000297s ]
INFO: [ app_begin ] --START--
INFO: Run Behavior\ReadHtmlCacheBehavior [ RunTime:0.000315s ]
INFO: [ app_begin ] --END-- [ RunTime:0.000458s ]
INFO: [ view_parse ] --START--
INFO: [ template_filter ] --START--
INFO: Run Behavior\ContentReplaceBehavior [ RunTime:0.000637s ]
INFO: [ template_filter ] --END-- [ RunTime:0.000668s ]
INFO: Run Behavior\ParseTemplateBehavior [ RunTime:0.014635s ]
INFO: [ view_parse ] --END-- [ RunTime:0.014663s ]
INFO: [ view_filter ] --START--
INFO: Run Behavior\WriteHtmlCacheBehavior [ RunTime:0.000103s ]
INFO: [ view_filter ] --END-- [ RunTime:0.000125s ]
INFO: [ app_end ] --START--
INFO: Run Behavior\ShowPageTraceBehavior [ RunTime:0.000483s ]
INFO: [ app_end ] --END-- [ RunTime:0.000514s ]

[ 2018-05-27T19:33:25+08:00 ] 119.79.165.24 /home/news/hsms.html
INFO: [ app_init ] --START--
INFO: Run Behavior\BuildLiteBehavior [ RunTime:0.000011s ]
INFO: [ app_init ] --END-- [ RunTime:0.000285s ]
INFO: [ app_begin ] --START--
INFO: Run Behavior\ReadHtmlCacheBehavior [ RunTime:0.000327s ]
INFO: [ app_begin ] --END-- [ RunTime:0.000349s ]
SQL: SHOW COLUMNS FROM `hsdcw_news` [ RunTime:0.0007s ]
SQL: SELECT COUNT(*) AS tp_count FROM `hsdcw_news` WHERE `cateid` = 3 AND `display` = 0 AND `type` IN (2,3) LIMIT 1   [ RunTime:0.0004s ]
SQL: SELECT * FROM `hsdcw_news` WHERE `cateid` = 3 AND `display` = 0 AND `type` IN (2,3) ORDER BY `time` desc LIMIT 0,6   [ RunTime:0.0003s ]
SQL: SHOW COLUMNS FROM `hsdcw_comment` [ RunTime:0.0005s ]
SQL: SELECT COUNT(id) AS tp_count FROM `hsdcw_comment` WHERE `arcticle_id` = 28 LIMIT 1   [ RunTime:0.0002s ]
SQL: SELECT COUNT(id) AS tp_count FROM `hsdcw_comment` WHERE `arcticle_id` = 27 LIMIT 1   [ RunTime:0.0002s ]
SQL: SELECT * FROM `hsdcw_news` WHERE ( cateid=3 and display=0 and type=1 ) ORDER BY `time` desc LIMIT 1   [ RunTime:0.0003s ]
SQL: SELECT * FROM `hsdcw_news` WHERE `display` = 0 AND `cateid` = 3 ORDER BY eye desc  [ RunTime:0.0003s ]
INFO: [ view_parse ] --START--
INFO: [ template_filter ] --START--
INFO: Run Behavior\ContentReplaceBehavior [ RunTime:0.000139s ]
INFO: [ template_filter ] --END-- [ RunTime:0.000167s ]
INFO: Run Behavior\ParseTemplateBehavior [ RunTime:0.007867s ]
INFO: [ view_parse ] --END-- [ RunTime:0.007893s ]
INFO: [ view_filter ] --START--
INFO: Run Behavior\WriteHtmlCacheBehavior [ RunTime:0.000097s ]
INFO: [ view_filter ] --END-- [ RunTime:0.000121s ]
INFO: [ app_end ] --START--
INFO: Run Behavior\ShowPageTraceBehavior [ RunTime:0.000457s ]
INFO: [ app_end ] --END-- [ RunTime:0.000486s ]

[ 2018-05-27T19:34:01+08:00 ] 119.79.165.24 /Home/News/index.html
INFO: [ app_init ] --START--
INFO: Run Behavior\BuildLiteBehavior [ RunTime:0.000011s ]
INFO: [ app_init ] --END-- [ RunTime:0.000249s ]
INFO: [ app_begin ] --START--
INFO: Run Behavior\ReadHtmlCacheBehavior [ RunTime:0.000334s ]
INFO: [ app_begin ] --END-- [ RunTime:0.000359s ]
SQL: SHOW COLUMNS FROM `hsdcw_news` [ RunTime:0.0007s ]
SQL: SELECT COUNT(*) AS tp_count FROM `hsdcw_news` WHERE `cateid` = 2 AND `display` = 0 AND `type` IN (2,3) LIMIT 1   [ RunTime:0.0003s ]
SQL: SELECT * FROM `hsdcw_news` WHERE `cateid` = 2 AND `display` = 0 AND `type` IN (2,3) ORDER BY `time` desc LIMIT 0,6   [ RunTime:0.0005s ]
SQL: SHOW COLUMNS FROM `hsdcw_comment` [ RunTime:0.0004s ]
SQL: SELECT COUNT(id) AS tp_count FROM `hsdcw_comment` WHERE `arcticle_id` = 33 LIMIT 1   [ RunTime:0.0002s ]
SQL: SELECT COUNT(id) AS tp_count FROM `hsdcw_comment` WHERE `arcticle_id` = 32 LIMIT 1   [ RunTime:0.0002s ]
SQL: SELECT COUNT(id) AS tp_count FROM `hsdcw_comment` WHERE `arcticle_id` = 31 LIMIT 1   [ RunTime:0.0002s ]
SQL: SELECT COUNT(id) AS tp_count FROM `hsdcw_comment` WHERE `arcticle_id` = 30 LIMIT 1   [ RunTime:0.0002s ]
SQL: SELECT COUNT(id) AS tp_count FROM `hsdcw_comment` WHERE `arcticle_id` = 26 LIMIT 1   [ RunTime:0.0002s ]
SQL: SELECT COUNT(id) AS tp_count FROM `hsdcw_comment` WHERE `arcticle_id` = 25 LIMIT 1   [ RunTime:0.0002s ]
SQL: SELECT * FROM hsdcw_news a WHERE ( a.cateid=2 and a.display=0 and a.type=1 ) ORDER BY a.time desc LIMIT 1   [ RunTime:0.0003s ]
SQL: SELECT * FROM `hsdcw_news` WHERE `display` = 0 AND `cateid` = 2 ORDER BY eye desc  [ RunTime:0.0005s ]
INFO: [ view_parse ] --START--
INFO: [ template_filter ] --START--
INFO: Run Behavior\ContentReplaceBehavior [ RunTime:0.000135s ]
INFO: [ template_filter ] --END-- [ RunTime:0.000160s ]
INFO: Run Behavior\ParseTemplateBehavior [ RunTime:0.008263s ]
INFO: [ view_parse ] --END-- [ RunTime:0.008292s ]
INFO: [ view_filter ] --START--
INFO: Run Behavior\WriteHtmlCacheBehavior [ RunTime:0.000106s ]
INFO: [ view_filter ] --END-- [ RunTime:0.000126s ]
INFO: [ app_end ] --START--
INFO: Run Behavior\ShowPageTraceBehavior [ RunTime:0.000429s ]
INFO: [ app_end ] --END-- [ RunTime:0.000456s ]

[ 2018-05-27T19:34:17+08:00 ] 119.79.165.24 /H_N_d/24
INFO: [ app_init ] --START--
INFO: Run Behavior\BuildLiteBehavior [ RunTime:0.000009s ]
INFO: [ app_init ] --END-- [ RunTime:0.000245s ]
INFO: [ app_begin ] --START--
INFO: Run Behavior\ReadHtmlCacheBehavior [ RunTime:0.000352s ]
INFO: [ app_begin ] --END-- [ RunTime:0.000374s ]
SQL: SHOW COLUMNS FROM `hsdcw_news` [ RunTime:0.0007s ]
SQL: SELECT * FROM `hsdcw_news` WHERE `id` = 24 LIMIT 1   [ RunTime:0.0003s ]
SQL: UPDATE `hsdcw_news` SET `eye`='52' WHERE ( id=24 ) [ RunTime:0.0003s ]
SQL: SHOW COLUMNS FROM `hsdcw_comment` [ RunTime:0.0004s ]
SQL: SELECT COUNT(*) AS tp_count FROM `hsdcw_comment` WHERE ( arcticle_id=24 ) LIMIT 1   [ RunTime:0.0002s ]
SQL: SELECT * FROM `hsdcw_comment` WHERE `arcticle_id` = 24 ORDER BY time desc LIMIT 0,3   [ RunTime:0.0002s ]
SQL: SELECT COUNT(id) AS tp_count FROM `hsdcw_comment` WHERE `arcticle_id` = 24 LIMIT 1   [ RunTime:0.0002s ]
INFO: [ view_parse ] --START--
INFO: [ template_filter ] --START--
INFO: Run Behavior\ContentReplaceBehavior [ RunTime:0.000267s ]
INFO: [ template_filter ] --END-- [ RunTime:0.000297s ]
INFO: Run Behavior\ParseTemplateBehavior [ RunTime:0.009300s ]
INFO: [ view_parse ] --END-- [ RunTime:0.009324s ]
INFO: [ view_filter ] --START--
INFO: Run Behavior\WriteHtmlCacheBehavior [ RunTime:0.000150s ]
INFO: [ view_filter ] --END-- [ RunTime:0.000174s ]
INFO: [ app_end ] --START--
INFO: Run Behavior\ShowPageTraceBehavior [ RunTime:0.000439s ]
INFO: [ app_end ] --END-- [ RunTime:0.000465s ]

[ 2018-05-27T19:34:17+08:00 ] 119.79.165.24 /
INFO: [ app_init ] --START--
INFO: Run Behavior\BuildLiteBehavior [ RunTime:0.000009s ]
INFO: [ app_init ] --END-- [ RunTime:0.000222s ]
INFO: [ app_begin ] --START--
INFO: Run Behavior\ReadHtmlCacheBehavior [ RunTime:0.000315s ]
INFO: [ app_begin ] --END-- [ RunTime:0.000337s ]
INFO: [ view_parse ] --START--
INFO: [ template_filter ] --START--
INFO: Run Behavior\ContentReplaceBehavior [ RunTime:0.000530s ]
INFO: [ template_filter ] --END-- [ RunTime:0.000568s ]
INFO: Run Behavior\ParseTemplateBehavior [ RunTime:0.013925s ]
INFO: [ view_parse ] --END-- [ RunTime:0.013948s ]
INFO: [ view_filter ] --START--
INFO: Run Behavior\WriteHtmlCacheBehavior [ RunTime:0.000109s ]
INFO: [ view_filter ] --END-- [ RunTime:0.000127s ]
INFO: [ app_end ] --START--
INFO: Run Behavior\ShowPageTraceBehavior [ RunTime:0.000405s ]
INFO: [ app_end ] --END-- [ RunTime:0.000430s ]

[ 2018-05-27T19:34:24+08:00 ] 119.79.165.24 /H_N_d/24
INFO: [ app_init ] --START--
INFO: Run Behavior\BuildLiteBehavior [ RunTime:0.000011s ]
INFO: [ app_init ] --END-- [ RunTime:0.000343s ]
INFO: [ app_begin ] --START--
INFO: Run Behavior\ReadHtmlCacheBehavior [ RunTime:0.000434s ]
INFO: [ app_begin ] --END-- [ RunTime:0.000465s ]
SQL: SHOW COLUMNS FROM `hsdcw_news` [ RunTime:0.0009s ]
SQL: SELECT * FROM `hsdcw_news` WHERE `id` = 24 LIMIT 1   [ RunTime:0.0004s ]
SQL: UPDATE `hsdcw_news` SET `eye`='53' WHERE ( id=24 ) [ RunTime:0.0003s ]
SQL: SHOW COLUMNS FROM `hsdcw_comment` [ RunTime:0.0005s ]
SQL: SELECT COUNT(*) AS tp_count FROM `hsdcw_comment` WHERE ( arcticle_id=24 ) LIMIT 1   [ RunTime:0.0003s ]
SQL: SELECT * FROM `hsdcw_comment` WHERE `arcticle_id` = 24 ORDER BY time desc LIMIT 0,3   [ RunTime:0.0003s ]
SQL: SELECT COUNT(id) AS tp_count FROM `hsdcw_comment` WHERE `arcticle_id` = 24 LIMIT 1   [ RunTime:0.0002s ]
INFO: [ view_parse ] --START--
INFO: [ template_filter ] --START--
INFO: Run Behavior\ContentReplaceBehavior [ RunTime:0.000363s ]
INFO: [ template_filter ] --END-- [ RunTime:0.000406s ]
INFO: Run Behavior\ParseTemplateBehavior [ RunTime:0.010777s ]
INFO: [ view_parse ] --END-- [ RunTime:0.010807s ]
INFO: [ view_filter ] --START--
INFO: Run Behavior\WriteHtmlCacheBehavior [ RunTime:0.000131s ]
INFO: [ view_filter ] --END-- [ RunTime:0.000157s ]
INFO: [ app_end ] --START--
INFO: Run Behavior\ShowPageTraceBehavior [ RunTime:0.000509s ]
INFO: [ app_end ] --END-- [ RunTime:0.000543s ]

[ 2018-05-27T19:34:24+08:00 ] 119.79.165.24 /
INFO: [ app_init ] --START--
INFO: Run Behavior\BuildLiteBehavior [ RunTime:0.000010s ]
INFO: [ app_init ] --END-- [ RunTime:0.000249s ]
INFO: [ app_begin ] --START--
INFO: Run Behavior\ReadHtmlCacheBehavior [ RunTime:0.000369s ]
INFO: [ app_begin ] --END-- [ RunTime:0.000393s ]
INFO: [ view_parse ] --START--
INFO: [ template_filter ] --START--
INFO: Run Behavior\ContentReplaceBehavior [ RunTime:0.000553s ]
INFO: [ template_filter ] --END-- [ RunTime:0.000589s ]
INFO: Run Behavior\ParseTemplateBehavior [ RunTime:0.014142s ]
INFO: [ view_parse ] --END-- [ RunTime:0.014168s ]
INFO: [ view_filter ] --START--
INFO: Run Behavior\WriteHtmlCacheBehavior [ RunTime:0.000127s ]
INFO: [ view_filter ] --END-- [ RunTime:0.000162s ]
INFO: [ app_end ] --START--
INFO: Run Behavior\ShowPageTraceBehavior [ RunTime:0.000488s ]
INFO: [ app_end ] --END-- [ RunTime:0.000513s ]

[ 2018-05-27T19:34:26+08:00 ] 119.79.165.24 /H_N_d/24
INFO: [ app_init ] --START--
INFO: Run Behavior\BuildLiteBehavior [ RunTime:0.000009s ]
INFO: [ app_init ] --END-- [ RunTime:0.000231s ]
INFO: [ app_begin ] --START--
INFO: Run Behavior\ReadHtmlCacheBehavior [ RunTime:0.000322s ]
INFO: [ app_begin ] --END-- [ RunTime:0.000344s ]
SQL: SHOW COLUMNS FROM `hsdcw_news` [ RunTime:0.0008s ]
SQL: SELECT * FROM `hsdcw_news` WHERE `id` = 24 LIMIT 1   [ RunTime:0.0003s ]
SQL: UPDATE `hsdcw_news` SET `eye`='54' WHERE ( id=24 ) [ RunTime:0.0002s ]
SQL: SHOW COLUMNS FROM `hsdcw_comment` [ RunTime:0.0004s ]
SQL: SELECT COUNT(*) AS tp_count FROM `hsdcw_comment` WHERE ( arcticle_id=24 ) LIMIT 1   [ RunTime:0.0002s ]
SQL: SELECT * FROM `hsdcw_comment` WHERE `arcticle_id` = 24 ORDER BY time desc LIMIT 0,3   [ RunTime:0.0002s ]
SQL: SELECT COUNT(id) AS tp_count FROM `hsdcw_comment` WHERE `arcticle_id` = 24 LIMIT 1   [ RunTime:0.0002s ]
INFO: [ view_parse ] --START--
INFO: [ template_filter ] --START--
INFO: Run Behavior\ContentReplaceBehavior [ RunTime:0.000239s ]
INFO: [ template_filter ] --END-- [ RunTime:0.000264s ]
INFO: Run Behavior\ParseTemplateBehavior [ RunTime:0.009005s ]
INFO: [ view_parse ] --END-- [ RunTime:0.009026s ]
INFO: [ view_filter ] --START--
INFO: Run Behavior\WriteHtmlCacheBehavior [ RunTime:0.000095s ]
INFO: [ view_filter ] --END-- [ RunTime:0.000114s ]
INFO: [ app_end ] --START--
INFO: Run Behavior\ShowPageTraceBehavior [ RunTime:0.000410s ]
INFO: [ app_end ] --END-- [ RunTime:0.000434s ]

[ 2018-05-27T19:34:26+08:00 ] 119.79.165.24 /
INFO: [ app_init ] --START--
INFO: Run Behavior\BuildLiteBehavior [ RunTime:0.000007s ]
INFO: [ app_init ] --END-- [ RunTime:0.000217s ]
INFO: [ app_begin ] --START--
INFO: Run Behavior\ReadHtmlCacheBehavior [ RunTime:0.000346s ]
INFO: [ app_begin ] --END-- [ RunTime:0.000368s ]
INFO: [ view_parse ] --START--
INFO: [ template_filter ] --START--
INFO: Run Behavior\ContentReplaceBehavior [ RunTime:0.000550s ]
INFO: [ template_filter ] --END-- [ RunTime:0.000596s ]
INFO: Run Behavior\ParseTemplateBehavior [ RunTime:0.013587s ]
INFO: [ view_parse ] --END-- [ RunTime:0.013609s ]
INFO: [ view_filter ] --START--
INFO: Run Behavior\WriteHtmlCacheBehavior [ RunTime:0.000120s ]
INFO: [ view_filter ] --END-- [ RunTime:0.000139s ]
INFO: [ app_end ] --START--
INFO: Run Behavior\ShowPageTraceBehavior [ RunTime:0.000407s ]
INFO: [ app_end ] --END-- [ RunTime:0.000432s ]

[ 2018-05-27T19:34:27+08:00 ] 119.79.165.24 /H_N_d/24
INFO: [ app_init ] --START--
INFO: Run Behavior\BuildLiteBehavior [ RunTime:0.000013s ]
INFO: [ app_init ] --END-- [ RunTime:0.000291s ]
INFO: [ app_begin ] --START--
INFO: Run Behavior\ReadHtmlCacheBehavior [ RunTime:0.000362s ]
INFO: [ app_begin ] --END-- [ RunTime:0.000389s ]
SQL: SHOW COLUMNS FROM `hsdcw_news` [ RunTime:0.0007s ]
SQL: SELECT * FROM `hsdcw_news` WHERE `id` = 24 LIMIT 1   [ RunTime:0.0003s ]
SQL: UPDATE `hsdcw_news` SET `eye`='55' WHERE ( id=24 ) [ RunTime:0.0003s ]
SQL: SHOW COLUMNS FROM `hsdcw_comment` [ RunTime:0.0004s ]
SQL: SELECT COUNT(*) AS tp_count FROM `hsdcw_comment` WHERE ( arcticle_id=24 ) LIMIT 1   [ RunTime:0.0002s ]
SQL: SELECT * FROM `hsdcw_comment` WHERE `arcticle_id` = 24 ORDER BY time desc LIMIT 0,3   [ RunTime:0.0003s ]
SQL: SELECT COUNT(id) AS tp_count FROM `hsdcw_comment` WHERE `arcticle_id` = 24 LIMIT 1   [ RunTime:0.0002s ]
INFO: [ view_parse ] --START--
INFO: [ template_filter ] --START--
INFO: Run Behavior\ContentReplaceBehavior [ RunTime:0.000253s ]
INFO: [ template_filter ] --END-- [ RunTime:0.000288s ]
INFO: Run Behavior\ParseTemplateBehavior [ RunTime:0.009857s ]
INFO: [ view_parse ] --END-- [ RunTime:0.009883s ]
INFO: [ view_filter ] --START--
INFO: Run Behavior\WriteHtmlCacheBehavior [ RunTime:0.000105s ]
INFO: [ view_filter ] --END-- [ RunTime:0.000124s ]
INFO: [ app_end ] --START--
INFO: Run Behavior\ShowPageTraceBehavior [ RunTime:0.000464s ]
INFO: [ app_end ] --END-- [ RunTime:0.000497s ]

[ 2018-05-27T19:34:27+08:00 ] 119.79.165.24 /
INFO: [ app_init ] --START--
INFO: Run Behavior\BuildLiteBehavior [ RunTime:0.000013s ]
INFO: [ app_init ] --END-- [ RunTime:0.000317s ]
INFO: [ app_begin ] --START--
INFO: Run Behavior\ReadHtmlCacheBehavior [ RunTime:0.000454s ]
INFO: [ app_begin ] --END-- [ RunTime:0.000484s ]
INFO: [ view_parse ] --START--
INFO: [ template_filter ] --START--
INFO: Run Behavior\ContentReplaceBehavior [ RunTime:0.000751s ]
INFO: [ template_filter ] --END-- [ RunTime:0.000805s ]
INFO: Run Behavior\ParseTemplateBehavior [ RunTime:0.016942s ]
INFO: [ view_parse ] --END-- [ RunTime:0.016973s ]
INFO: [ view_filter ] --START--
INFO: Run Behavior\WriteHtmlCacheBehavior [ RunTime:0.000183s ]
INFO: [ view_filter ] --END-- [ RunTime:0.000210s ]
INFO: [ app_end ] --START--
INFO: Run Behavior\ShowPageTraceBehavior [ RunTime:0.000652s ]
INFO: [ app_end ] --END-- [ RunTime:0.000687s ]

[ 2018-05-27T19:34:27+08:00 ] 119.79.165.24 /H_N_d/24
INFO: [ app_init ] --START--
INFO: Run Behavior\BuildLiteBehavior [ RunTime:0.000011s ]
INFO: [ app_init ] --END-- [ RunTime:0.000229s ]
INFO: [ app_begin ] --START--
INFO: Run Behavior\ReadHtmlCacheBehavior [ RunTime:0.000305s ]
INFO: [ app_begin ] --END-- [ RunTime:0.000327s ]
SQL: SHOW COLUMNS FROM `hsdcw_news` [ RunTime:0.0008s ]
SQL: SELECT * FROM `hsdcw_news` WHERE `id` = 24 LIMIT 1   [ RunTime:0.0003s ]
SQL: UPDATE `hsdcw_news` SET `eye`='56' WHERE ( id=24 ) [ RunTime:0.0003s ]
SQL: SHOW COLUMNS FROM `hsdcw_comment` [ RunTime:0.0004s ]
SQL: SELECT COUNT(*) AS tp_count FROM `hsdcw_comment` WHERE ( arcticle_id=24 ) LIMIT 1   [ RunTime:0.0003s ]
SQL: SELECT * FROM `hsdcw_comment` WHERE `arcticle_id` = 24 ORDER BY time desc LIMIT 0,3   [ RunTime:0.0003s ]
SQL: SELECT COUNT(id) AS tp_count FROM `hsdcw_comment` WHERE `arcticle_id` = 24 LIMIT 1   [ RunTime:0.0002s ]
INFO: [ view_parse ] --START--
INFO: [ template_filter ] --START--
INFO: Run Behavior\ContentReplaceBehavior [ RunTime:0.000223s ]
INFO: [ template_filter ] --END-- [ RunTime:0.000248s ]
INFO: Run Behavior\ParseTemplateBehavior [ RunTime:0.008850s ]
INFO: [ view_parse ] --END-- [ RunTime:0.008876s ]
INFO: [ view_filter ] --START--
INFO: Run Behavior\WriteHtmlCacheBehavior [ RunTime:0.000097s ]
INFO: [ view_filter ] --END-- [ RunTime:0.000116s ]
INFO: [ app_end ] --START--
INFO: Run Behavior\ShowPageTraceBehavior [ RunTime:0.000395s ]
INFO: [ app_end ] --END-- [ RunTime:0.000425s ]

[ 2018-05-27T19:34:27+08:00 ] 119.79.165.24 /H_N_d/24
INFO: [ app_init ] --START--
INFO: Run Behavior\BuildLiteBehavior [ RunTime:0.000009s ]
INFO: [ app_init ] --END-- [ RunTime:0.000252s ]
INFO: [ app_begin ] --START--
INFO: Run Behavior\ReadHtmlCacheBehavior [ RunTime:0.000309s ]
INFO: [ app_begin ] --END-- [ RunTime:0.000331s ]
SQL: SHOW COLUMNS FROM `hsdcw_news` [ RunTime:0.0007s ]
SQL: SELECT * FROM `hsdcw_news` WHERE `id` = 24 LIMIT 1   [ RunTime:0.0003s ]
SQL: UPDATE `hsdcw_news` SET `eye`='57' WHERE ( id=24 ) [ RunTime:0.0002s ]
SQL: SHOW COLUMNS FROM `hsdcw_comment` [ RunTime:0.0005s ]
SQL: SELECT COUNT(*) AS tp_count FROM `hsdcw_comment` WHERE ( arcticle_id=24 ) LIMIT 1   [ RunTime:0.0002s ]
SQL: SELECT * FROM `hsdcw_comment` WHERE `arcticle_id` = 24 ORDER BY time desc LIMIT 0,3   [ RunTime:0.0002s ]
SQL: SELECT COUNT(id) AS tp_count FROM `hsdcw_comment` WHERE `arcticle_id` = 24 LIMIT 1   [ RunTime:0.0002s ]
INFO: [ view_parse ] --START--
INFO: [ template_filter ] --START--
INFO: Run Behavior\ContentReplaceBehavior [ RunTime:0.000255s ]
INFO: [ template_filter ] --END-- [ RunTime:0.000281s ]
INFO: Run Behavior\ParseTemplateBehavior [ RunTime:0.009365s ]
INFO: [ view_parse ] --END-- [ RunTime:0.009392s ]
INFO: [ view_filter ] --START--
INFO: Run Behavior\WriteHtmlCacheBehavior [ RunTime:0.000098s ]
INFO: [ view_filter ] --END-- [ RunTime:0.000117s ]
INFO: [ app_end ] --START--
INFO: Run Behavior\ShowPageTraceBehavior [ RunTime:0.000363s ]
INFO: [ app_end ] --END-- [ RunTime:0.000387s ]

[ 2018-05-27T19:34:28+08:00 ] 119.79.165.24 /H_N_d/24
INFO: [ app_init ] --START--
INFO: Run Behavior\BuildLiteBehavior [ RunTime:0.000014s ]
INFO: [ app_init ] --END-- [ RunTime:0.000242s ]
INFO: [ app_begin ] --START--
INFO: Run Behavior\ReadHtmlCacheBehavior [ RunTime:0.000338s ]
INFO: [ app_begin ] --END-- [ RunTime:0.000364s ]
SQL: SHOW COLUMNS FROM `hsdcw_news` [ RunTime:0.0007s ]
SQL: SELECT * FROM `hsdcw_news` WHERE `id` = 24 LIMIT 1   [ RunTime:0.0003s ]
SQL: UPDATE `hsdcw_news` SET `eye`='58' WHERE ( id=24 ) [ RunTime:0.0003s ]
SQL: SHOW COLUMNS FROM `hsdcw_comment` [ RunTime:0.0004s ]
SQL: SELECT COUNT(*) AS tp_count FROM `hsdcw_comment` WHERE ( arcticle_id=24 ) LIMIT 1   [ RunTime:0.0003s ]
SQL: SELECT * FROM `hsdcw_comment` WHERE `arcticle_id` = 24 ORDER BY time desc LIMIT 0,3   [ RunTime:0.0003s ]
SQL: SELECT COUNT(id) AS tp_count FROM `hsdcw_comment` WHERE `arcticle_id` = 24 LIMIT 1   [ RunTime:0.0002s ]
INFO: [ view_parse ] --START--
INFO: [ template_filter ] --START--
INFO: Run Behavior\ContentReplaceBehavior [ RunTime:0.000254s ]
INFO: [ template_filter ] --END-- [ RunTime:0.000289s ]
INFO: Run Behavior\ParseTemplateBehavior [ RunTime:0.009166s ]
INFO: [ view_parse ] --END-- [ RunTime:0.009189s ]
INFO: [ view_filter ] --START--
INFO: Run Behavior\WriteHtmlCacheBehavior [ RunTime:0.000127s ]
INFO: [ view_filter ] --END-- [ RunTime:0.000147s ]
INFO: [ app_end ] --START--
INFO: Run Behavior\ShowPageTraceBehavior [ RunTime:0.000417s ]
INFO: [ app_end ] --END-- [ RunTime:0.000442s ]

[ 2018-05-27T19:34:28+08:00 ] 119.79.165.24 /H_N_d/24
INFO: [ app_init ] --START--
INFO: Run Behavior\BuildLiteBehavior [ RunTime:0.000010s ]
INFO: [ app_init ] --END-- [ RunTime:0.000231s ]
INFO: [ app_begin ] --START--
INFO: Run Behavior\ReadHtmlCacheBehavior [ RunTime:0.000315s ]
INFO: [ app_begin ] --END-- [ RunTime:0.000337s ]
SQL: SHOW COLUMNS FROM `hsdcw_news` [ RunTime:0.0007s ]
SQL: SELECT * FROM `hsdcw_news` WHERE `id` = 24 LIMIT 1   [ RunTime:0.0004s ]
SQL: UPDATE `hsdcw_news` SET `eye`='59' WHERE ( id=24 ) [ RunTime:0.0019s ]
SQL: SHOW COLUMNS FROM `hsdcw_comment` [ RunTime:0.0004s ]
SQL: SELECT COUNT(*) AS tp_count FROM `hsdcw_comment` WHERE ( arcticle_id=24 ) LIMIT 1   [ RunTime:0.0002s ]
SQL: SELECT * FROM `hsdcw_comment` WHERE `arcticle_id` = 24 ORDER BY time desc LIMIT 0,3   [ RunTime:0.0002s ]
SQL: SELECT COUNT(id) AS tp_count FROM `hsdcw_comment` WHERE `arcticle_id` = 24 LIMIT 1   [ RunTime:0.0002s ]
INFO: [ view_parse ] --START--
INFO: [ template_filter ] --START--
INFO: Run Behavior\ContentReplaceBehavior [ RunTime:0.000228s ]
INFO: [ template_filter ] --END-- [ RunTime:0.000252s ]
INFO: Run Behavior\ParseTemplateBehavior [ RunTime:0.008661s ]
INFO: [ view_parse ] --END-- [ RunTime:0.008683s ]
INFO: [ view_filter ] --START--
INFO: Run Behavior\WriteHtmlCacheBehavior [ RunTime:0.000129s ]
INFO: [ view_filter ] --END-- [ RunTime:0.000150s ]
INFO: [ app_end ] --START--
INFO: Run Behavior\ShowPageTraceBehavior [ RunTime:0.000349s ]
INFO: [ app_end ] --END-- [ RunTime:0.000374s ]

[ 2018-05-27T19:34:28+08:00 ] 119.79.165.24 /
INFO: [ app_init ] --START--
INFO: Run Behavior\BuildLiteBehavior [ RunTime:0.000009s ]
INFO: [ app_init ] --END-- [ RunTime:0.000220s ]
INFO: [ app_begin ] --START--
INFO: Run Behavior\ReadHtmlCacheBehavior [ RunTime:0.000329s ]
INFO: [ app_begin ] --END-- [ RunTime:0.000351s ]
INFO: [ view_parse ] --START--
INFO: [ template_filter ] --START--
INFO: Run Behavior\ContentReplaceBehavior [ RunTime:0.000515s ]
INFO: [ template_filter ] --END-- [ RunTime:0.000546s ]
INFO: Run Behavior\ParseTemplateBehavior [ RunTime:0.013692s ]
INFO: [ view_parse ] --END-- [ RunTime:0.013715s ]
INFO: [ view_filter ] --START--
INFO: Run Behavior\WriteHtmlCacheBehavior [ RunTime:0.000104s ]
INFO: [ view_filter ] --END-- [ RunTime:0.000124s ]
INFO: [ app_end ] --START--
INFO: Run Behavior\ShowPageTraceBehavior [ RunTime:0.000416s ]
INFO: [ app_end ] --END-- [ RunTime:0.000440s ]

[ 2018-05-27T19:34:30+08:00 ] 119.79.165.24 /H_N_d/24
INFO: [ app_init ] --START--
INFO: Run Behavior\BuildLiteBehavior [ RunTime:0.000011s ]
INFO: [ app_init ] --END-- [ RunTime:0.000267s ]
INFO: [ app_begin ] --START--
INFO: Run Behavior\ReadHtmlCacheBehavior [ RunTime:0.000400s ]
INFO: [ app_begin ] --END-- [ RunTime:0.000428s ]
SQL: SHOW COLUMNS FROM `hsdcw_news` [ RunTime:0.0009s ]
SQL: SELECT * FROM `hsdcw_news` WHERE `id` = 24 LIMIT 1   [ RunTime:0.0004s ]
SQL: UPDATE `hsdcw_news` SET `eye`='60' WHERE ( id=24 ) [ RunTime:0.0003s ]
SQL: SHOW COLUMNS FROM `hsdcw_comment` [ RunTime:0.0007s ]
SQL: SELECT COUNT(*) AS tp_count FROM `hsdcw_comment` WHERE ( arcticle_id=24 ) LIMIT 1   [ RunTime:0.0003s ]
SQL: SELECT * FROM `hsdcw_comment` WHERE `arcticle_id` = 24 ORDER BY time desc LIMIT 0,3   [ RunTime:0.0004s ]
SQL: SELECT COUNT(id) AS tp_count FROM `hsdcw_comment` WHERE `arcticle_id` = 24 LIMIT 1   [ RunTime:0.0003s ]
INFO: [ view_parse ] --START--
INFO: [ template_filter ] --START--
INFO: Run Behavior\ContentReplaceBehavior [ RunTime:0.000247s ]
INFO: [ template_filter ] --END-- [ RunTime:0.000288s ]
INFO: Run Behavior\ParseTemplateBehavior [ RunTime:0.010359s ]
INFO: [ view_parse ] --END-- [ RunTime:0.010387s ]
INFO: [ view_filter ] --START--
INFO: Run Behavior\WriteHtmlCacheBehavior [ RunTime:0.000122s ]
INFO: [ view_filter ] --END-- [ RunTime:0.000141s ]
INFO: [ app_end ] --START--
INFO: Run Behavior\ShowPageTraceBehavior [ RunTime:0.000399s ]
INFO: [ app_end ] --END-- [ RunTime:0.000424s ]

[ 2018-05-27T19:34:30+08:00 ] 119.79.165.24 /
INFO: [ app_init ] --START--
INFO: Run Behavior\BuildLiteBehavior [ RunTime:0.000009s ]
INFO: [ app_init ] --END-- [ RunTime:0.000214s ]
INFO: [ app_begin ] --START--
INFO: Run Behavior\ReadHtmlCacheBehavior [ RunTime:0.000303s ]
INFO: [ app_begin ] --END-- [ RunTime:0.000326s ]
INFO: [ view_parse ] --START--
INFO: [ template_filter ] --START--
INFO: Run Behavior\ContentReplaceBehavior [ RunTime:0.000516s ]
INFO: [ template_filter ] --END-- [ RunTime:0.000544s ]
INFO: Run Behavior\ParseTemplateBehavior [ RunTime:0.013364s ]
INFO: [ view_parse ] --END-- [ RunTime:0.013386s ]
INFO: [ view_filter ] --START--
INFO: Run Behavior\WriteHtmlCacheBehavior [ RunTime:0.000098s ]
INFO: [ view_filter ] --END-- [ RunTime:0.000130s ]
INFO: [ app_end ] --START--
INFO: Run Behavior\ShowPageTraceBehavior [ RunTime:0.000462s ]
INFO: [ app_end ] --END-- [ RunTime:0.000493s ]

[ 2018-05-27T19:35:01+08:00 ] 119.79.165.24 /h_n_d/26.html
INFO: [ app_init ] --START--
INFO: Run Behavior\BuildLiteBehavior [ RunTime:0.000014s ]
INFO: [ app_init ] --END-- [ RunTime:0.000475s ]
INFO: [ app_begin ] --START--
INFO: Run Behavior\ReadHtmlCacheBehavior [ RunTime:0.000810s ]
INFO: [ app_begin ] --END-- [ RunTime:0.000841s ]
SQL: SHOW COLUMNS FROM `hsdcw_news` [ RunTime:0.0009s ]
SQL: SELECT * FROM `hsdcw_news` WHERE `id` = 26 LIMIT 1   [ RunTime:0.0019s ]
SQL: UPDATE `hsdcw_news` SET `eye`='21' WHERE ( id=26 ) [ RunTime:0.0003s ]
SQL: SHOW COLUMNS FROM `hsdcw_comment` [ RunTime:0.0005s ]
SQL: SELECT COUNT(*) AS tp_count FROM `hsdcw_comment` WHERE ( arcticle_id=26 ) LIMIT 1   [ RunTime:0.0002s ]
SQL: SELECT * FROM `hsdcw_comment` WHERE `arcticle_id` = 26 ORDER BY time desc LIMIT 0,3   [ RunTime:0.0003s ]
SQL: SELECT COUNT(id) AS tp_count FROM `hsdcw_comment` WHERE `arcticle_id` = 26 LIMIT 1   [ RunTime:0.0003s ]
INFO: [ view_parse ] --START--
INFO: [ template_filter ] --START--
INFO: Run Behavior\ContentReplaceBehavior [ RunTime:0.000324s ]
INFO: [ template_filter ] --END-- [ RunTime:0.000382s ]
INFO: Run Behavior\ParseTemplateBehavior [ RunTime:0.012061s ]
INFO: [ view_parse ] --END-- [ RunTime:0.012084s ]
INFO: [ view_filter ] --START--
INFO: Run Behavior\WriteHtmlCacheBehavior [ RunTime:0.000124s ]
INFO: [ view_filter ] --END-- [ RunTime:0.000162s ]
INFO: [ app_end ] --START--
INFO: Run Behavior\ShowPageTraceBehavior [ RunTime:0.000468s ]
INFO: [ app_end ] --END-- [ RunTime:0.000495s ]

[ 2018-05-27T19:35:02+08:00 ] 119.79.165.24 /
INFO: [ app_init ] --START--
INFO: Run Behavior\BuildLiteBehavior [ RunTime:0.000011s ]
INFO: [ app_init ] --END-- [ RunTime:0.000246s ]
INFO: [ app_begin ] --START--
INFO: Run Behavior\ReadHtmlCacheBehavior [ RunTime:0.000325s ]
INFO: [ app_begin ] --END-- [ RunTime:0.000347s ]
INFO: [ view_parse ] --START--
INFO: [ template_filter ] --START--
INFO: Run Behavior\ContentReplaceBehavior [ RunTime:0.000539s ]
INFO: [ template_filter ] --END-- [ RunTime:0.000584s ]
INFO: Run Behavior\ParseTemplateBehavior [ RunTime:0.013697s ]
INFO: [ view_parse ] --END-- [ RunTime:0.013750s ]
INFO: [ view_filter ] --START--
INFO: Run Behavior\WriteHtmlCacheBehavior [ RunTime:0.000130s ]
INFO: [ view_filter ] --END-- [ RunTime:0.000148s ]
INFO: [ app_end ] --START--
INFO: Run Behavior\ShowPageTraceBehavior [ RunTime:0.000466s ]
INFO: [ app_end ] --END-- [ RunTime:0.000503s ]

[ 2018-05-27T19:35:04+08:00 ] 119.79.165.24 /h_n_d/26.html
INFO: [ app_init ] --START--
INFO: Run Behavior\BuildLiteBehavior [ RunTime:0.000010s ]
INFO: [ app_init ] --END-- [ RunTime:0.000269s ]
INFO: [ app_begin ] --START--
INFO: Run Behavior\ReadHtmlCacheBehavior [ RunTime:0.000342s ]
INFO: [ app_begin ] --END-- [ RunTime:0.000369s ]
SQL: SHOW COLUMNS FROM `hsdcw_news` [ RunTime:0.0007s ]
SQL: SELECT * FROM `hsdcw_news` WHERE `id` = 26 LIMIT 1   [ RunTime:0.0003s ]
SQL: UPDATE `hsdcw_news` SET `eye`='22' WHERE ( id=26 ) [ RunTime:0.0003s ]
SQL: SHOW COLUMNS FROM `hsdcw_comment` [ RunTime:0.0004s ]
SQL: SELECT COUNT(*) AS tp_count FROM `hsdcw_comment` WHERE ( arcticle_id=26 ) LIMIT 1   [ RunTime:0.0002s ]
SQL: SELECT * FROM `hsdcw_comment` WHERE `arcticle_id` = 26 ORDER BY time desc LIMIT 0,3   [ RunTime:0.0002s ]
SQL: SELECT COUNT(id) AS tp_count FROM `hsdcw_comment` WHERE `arcticle_id` = 26 LIMIT 1   [ RunTime:0.0002s ]
INFO: [ view_parse ] --START--
INFO: [ template_filter ] --START--
INFO: Run Behavior\ContentReplaceBehavior [ RunTime:0.000267s ]
INFO: [ template_filter ] --END-- [ RunTime:0.000300s ]
INFO: Run Behavior\ParseTemplateBehavior [ RunTime:0.009204s ]
INFO: [ view_parse ] --END-- [ RunTime:0.009226s ]
INFO: [ view_filter ] --START--
INFO: Run Behavior\WriteHtmlCacheBehavior [ RunTime:0.000128s ]
INFO: [ view_filter ] --END-- [ RunTime:0.000155s ]
INFO: [ app_end ] --START--
INFO: Run Behavior\ShowPageTraceBehavior [ RunTime:0.000418s ]
INFO: [ app_end ] --END-- [ RunTime:0.000455s ]

[ 2018-05-27T19:35:04+08:00 ] 119.79.165.24 /
INFO: [ app_init ] --START--
INFO: Run Behavior\BuildLiteBehavior [ RunTime:0.000011s ]
INFO: [ app_init ] --END-- [ RunTime:0.000250s ]
INFO: [ app_begin ] --START--
INFO: Run Behavior\ReadHtmlCacheBehavior [ RunTime:0.000311s ]
INFO: [ app_begin ] --END-- [ RunTime:0.000332s ]
INFO: [ view_parse ] --START--
INFO: [ template_filter ] --START--
INFO: Run Behavior\ContentReplaceBehavior [ RunTime:0.000521s ]
INFO: [ template_filter ] --END-- [ RunTime:0.000556s ]
INFO: Run Behavior\ParseTemplateBehavior [ RunTime:0.013457s ]
INFO: [ view_parse ] --END-- [ RunTime:0.013480s ]
INFO: [ view_filter ] --START--
INFO: Run Behavior\WriteHtmlCacheBehavior [ RunTime:0.000122s ]
INFO: [ view_filter ] --END-- [ RunTime:0.000141s ]
INFO: [ app_end ] --START--
INFO: Run Behavior\ShowPageTraceBehavior [ RunTime:0.000437s ]
INFO: [ app_end ] --END-- [ RunTime:0.000483s ]

[ 2018-05-27T19:35:04+08:00 ] 119.79.165.24 /h_n_d/26.html
INFO: [ app_init ] --START--
INFO: Run Behavior\BuildLiteBehavior [ RunTime:0.000011s ]
INFO: [ app_init ] --END-- [ RunTime:0.000227s ]
INFO: [ app_begin ] --START--
INFO: Run Behavior\ReadHtmlCacheBehavior [ RunTime:0.000381s ]
INFO: [ app_begin ] --END-- [ RunTime:0.000405s ]
SQL: SHOW COLUMNS FROM `hsdcw_news` [ RunTime:0.0008s ]
SQL: SELECT * FROM `hsdcw_news` WHERE `id` = 26 LIMIT 1   [ RunTime:0.0003s ]
SQL: UPDATE `hsdcw_news` SET `eye`='23' WHERE ( id=26 ) [ RunTime:0.0003s ]
SQL: SHOW COLUMNS FROM `hsdcw_comment` [ RunTime:0.0005s ]
SQL: SELECT COUNT(*) AS tp_count FROM `hsdcw_comment` WHERE ( arcticle_id=26 ) LIMIT 1   [ RunTime:0.0002s ]
SQL: SELECT * FROM `hsdcw_comment` WHERE `arcticle_id` = 26 ORDER BY time desc LIMIT 0,3   [ RunTime:0.0002s ]
SQL: SELECT COUNT(id) AS tp_count FROM `hsdcw_comment` WHERE `arcticle_id` = 26 LIMIT 1   [ RunTime:0.0002s ]
INFO: [ view_parse ] --START--
INFO: [ template_filter ] --START--
INFO: Run Behavior\ContentReplaceBehavior [ RunTime:0.000245s ]
INFO: [ template_filter ] --END-- [ RunTime:0.000278s ]
INFO: Run Behavior\ParseTemplateBehavior [ RunTime:0.009434s ]
INFO: [ view_parse ] --END-- [ RunTime:0.009457s ]
INFO: [ view_filter ] --START--
INFO: Run Behavior\WriteHtmlCacheBehavior [ RunTime:0.000126s ]
INFO: [ view_filter ] --END-- [ RunTime:0.000145s ]
INFO: [ app_end ] --START--
INFO: Run Behavior\ShowPageTraceBehavior [ RunTime:0.000398s ]
INFO: [ app_end ] --END-- [ RunTime:0.000422s ]

[ 2018-05-27T19:35:05+08:00 ] 119.79.165.24 /h_n_d/26.html
INFO: [ app_init ] --START--
INFO: Run Behavior\BuildLiteBehavior [ RunTime:0.000009s ]
INFO: [ app_init ] --END-- [ RunTime:0.000234s ]
INFO: [ app_begin ] --START--
INFO: Run Behavior\ReadHtmlCacheBehavior [ RunTime:0.000378s ]
INFO: [ app_begin ] --END-- [ RunTime:0.000398s ]
SQL: SHOW COLUMNS FROM `hsdcw_news` [ RunTime:0.0007s ]
SQL: SELECT * FROM `hsdcw_news` WHERE `id` = 26 LIMIT 1   [ RunTime:0.0003s ]
SQL: UPDATE `hsdcw_news` SET `eye`='24' WHERE ( id=26 ) [ RunTime:0.0002s ]
SQL: SHOW COLUMNS FROM `hsdcw_comment` [ RunTime:0.0005s ]
SQL: SELECT COUNT(*) AS tp_count FROM `hsdcw_comment` WHERE ( arcticle_id=26 ) LIMIT 1   [ RunTime:0.0003s ]
SQL: SELECT * FROM `hsdcw_comment` WHERE `arcticle_id` = 26 ORDER BY time desc LIMIT 0,3   [ RunTime:0.0002s ]
SQL: SELECT COUNT(id) AS tp_count FROM `hsdcw_comment` WHERE `arcticle_id` = 26 LIMIT 1   [ RunTime:0.0002s ]
INFO: [ view_parse ] --START--
INFO: [ template_filter ] --START--
INFO: Run Behavior\ContentReplaceBehavior [ RunTime:0.000242s ]
INFO: [ template_filter ] --END-- [ RunTime:0.000325s ]
INFO: Run Behavior\ParseTemplateBehavior [ RunTime:0.010846s ]
INFO: [ view_parse ] --END-- [ RunTime:0.010872s ]
INFO: [ view_filter ] --START--
INFO: Run Behavior\WriteHtmlCacheBehavior [ RunTime:0.000160s ]
INFO: [ view_filter ] --END-- [ RunTime:0.000184s ]
INFO: [ app_end ] --START--
INFO: Run Behavior\ShowPageTraceBehavior [ RunTime:0.000586s ]
INFO: [ app_end ] --END-- [ RunTime:0.000613s ]

[ 2018-05-27T19:35:05+08:00 ] 119.79.165.24 /
INFO: [ app_init ] --START--
INFO: Run Behavior\BuildLiteBehavior [ RunTime:0.000009s ]
INFO: [ app_init ] --END-- [ RunTime:0.000253s ]
INFO: [ app_begin ] --START--
INFO: Run Behavior\ReadHtmlCacheBehavior [ RunTime:0.000339s ]
INFO: [ app_begin ] --END-- [ RunTime:0.000364s ]
INFO: [ view_parse ] --START--
INFO: [ template_filter ] --START--
INFO: Run Behavior\ContentReplaceBehavior [ RunTime:0.000777s ]
INFO: [ template_filter ] --END-- [ RunTime:0.000822s ]
INFO: Run Behavior\ParseTemplateBehavior [ RunTime:0.015931s ]
INFO: [ view_parse ] --END-- [ RunTime:0.015959s ]
INFO: [ view_filter ] --START--
INFO: Run Behavior\WriteHtmlCacheBehavior [ RunTime:0.000140s ]
INFO: [ view_filter ] --END-- [ RunTime:0.000166s ]
INFO: [ app_end ] --START--
INFO: Run Behavior\ShowPageTraceBehavior [ RunTime:0.000529s ]
INFO: [ app_end ] --END-- [ RunTime:0.000561s ]

[ 2018-05-27T19:35:06+08:00 ] 119.79.165.24 /
INFO: [ app_init ] --START--
INFO: Run Behavior\BuildLiteBehavior [ RunTime:0.000009s ]
INFO: [ app_init ] --END-- [ RunTime:0.000231s ]
INFO: [ app_begin ] --START--
INFO: Run Behavior\ReadHtmlCacheBehavior [ RunTime:0.000315s ]
INFO: [ app_begin ] --END-- [ RunTime:0.000336s ]
INFO: [ view_parse ] --START--
INFO: [ template_filter ] --START--
INFO: Run Behavior\ContentReplaceBehavior [ RunTime:0.000534s ]
INFO: [ template_filter ] --END-- [ RunTime:0.000560s ]
INFO: Run Behavior\ParseTemplateBehavior [ RunTime:0.013347s ]
INFO: [ view_parse ] --END-- [ RunTime:0.013369s ]
INFO: [ view_filter ] --START--
INFO: Run Behavior\WriteHtmlCacheBehavior [ RunTime:0.000095s ]
INFO: [ view_filter ] --END-- [ RunTime:0.000113s ]
INFO: [ app_end ] --START--
INFO: Run Behavior\ShowPageTraceBehavior [ RunTime:0.000379s ]
INFO: [ app_end ] --END-- [ RunTime:0.000403s ]

[ 2018-05-27T19:36:00+08:00 ] 119.79.165.24 /
INFO: [ app_init ] --START--
INFO: Run Behavior\BuildLiteBehavior [ RunTime:0.000011s ]
INFO: [ app_init ] --END-- [ RunTime:0.000337s ]
INFO: [ app_begin ] --START--
INFO: Run Behavior\ReadHtmlCacheBehavior [ RunTime:0.000582s ]
INFO: [ app_begin ] --END-- [ RunTime:0.000613s ]
INFO: [ view_parse ] --START--
INFO: [ template_filter ] --START--
INFO: Run Behavior\ContentReplaceBehavior [ RunTime:0.000723s ]
INFO: [ template_filter ] --END-- [ RunTime:0.000770s ]
INFO: Run Behavior\ParseTemplateBehavior [ RunTime:0.018398s ]
INFO: [ view_parse ] --END-- [ RunTime:0.018430s ]
INFO: [ view_filter ] --START--
INFO: Run Behavior\WriteHtmlCacheBehavior [ RunTime:0.000181s ]
INFO: [ view_filter ] --END-- [ RunTime:0.000208s ]
INFO: [ app_end ] --START--
INFO: Run Behavior\ShowPageTraceBehavior [ RunTime:0.000573s ]
INFO: [ app_end ] --END-- [ RunTime:0.000606s ]

[ 2018-05-27T19:36:06+08:00 ] 119.79.165.24 /
INFO: [ app_init ] --START--
INFO: Run Behavior\BuildLiteBehavior [ RunTime:0.000009s ]
INFO: [ app_init ] --END-- [ RunTime:0.000243s ]
INFO: [ app_begin ] --START--
INFO: Run Behavior\ReadHtmlCacheBehavior [ RunTime:0.000312s ]
INFO: [ app_begin ] --END-- [ RunTime:0.000334s ]
INFO: [ view_parse ] --START--
INFO: [ template_filter ] --START--
INFO: Run Behavior\ContentReplaceBehavior [ RunTime:0.000631s ]
INFO: [ template_filter ] --END-- [ RunTime:0.000666s ]
INFO: Run Behavior\ParseTemplateBehavior [ RunTime:0.014585s ]
INFO: [ view_parse ] --END-- [ RunTime:0.014611s ]
INFO: [ view_filter ] --START--
INFO: Run Behavior\WriteHtmlCacheBehavior [ RunTime:0.000112s ]
INFO: [ view_filter ] --END-- [ RunTime:0.000132s ]
INFO: [ app_end ] --START--
INFO: Run Behavior\ShowPageTraceBehavior [ RunTime:0.000384s ]
INFO: [ app_end ] --END-- [ RunTime:0.000417s ]

[ 2018-05-27T19:56:52+08:00 ] 119.79.165.24 /
INFO: [ app_init ] --START--
INFO: Run Behavior\BuildLiteBehavior [ RunTime:0.000009s ]
INFO: [ app_init ] --END-- [ RunTime:0.000221s ]
INFO: [ app_begin ] --START--
INFO: Run Behavior\ReadHtmlCacheBehavior [ RunTime:0.000381s ]
INFO: [ app_begin ] --END-- [ RunTime:0.000407s ]
INFO: [ view_parse ] --START--
INFO: [ template_filter ] --START--
INFO: Run Behavior\ContentReplaceBehavior [ RunTime:0.000550s ]
INFO: [ template_filter ] --END-- [ RunTime:0.000586s ]
INFO: Run Behavior\ParseTemplateBehavior [ RunTime:0.013790s ]
INFO: [ view_parse ] --END-- [ RunTime:0.013812s ]
INFO: [ view_filter ] --START--
INFO: Run Behavior\WriteHtmlCacheBehavior [ RunTime:0.000168s ]
INFO: [ view_filter ] --END-- [ RunTime:0.000187s ]
INFO: [ app_end ] --START--
INFO: Run Behavior\ShowPageTraceBehavior [ RunTime:0.000439s ]
INFO: [ app_end ] --END-- [ RunTime:0.000466s ]

[ 2018-05-27T19:56:54+08:00 ] 119.79.165.24 /
INFO: [ app_init ] --START--
INFO: Run Behavior\BuildLiteBehavior [ RunTime:0.000010s ]
INFO: [ app_init ] --END-- [ RunTime:0.000315s ]
INFO: [ app_begin ] --START--
INFO: Run Behavior\ReadHtmlCacheBehavior [ RunTime:0.000402s ]
INFO: [ app_begin ] --END-- [ RunTime:0.000434s ]
INFO: [ view_parse ] --START--
INFO: [ template_filter ] --START--
INFO: Run Behavior\ContentReplaceBehavior [ RunTime:0.000536s ]
INFO: [ template_filter ] --END-- [ RunTime:0.000570s ]
INFO: Run Behavior\ParseTemplateBehavior [ RunTime:0.015525s ]
INFO: [ view_parse ] --END-- [ RunTime:0.015550s ]
INFO: [ view_filter ] --START--
INFO: Run Behavior\WriteHtmlCacheBehavior [ RunTime:0.000152s ]
INFO: [ view_filter ] --END-- [ RunTime:0.000171s ]
INFO: [ app_end ] --START--
INFO: Run Behavior\ShowPageTraceBehavior [ RunTime:0.000471s ]
INFO: [ app_end ] --END-- [ RunTime:0.000500s ]

[ 2018-05-27T20:27:54+08:00 ] 220.181.108.100 /
INFO: [ app_init ] --START--
INFO: Run Behavior\BuildLiteBehavior [ RunTime:0.000010s ]
INFO: [ app_init ] --END-- [ RunTime:0.000269s ]
INFO: [ app_begin ] --START--
INFO: Run Behavior\ReadHtmlCacheBehavior [ RunTime:0.000346s ]
INFO: [ app_begin ] --END-- [ RunTime:0.000370s ]
INFO: [ view_parse ] --START--
INFO: [ template_filter ] --START--
INFO: Run Behavior\ContentReplaceBehavior [ RunTime:0.000556s ]
INFO: [ template_filter ] --END-- [ RunTime:0.000600s ]
INFO: Run Behavior\ParseTemplateBehavior [ RunTime:0.014199s ]
INFO: [ view_parse ] --END-- [ RunTime:0.014226s ]
INFO: [ view_filter ] --START--
INFO: Run Behavior\WriteHtmlCacheBehavior [ RunTime:0.000143s ]
INFO: [ view_filter ] --END-- [ RunTime:0.000162s ]
INFO: [ app_end ] --START--
INFO: Run Behavior\ShowPageTraceBehavior [ RunTime:0.000490s ]
INFO: [ app_end ] --END-- [ RunTime:0.000515s ]

[ 2018-05-27T21:54:07+08:00 ] 123.125.143.192 /Home/News/index.html
INFO: [ app_init ] --START--
INFO: Run Behavior\BuildLiteBehavior [ RunTime:0.000012s ]
INFO: [ app_init ] --END-- [ RunTime:0.000319s ]
INFO: [ app_begin ] --START--
INFO: Run Behavior\ReadHtmlCacheBehavior [ RunTime:0.000344s ]
INFO: [ app_begin ] --END-- [ RunTime:0.000366s ]
SQL: SHOW COLUMNS FROM `hsdcw_news` [ RunTime:0.0007s ]
SQL: SELECT COUNT(*) AS tp_count FROM `hsdcw_news` WHERE `cateid` = 2 AND `display` = 0 AND `type` IN (2,3) LIMIT 1   [ RunTime:0.0004s ]
SQL: SELECT * FROM `hsdcw_news` WHERE `cateid` = 2 AND `display` = 0 AND `type` IN (2,3) ORDER BY `time` desc LIMIT 0,6   [ RunTime:0.0004s ]
SQL: SHOW COLUMNS FROM `hsdcw_comment` [ RunTime:0.0005s ]
SQL: SELECT COUNT(id) AS tp_count FROM `hsdcw_comment` WHERE `arcticle_id` = 33 LIMIT 1   [ RunTime:0.0002s ]
SQL: SELECT COUNT(id) AS tp_count FROM `hsdcw_comment` WHERE `arcticle_id` = 32 LIMIT 1   [ RunTime:0.0002s ]
SQL: SELECT COUNT(id) AS tp_count FROM `hsdcw_comment` WHERE `arcticle_id` = 31 LIMIT 1   [ RunTime:0.0002s ]
SQL: SELECT COUNT(id) AS tp_count FROM `hsdcw_comment` WHERE `arcticle_id` = 30 LIMIT 1   [ RunTime:0.0002s ]
SQL: SELECT COUNT(id) AS tp_count FROM `hsdcw_comment` WHERE `arcticle_id` = 26 LIMIT 1   [ RunTime:0.0002s ]
SQL: SELECT COUNT(id) AS tp_count FROM `hsdcw_comment` WHERE `arcticle_id` = 25 LIMIT 1   [ RunTime:0.0002s ]
SQL: SELECT * FROM hsdcw_news a WHERE ( a.cateid=2 and a.display=0 and a.type=1 ) ORDER BY a.time desc LIMIT 1   [ RunTime:0.0003s ]
SQL: SELECT * FROM `hsdcw_news` WHERE `display` = 0 AND `cateid` = 2 ORDER BY eye desc  [ RunTime:0.0005s ]
INFO: [ view_parse ] --START--
INFO: [ template_filter ] --START--
INFO: Run Behavior\ContentReplaceBehavior [ RunTime:0.000119s ]
INFO: [ template_filter ] --END-- [ RunTime:0.000170s ]
INFO: Run Behavior\ParseTemplateBehavior [ RunTime:0.008831s ]
INFO: [ view_parse ] --END-- [ RunTime:0.008856s ]
INFO: [ view_filter ] --START--
INFO: Run Behavior\WriteHtmlCacheBehavior [ RunTime:0.000113s ]
INFO: [ view_filter ] --END-- [ RunTime:0.000133s ]
INFO: [ app_end ] --START--
INFO: Run Behavior\ShowPageTraceBehavior [ RunTime:0.000440s ]
INFO: [ app_end ] --END-- [ RunTime:0.000464s ]

