[ 2018-05-26T00:40:47+08:00 ] 5.45.207.42 /
INFO: [ app_init ] --START--
INFO: Run Behavior\BuildLiteBehavior [ RunTime:0.000011s ]
INFO: [ app_init ] --END-- [ RunTime:0.000312s ]
INFO: [ app_begin ] --START--
INFO: Run Behavior\ReadHtmlCacheBehavior [ RunTime:0.000376s ]
INFO: [ app_begin ] --END-- [ RunTime:0.000406s ]
INFO: [ view_parse ] --START--
INFO: [ template_filter ] --START--
INFO: Run Behavior\ContentReplaceBehavior [ RunTime:0.000559s ]
INFO: [ template_filter ] --END-- [ RunTime:0.000596s ]
INFO: Run Behavior\ParseTemplateBehavior [ RunTime:0.015873s ]
INFO: [ view_parse ] --END-- [ RunTime:0.015903s ]
INFO: [ view_filter ] --START--
INFO: Run Behavior\WriteHtmlCacheBehavior [ RunTime:0.000129s ]
INFO: [ view_filter ] --END-- [ RunTime:0.000150s ]
INFO: [ app_end ] --START--
INFO: Run Behavior\ShowPageTraceBehavior [ RunTime:0.000528s ]
INFO: [ app_end ] --END-- [ RunTime:0.000556s ]

[ 2018-05-26T02:08:00+08:00 ] 42.236.99.206 /
INFO: [ app_init ] --START--
INFO: Run Behavior\BuildLiteBehavior [ RunTime:0.000010s ]
INFO: [ app_init ] --END-- [ RunTime:0.000267s ]
INFO: [ app_begin ] --START--
INFO: Run Behavior\ReadHtmlCacheBehavior [ RunTime:0.000326s ]
INFO: [ app_begin ] --END-- [ RunTime:0.000357s ]
INFO: [ view_parse ] --START--
INFO: [ template_filter ] --START--
INFO: Run Behavior\ContentReplaceBehavior [ RunTime:0.000551s ]
INFO: [ template_filter ] --END-- [ RunTime:0.000594s ]
INFO: Run Behavior\ParseTemplateBehavior [ RunTime:0.015002s ]
INFO: [ view_parse ] --END-- [ RunTime:0.015024s ]
INFO: [ view_filter ] --START--
INFO: Run Behavior\WriteHtmlCacheBehavior [ RunTime:0.000137s ]
INFO: [ view_filter ] --END-- [ RunTime:0.000157s ]
INFO: [ app_end ] --START--
INFO: Run Behavior\ShowPageTraceBehavior [ RunTime:0.000447s ]
INFO: [ app_end ] --END-- [ RunTime:0.000472s ]

[ 2018-05-26T02:09:10+08:00 ] 42.236.54.2 /
INFO: [ app_init ] --START--
INFO: Run Behavior\BuildLiteBehavior [ RunTime:0.000009s ]
INFO: [ app_init ] --END-- [ RunTime:0.000228s ]
INFO: [ app_begin ] --START--
INFO: Run Behavior\ReadHtmlCacheBehavior [ RunTime:0.000367s ]
INFO: [ app_begin ] --END-- [ RunTime:0.000390s ]
INFO: [ view_parse ] --START--
INFO: [ template_filter ] --START--
INFO: Run Behavior\ContentReplaceBehavior [ RunTime:0.000577s ]
INFO: [ template_filter ] --END-- [ RunTime:0.000611s ]
INFO: Run Behavior\ParseTemplateBehavior [ RunTime:0.014147s ]
INFO: [ view_parse ] --END-- [ RunTime:0.014170s ]
INFO: [ view_filter ] --START--
INFO: Run Behavior\WriteHtmlCacheBehavior [ RunTime:0.000111s ]
INFO: [ view_filter ] --END-- [ RunTime:0.000135s ]
INFO: [ app_end ] --START--
INFO: Run Behavior\ShowPageTraceBehavior [ RunTime:0.000479s ]
INFO: [ app_end ] --END-- [ RunTime:0.000504s ]

[ 2018-05-26T02:24:20+08:00 ] 203.208.60.212 /
INFO: [ app_init ] --START--
INFO: Run Behavior\BuildLiteBehavior [ RunTime:0.000011s ]
INFO: [ app_init ] --END-- [ RunTime:0.000229s ]
INFO: [ app_begin ] --START--
INFO: Run Behavior\ReadHtmlCacheBehavior [ RunTime:0.000317s ]
INFO: [ app_begin ] --END-- [ RunTime:0.000339s ]
INFO: [ view_parse ] --START--
INFO: [ template_filter ] --START--
INFO: Run Behavior\ContentReplaceBehavior [ RunTime:0.000542s ]
INFO: [ template_filter ] --END-- [ RunTime:0.000600s ]
INFO: Run Behavior\ParseTemplateBehavior [ RunTime:0.013821s ]
INFO: [ view_parse ] --END-- [ RunTime:0.013843s ]
INFO: [ view_filter ] --START--
INFO: Run Behavior\WriteHtmlCacheBehavior [ RunTime:0.000122s ]
INFO: [ view_filter ] --END-- [ RunTime:0.000141s ]
INFO: [ app_end ] --START--
INFO: Run Behavior\ShowPageTraceBehavior [ RunTime:0.000411s ]
INFO: [ app_end ] --END-- [ RunTime:0.000436s ]

[ 2018-05-26T02:47:41+08:00 ] 140.205.205.25 /
INFO: [ app_init ] --START--
INFO: Run Behavior\BuildLiteBehavior [ RunTime:0.000010s ]
INFO: [ app_init ] --END-- [ RunTime:0.000245s ]
INFO: [ app_begin ] --START--
INFO: Run Behavior\ReadHtmlCacheBehavior [ RunTime:0.000293s ]
INFO: [ app_begin ] --END-- [ RunTime:0.000322s ]
INFO: [ view_parse ] --START--
INFO: [ template_filter ] --START--
INFO: Run Behavior\ContentReplaceBehavior [ RunTime:0.000545s ]
INFO: [ template_filter ] --END-- [ RunTime:0.000576s ]
INFO: Run Behavior\ParseTemplateBehavior [ RunTime:0.013688s ]
INFO: [ view_parse ] --END-- [ RunTime:0.013710s ]
INFO: [ view_filter ] --START--
INFO: Run Behavior\WriteHtmlCacheBehavior [ RunTime:0.000105s ]
INFO: [ view_filter ] --END-- [ RunTime:0.000124s ]
INFO: [ app_end ] --START--
INFO: Run Behavior\ShowPageTraceBehavior [ RunTime:0.000460s ]
INFO: [ app_end ] --END-- [ RunTime:0.000481s ]

[ 2018-05-26T03:28:26+08:00 ] 106.38.241.72 /
INFO: [ app_init ] --START--
INFO: Run Behavior\BuildLiteBehavior [ RunTime:0.000008s ]
INFO: [ app_init ] --END-- [ RunTime:0.000232s ]
INFO: [ app_begin ] --START--
INFO: Run Behavior\ReadHtmlCacheBehavior [ RunTime:0.000293s ]
INFO: [ app_begin ] --END-- [ RunTime:0.000316s ]
INFO: [ view_parse ] --START--
INFO: [ template_filter ] --START--
INFO: Run Behavior\ContentReplaceBehavior [ RunTime:0.000588s ]
INFO: [ template_filter ] --END-- [ RunTime:0.000627s ]
INFO: Run Behavior\ParseTemplateBehavior [ RunTime:0.013776s ]
INFO: [ view_parse ] --END-- [ RunTime:0.013799s ]
INFO: [ view_filter ] --START--
INFO: Run Behavior\WriteHtmlCacheBehavior [ RunTime:0.000108s ]
INFO: [ view_filter ] --END-- [ RunTime:0.000128s ]
INFO: [ app_end ] --START--
INFO: Run Behavior\ShowPageTraceBehavior [ RunTime:0.000427s ]
INFO: [ app_end ] --END-- [ RunTime:0.000453s ]

[ 2018-05-26T06:18:08+08:00 ] 106.11.227.83 /
INFO: [ app_init ] --START--
INFO: Run Behavior\BuildLiteBehavior [ RunTime:0.000009s ]
INFO: [ app_init ] --END-- [ RunTime:0.000228s ]
INFO: [ app_begin ] --START--
INFO: Run Behavior\ReadHtmlCacheBehavior [ RunTime:0.000298s ]
INFO: [ app_begin ] --END-- [ RunTime:0.000319s ]
INFO: [ view_parse ] --START--
INFO: [ template_filter ] --START--
INFO: Run Behavior\ContentReplaceBehavior [ RunTime:0.000518s ]
INFO: [ template_filter ] --END-- [ RunTime:0.000551s ]
INFO: Run Behavior\ParseTemplateBehavior [ RunTime:0.013521s ]
INFO: [ view_parse ] --END-- [ RunTime:0.013544s ]
INFO: [ view_filter ] --START--
INFO: Run Behavior\WriteHtmlCacheBehavior [ RunTime:0.000122s ]
INFO: [ view_filter ] --END-- [ RunTime:0.000143s ]
INFO: [ app_end ] --START--
INFO: Run Behavior\ShowPageTraceBehavior [ RunTime:0.000413s ]
INFO: [ app_end ] --END-- [ RunTime:0.000439s ]

[ 2018-05-26T06:47:49+08:00 ] 140.205.205.25 /
INFO: [ app_init ] --START--
INFO: Run Behavior\BuildLiteBehavior [ RunTime:0.000012s ]
INFO: [ app_init ] --END-- [ RunTime:0.000408s ]
INFO: [ app_begin ] --START--
INFO: Run Behavior\ReadHtmlCacheBehavior [ RunTime:0.000545s ]
INFO: [ app_begin ] --END-- [ RunTime:0.000577s ]
INFO: [ view_parse ] --START--
INFO: [ template_filter ] --START--
INFO: Run Behavior\ContentReplaceBehavior [ RunTime:0.000749s ]
INFO: [ template_filter ] --END-- [ RunTime:0.000804s ]
INFO: Run Behavior\ParseTemplateBehavior [ RunTime:0.017106s ]
INFO: [ view_parse ] --END-- [ RunTime:0.017140s ]
INFO: [ view_filter ] --START--
INFO: Run Behavior\WriteHtmlCacheBehavior [ RunTime:0.000175s ]
INFO: [ view_filter ] --END-- [ RunTime:0.000213s ]
INFO: [ app_end ] --START--
INFO: Run Behavior\ShowPageTraceBehavior [ RunTime:0.000579s ]
INFO: [ app_end ] --END-- [ RunTime:0.000613s ]

[ 2018-05-26T06:47:50+08:00 ] 140.205.205.23 /Home/News/hsms.html
INFO: [ app_init ] --START--
INFO: Run Behavior\BuildLiteBehavior [ RunTime:0.000013s ]
INFO: [ app_init ] --END-- [ RunTime:0.000406s ]
INFO: [ app_begin ] --START--
INFO: Run Behavior\ReadHtmlCacheBehavior [ RunTime:0.000479s ]
INFO: [ app_begin ] --END-- [ RunTime:0.000509s ]
SQL: SHOW COLUMNS FROM `hsdcw_news` [ RunTime:0.0011s ]
SQL: SELECT COUNT(*) AS tp_count FROM `hsdcw_news` WHERE `cateid` = 3 AND `display` = 0 AND `type` IN (2,3) LIMIT 1   [ RunTime:0.0006s ]
SQL: SELECT * FROM `hsdcw_news` WHERE `cateid` = 3 AND `display` = 0 AND `type` IN (2,3) ORDER BY `time` desc LIMIT 0,6   [ RunTime:0.0005s ]
SQL: SHOW COLUMNS FROM `hsdcw_comment` [ RunTime:0.0006s ]
SQL: SELECT COUNT(id) AS tp_count FROM `hsdcw_comment` WHERE `arcticle_id` = 28 LIMIT 1   [ RunTime:0.0003s ]
SQL: SELECT COUNT(id) AS tp_count FROM `hsdcw_comment` WHERE `arcticle_id` = 27 LIMIT 1   [ RunTime:0.0003s ]
SQL: SELECT * FROM `hsdcw_news` WHERE ( cateid=3 and display=0 and type=1 ) ORDER BY `time` desc LIMIT 1   [ RunTime:0.0004s ]
SQL: SELECT * FROM `hsdcw_news` WHERE `display` = 0 AND `cateid` = 3 ORDER BY eye desc  [ RunTime:0.0004s ]
INFO: [ view_parse ] --START--
INFO: [ template_filter ] --START--
INFO: Run Behavior\ContentReplaceBehavior [ RunTime:0.000153s ]
INFO: [ template_filter ] --END-- [ RunTime:0.000194s ]
INFO: Run Behavior\ParseTemplateBehavior [ RunTime:0.010277s ]
INFO: [ view_parse ] --END-- [ RunTime:0.010309s ]
INFO: [ view_filter ] --START--
INFO: Run Behavior\WriteHtmlCacheBehavior [ RunTime:0.000137s ]
INFO: [ view_filter ] --END-- [ RunTime:0.000165s ]
INFO: [ app_end ] --START--
INFO: Run Behavior\ShowPageTraceBehavior [ RunTime:0.000570s ]
INFO: [ app_end ] --END-- [ RunTime:0.000602s ]

[ 2018-05-26T06:47:50+08:00 ] 140.205.205.25 /Home/News/hbxw.html
INFO: [ app_init ] --START--
INFO: Run Behavior\BuildLiteBehavior [ RunTime:0.000014s ]
INFO: [ app_init ] --END-- [ RunTime:0.000336s ]
INFO: [ app_begin ] --START--
INFO: Run Behavior\ReadHtmlCacheBehavior [ RunTime:0.000447s ]
INFO: [ app_begin ] --END-- [ RunTime:0.000477s ]
SQL: SHOW COLUMNS FROM `hsdcw_news` [ RunTime:0.0011s ]
SQL: SELECT COUNT(*) AS tp_count FROM `hsdcw_news` WHERE `cateid` = 4 AND `display` = 0 AND `type` IN (2,3) LIMIT 1   [ RunTime:0.0010s ]
SQL: SELECT * FROM `hsdcw_news` WHERE `cateid` = 4 AND `display` = 0 AND `type` IN (2,3) ORDER BY `time` desc LIMIT 0,6   [ RunTime:0.0006s ]
SQL: SHOW COLUMNS FROM `hsdcw_comment` [ RunTime:0.0006s ]
SQL: SELECT COUNT(id) AS tp_count FROM `hsdcw_comment` WHERE `arcticle_id` = 29 LIMIT 1   [ RunTime:0.0003s ]
SQL: SELECT COUNT(id) AS tp_count FROM `hsdcw_comment` WHERE `arcticle_id` = 14 LIMIT 1   [ RunTime:0.0003s ]
SQL: SELECT * FROM `hsdcw_news` WHERE ( cateid=4 and display=0 and type=1 ) ORDER BY `time` desc LIMIT 1   [ RunTime:0.0004s ]
SQL: SELECT * FROM `hsdcw_news` WHERE `display` = 0 AND `cateid` = 4 ORDER BY eye desc  [ RunTime:0.0005s ]
INFO: [ view_parse ] --START--
INFO: [ template_filter ] --START--
INFO: Run Behavior\ContentReplaceBehavior [ RunTime:0.000165s ]
INFO: [ template_filter ] --END-- [ RunTime:0.000206s ]
INFO: Run Behavior\ParseTemplateBehavior [ RunTime:0.010416s ]
INFO: [ view_parse ] --END-- [ RunTime:0.010450s ]
INFO: [ view_filter ] --START--
INFO: Run Behavior\WriteHtmlCacheBehavior [ RunTime:0.000146s ]
INFO: [ view_filter ] --END-- [ RunTime:0.000174s ]
INFO: [ app_end ] --START--
INFO: Run Behavior\ShowPageTraceBehavior [ RunTime:0.000507s ]
INFO: [ app_end ] --END-- [ RunTime:0.000553s ]

[ 2018-05-26T06:47:50+08:00 ] 140.205.205.23 /
INFO: [ app_init ] --START--
INFO: Run Behavior\BuildLiteBehavior [ RunTime:0.000011s ]
INFO: [ app_init ] --END-- [ RunTime:0.000316s ]
INFO: [ app_begin ] --START--
INFO: Run Behavior\ReadHtmlCacheBehavior [ RunTime:0.000481s ]
INFO: [ app_begin ] --END-- [ RunTime:0.000511s ]
INFO: [ view_parse ] --START--
INFO: [ template_filter ] --START--
INFO: Run Behavior\ContentReplaceBehavior [ RunTime:0.000743s ]
INFO: [ template_filter ] --END-- [ RunTime:0.000789s ]
INFO: Run Behavior\ParseTemplateBehavior [ RunTime:0.017069s ]
INFO: [ view_parse ] --END-- [ RunTime:0.017104s ]
INFO: [ view_filter ] --START--
INFO: Run Behavior\WriteHtmlCacheBehavior [ RunTime:0.000179s ]
INFO: [ view_filter ] --END-- [ RunTime:0.000207s ]
INFO: [ app_end ] --START--
INFO: Run Behavior\ShowPageTraceBehavior [ RunTime:0.000590s ]
INFO: [ app_end ] --END-- [ RunTime:0.000625s ]

[ 2018-05-26T06:47:51+08:00 ] 140.205.205.25 /Home/News/index.html
INFO: [ app_init ] --START--
INFO: Run Behavior\BuildLiteBehavior [ RunTime:0.000009s ]
INFO: [ app_init ] --END-- [ RunTime:0.000222s ]
INFO: [ app_begin ] --START--
INFO: Run Behavior\ReadHtmlCacheBehavior [ RunTime:0.000296s ]
INFO: [ app_begin ] --END-- [ RunTime:0.000318s ]
SQL: SHOW COLUMNS FROM `hsdcw_news` [ RunTime:0.0007s ]
SQL: SELECT COUNT(*) AS tp_count FROM `hsdcw_news` WHERE `cateid` = 2 AND `display` = 0 AND `type` IN (2,3) LIMIT 1   [ RunTime:0.0003s ]
SQL: SELECT * FROM `hsdcw_news` WHERE `cateid` = 2 AND `display` = 0 AND `type` IN (2,3) ORDER BY `time` desc LIMIT 0,6   [ RunTime:0.0004s ]
SQL: SHOW COLUMNS FROM `hsdcw_comment` [ RunTime:0.0004s ]
SQL: SELECT COUNT(id) AS tp_count FROM `hsdcw_comment` WHERE `arcticle_id` = 33 LIMIT 1   [ RunTime:0.0002s ]
SQL: SELECT COUNT(id) AS tp_count FROM `hsdcw_comment` WHERE `arcticle_id` = 32 LIMIT 1   [ RunTime:0.0002s ]
SQL: SELECT COUNT(id) AS tp_count FROM `hsdcw_comment` WHERE `arcticle_id` = 31 LIMIT 1   [ RunTime:0.0002s ]
SQL: SELECT COUNT(id) AS tp_count FROM `hsdcw_comment` WHERE `arcticle_id` = 30 LIMIT 1   [ RunTime:0.0002s ]
SQL: SELECT COUNT(id) AS tp_count FROM `hsdcw_comment` WHERE `arcticle_id` = 26 LIMIT 1   [ RunTime:0.0002s ]
SQL: SELECT COUNT(id) AS tp_count FROM `hsdcw_comment` WHERE `arcticle_id` = 25 LIMIT 1   [ RunTime:0.0002s ]
SQL: SELECT * FROM hsdcw_news a WHERE ( a.cateid=2 and a.display=0 and a.type=1 ) ORDER BY a.time desc LIMIT 1   [ RunTime:0.0003s ]
SQL: SELECT * FROM `hsdcw_news` WHERE `display` = 0 AND `cateid` = 2 ORDER BY eye desc  [ RunTime:0.0004s ]
INFO: [ view_parse ] --START--
INFO: [ template_filter ] --START--
INFO: Run Behavior\ContentReplaceBehavior [ RunTime:0.000114s ]
INFO: [ template_filter ] --END-- [ RunTime:0.000137s ]
INFO: Run Behavior\ParseTemplateBehavior [ RunTime:0.007829s ]
INFO: [ view_parse ] --END-- [ RunTime:0.007852s ]
INFO: [ view_filter ] --START--
INFO: Run Behavior\WriteHtmlCacheBehavior [ RunTime:0.000099s ]
INFO: [ view_filter ] --END-- [ RunTime:0.000118s ]
INFO: [ app_end ] --START--
INFO: Run Behavior\ShowPageTraceBehavior [ RunTime:0.000529s ]
INFO: [ app_end ] --END-- [ RunTime:0.000557s ]

[ 2018-05-26T08:04:46+08:00 ] 220.181.108.75 /
INFO: [ app_init ] --START--
INFO: Run Behavior\BuildLiteBehavior [ RunTime:0.000012s ]
INFO: [ app_init ] --END-- [ RunTime:0.000246s ]
INFO: [ app_begin ] --START--
INFO: Run Behavior\ReadHtmlCacheBehavior [ RunTime:0.000303s ]
INFO: [ app_begin ] --END-- [ RunTime:0.000326s ]
INFO: [ view_parse ] --START--
INFO: [ template_filter ] --START--
INFO: Run Behavior\ContentReplaceBehavior [ RunTime:0.000542s ]
INFO: [ template_filter ] --END-- [ RunTime:0.000576s ]
INFO: Run Behavior\ParseTemplateBehavior [ RunTime:0.013552s ]
INFO: [ view_parse ] --END-- [ RunTime:0.013575s ]
INFO: [ view_filter ] --START--
INFO: Run Behavior\WriteHtmlCacheBehavior [ RunTime:0.000129s ]
INFO: [ view_filter ] --END-- [ RunTime:0.000151s ]
INFO: [ app_end ] --START--
INFO: Run Behavior\ShowPageTraceBehavior [ RunTime:0.000420s ]
INFO: [ app_end ] --END-- [ RunTime:0.000445s ]

[ 2018-05-26T08:46:53+08:00 ] 58.19.41.17 /
INFO: [ app_init ] --START--
INFO: Run Behavior\BuildLiteBehavior [ RunTime:0.000010s ]
INFO: [ app_init ] --END-- [ RunTime:0.000226s ]
INFO: [ app_begin ] --START--
INFO: Run Behavior\ReadHtmlCacheBehavior [ RunTime:0.000355s ]
INFO: [ app_begin ] --END-- [ RunTime:0.000379s ]
INFO: [ view_parse ] --START--
INFO: [ template_filter ] --START--
INFO: Run Behavior\ContentReplaceBehavior [ RunTime:0.000516s ]
INFO: [ template_filter ] --END-- [ RunTime:0.000543s ]
INFO: Run Behavior\ParseTemplateBehavior [ RunTime:0.013683s ]
INFO: [ view_parse ] --END-- [ RunTime:0.013704s ]
INFO: [ view_filter ] --START--
INFO: Run Behavior\WriteHtmlCacheBehavior [ RunTime:0.000104s ]
INFO: [ view_filter ] --END-- [ RunTime:0.000123s ]
INFO: [ app_end ] --START--
INFO: Run Behavior\ShowPageTraceBehavior [ RunTime:0.000494s ]
INFO: [ app_end ] --END-- [ RunTime:0.000520s ]

[ 2018-05-26T08:46:56+08:00 ] 58.19.41.17 /
INFO: [ app_init ] --START--
INFO: Run Behavior\BuildLiteBehavior [ RunTime:0.000009s ]
INFO: [ app_init ] --END-- [ RunTime:0.000256s ]
INFO: [ app_begin ] --START--
INFO: Run Behavior\ReadHtmlCacheBehavior [ RunTime:0.000294s ]
INFO: [ app_begin ] --END-- [ RunTime:0.000316s ]
INFO: [ view_parse ] --START--
INFO: [ template_filter ] --START--
INFO: Run Behavior\ContentReplaceBehavior [ RunTime:0.000568s ]
INFO: [ template_filter ] --END-- [ RunTime:0.000630s ]
INFO: Run Behavior\ParseTemplateBehavior [ RunTime:0.013995s ]
INFO: [ view_parse ] --END-- [ RunTime:0.014031s ]
INFO: [ view_filter ] --START--
INFO: Run Behavior\WriteHtmlCacheBehavior [ RunTime:0.000146s ]
INFO: [ view_filter ] --END-- [ RunTime:0.000181s ]
INFO: [ app_end ] --START--
INFO: Run Behavior\ShowPageTraceBehavior [ RunTime:0.000433s ]
INFO: [ app_end ] --END-- [ RunTime:0.000458s ]

[ 2018-05-26T08:47:01+08:00 ] 58.19.41.17 /
INFO: [ app_init ] --START--
INFO: Run Behavior\BuildLiteBehavior [ RunTime:0.000012s ]
INFO: [ app_init ] --END-- [ RunTime:0.000352s ]
INFO: [ app_begin ] --START--
INFO: Run Behavior\ReadHtmlCacheBehavior [ RunTime:0.000444s ]
INFO: [ app_begin ] --END-- [ RunTime:0.000475s ]
INFO: [ view_parse ] --START--
INFO: [ template_filter ] --START--
INFO: Run Behavior\ContentReplaceBehavior [ RunTime:0.000543s ]
INFO: [ template_filter ] --END-- [ RunTime:0.000571s ]
INFO: Run Behavior\ParseTemplateBehavior [ RunTime:0.014463s ]
INFO: [ view_parse ] --END-- [ RunTime:0.014489s ]
INFO: [ view_filter ] --START--
INFO: Run Behavior\WriteHtmlCacheBehavior [ RunTime:0.000094s ]
INFO: [ view_filter ] --END-- [ RunTime:0.000112s ]
INFO: [ app_end ] --START--
INFO: Run Behavior\ShowPageTraceBehavior [ RunTime:0.000391s ]
INFO: [ app_end ] --END-- [ RunTime:0.000416s ]

[ 2018-05-26T08:47:01+08:00 ] 58.19.41.17 /
INFO: [ app_init ] --START--
INFO: Run Behavior\BuildLiteBehavior [ RunTime:0.000009s ]
INFO: [ app_init ] --END-- [ RunTime:0.000218s ]
INFO: [ app_begin ] --START--
INFO: Run Behavior\ReadHtmlCacheBehavior [ RunTime:0.000339s ]
INFO: [ app_begin ] --END-- [ RunTime:0.000361s ]
INFO: [ view_parse ] --START--
INFO: [ template_filter ] --START--
INFO: Run Behavior\ContentReplaceBehavior [ RunTime:0.000520s ]
INFO: [ template_filter ] --END-- [ RunTime:0.000545s ]
INFO: Run Behavior\ParseTemplateBehavior [ RunTime:0.013626s ]
INFO: [ view_parse ] --END-- [ RunTime:0.013649s ]
INFO: [ view_filter ] --START--
INFO: Run Behavior\WriteHtmlCacheBehavior [ RunTime:0.000095s ]
INFO: [ view_filter ] --END-- [ RunTime:0.000114s ]
INFO: [ app_end ] --START--
INFO: Run Behavior\ShowPageTraceBehavior [ RunTime:0.000395s ]
INFO: [ app_end ] --END-- [ RunTime:0.000418s ]

[ 2018-05-26T08:47:02+08:00 ] 58.19.41.17 /
INFO: [ app_init ] --START--
INFO: Run Behavior\BuildLiteBehavior [ RunTime:0.000012s ]
INFO: [ app_init ] --END-- [ RunTime:0.000300s ]
INFO: [ app_begin ] --START--
INFO: Run Behavior\ReadHtmlCacheBehavior [ RunTime:0.000352s ]
INFO: [ app_begin ] --END-- [ RunTime:0.000375s ]
INFO: [ view_parse ] --START--
INFO: [ template_filter ] --START--
INFO: Run Behavior\ContentReplaceBehavior [ RunTime:0.000651s ]
INFO: [ template_filter ] --END-- [ RunTime:0.000686s ]
INFO: Run Behavior\ParseTemplateBehavior [ RunTime:0.014521s ]
INFO: [ view_parse ] --END-- [ RunTime:0.014550s ]
INFO: [ view_filter ] --START--
INFO: Run Behavior\WriteHtmlCacheBehavior [ RunTime:0.000145s ]
INFO: [ view_filter ] --END-- [ RunTime:0.000172s ]
INFO: [ app_end ] --START--
INFO: Run Behavior\ShowPageTraceBehavior [ RunTime:0.000417s ]
INFO: [ app_end ] --END-- [ RunTime:0.000444s ]

[ 2018-05-26T08:47:02+08:00 ] 58.19.41.17 /
INFO: [ app_init ] --START--
INFO: Run Behavior\BuildLiteBehavior [ RunTime:0.000009s ]
INFO: [ app_init ] --END-- [ RunTime:0.000217s ]
INFO: [ app_begin ] --START--
INFO: Run Behavior\ReadHtmlCacheBehavior [ RunTime:0.000308s ]
INFO: [ app_begin ] --END-- [ RunTime:0.000333s ]
INFO: [ view_parse ] --START--
INFO: [ template_filter ] --START--
INFO: Run Behavior\ContentReplaceBehavior [ RunTime:0.000575s ]
INFO: [ template_filter ] --END-- [ RunTime:0.000601s ]
INFO: Run Behavior\ParseTemplateBehavior [ RunTime:0.013806s ]
INFO: [ view_parse ] --END-- [ RunTime:0.013829s ]
INFO: [ view_filter ] --START--
INFO: Run Behavior\WriteHtmlCacheBehavior [ RunTime:0.000091s ]
INFO: [ view_filter ] --END-- [ RunTime:0.000110s ]
INFO: [ app_end ] --START--
INFO: Run Behavior\ShowPageTraceBehavior [ RunTime:0.000457s ]
INFO: [ app_end ] --END-- [ RunTime:0.000481s ]

[ 2018-05-26T08:47:03+08:00 ] 58.19.41.17 /
INFO: [ app_init ] --START--
INFO: Run Behavior\BuildLiteBehavior [ RunTime:0.000009s ]
INFO: [ app_init ] --END-- [ RunTime:0.000221s ]
INFO: [ app_begin ] --START--
INFO: Run Behavior\ReadHtmlCacheBehavior [ RunTime:0.000319s ]
INFO: [ app_begin ] --END-- [ RunTime:0.000344s ]
INFO: [ view_parse ] --START--
INFO: [ template_filter ] --START--
INFO: Run Behavior\ContentReplaceBehavior [ RunTime:0.000550s ]
INFO: [ template_filter ] --END-- [ RunTime:0.000581s ]
INFO: Run Behavior\ParseTemplateBehavior [ RunTime:0.014019s ]
INFO: [ view_parse ] --END-- [ RunTime:0.014044s ]
INFO: [ view_filter ] --START--
INFO: Run Behavior\WriteHtmlCacheBehavior [ RunTime:0.000459s ]
INFO: [ view_filter ] --END-- [ RunTime:0.000479s ]
INFO: [ app_end ] --START--
INFO: Run Behavior\ShowPageTraceBehavior [ RunTime:0.000430s ]
INFO: [ app_end ] --END-- [ RunTime:0.000455s ]

[ 2018-05-26T08:47:04+08:00 ] 58.19.41.17 /
INFO: [ app_init ] --START--
INFO: Run Behavior\BuildLiteBehavior [ RunTime:0.000011s ]
INFO: [ app_init ] --END-- [ RunTime:0.000269s ]
INFO: [ app_begin ] --START--
INFO: Run Behavior\ReadHtmlCacheBehavior [ RunTime:0.000361s ]
INFO: [ app_begin ] --END-- [ RunTime:0.000405s ]
INFO: [ view_parse ] --START--
INFO: [ template_filter ] --START--
INFO: Run Behavior\ContentReplaceBehavior [ RunTime:0.000585s ]
INFO: [ template_filter ] --END-- [ RunTime:0.000617s ]
INFO: Run Behavior\ParseTemplateBehavior [ RunTime:0.014850s ]
INFO: [ view_parse ] --END-- [ RunTime:0.014873s ]
INFO: [ view_filter ] --START--
INFO: Run Behavior\WriteHtmlCacheBehavior [ RunTime:0.000099s ]
INFO: [ view_filter ] --END-- [ RunTime:0.000118s ]
INFO: [ app_end ] --START--
INFO: Run Behavior\ShowPageTraceBehavior [ RunTime:0.000430s ]
INFO: [ app_end ] --END-- [ RunTime:0.000456s ]

[ 2018-05-26T08:47:06+08:00 ] 58.19.41.17 /Home/News/hsms.html
INFO: [ app_init ] --START--
INFO: Run Behavior\BuildLiteBehavior [ RunTime:0.000010s ]
INFO: [ app_init ] --END-- [ RunTime:0.000246s ]
INFO: [ app_begin ] --START--
INFO: Run Behavior\ReadHtmlCacheBehavior [ RunTime:0.000297s ]
INFO: [ app_begin ] --END-- [ RunTime:0.000322s ]
SQL: SHOW COLUMNS FROM `hsdcw_news` [ RunTime:0.0007s ]
SQL: SELECT COUNT(*) AS tp_count FROM `hsdcw_news` WHERE `cateid` = 3 AND `display` = 0 AND `type` IN (2,3) LIMIT 1   [ RunTime:0.0003s ]
SQL: SELECT * FROM `hsdcw_news` WHERE `cateid` = 3 AND `display` = 0 AND `type` IN (2,3) ORDER BY `time` desc LIMIT 0,6   [ RunTime:0.0004s ]
SQL: SHOW COLUMNS FROM `hsdcw_comment` [ RunTime:0.0004s ]
SQL: SELECT COUNT(id) AS tp_count FROM `hsdcw_comment` WHERE `arcticle_id` = 28 LIMIT 1   [ RunTime:0.0002s ]
SQL: SELECT COUNT(id) AS tp_count FROM `hsdcw_comment` WHERE `arcticle_id` = 27 LIMIT 1   [ RunTime:0.0002s ]
SQL: SELECT * FROM `hsdcw_news` WHERE ( cateid=3 and display=0 and type=1 ) ORDER BY `time` desc LIMIT 1   [ RunTime:0.0003s ]
SQL: SELECT * FROM `hsdcw_news` WHERE `display` = 0 AND `cateid` = 3 ORDER BY eye desc  [ RunTime:0.0003s ]
INFO: [ view_parse ] --START--
INFO: [ template_filter ] --START--
INFO: Run Behavior\ContentReplaceBehavior [ RunTime:0.000112s ]
INFO: [ template_filter ] --END-- [ RunTime:0.000137s ]
INFO: Run Behavior\ParseTemplateBehavior [ RunTime:0.007451s ]
INFO: [ view_parse ] --END-- [ RunTime:0.007478s ]
INFO: [ view_filter ] --START--
INFO: Run Behavior\WriteHtmlCacheBehavior [ RunTime:0.000096s ]
INFO: [ view_filter ] --END-- [ RunTime:0.000115s ]
INFO: [ app_end ] --START--
INFO: Run Behavior\ShowPageTraceBehavior [ RunTime:0.000386s ]
INFO: [ app_end ] --END-- [ RunTime:0.000410s ]

[ 2018-05-26T08:47:08+08:00 ] 58.19.41.17 /H_N_d/27.html
INFO: [ app_init ] --START--
INFO: Run Behavior\BuildLiteBehavior [ RunTime:0.000009s ]
INFO: [ app_init ] --END-- [ RunTime:0.000232s ]
INFO: [ app_begin ] --START--
INFO: Run Behavior\ReadHtmlCacheBehavior [ RunTime:0.000331s ]
INFO: [ app_begin ] --END-- [ RunTime:0.000353s ]
SQL: SHOW COLUMNS FROM `hsdcw_news` [ RunTime:0.0008s ]
SQL: SELECT * FROM `hsdcw_news` WHERE `id` = 27 LIMIT 1   [ RunTime:0.0003s ]
SQL: UPDATE `hsdcw_news` SET `eye`='44' WHERE ( id=27 ) [ RunTime:0.0002s ]
SQL: SHOW COLUMNS FROM `hsdcw_comment` [ RunTime:0.0005s ]
SQL: SELECT COUNT(*) AS tp_count FROM `hsdcw_comment` WHERE ( arcticle_id=27 ) LIMIT 1   [ RunTime:0.0003s ]
SQL: SELECT * FROM `hsdcw_comment` WHERE `arcticle_id` = 27 ORDER BY time desc LIMIT 0,3   [ RunTime:0.0002s ]
SQL: SELECT COUNT(id) AS tp_count FROM `hsdcw_comment` WHERE `arcticle_id` = 27 LIMIT 1   [ RunTime:0.0002s ]
INFO: [ view_parse ] --START--
INFO: [ template_filter ] --START--
INFO: Run Behavior\ContentReplaceBehavior [ RunTime:0.000254s ]
INFO: [ template_filter ] --END-- [ RunTime:0.000293s ]
INFO: Run Behavior\ParseTemplateBehavior [ RunTime:0.009626s ]
INFO: [ view_parse ] --END-- [ RunTime:0.009649s ]
INFO: [ view_filter ] --START--
INFO: Run Behavior\WriteHtmlCacheBehavior [ RunTime:0.000118s ]
INFO: [ view_filter ] --END-- [ RunTime:0.000137s ]
INFO: [ app_end ] --START--
INFO: Run Behavior\ShowPageTraceBehavior [ RunTime:0.000443s ]
INFO: [ app_end ] --END-- [ RunTime:0.000471s ]

[ 2018-05-26T08:47:08+08:00 ] 58.19.41.17 /
INFO: [ app_init ] --START--
INFO: Run Behavior\BuildLiteBehavior [ RunTime:0.000007s ]
INFO: [ app_init ] --END-- [ RunTime:0.000255s ]
INFO: [ app_begin ] --START--
INFO: Run Behavior\ReadHtmlCacheBehavior [ RunTime:0.000305s ]
INFO: [ app_begin ] --END-- [ RunTime:0.000326s ]
INFO: [ view_parse ] --START--
INFO: [ template_filter ] --START--
INFO: Run Behavior\ContentReplaceBehavior [ RunTime:0.000564s ]
INFO: [ template_filter ] --END-- [ RunTime:0.000604s ]
INFO: Run Behavior\ParseTemplateBehavior [ RunTime:0.013865s ]
INFO: [ view_parse ] --END-- [ RunTime:0.013888s ]
INFO: [ view_filter ] --START--
INFO: Run Behavior\WriteHtmlCacheBehavior [ RunTime:0.000102s ]
INFO: [ view_filter ] --END-- [ RunTime:0.000120s ]
INFO: [ app_end ] --START--
INFO: Run Behavior\ShowPageTraceBehavior [ RunTime:0.000385s ]
INFO: [ app_end ] --END-- [ RunTime:0.000433s ]

[ 2018-05-26T09:11:26+08:00 ] 220.181.108.145 /
INFO: [ app_init ] --START--
INFO: Run Behavior\BuildLiteBehavior [ RunTime:0.000011s ]
INFO: [ app_init ] --END-- [ RunTime:0.000288s ]
INFO: [ app_begin ] --START--
INFO: Run Behavior\ReadHtmlCacheBehavior [ RunTime:0.000414s ]
INFO: [ app_begin ] --END-- [ RunTime:0.000442s ]
INFO: [ view_parse ] --START--
INFO: [ template_filter ] --START--
INFO: Run Behavior\ContentReplaceBehavior [ RunTime:0.000693s ]
INFO: [ template_filter ] --END-- [ RunTime:0.000727s ]
INFO: Run Behavior\ParseTemplateBehavior [ RunTime:0.015750s ]
INFO: [ view_parse ] --END-- [ RunTime:0.015778s ]
INFO: [ view_filter ] --START--
INFO: Run Behavior\WriteHtmlCacheBehavior [ RunTime:0.000122s ]
INFO: [ view_filter ] --END-- [ RunTime:0.000148s ]
INFO: [ app_end ] --START--
INFO: Run Behavior\ShowPageTraceBehavior [ RunTime:0.000553s ]
INFO: [ app_end ] --END-- [ RunTime:0.000588s ]

[ 2018-05-26T10:14:16+08:00 ] 123.58.10.37 /
INFO: [ app_init ] --START--
INFO: Run Behavior\BuildLiteBehavior [ RunTime:0.000009s ]
INFO: [ app_init ] --END-- [ RunTime:0.000224s ]
INFO: [ app_begin ] --START--
INFO: Run Behavior\ReadHtmlCacheBehavior [ RunTime:0.000353s ]
INFO: [ app_begin ] --END-- [ RunTime:0.000375s ]
INFO: [ view_parse ] --START--
INFO: [ template_filter ] --START--
INFO: Run Behavior\ContentReplaceBehavior [ RunTime:0.000516s ]
INFO: [ template_filter ] --END-- [ RunTime:0.000545s ]
INFO: Run Behavior\ParseTemplateBehavior [ RunTime:0.013610s ]
INFO: [ view_parse ] --END-- [ RunTime:0.013633s ]
INFO: [ view_filter ] --START--
INFO: Run Behavior\WriteHtmlCacheBehavior [ RunTime:0.000119s ]
INFO: [ view_filter ] --END-- [ RunTime:0.000140s ]
INFO: [ app_end ] --START--
INFO: Run Behavior\ShowPageTraceBehavior [ RunTime:0.000454s ]
INFO: [ app_end ] --END-- [ RunTime:0.000481s ]

[ 2018-05-26T10:25:38+08:00 ] 123.125.71.39 /
INFO: [ app_init ] --START--
INFO: Run Behavior\BuildLiteBehavior [ RunTime:0.000011s ]
INFO: [ app_init ] --END-- [ RunTime:0.000250s ]
INFO: [ app_begin ] --START--
INFO: Run Behavior\ReadHtmlCacheBehavior [ RunTime:0.000310s ]
INFO: [ app_begin ] --END-- [ RunTime:0.000335s ]
INFO: [ view_parse ] --START--
INFO: [ template_filter ] --START--
INFO: Run Behavior\ContentReplaceBehavior [ RunTime:0.000681s ]
INFO: [ template_filter ] --END-- [ RunTime:0.000712s ]
INFO: Run Behavior\ParseTemplateBehavior [ RunTime:0.014844s ]
INFO: [ view_parse ] --END-- [ RunTime:0.014869s ]
INFO: [ view_filter ] --START--
INFO: Run Behavior\WriteHtmlCacheBehavior [ RunTime:0.000108s ]
INFO: [ view_filter ] --END-- [ RunTime:0.000131s ]
INFO: [ app_end ] --START--
INFO: Run Behavior\ShowPageTraceBehavior [ RunTime:0.000400s ]
INFO: [ app_end ] --END-- [ RunTime:0.000427s ]

[ 2018-05-26T12:16:44+08:00 ] 167.114.211.200 /
INFO: [ app_init ] --START--
INFO: Run Behavior\BuildLiteBehavior [ RunTime:0.000009s ]
INFO: [ app_init ] --END-- [ RunTime:0.000218s ]
INFO: [ app_begin ] --START--
INFO: Run Behavior\ReadHtmlCacheBehavior [ RunTime:0.000287s ]
INFO: [ app_begin ] --END-- [ RunTime:0.000309s ]
INFO: [ view_parse ] --START--
INFO: [ template_filter ] --START--
INFO: Run Behavior\ContentReplaceBehavior [ RunTime:0.000510s ]
INFO: [ template_filter ] --END-- [ RunTime:0.000561s ]
INFO: Run Behavior\ParseTemplateBehavior [ RunTime:0.013360s ]
INFO: [ view_parse ] --END-- [ RunTime:0.013383s ]
INFO: [ view_filter ] --START--
INFO: Run Behavior\WriteHtmlCacheBehavior [ RunTime:0.000096s ]
INFO: [ view_filter ] --END-- [ RunTime:0.000114s ]
INFO: [ app_end ] --START--
INFO: Run Behavior\ShowPageTraceBehavior [ RunTime:0.000402s ]
INFO: [ app_end ] --END-- [ RunTime:0.000426s ]

[ 2018-05-26T12:16:47+08:00 ] 167.114.211.200 /
INFO: [ app_init ] --START--
INFO: Run Behavior\BuildLiteBehavior [ RunTime:0.000009s ]
INFO: [ app_init ] --END-- [ RunTime:0.000219s ]
INFO: [ app_begin ] --START--
INFO: Run Behavior\ReadHtmlCacheBehavior [ RunTime:0.000412s ]
INFO: [ app_begin ] --END-- [ RunTime:0.000434s ]
INFO: [ view_parse ] --START--
INFO: [ template_filter ] --START--
INFO: Run Behavior\ContentReplaceBehavior [ RunTime:0.000535s ]
INFO: [ template_filter ] --END-- [ RunTime:0.000563s ]
INFO: Run Behavior\ParseTemplateBehavior [ RunTime:0.014699s ]
INFO: [ view_parse ] --END-- [ RunTime:0.014727s ]
INFO: [ view_filter ] --START--
INFO: Run Behavior\WriteHtmlCacheBehavior [ RunTime:0.000108s ]
INFO: [ view_filter ] --END-- [ RunTime:0.000130s ]
INFO: [ app_end ] --START--
INFO: Run Behavior\ShowPageTraceBehavior [ RunTime:0.000447s ]
INFO: [ app_end ] --END-- [ RunTime:0.000471s ]

[ 2018-05-26T12:39:03+08:00 ] 47.92.74.98 /
INFO: [ app_init ] --START--
INFO: Run Behavior\BuildLiteBehavior [ RunTime:0.000009s ]
INFO: [ app_init ] --END-- [ RunTime:0.000286s ]
INFO: [ app_begin ] --START--
INFO: Run Behavior\ReadHtmlCacheBehavior [ RunTime:0.000306s ]
INFO: [ app_begin ] --END-- [ RunTime:0.000329s ]
INFO: [ view_parse ] --START--
INFO: [ template_filter ] --START--
INFO: Run Behavior\ContentReplaceBehavior [ RunTime:0.000579s ]
INFO: [ template_filter ] --END-- [ RunTime:0.000613s ]
INFO: Run Behavior\ParseTemplateBehavior [ RunTime:0.013858s ]
INFO: [ view_parse ] --END-- [ RunTime:0.013880s ]
INFO: [ view_filter ] --START--
INFO: Run Behavior\WriteHtmlCacheBehavior [ RunTime:0.000106s ]
INFO: [ view_filter ] --END-- [ RunTime:0.000125s ]
INFO: [ app_end ] --START--
INFO: Run Behavior\ShowPageTraceBehavior [ RunTime:0.000422s ]
INFO: [ app_end ] --END-- [ RunTime:0.000447s ]

[ 2018-05-26T13:59:25+08:00 ] 220.181.108.161 /
INFO: [ app_init ] --START--
INFO: Run Behavior\BuildLiteBehavior [ RunTime:0.000009s ]
INFO: [ app_init ] --END-- [ RunTime:0.000226s ]
INFO: [ app_begin ] --START--
INFO: Run Behavior\ReadHtmlCacheBehavior [ RunTime:0.000338s ]
INFO: [ app_begin ] --END-- [ RunTime:0.000360s ]
INFO: [ view_parse ] --START--
INFO: [ template_filter ] --START--
INFO: Run Behavior\ContentReplaceBehavior [ RunTime:0.000565s ]
INFO: [ template_filter ] --END-- [ RunTime:0.000599s ]
INFO: Run Behavior\ParseTemplateBehavior [ RunTime:0.013581s ]
INFO: [ view_parse ] --END-- [ RunTime:0.013606s ]
INFO: [ view_filter ] --START--
INFO: Run Behavior\WriteHtmlCacheBehavior [ RunTime:0.000110s ]
INFO: [ view_filter ] --END-- [ RunTime:0.000130s ]
INFO: [ app_end ] --START--
INFO: Run Behavior\ShowPageTraceBehavior [ RunTime:0.000409s ]
INFO: [ app_end ] --END-- [ RunTime:0.000456s ]

[ 2018-05-26T16:27:35+08:00 ] 203.208.60.212 /
INFO: [ app_init ] --START--
INFO: Run Behavior\BuildLiteBehavior [ RunTime:0.000009s ]
INFO: [ app_init ] --END-- [ RunTime:0.000224s ]
INFO: [ app_begin ] --START--
INFO: Run Behavior\ReadHtmlCacheBehavior [ RunTime:0.000331s ]
INFO: [ app_begin ] --END-- [ RunTime:0.000356s ]
INFO: [ view_parse ] --START--
INFO: [ template_filter ] --START--
INFO: Run Behavior\ContentReplaceBehavior [ RunTime:0.000554s ]
INFO: [ template_filter ] --END-- [ RunTime:0.000582s ]
INFO: Run Behavior\ParseTemplateBehavior [ RunTime:0.014014s ]
INFO: [ view_parse ] --END-- [ RunTime:0.014037s ]
INFO: [ view_filter ] --START--
INFO: Run Behavior\WriteHtmlCacheBehavior [ RunTime:0.000103s ]
INFO: [ view_filter ] --END-- [ RunTime:0.000123s ]
INFO: [ app_end ] --START--
INFO: Run Behavior\ShowPageTraceBehavior [ RunTime:0.000373s ]
INFO: [ app_end ] --END-- [ RunTime:0.000398s ]

[ 2018-05-26T19:55:58+08:00 ] 123.125.71.113 /
INFO: [ app_init ] --START--
INFO: Run Behavior\BuildLiteBehavior [ RunTime:0.000012s ]
INFO: [ app_init ] --END-- [ RunTime:0.000322s ]
INFO: [ app_begin ] --START--
INFO: Run Behavior\ReadHtmlCacheBehavior [ RunTime:0.000473s ]
INFO: [ app_begin ] --END-- [ RunTime:0.000502s ]
INFO: [ view_parse ] --START--
INFO: [ template_filter ] --START--
INFO: Run Behavior\ContentReplaceBehavior [ RunTime:0.000524s ]
INFO: [ template_filter ] --END-- [ RunTime:0.000549s ]
INFO: Run Behavior\ParseTemplateBehavior [ RunTime:0.014190s ]
INFO: [ view_parse ] --END-- [ RunTime:0.014216s ]
INFO: [ view_filter ] --START--
INFO: Run Behavior\WriteHtmlCacheBehavior [ RunTime:0.000100s ]
INFO: [ view_filter ] --END-- [ RunTime:0.000119s ]
INFO: [ app_end ] --START--
INFO: Run Behavior\ShowPageTraceBehavior [ RunTime:0.000428s ]
INFO: [ app_end ] --END-- [ RunTime:0.000455s ]

[ 2018-05-26T20:34:09+08:00 ] 119.79.168.10 /
INFO: [ app_init ] --START--
INFO: Run Behavior\BuildLiteBehavior [ RunTime:0.000010s ]
INFO: [ app_init ] --END-- [ RunTime:0.000255s ]
INFO: [ app_begin ] --START--
INFO: Run Behavior\ReadHtmlCacheBehavior [ RunTime:0.000323s ]
INFO: [ app_begin ] --END-- [ RunTime:0.000348s ]
INFO: [ view_parse ] --START--
INFO: [ template_filter ] --START--
INFO: Run Behavior\ContentReplaceBehavior [ RunTime:0.000546s ]
INFO: [ template_filter ] --END-- [ RunTime:0.000579s ]
INFO: Run Behavior\ParseTemplateBehavior [ RunTime:0.014349s ]
INFO: [ view_parse ] --END-- [ RunTime:0.014371s ]
INFO: [ view_filter ] --START--
INFO: Run Behavior\WriteHtmlCacheBehavior [ RunTime:0.000120s ]
INFO: [ view_filter ] --END-- [ RunTime:0.000166s ]
INFO: [ app_end ] --START--
INFO: Run Behavior\ShowPageTraceBehavior [ RunTime:0.000474s ]
INFO: [ app_end ] --END-- [ RunTime:0.000500s ]

