[ 2018-06-02T07:28:16+08:00 ] 119.79.165.24 /ueditor/php/upload/image/20171111/1510382872933456.png
INFO: [ app_init ] --START--
INFO: Run Behavior\BuildLiteBehavior [ RunTime:0.000011s ]
INFO: [ app_init ] --END-- [ RunTime:0.000254s ]
ERR: 无法加载模块:Ueditor

[ 2018-06-02T07:28:16+08:00 ] 119.79.165.24 /ueditor/php/upload/image/20171111/1510382873733100.png
INFO: [ app_init ] --START--
INFO: Run Behavior\BuildLiteBehavior [ RunTime:0.000012s ]
INFO: [ app_init ] --END-- [ RunTime:0.000242s ]
ERR: 无法加载模块:Ueditor

[ 2018-06-02T07:28:16+08:00 ] 119.79.165.24 /ueditor/php/upload/image/20171111/1510382873261814.png
INFO: [ app_init ] --START--
INFO: Run Behavior\BuildLiteBehavior [ RunTime:0.000012s ]
INFO: [ app_init ] --END-- [ RunTime:0.000274s ]
ERR: 无法加载模块:Ueditor

[ 2018-06-02T07:28:16+08:00 ] 119.79.165.24 /ueditor/php/upload/image/20171111/1510382873123000.png
INFO: [ app_init ] --START--
INFO: Run Behavior\BuildLiteBehavior [ RunTime:0.000014s ]
INFO: [ app_init ] --END-- [ RunTime:0.000277s ]
ERR: 无法加载模块:Ueditor

[ 2018-06-02T07:28:16+08:00 ] 119.79.165.24 /ueditor/php/upload/image/20171111/1510382874386350.png
INFO: [ app_init ] --START--
INFO: Run Behavior\BuildLiteBehavior [ RunTime:0.000012s ]
INFO: [ app_init ] --END-- [ RunTime:0.000235s ]
ERR: 无法加载模块:Ueditor

[ 2018-06-02T07:28:16+08:00 ] 119.79.165.24 /ueditor/php/upload/image/20171111/1510382874130845.png
INFO: [ app_init ] --START--
INFO: Run Behavior\BuildLiteBehavior [ RunTime:0.000022s ]
INFO: [ app_init ] --END-- [ RunTime:0.000257s ]
ERR: 无法加载模块:Ueditor

[ 2018-06-02T07:28:16+08:00 ] 119.79.165.24 /ueditor/php/upload/image/20171111/1510382876921818.png
INFO: [ app_init ] --START--
INFO: Run Behavior\BuildLiteBehavior [ RunTime:0.000012s ]
INFO: [ app_init ] --END-- [ RunTime:0.000280s ]
ERR: 无法加载模块:Ueditor

[ 2018-06-02T09:56:12+08:00 ] 111.206.221.83 /Upload/20171112/5a07c429df95b.JPEG
INFO: [ app_init ] --START--
INFO: Run Behavior\BuildLiteBehavior [ RunTime:0.000011s ]
INFO: [ app_init ] --END-- [ RunTime:0.000266s ]
ERR: 无法加载模块:Upload

[ 2018-06-02T09:56:13+08:00 ] 111.206.198.44 /Upload/20171111/5a069d91a14b3.png
INFO: [ app_init ] --START--
INFO: Run Behavior\BuildLiteBehavior [ RunTime:0.000014s ]
INFO: [ app_init ] --END-- [ RunTime:0.000290s ]
ERR: 无法加载模块:Upload

[ 2018-06-02T09:56:13+08:00 ] 111.206.198.21 /Upload/20171112/5a07c39c944a5.JPG
INFO: [ app_init ] --START--
INFO: Run Behavior\BuildLiteBehavior [ RunTime:0.000010s ]
INFO: [ app_init ] --END-- [ RunTime:0.000276s ]
ERR: 无法加载模块:Upload

[ 2018-06-02T14:45:09+08:00 ] 119.79.165.24 /Upload/20171112/5a07c429df95b.JPEG
INFO: [ app_init ] --START--
INFO: Run Behavior\BuildLiteBehavior [ RunTime:0.000008s ]
INFO: [ app_init ] --END-- [ RunTime:0.000258s ]
ERR: 无法加载模块:Upload

[ 2018-06-02T14:45:09+08:00 ] 119.79.165.24 /Upload/20171112/5a07c39c944a5.JPG
INFO: [ app_init ] --START--
INFO: Run Behavior\BuildLiteBehavior [ RunTime:0.000013s ]
INFO: [ app_init ] --END-- [ RunTime:0.000233s ]
ERR: 无法加载模块:Upload

[ 2018-06-02T14:45:09+08:00 ] 119.79.165.24 /Upload/20171111/5a069d91a14b3.png
INFO: [ app_init ] --START--
INFO: Run Behavior\BuildLiteBehavior [ RunTime:0.000008s ]
INFO: [ app_init ] --END-- [ RunTime:0.000221s ]
ERR: 无法加载模块:Upload

[ 2018-06-02T14:45:16+08:00 ] 119.79.165.24 /Upload/20171112/5a07c429df95b.JPEG
INFO: [ app_init ] --START--
INFO: Run Behavior\BuildLiteBehavior [ RunTime:0.000010s ]
INFO: [ app_init ] --END-- [ RunTime:0.000286s ]
ERR: 无法加载模块:Upload

[ 2018-06-02T14:45:16+08:00 ] 119.79.165.24 /Upload/20171111/5a069d91a14b3.png
INFO: [ app_init ] --START--
INFO: Run Behavior\BuildLiteBehavior [ RunTime:0.000012s ]
INFO: [ app_init ] --END-- [ RunTime:0.000261s ]
ERR: 无法加载模块:Upload

[ 2018-06-02T14:45:16+08:00 ] 119.79.165.24 /Upload/20171112/5a07c39c944a5.JPG
INFO: [ app_init ] --START--
INFO: Run Behavior\BuildLiteBehavior [ RunTime:0.000011s ]
INFO: [ app_init ] --END-- [ RunTime:0.000260s ]
ERR: 无法加载模块:Upload

[ 2018-06-02T14:45:18+08:00 ] 119.79.165.24 /Upload/20171111/5a069ee6be881.jpg
INFO: [ app_init ] --START--
INFO: Run Behavior\BuildLiteBehavior [ RunTime:0.000009s ]
INFO: [ app_init ] --END-- [ RunTime:0.000221s ]
ERR: 无法加载模块:Upload

[ 2018-06-02T14:45:20+08:00 ] 119.79.165.24 /Upload/20171111/1510383292133706.jpg
INFO: [ app_init ] --START--
INFO: Run Behavior\BuildLiteBehavior [ RunTime:0.000009s ]
INFO: [ app_init ] --END-- [ RunTime:0.000255s ]
ERR: 无法加载模块:Upload

[ 2018-06-02T14:45:20+08:00 ] 119.79.165.24 /Upload/20171111/1510383328449554.jpg
INFO: [ app_init ] --START--
INFO: Run Behavior\BuildLiteBehavior [ RunTime:0.000008s ]
INFO: [ app_init ] --END-- [ RunTime:0.000272s ]
ERR: 无法加载模块:Upload

[ 2018-06-02T14:45:20+08:00 ] 119.79.165.24 /Upload/20171111/1510383299126817.jpg
INFO: [ app_init ] --START--
INFO: Run Behavior\BuildLiteBehavior [ RunTime:0.000010s ]
INFO: [ app_init ] --END-- [ RunTime:0.000231s ]
ERR: 无法加载模块:Upload

[ 2018-06-02T14:45:28+08:00 ] 119.79.165.24 /Upload/20171111/1510383292133706.jpg
INFO: [ app_init ] --START--
INFO: Run Behavior\BuildLiteBehavior [ RunTime:0.000009s ]
INFO: [ app_init ] --END-- [ RunTime:0.000222s ]
ERR: 无法加载模块:Upload

[ 2018-06-02T14:45:28+08:00 ] 119.79.165.24 /Upload/20171111/1510383299126817.jpg
INFO: [ app_init ] --START--
INFO: Run Behavior\BuildLiteBehavior [ RunTime:0.000009s ]
INFO: [ app_init ] --END-- [ RunTime:0.000273s ]
ERR: 无法加载模块:Upload

[ 2018-06-02T14:45:28+08:00 ] 119.79.165.24 /Upload/20171111/1510383328449554.jpg
INFO: [ app_init ] --START--
INFO: Run Behavior\BuildLiteBehavior [ RunTime:0.000007s ]
INFO: [ app_init ] --END-- [ RunTime:0.000219s ]
ERR: 无法加载模块:Upload

[ 2018-06-02T21:18:23+08:00 ] 119.79.165.24 /Upload/20171111/5a06a191b70b5.png
INFO: [ app_init ] --START--
INFO: Run Behavior\BuildLiteBehavior [ RunTime:0.000010s ]
INFO: [ app_init ] --END-- [ RunTime:0.000247s ]
ERR: 无法加载模块:Upload

