[ 2018-05-27T19:28:59+08:00 ] 119.79.165.24 /Upload/20171112/5a07c429df95b.JPEG
INFO: [ app_init ] --START--
INFO: Run Behavior\BuildLiteBehavior [ RunTime:0.000010s ]
INFO: [ app_init ] --END-- [ RunTime:0.000303s ]
ERR: 无法加载模块:Upload

[ 2018-05-27T19:28:59+08:00 ] 119.79.165.24 /Upload/20171112/5a07c39c944a5.JPG
INFO: [ app_init ] --START--
INFO: Run Behavior\BuildLiteBehavior [ RunTime:0.000010s ]
INFO: [ app_init ] --END-- [ RunTime:0.000302s ]
ERR: 无法加载模块:Upload

[ 2018-05-27T19:28:59+08:00 ] 119.79.165.24 /Upload/20171111/5a069d91a14b3.png
INFO: [ app_init ] --START--
INFO: Run Behavior\BuildLiteBehavior [ RunTime:0.000008s ]
INFO: [ app_init ] --END-- [ RunTime:0.000258s ]
ERR: 无法加载模块:Upload

[ 2018-05-27T19:31:50+08:00 ] 119.79.165.24 /Upload/20171111/5a069ee6be881.jpg
INFO: [ app_init ] --START--
INFO: Run Behavior\BuildLiteBehavior [ RunTime:0.000011s ]
INFO: [ app_init ] --END-- [ RunTime:0.000315s ]
ERR: 无法加载模块:Upload

[ 2018-05-27T19:33:26+08:00 ] 119.79.165.24 /Upload/20171111/5a069ee6be881.jpg
INFO: [ app_init ] --START--
INFO: Run Behavior\BuildLiteBehavior [ RunTime:0.000009s ]
INFO: [ app_init ] --END-- [ RunTime:0.000222s ]
ERR: 无法加载模块:Upload

[ 2018-05-27T19:33:29+08:00 ] 119.79.165.24 /favicon.ico
INFO: [ app_init ] --START--
INFO: Run Behavior\BuildLiteBehavior [ RunTime:0.000011s ]
INFO: [ app_init ] --END-- [ RunTime:0.000315s ]
ERR: 无法加载模块:Favicon

[ 2018-05-27T19:34:01+08:00 ] 119.79.165.24 /Upload/20171112/5a07c429df95b.JPEG
INFO: [ app_init ] --START--
INFO: Run Behavior\BuildLiteBehavior [ RunTime:0.000012s ]
INFO: [ app_init ] --END-- [ RunTime:0.000275s ]
ERR: 无法加载模块:Upload

[ 2018-05-27T19:34:01+08:00 ] 119.79.165.24 /Upload/20171111/5a069d91a14b3.png
INFO: [ app_init ] --START--
INFO: Run Behavior\BuildLiteBehavior [ RunTime:0.000012s ]
INFO: [ app_init ] --END-- [ RunTime:0.000228s ]
ERR: 无法加载模块:Upload

[ 2018-05-27T19:34:01+08:00 ] 119.79.165.24 /Upload/20171112/5a07c39c944a5.JPG
INFO: [ app_init ] --START--
INFO: Run Behavior\BuildLiteBehavior [ RunTime:0.000007s ]
INFO: [ app_init ] --END-- [ RunTime:0.002529s ]
ERR: 无法加载模块:Upload

[ 2018-05-27T19:34:17+08:00 ] 119.79.165.24 /Upload/20171111/1510381913121493.jpg
INFO: [ app_init ] --START--
INFO: Run Behavior\BuildLiteBehavior [ RunTime:0.000009s ]
INFO: [ app_init ] --END-- [ RunTime:0.000243s ]
ERR: 无法加载模块:Upload

[ 2018-05-27T19:34:24+08:00 ] 119.79.165.24 /Upload/20171111/1510381913121493.jpg
INFO: [ app_init ] --START--
INFO: Run Behavior\BuildLiteBehavior [ RunTime:0.000010s ]
INFO: [ app_init ] --END-- [ RunTime:0.000246s ]
ERR: 无法加载模块:Upload

[ 2018-05-27T19:34:26+08:00 ] 119.79.165.24 /Upload/20171111/1510381913121493.jpg
INFO: [ app_init ] --START--
INFO: Run Behavior\BuildLiteBehavior [ RunTime:0.000010s ]
INFO: [ app_init ] --END-- [ RunTime:0.000254s ]
ERR: 无法加载模块:Upload

[ 2018-05-27T19:34:27+08:00 ] 119.79.165.24 /Upload/20171111/1510381913121493.jpg
INFO: [ app_init ] --START--
INFO: Run Behavior\BuildLiteBehavior [ RunTime:0.000012s ]
INFO: [ app_init ] --END-- [ RunTime:0.000355s ]
ERR: 无法加载模块:Upload

[ 2018-05-27T19:34:27+08:00 ] 119.79.165.24 /Upload/20171111/1510381913121493.jpg
INFO: [ app_init ] --START--
INFO: Run Behavior\BuildLiteBehavior [ RunTime:0.000012s ]
INFO: [ app_init ] --END-- [ RunTime:0.000323s ]
ERR: 无法加载模块:Upload

[ 2018-05-27T19:34:27+08:00 ] 119.79.165.24 /Upload/20171111/1510381913121493.jpg
INFO: [ app_init ] --START--
INFO: Run Behavior\BuildLiteBehavior [ RunTime:0.000009s ]
INFO: [ app_init ] --END-- [ RunTime:0.000221s ]
ERR: 无法加载模块:Upload

[ 2018-05-27T19:34:28+08:00 ] 119.79.165.24 /Upload/20171111/1510381913121493.jpg
INFO: [ app_init ] --START--
INFO: Run Behavior\BuildLiteBehavior [ RunTime:0.000010s ]
INFO: [ app_init ] --END-- [ RunTime:0.000252s ]
ERR: 无法加载模块:Upload

[ 2018-05-27T19:34:28+08:00 ] 119.79.165.24 /Upload/20171111/1510381913121493.jpg
INFO: [ app_init ] --START--
INFO: Run Behavior\BuildLiteBehavior [ RunTime:0.000010s ]
INFO: [ app_init ] --END-- [ RunTime:0.000227s ]
ERR: 无法加载模块:Upload

[ 2018-05-27T19:34:30+08:00 ] 119.79.165.24 /Upload/20171111/1510381913121493.jpg
INFO: [ app_init ] --START--
INFO: Run Behavior\BuildLiteBehavior [ RunTime:0.000010s ]
INFO: [ app_init ] --END-- [ RunTime:0.000233s ]
ERR: 无法加载模块:Upload

[ 2018-05-27T19:35:02+08:00 ] 119.79.165.24 /ueditor/php/upload/image/20171111/1510382872933456.png
INFO: [ app_init ] --START--
INFO: Run Behavior\BuildLiteBehavior [ RunTime:0.000010s ]
INFO: [ app_init ] --END-- [ RunTime:0.000229s ]
ERR: 无法加载模块:Ueditor

[ 2018-05-27T19:35:02+08:00 ] 119.79.165.24 /ueditor/php/upload/image/20171111/1510382873733100.png
INFO: [ app_init ] --START--
INFO: Run Behavior\BuildLiteBehavior [ RunTime:0.000016s ]
INFO: [ app_init ] --END-- [ RunTime:0.000353s ]
ERR: 无法加载模块:Ueditor

[ 2018-05-27T19:35:02+08:00 ] 119.79.165.24 /ueditor/php/upload/image/20171111/1510382873261814.png
INFO: [ app_init ] --START--
INFO: Run Behavior\BuildLiteBehavior [ RunTime:0.000013s ]
INFO: [ app_init ] --END-- [ RunTime:0.000371s ]
ERR: 无法加载模块:Ueditor

[ 2018-05-27T19:35:02+08:00 ] 119.79.165.24 /ueditor/php/upload/image/20171111/1510382873123000.png
INFO: [ app_init ] --START--
INFO: Run Behavior\BuildLiteBehavior [ RunTime:0.000015s ]
INFO: [ app_init ] --END-- [ RunTime:0.000649s ]
ERR: 无法加载模块:Ueditor

[ 2018-05-27T19:35:02+08:00 ] 119.79.165.24 /ueditor/php/upload/image/20171111/1510382874386350.png
INFO: [ app_init ] --START--
INFO: Run Behavior\BuildLiteBehavior [ RunTime:0.000009s ]
INFO: [ app_init ] --END-- [ RunTime:0.000224s ]
ERR: 无法加载模块:Ueditor

[ 2018-05-27T19:35:02+08:00 ] 119.79.165.24 /ueditor/php/upload/image/20171111/1510382876921818.png
INFO: [ app_init ] --START--
INFO: Run Behavior\BuildLiteBehavior [ RunTime:0.000013s ]
INFO: [ app_init ] --END-- [ RunTime:0.002312s ]
ERR: 无法加载模块:Ueditor

[ 2018-05-27T19:35:02+08:00 ] 119.79.165.24 /ueditor/php/upload/image/20171111/1510382874130845.png
INFO: [ app_init ] --START--
INFO: Run Behavior\BuildLiteBehavior [ RunTime:0.000012s ]
INFO: [ app_init ] --END-- [ RunTime:0.003399s ]
ERR: 无法加载模块:Ueditor

[ 2018-05-27T19:35:04+08:00 ] 119.79.165.24 /ueditor/php/upload/image/20171111/1510382872933456.png
INFO: [ app_init ] --START--
INFO: Run Behavior\BuildLiteBehavior [ RunTime:0.000011s ]
INFO: [ app_init ] --END-- [ RunTime:0.000226s ]
ERR: 无法加载模块:Ueditor

[ 2018-05-27T19:35:04+08:00 ] 119.79.165.24 /ueditor/php/upload/image/20171111/1510382873733100.png
INFO: [ app_init ] --START--
INFO: Run Behavior\BuildLiteBehavior [ RunTime:0.000007s ]
INFO: [ app_init ] --END-- [ RunTime:0.000214s ]
ERR: 无法加载模块:Ueditor

[ 2018-05-27T19:35:04+08:00 ] 119.79.165.24 /ueditor/php/upload/image/20171111/1510382873123000.png
INFO: [ app_init ] --START--
INFO: Run Behavior\BuildLiteBehavior [ RunTime:0.000011s ]
INFO: [ app_init ] --END-- [ RunTime:0.000236s ]
ERR: 无法加载模块:Ueditor

[ 2018-05-27T19:35:04+08:00 ] 119.79.165.24 /ueditor/php/upload/image/20171111/1510382874386350.png
INFO: [ app_init ] --START--
INFO: Run Behavior\BuildLiteBehavior [ RunTime:0.000008s ]
INFO: [ app_init ] --END-- [ RunTime:0.000211s ]
ERR: 无法加载模块:Ueditor

[ 2018-05-27T19:35:04+08:00 ] 119.79.165.24 /ueditor/php/upload/image/20171111/1510382873261814.png
INFO: [ app_init ] --START--
INFO: Run Behavior\BuildLiteBehavior [ RunTime:0.000011s ]
INFO: [ app_init ] --END-- [ RunTime:0.000303s ]
ERR: 无法加载模块:Ueditor

[ 2018-05-27T19:35:04+08:00 ] 119.79.165.24 /ueditor/php/upload/image/20171111/1510382874130845.png
INFO: [ app_init ] --START--
INFO: Run Behavior\BuildLiteBehavior [ RunTime:0.000008s ]
INFO: [ app_init ] --END-- [ RunTime:0.000218s ]
ERR: 无法加载模块:Ueditor

[ 2018-05-27T19:35:04+08:00 ] 119.79.165.24 /ueditor/php/upload/image/20171111/1510382876921818.png
INFO: [ app_init ] --START--
INFO: Run Behavior\BuildLiteBehavior [ RunTime:0.000007s ]
INFO: [ app_init ] --END-- [ RunTime:0.000206s ]
ERR: 无法加载模块:Ueditor

[ 2018-05-27T19:35:04+08:00 ] 119.79.165.24 /ueditor/php/upload/image/20171111/1510382872933456.png
INFO: [ app_init ] --START--
INFO: Run Behavior\BuildLiteBehavior [ RunTime:0.000010s ]
INFO: [ app_init ] --END-- [ RunTime:0.000230s ]
ERR: 无法加载模块:Ueditor

[ 2018-05-27T19:35:04+08:00 ] 119.79.165.24 /ueditor/php/upload/image/20171111/1510382873261814.png
INFO: [ app_init ] --START--
INFO: Run Behavior\BuildLiteBehavior [ RunTime:0.000012s ]
INFO: [ app_init ] --END-- [ RunTime:0.000275s ]
ERR: 无法加载模块:Ueditor

[ 2018-05-27T19:35:04+08:00 ] 119.79.165.24 /ueditor/php/upload/image/20171111/1510382873123000.png
INFO: [ app_init ] --START--
INFO: Run Behavior\BuildLiteBehavior [ RunTime:0.000008s ]
INFO: [ app_init ] --END-- [ RunTime:0.000228s ]
ERR: 无法加载模块:Ueditor

[ 2018-05-27T19:35:04+08:00 ] 119.79.165.24 /ueditor/php/upload/image/20171111/1510382873733100.png
INFO: [ app_init ] --START--
INFO: Run Behavior\BuildLiteBehavior [ RunTime:0.000008s ]
INFO: [ app_init ] --END-- [ RunTime:0.000297s ]
ERR: 无法加载模块:Ueditor

[ 2018-05-27T19:35:04+08:00 ] 119.79.165.24 /ueditor/php/upload/image/20171111/1510382874386350.png
INFO: [ app_init ] --START--
INFO: Run Behavior\BuildLiteBehavior [ RunTime:0.000010s ]
INFO: [ app_init ] --END-- [ RunTime:0.000238s ]
ERR: 无法加载模块:Ueditor

[ 2018-05-27T19:35:04+08:00 ] 119.79.165.24 /ueditor/php/upload/image/20171111/1510382876921818.png
INFO: [ app_init ] --START--
INFO: Run Behavior\BuildLiteBehavior [ RunTime:0.000014s ]
INFO: [ app_init ] --END-- [ RunTime:0.000304s ]
ERR: 无法加载模块:Ueditor

[ 2018-05-27T19:35:04+08:00 ] 119.79.165.24 /ueditor/php/upload/image/20171111/1510382874130845.png
INFO: [ app_init ] --START--
INFO: Run Behavior\BuildLiteBehavior [ RunTime:0.000012s ]
INFO: [ app_init ] --END-- [ RunTime:0.001929s ]
ERR: 无法加载模块:Ueditor

[ 2018-05-27T19:35:05+08:00 ] 119.79.165.24 /ueditor/php/upload/image/20171111/1510382872933456.png
INFO: [ app_init ] --START--
INFO: Run Behavior\BuildLiteBehavior [ RunTime:0.000010s ]
INFO: [ app_init ] --END-- [ RunTime:0.000243s ]
ERR: 无法加载模块:Ueditor

[ 2018-05-27T19:35:05+08:00 ] 119.79.165.24 /ueditor/php/upload/image/20171111/1510382873261814.png
INFO: [ app_init ] --START--
INFO: Run Behavior\BuildLiteBehavior [ RunTime:0.000008s ]
INFO: [ app_init ] --END-- [ RunTime:0.000230s ]
ERR: 无法加载模块:Ueditor

[ 2018-05-27T19:35:05+08:00 ] 119.79.165.24 /ueditor/php/upload/image/20171111/1510382873733100.png
INFO: [ app_init ] --START--
INFO: Run Behavior\BuildLiteBehavior [ RunTime:0.003037s ]
INFO: [ app_init ] --END-- [ RunTime:0.003246s ]
ERR: 无法加载模块:Ueditor

[ 2018-05-27T19:35:06+08:00 ] 119.79.165.24 /ueditor/php/upload/image/20171111/1510382874386350.png
INFO: [ app_init ] --START--
INFO: Run Behavior\BuildLiteBehavior [ RunTime:0.000012s ]
INFO: [ app_init ] --END-- [ RunTime:0.000248s ]
ERR: 无法加载模块:Ueditor

[ 2018-05-27T19:35:06+08:00 ] 119.79.165.24 /ueditor/php/upload/image/20171111/1510382874130845.png
INFO: [ app_init ] --START--
INFO: Run Behavior\BuildLiteBehavior [ RunTime:0.000008s ]
INFO: [ app_init ] --END-- [ RunTime:0.000230s ]
ERR: 无法加载模块:Ueditor

[ 2018-05-27T19:35:06+08:00 ] 119.79.165.24 /ueditor/php/upload/image/20171111/1510382873123000.png
INFO: [ app_init ] --START--
INFO: Run Behavior\BuildLiteBehavior [ RunTime:0.000010s ]
INFO: [ app_init ] --END-- [ RunTime:0.000298s ]
ERR: 无法加载模块:Ueditor

[ 2018-05-27T19:35:06+08:00 ] 119.79.165.24 /ueditor/php/upload/image/20171111/1510382876921818.png
INFO: [ app_init ] --START--
INFO: Run Behavior\BuildLiteBehavior [ RunTime:0.000009s ]
INFO: [ app_init ] --END-- [ RunTime:0.000229s ]
ERR: 无法加载模块:Ueditor

[ 2018-05-27T19:55:37+08:00 ] 119.79.165.24 /favicon.ico
INFO: [ app_init ] --START--
INFO: Run Behavior\BuildLiteBehavior [ RunTime:0.000013s ]
INFO: [ app_init ] --END-- [ RunTime:0.000336s ]
ERR: 无法加载模块:Favicon

