[ 2018-06-26T01:04:46+08:00 ] 47.75.202.82 /www.hsdcw.cn.rar
INFO: [ app_init ] --START--
INFO: Run Behavior\BuildLiteBehavior [ RunTime:0.000011s ]
INFO: [ app_init ] --END-- [ RunTime:0.000232s ]
ERR: 无法加载模块:Www.hsdcw.cn

[ 2018-06-26T01:04:46+08:00 ] 47.75.202.82 /wwwhsdcwcn.rar
INFO: [ app_init ] --START--
INFO: Run Behavior\BuildLiteBehavior [ RunTime:0.000013s ]
INFO: [ app_init ] --END-- [ RunTime:0.000280s ]
ERR: 无法加载模块:Wwwhsdcwcn

[ 2018-06-26T01:04:47+08:00 ] 47.75.202.82 /hsdcw.cn.rar
INFO: [ app_init ] --START--
INFO: Run Behavior\BuildLiteBehavior [ RunTime:0.000012s ]
INFO: [ app_init ] --END-- [ RunTime:0.000232s ]
ERR: 无法加载模块:Hsdcw.cn

[ 2018-06-26T01:04:47+08:00 ] 47.75.202.82 /hsdcw.rar
INFO: [ app_init ] --START--
INFO: Run Behavior\BuildLiteBehavior [ RunTime:0.000013s ]
INFO: [ app_init ] --END-- [ RunTime:0.000277s ]
ERR: 无法加载模块:Hsdcw

[ 2018-06-26T01:04:47+08:00 ] 47.75.202.82 /hsdcw_cn.rar
INFO: [ app_init ] --START--
INFO: Run Behavior\BuildLiteBehavior [ RunTime:0.000013s ]
INFO: [ app_init ] --END-- [ RunTime:0.000605s ]
ERR: 无法加载模块:Hsdcw_cn

[ 2018-06-26T01:04:47+08:00 ] 47.75.202.82 /www_hsdcw_cn.rar
INFO: [ app_init ] --START--
INFO: Run Behavior\BuildLiteBehavior [ RunTime:0.000010s ]
INFO: [ app_init ] --END-- [ RunTime:0.000220s ]
ERR: 无法加载模块:Www_hsdcw_cn

[ 2018-06-26T01:04:47+08:00 ] 47.75.202.82 /www.hsdcw.cn.zip
INFO: [ app_init ] --START--
INFO: Run Behavior\BuildLiteBehavior [ RunTime:0.000010s ]
INFO: [ app_init ] --END-- [ RunTime:0.000247s ]
ERR: 无法加载模块:Www.hsdcw.cn

[ 2018-06-26T01:04:47+08:00 ] 47.75.202.82 /wwwhsdcwcn.zip
INFO: [ app_init ] --START--
INFO: Run Behavior\BuildLiteBehavior [ RunTime:0.000011s ]
INFO: [ app_init ] --END-- [ RunTime:0.000223s ]
ERR: 无法加载模块:Wwwhsdcwcn

[ 2018-06-26T01:04:49+08:00 ] 47.75.202.82 /hsdcw.cn.zip
INFO: [ app_init ] --START--
INFO: Run Behavior\BuildLiteBehavior [ RunTime:0.000013s ]
INFO: [ app_init ] --END-- [ RunTime:0.000316s ]
ERR: 无法加载模块:Hsdcw.cn

[ 2018-06-26T01:04:49+08:00 ] 47.75.202.82 /hsdcw.zip
INFO: [ app_init ] --START--
INFO: Run Behavior\BuildLiteBehavior [ RunTime:0.000011s ]
INFO: [ app_init ] --END-- [ RunTime:0.000274s ]
ERR: 无法加载模块:Hsdcw

[ 2018-06-26T01:04:50+08:00 ] 47.75.202.82 /hsdcw_cn.zip
INFO: [ app_init ] --START--
INFO: Run Behavior\BuildLiteBehavior [ RunTime:0.000010s ]
INFO: [ app_init ] --END-- [ RunTime:0.000271s ]
ERR: 无法加载模块:Hsdcw_cn

[ 2018-06-26T01:04:50+08:00 ] 47.75.202.82 /www_hsdcw_cn.zip
INFO: [ app_init ] --START--
INFO: Run Behavior\BuildLiteBehavior [ RunTime:0.000009s ]
INFO: [ app_init ] --END-- [ RunTime:0.000220s ]
ERR: 无法加载模块:Www_hsdcw_cn

[ 2018-06-26T01:04:51+08:00 ] 47.75.202.82 /www.hsdcw.cn.tar.gz
INFO: [ app_init ] --START--
INFO: Run Behavior\BuildLiteBehavior [ RunTime:0.000011s ]
INFO: [ app_init ] --END-- [ RunTime:0.000230s ]
ERR: 无法加载模块:Www.hsdcw.cn.tar

[ 2018-06-26T01:04:51+08:00 ] 47.75.202.82 /wwwhsdcwcn.tar.gz
INFO: [ app_init ] --START--
INFO: Run Behavior\BuildLiteBehavior [ RunTime:0.000013s ]
INFO: [ app_init ] --END-- [ RunTime:0.000267s ]
ERR: 无法加载模块:Wwwhsdcwcn.tar

[ 2018-06-26T01:04:51+08:00 ] 47.75.202.82 /hsdcw.cn.tar.gz
INFO: [ app_init ] --START--
INFO: Run Behavior\BuildLiteBehavior [ RunTime:0.000011s ]
INFO: [ app_init ] --END-- [ RunTime:0.000261s ]
ERR: 无法加载模块:Hsdcw.cn.tar

[ 2018-06-26T01:04:52+08:00 ] 47.75.202.82 /hsdcw.tar.gz
INFO: [ app_init ] --START--
INFO: Run Behavior\BuildLiteBehavior [ RunTime:0.000010s ]
INFO: [ app_init ] --END-- [ RunTime:0.000230s ]
ERR: 无法加载模块:Hsdcw.tar

[ 2018-06-26T01:04:52+08:00 ] 47.75.202.82 /hsdcw_cn.tar.gz
INFO: [ app_init ] --START--
INFO: Run Behavior\BuildLiteBehavior [ RunTime:0.000010s ]
INFO: [ app_init ] --END-- [ RunTime:0.000219s ]
ERR: 无法加载模块:Hsdcw_cn.tar

[ 2018-06-26T01:04:52+08:00 ] 47.75.202.82 /www_hsdcw_cn.tar.gz
INFO: [ app_init ] --START--
INFO: Run Behavior\BuildLiteBehavior [ RunTime:0.000009s ]
INFO: [ app_init ] --END-- [ RunTime:0.000309s ]
ERR: 无法加载模块:Www_hsdcw_cn.tar

[ 2018-06-26T17:25:30+08:00 ] 220.181.108.122 /Upload/20171111/5a069ee6be881.jpg
INFO: [ app_init ] --START--
INFO: Run Behavior\BuildLiteBehavior [ RunTime:0.000011s ]
INFO: [ app_init ] --END-- [ RunTime:0.000228s ]
ERR: 无法加载模块:Upload

