[ 2018-06-25T15:08:50+08:00 ] 111.206.198.25 /Upload/20171111/5a06a191b70b5.png
INFO: [ app_init ] --START--
INFO: Run Behavior\BuildLiteBehavior [ RunTime:0.000010s ]
INFO: [ app_init ] --END-- [ RunTime:0.000284s ]
ERR: 无法加载模块:Upload

[ 2018-06-25T15:08:50+08:00 ] 111.206.221.26 /Upload/20171111/5a06a191b70b5.png
INFO: [ app_init ] --START--
INFO: Run Behavior\BuildLiteBehavior [ RunTime:0.000009s ]
INFO: [ app_init ] --END-- [ RunTime:0.000231s ]
ERR: 无法加载模块:Upload

[ 2018-06-25T18:07:50+08:00 ] 122.192.15.23 /Upload/20171111/5a069ee6be881.jpg
INFO: [ app_init ] --START--
INFO: Run Behavior\BuildLiteBehavior [ RunTime:0.000012s ]
INFO: [ app_init ] --END-- [ RunTime:0.000305s ]
ERR: 无法加载模块:Upload

[ 2018-06-25T18:08:12+08:00 ] 122.192.15.23 /Upload/20171111/5a069ee6be881.jpg
INFO: [ app_init ] --START--
INFO: Run Behavior\BuildLiteBehavior [ RunTime:0.000013s ]
INFO: [ app_init ] --END-- [ RunTime:0.000251s ]
ERR: 无法加载模块:Upload

[ 2018-06-25T18:22:22+08:00 ] 111.206.221.113 /Upload/20171111/5a069ee6be881.jpg
INFO: [ app_init ] --START--
INFO: Run Behavior\BuildLiteBehavior [ RunTime:0.000013s ]
INFO: [ app_init ] --END-- [ RunTime:0.000263s ]
ERR: 无法加载模块:Upload

[ 2018-06-25T22:29:53+08:00 ] 220.181.108.83 /h_n_d/
INFO: [ app_init ] --START--
INFO: Run Behavior\BuildLiteBehavior [ RunTime:0.000012s ]
INFO: [ app_init ] --END-- [ RunTime:0.000315s ]
ERR: 无法加载模块:H_n_d

