[ 2018-06-06T03:55:26+08:00 ] 52.205.94.248 /H_N_d/
INFO: [ app_init ] --START--
INFO: Run Behavior\BuildLiteBehavior [ RunTime:0.000009s ]
INFO: [ app_init ] --END-- [ RunTime:0.000252s ]
ERR: 无法加载模块:H_N_d

[ 2018-06-06T03:56:09+08:00 ] 52.205.94.248 /news_politics/
INFO: [ app_init ] --START--
INFO: Run Behavior\BuildLiteBehavior [ RunTime:0.000011s ]
INFO: [ app_init ] --END-- [ RunTime:0.000283s ]
ERR: 无法加载模块:News_politics

[ 2018-06-06T03:58:57+08:00 ] 52.205.94.248 /user/6448930270/
INFO: [ app_init ] --START--
INFO: Run Behavior\BuildLiteBehavior [ RunTime:0.000010s ]
INFO: [ app_init ] --END-- [ RunTime:0.000237s ]
ERR: 无法加载模块:User

[ 2018-06-06T22:08:32+08:00 ] 119.79.165.24 /Upload/20171112/5a07c429df95b.JPEG
INFO: [ app_init ] --START--
INFO: Run Behavior\BuildLiteBehavior [ RunTime:0.000010s ]
INFO: [ app_init ] --END-- [ RunTime:0.000221s ]
ERR: 无法加载模块:Upload

[ 2018-06-06T22:08:33+08:00 ] 119.79.165.24 /Upload/20171111/5a069d91a14b3.png
INFO: [ app_init ] --START--
INFO: Run Behavior\BuildLiteBehavior [ RunTime:0.000010s ]
INFO: [ app_init ] --END-- [ RunTime:0.000216s ]
ERR: 无法加载模块:Upload

[ 2018-06-06T22:08:33+08:00 ] 119.79.165.24 /Upload/20171112/5a07c39c944a5.JPG
INFO: [ app_init ] --START--
INFO: Run Behavior\BuildLiteBehavior [ RunTime:0.000007s ]
INFO: [ app_init ] --END-- [ RunTime:0.003300s ]
ERR: 无法加载模块:Upload

