[ 2018-06-24T01:12:57+08:00 ] 111.206.221.87 /Upload/20171112/5a07c429df95b.JPEG
INFO: [ app_init ] --START--
INFO: Run Behavior\BuildLiteBehavior [ RunTime:0.000013s ]
INFO: [ app_init ] --END-- [ RunTime:0.000238s ]
ERR: Êó†Ê≥ïÂä†ËΩΩÊ®°Âùó:Upload

[ 2018-06-24T01:12:58+08:00 ] 111.206.221.101 /Upload/20171111/5a069d91a14b3.png
INFO: [ app_init ] --START--
INFO: Run Behavior\BuildLiteBehavior [ RunTime:0.000011s ]
INFO: [ app_init ] --END-- [ RunTime:0.000276s ]
ERR: Êó†Ê≥ïÂä†ËΩΩÊ®°Âùó:Upload

[ 2018-06-24T01:12:58+08:00 ] 111.206.221.37 /Upload/20171112/5a07c39c944a5.JPG
INFO: [ app_init ] --START--
INFO: Run Behavior\BuildLiteBehavior [ RunTime:0.000014s ]
INFO: [ app_init ] --END-- [ RunTime:0.000296s ]
ERR: Êó†Ê≥ïÂä†ËΩΩÊ®°Âùó:Upload

[ 2018-06-24T05:31:30+08:00 ] 36.41.155.29 /www.hsdcw.cn.rar
INFO: [ app_init ] --START--
INFO: Run Behavior\BuildLiteBehavior [ RunTime:0.000013s ]
INFO: [ app_init ] --END-- [ RunTime:0.000311s ]
ERR: Êó†Ê≥ïÂä†ËΩΩÊ®°Âùó:Www.hsdcw.cn

[ 2018-06-24T05:31:31+08:00 ] 36.41.155.29 /www.hsdcw.cn.zip
INFO: [ app_init ] --START--
INFO: Run Behavior\BuildLiteBehavior [ RunTime:0.000009s ]
INFO: [ app_init ] --END-- [ RunTime:0.000303s ]
ERR: Êó†Ê≥ïÂä†ËΩΩÊ®°Âùó:Www.hsdcw.cn

[ 2018-06-24T05:31:31+08:00 ] 36.41.155.29 /hsdcw.cn.rar
INFO: [ app_init ] --START--
INFO: Run Behavior\BuildLiteBehavior [ RunTime:0.000012s ]
INFO: [ app_init ] --END-- [ RunTime:0.000418s ]
ERR: Êó†Ê≥ïÂä†ËΩΩÊ®°Âùó:Hsdcw.cn

[ 2018-06-24T05:31:31+08:00 ] 36.41.155.29 /hsdcw.cn.zip
INFO: [ app_init ] --START--
INFO: Run Behavior\BuildLiteBehavior [ RunTime:0.000014s ]
INFO: [ app_init ] --END-- [ RunTime:0.000242s ]
ERR: Êó†Ê≥ïÂä†ËΩΩÊ®°Âùó:Hsdcw.cn

[ 2018-06-24T05:31:36+08:00 ] 36.41.155.29 /%E5%A4%87%E4%BB%BD.rar
INFO: [ app_init ] --START--
INFO: Run Behavior\BuildLiteBehavior [ RunTime:0.000012s ]
INFO: [ app_init ] --END-- [ RunTime:0.000394s ]
ERR: Êó†Ê≥ïÂä†ËΩΩÊ®°Âùó:Â§á‰ªΩ

[ 2018-06-24T05:31:36+08:00 ] 36.41.155.29 /wwwroot.rar
INFO: [ app_init ] --START--
INFO: Run Behavior\BuildLiteBehavior [ RunTime:0.000010s ]
INFO: [ app_init ] --END-- [ RunTime:0.000293s ]
ERR: Êó†Ê≥ïÂä†ËΩΩÊ®°Âùó:Wwwroot

[ 2018-06-24T05:31:36+08:00 ] 36.41.155.29 /wwwroot.zip
INFO: [ app_init ] --START--
INFO: Run Behavior\BuildLiteBehavior [ RunTime:0.000010s ]
INFO: [ app_init ] --END-- [ RunTime:0.000267s ]
ERR: Êó†Ê≥ïÂä†ËΩΩÊ®°Âùó:Wwwroot

[ 2018-06-24T05:31:36+08:00 ] 36.41.155.29 /backup.rar
INFO: [ app_init ] --START--
INFO: Run Behavior\BuildLiteBehavior [ RunTime:0.000011s ]
INFO: [ app_init ] --END-- [ RunTime:0.000249s ]
ERR: Êó†Ê≥ïÂä†ËΩΩÊ®°Âùó:Backup

[ 2018-06-24T05:31:37+08:00 ] 36.41.155.29 /bf.rar
INFO: [ app_init ] --START--
INFO: Run Behavior\BuildLiteBehavior [ RunTime:0.000012s ]
INFO: [ app_init ] --END-- [ RunTime:0.000320s ]
ERR: Êó†Ê≥ïÂä†ËΩΩÊ®°Âùó:Bf

[ 2018-06-24T05:31:37+08:00 ] 36.41.155.29 /%25web%25.rar
INFO: [ app_init ] --START--
INFO: Run Behavior\BuildLiteBehavior [ RunTime:0.000012s ]
INFO: [ app_init ] --END-- [ RunTime:0.000248s ]
ERR: Êó†Ê≥ïÂä†ËΩΩÊ®°Âùó:%web%

[ 2018-06-24T05:31:37+08:00 ] 36.41.155.29 /%25web%25.zip
INFO: [ app_init ] --START--
INFO: Run Behavior\BuildLiteBehavior [ RunTime:0.000014s ]
INFO: [ app_init ] --END-- [ RunTime:0.000327s ]
ERR: Êó†Ê≥ïÂä†ËΩΩÊ®°Âùó:%web%

[ 2018-06-24T05:31:37+08:00 ] 36.41.155.29 /%25temp%25.rar
INFO: [ app_init ] --START--
INFO: Run Behavior\BuildLiteBehavior [ RunTime:0.000012s ]
INFO: [ app_init ] --END-- [ RunTime:0.000249s ]
ERR: Êó†Ê≥ïÂä†ËΩΩÊ®°Âùó:%temp%

[ 2018-06-24T05:31:38+08:00 ] 36.41.155.29 /%25temp%25.zip
INFO: [ app_init ] --START--
INFO: Run Behavior\BuildLiteBehavior [ RunTime:0.000012s ]
INFO: [ app_init ] --END-- [ RunTime:0.000333s ]
ERR: Êó†Ê≥ïÂä†ËΩΩÊ®°Âùó:%temp%

[ 2018-06-24T05:31:38+08:00 ] 36.41.155.29 /%back%25.rar
INFO: [ app_init ] --START--
INFO: Run Behavior\BuildLiteBehavior [ RunTime:0.000022s ]
INFO: [ app_init ] --END-- [ RunTime:0.000304s ]
ERR: Êó†Ê≥ïÂä†ËΩΩÊ®°Âùó:∫ck%

[ 2018-06-24T05:31:38+08:00 ] 36.41.155.29 /%back%25.zip
INFO: [ app_init ] --START--
INFO: Run Behavior\BuildLiteBehavior [ RunTime:0.000013s ]
INFO: [ app_init ] --END-- [ RunTime:0.000267s ]
ERR: Êó†Ê≥ïÂä†ËΩΩÊ®°Âùó:∫ck%

[ 2018-06-24T05:31:38+08:00 ] 36.41.155.29 /%backup%25.rar
INFO: [ app_init ] --START--
INFO: Run Behavior\BuildLiteBehavior [ RunTime:0.000012s ]
INFO: [ app_init ] --END-- [ RunTime:0.000233s ]
ERR: Êó†Ê≥ïÂä†ËΩΩÊ®°Âùó:∫ckup%

[ 2018-06-24T05:31:39+08:00 ] 36.41.155.29 /%backup%25.zip
INFO: [ app_init ] --START--
INFO: Run Behavior\BuildLiteBehavior [ RunTime:0.000012s ]
INFO: [ app_init ] --END-- [ RunTime:0.000273s ]
ERR: Êó†Ê≥ïÂä†ËΩΩÊ®°Âùó:∫ckup%

