[ 2018-07-07T11:41:47+08:00 ] 111.206.198.34 /Upload/20171111/5a06a191b70b5.png
INFO: [ app_init ] --START--
INFO: Run Behavior\BuildLiteBehavior [ RunTime:0.000012s ]
INFO: [ app_init ] --END-- [ RunTime:0.000292s ]
ERR: 无法加载模块:Upload

[ 2018-07-07T16:36:24+08:00 ] 116.226.221.83 /Upload/20171112/5a07c429df95b.JPEG
INFO: [ app_init ] --START--
INFO: Run Behavior\BuildLiteBehavior [ RunTime:0.000013s ]
INFO: [ app_init ] --END-- [ RunTime:0.005784s ]
ERR: 无法加载模块:Upload

[ 2018-07-07T16:36:24+08:00 ] 116.226.221.83 /Upload/20171112/5a07c39c944a5.JPG
INFO: [ app_init ] --START--
INFO: Run Behavior\BuildLiteBehavior [ RunTime:0.000016s ]
INFO: [ app_init ] --END-- [ RunTime:0.000788s ]
ERR: 无法加载模块:Upload

[ 2018-07-07T16:36:24+08:00 ] 116.226.221.83 /Upload/20171111/5a069d91a14b3.png
INFO: [ app_init ] --START--
INFO: Run Behavior\BuildLiteBehavior [ RunTime:0.000026s ]
INFO: [ app_init ] --END-- [ RunTime:0.002708s ]
ERR: 无法加载模块:Upload

