[ 2018-06-05T06:58:32+08:00 ] 52.91.152.178 /H_N_d/
INFO: [ app_init ] --START--
INFO: Run Behavior\BuildLiteBehavior [ RunTime:0.000012s ]
INFO: [ app_init ] --END-- [ RunTime:0.000259s ]
ERR: 无法加载模块:H_N_d

[ 2018-06-05T06:59:15+08:00 ] 52.91.152.178 /news_politics/
INFO: [ app_init ] --START--
INFO: Run Behavior\BuildLiteBehavior [ RunTime:0.000009s ]
INFO: [ app_init ] --END-- [ RunTime:0.000227s ]
ERR: 无法加载模块:News_politics

[ 2018-06-05T07:02:08+08:00 ] 52.91.152.178 /user/6448930270/
INFO: [ app_init ] --START--
INFO: Run Behavior\BuildLiteBehavior [ RunTime:0.000009s ]
INFO: [ app_init ] --END-- [ RunTime:0.000219s ]
ERR: 无法加载模块:User

[ 2018-06-05T07:59:21+08:00 ] 123.125.143.8 /Upload/20171111/5a069ee6be881.jpg
INFO: [ app_init ] --START--
INFO: Run Behavior\BuildLiteBehavior [ RunTime:0.000009s ]
INFO: [ app_init ] --END-- [ RunTime:0.000224s ]
ERR: 无法加载模块:Upload

[ 2018-06-05T09:39:34+08:00 ] 52.91.152.178 /H_N_d/
INFO: [ app_init ] --START--
INFO: Run Behavior\BuildLiteBehavior [ RunTime:0.000010s ]
INFO: [ app_init ] --END-- [ RunTime:0.000267s ]
ERR: 无法加载模块:H_N_d

[ 2018-06-05T09:40:17+08:00 ] 52.91.152.178 /news_politics/
INFO: [ app_init ] --START--
INFO: Run Behavior\BuildLiteBehavior [ RunTime:0.000009s ]
INFO: [ app_init ] --END-- [ RunTime:0.000258s ]
ERR: 无法加载模块:News_politics

[ 2018-06-05T09:43:25+08:00 ] 52.91.152.178 /user/6448930270/
INFO: [ app_init ] --START--
INFO: Run Behavior\BuildLiteBehavior [ RunTime:0.000009s ]
INFO: [ app_init ] --END-- [ RunTime:0.000275s ]
ERR: 无法加载模块:User

[ 2018-06-05T18:39:10+08:00 ] 123.125.71.28 /h_n_d/
INFO: [ app_init ] --START--
INFO: Run Behavior\BuildLiteBehavior [ RunTime:0.000012s ]
INFO: [ app_init ] --END-- [ RunTime:0.000263s ]
ERR: 无法加载模块:H_n_d

