[ 2018-06-08T14:31:37+08:00 ] 203.208.60.208 /favicon.ico
INFO: [ app_init ] --START--
INFO: Run Behavior\BuildLiteBehavior [ RunTime:0.000014s ]
INFO: [ app_init ] --END-- [ RunTime:0.002798s ]
ERR: 无法加载模块:Favicon

[ 2018-06-08T14:58:58+08:00 ] 221.234.196.82 /favicon.ico
INFO: [ app_init ] --START--
INFO: Run Behavior\BuildLiteBehavior [ RunTime:0.000010s ]
INFO: [ app_init ] --END-- [ RunTime:0.000247s ]
ERR: 无法加载模块:Favicon

[ 2018-06-08T17:04:24+08:00 ] 203.208.60.208 /favicon.ico
INFO: [ app_init ] --START--
INFO: Run Behavior\BuildLiteBehavior [ RunTime:0.000009s ]
INFO: [ app_init ] --END-- [ RunTime:0.000264s ]
ERR: 无法加载模块:Favicon

[ 2018-06-08T21:59:14+08:00 ] 119.79.165.24 /Upload/20171112/5a07c429df95b.JPEG
INFO: [ app_init ] --START--
INFO: Run Behavior\BuildLiteBehavior [ RunTime:0.000011s ]
INFO: [ app_init ] --END-- [ RunTime:0.000249s ]
ERR: 无法加载模块:Upload

[ 2018-06-08T21:59:14+08:00 ] 119.79.165.24 /Upload/20171112/5a07c39c944a5.JPG
INFO: [ app_init ] --START--
INFO: Run Behavior\BuildLiteBehavior [ RunTime:0.000009s ]
INFO: [ app_init ] --END-- [ RunTime:0.000257s ]
ERR: 无法加载模块:Upload

[ 2018-06-08T21:59:14+08:00 ] 119.79.165.24 /Upload/20171111/5a069d91a14b3.png
INFO: [ app_init ] --START--
INFO: Run Behavior\BuildLiteBehavior [ RunTime:0.000008s ]
INFO: [ app_init ] --END-- [ RunTime:0.000210s ]
ERR: 无法加载模块:Upload

