[ 2018-06-19T10:34:38+08:00 ] 158.69.228.56 /Upload/20171112/5a07c429df95b.JPEG
INFO: [ app_init ] --START--
INFO: Run Behavior\BuildLiteBehavior [ RunTime:0.000013s ]
INFO: [ app_init ] --END-- [ RunTime:0.000341s ]
ERR: 无法加载模块:Upload

[ 2018-06-19T10:34:38+08:00 ] 158.69.228.56 /Upload/20171112/5a07c39c944a5.JPG
INFO: [ app_init ] --START--
INFO: Run Behavior\BuildLiteBehavior [ RunTime:0.000014s ]
INFO: [ app_init ] --END-- [ RunTime:0.000320s ]
ERR: 无法加载模块:Upload

[ 2018-06-19T10:34:38+08:00 ] 158.69.228.56 /Upload/20171111/5a069d91a14b3.png
INFO: [ app_init ] --START--
INFO: Run Behavior\BuildLiteBehavior [ RunTime:0.000011s ]
INFO: [ app_init ] --END-- [ RunTime:0.000238s ]
ERR: 无法加载模块:Upload

[ 2018-06-19T10:34:44+08:00 ] 158.69.228.56 /Upload/20171111/5a069ee6be881.jpg
INFO: [ app_init ] --START--
INFO: Run Behavior\BuildLiteBehavior [ RunTime:0.000010s ]
INFO: [ app_init ] --END-- [ RunTime:0.000222s ]
ERR: 无法加载模块:Upload

[ 2018-06-19T10:34:47+08:00 ] 158.69.228.56 /Upload/20171111/5a06a191b70b5.png
INFO: [ app_init ] --START--
INFO: Run Behavior\BuildLiteBehavior [ RunTime:0.000010s ]
INFO: [ app_init ] --END-- [ RunTime:0.000246s ]
ERR: 无法加载模块:Upload

[ 2018-06-19T10:34:50+08:00 ] 158.69.228.56 /Upload/20171111/1510381913121493.jpg
INFO: [ app_init ] --START--
INFO: Run Behavior\BuildLiteBehavior [ RunTime:0.000010s ]
INFO: [ app_init ] --END-- [ RunTime:0.000225s ]
ERR: 无法加载模块:Upload

[ 2018-06-19T10:35:34+08:00 ] 158.69.228.56 /ueditor/php/upload/image/20171111/1510382872933456.png
INFO: [ app_init ] --START--
INFO: Run Behavior\BuildLiteBehavior [ RunTime:0.000013s ]
INFO: [ app_init ] --END-- [ RunTime:0.000236s ]
ERR: 无法加载模块:Ueditor

[ 2018-06-19T10:35:34+08:00 ] 158.69.228.56 /ueditor/php/upload/image/20171111/1510382873733100.png
INFO: [ app_init ] --START--
INFO: Run Behavior\BuildLiteBehavior [ RunTime:0.000014s ]
INFO: [ app_init ] --END-- [ RunTime:0.000246s ]
ERR: 无法加载模块:Ueditor

[ 2018-06-19T10:35:34+08:00 ] 158.69.228.56 /ueditor/php/upload/image/20171111/1510382874386350.png
INFO: [ app_init ] --START--
INFO: Run Behavior\BuildLiteBehavior [ RunTime:0.000012s ]
INFO: [ app_init ] --END-- [ RunTime:0.000248s ]
ERR: 无法加载模块:Ueditor

[ 2018-06-19T10:35:34+08:00 ] 158.69.228.56 /ueditor/php/upload/image/20171111/1510382873123000.png
INFO: [ app_init ] --START--
INFO: Run Behavior\BuildLiteBehavior [ RunTime:0.000008s ]
INFO: [ app_init ] --END-- [ RunTime:0.000231s ]
ERR: 无法加载模块:Ueditor

[ 2018-06-19T10:35:34+08:00 ] 158.69.228.56 /ueditor/php/upload/image/20171111/1510382874130845.png
INFO: [ app_init ] --START--
INFO: Run Behavior\BuildLiteBehavior [ RunTime:0.000009s ]
INFO: [ app_init ] --END-- [ RunTime:0.000243s ]
ERR: 无法加载模块:Ueditor

[ 2018-06-19T10:35:35+08:00 ] 158.69.228.56 /ueditor/php/upload/image/20171111/1510382873261814.png
INFO: [ app_init ] --START--
INFO: Run Behavior\BuildLiteBehavior [ RunTime:0.000014s ]
INFO: [ app_init ] --END-- [ RunTime:0.000265s ]
ERR: 无法加载模块:Ueditor

[ 2018-06-19T10:35:35+08:00 ] 158.69.228.56 /ueditor/php/upload/image/20171111/1510382876921818.png
INFO: [ app_init ] --START--
INFO: Run Behavior\BuildLiteBehavior [ RunTime:0.000014s ]
INFO: [ app_init ] --END-- [ RunTime:0.000651s ]
ERR: 无法加载模块:Ueditor

