[ 2018-05-25T09:31:52+08:00 ] 203.208.60.212 /.well-known/assetlinks.json
INFO: [ app_init ] --START--
INFO: Run Behavior\BuildLiteBehavior [ RunTime:0.000031s ]
INFO: [ app_init ] --END-- [ RunTime:0.000247s ]
ERR: 无法加载模块:.well-known

[ 2018-05-25T17:37:18+08:00 ] 58.19.79.121 /favicon.ico
INFO: [ app_init ] --START--
INFO: Run Behavior\BuildLiteBehavior [ RunTime:0.000009s ]
INFO: [ app_init ] --END-- [ RunTime:0.000273s ]
ERR: 无法加载模块:Favicon

[ 2018-05-25T18:17:22+08:00 ] 58.19.41.17 /Upload/20171112/5a07c429df95b.JPEG
INFO: [ app_init ] --START--
INFO: Run Behavior\BuildLiteBehavior [ RunTime:0.000009s ]
INFO: [ app_init ] --END-- [ RunTime:0.000235s ]
ERR: 无法加载模块:Upload

[ 2018-05-25T18:17:22+08:00 ] 58.19.41.17 /Upload/20171112/5a07c39c944a5.JPG
INFO: [ app_init ] --START--
INFO: Run Behavior\BuildLiteBehavior [ RunTime:0.000007s ]
INFO: [ app_init ] --END-- [ RunTime:0.000267s ]
ERR: 无法加载模块:Upload

[ 2018-05-25T18:17:22+08:00 ] 58.19.41.17 /Upload/20171111/5a069d91a14b3.png
INFO: [ app_init ] --START--
INFO: Run Behavior\BuildLiteBehavior [ RunTime:0.000007s ]
INFO: [ app_init ] --END-- [ RunTime:0.000208s ]
ERR: 无法加载模块:Upload

[ 2018-05-25T18:17:23+08:00 ] 58.19.41.17 /Upload/20171112/5a07c429df95b.JPEG
INFO: [ app_init ] --START--
INFO: Run Behavior\BuildLiteBehavior [ RunTime:0.000011s ]
INFO: [ app_init ] --END-- [ RunTime:0.000252s ]
ERR: 无法加载模块:Upload

[ 2018-05-25T18:17:23+08:00 ] 58.19.41.17 /Upload/20171112/5a07c39c944a5.JPG
INFO: [ app_init ] --START--
INFO: Run Behavior\BuildLiteBehavior [ RunTime:0.000010s ]
INFO: [ app_init ] --END-- [ RunTime:0.000222s ]
ERR: 无法加载模块:Upload

[ 2018-05-25T18:17:23+08:00 ] 58.19.41.17 /Upload/20171111/5a069d91a14b3.png
INFO: [ app_init ] --START--
INFO: Run Behavior\BuildLiteBehavior [ RunTime:0.000007s ]
INFO: [ app_init ] --END-- [ RunTime:0.000228s ]
ERR: 无法加载模块:Upload

[ 2018-05-25T18:17:24+08:00 ] 58.19.41.17 /Upload/20171112/5a07c429df95b.JPEG
INFO: [ app_init ] --START--
INFO: Run Behavior\BuildLiteBehavior [ RunTime:0.000009s ]
INFO: [ app_init ] --END-- [ RunTime:0.000229s ]
ERR: 无法加载模块:Upload

[ 2018-05-25T18:17:24+08:00 ] 58.19.41.17 /Upload/20171112/5a07c39c944a5.JPG
INFO: [ app_init ] --START--
INFO: Run Behavior\BuildLiteBehavior [ RunTime:0.000009s ]
INFO: [ app_init ] --END-- [ RunTime:0.000212s ]
ERR: 无法加载模块:Upload

[ 2018-05-25T18:17:24+08:00 ] 58.19.41.17 /Upload/20171111/5a069d91a14b3.png
INFO: [ app_init ] --START--
INFO: Run Behavior\BuildLiteBehavior [ RunTime:0.000007s ]
INFO: [ app_init ] --END-- [ RunTime:0.000261s ]
ERR: 无法加载模块:Upload

[ 2018-05-25T18:17:26+08:00 ] 58.19.41.17 /ueditor/php/upload/image/20171111/1510382872933456.png
INFO: [ app_init ] --START--
INFO: Run Behavior\BuildLiteBehavior [ RunTime:0.000009s ]
INFO: [ app_init ] --END-- [ RunTime:0.000222s ]
ERR: 无法加载模块:Ueditor

[ 2018-05-25T18:17:26+08:00 ] 58.19.41.17 /ueditor/php/upload/image/20171111/1510382873123000.png
INFO: [ app_init ] --START--
INFO: Run Behavior\BuildLiteBehavior [ RunTime:0.000010s ]
INFO: [ app_init ] --END-- [ RunTime:0.004273s ]
ERR: 无法加载模块:Ueditor

[ 2018-05-25T18:17:26+08:00 ] 58.19.41.17 /ueditor/php/upload/image/20171111/1510382873733100.png
INFO: [ app_init ] --START--
INFO: Run Behavior\BuildLiteBehavior [ RunTime:0.000007s ]
INFO: [ app_init ] --END-- [ RunTime:0.003203s ]
ERR: 无法加载模块:Ueditor

[ 2018-05-25T18:17:26+08:00 ] 58.19.41.17 /ueditor/php/upload/image/20171111/1510382874386350.png
INFO: [ app_init ] --START--
INFO: Run Behavior\BuildLiteBehavior [ RunTime:0.000007s ]
INFO: [ app_init ] --END-- [ RunTime:0.000229s ]
ERR: 无法加载模块:Ueditor

[ 2018-05-25T18:17:26+08:00 ] 58.19.41.17 /ueditor/php/upload/image/20171111/1510382873261814.png
INFO: [ app_init ] --START--
INFO: Run Behavior\BuildLiteBehavior [ RunTime:0.005618s ]
INFO: [ app_init ] --END-- [ RunTime:0.005898s ]
ERR: 无法加载模块:Ueditor

[ 2018-05-25T18:17:26+08:00 ] 58.19.41.17 /ueditor/php/upload/image/20171111/1510382874130845.png
INFO: [ app_init ] --START--
INFO: Run Behavior\BuildLiteBehavior [ RunTime:0.000011s ]
INFO: [ app_init ] --END-- [ RunTime:0.002427s ]
ERR: 无法加载模块:Ueditor

[ 2018-05-25T18:17:26+08:00 ] 58.19.41.17 /ueditor/php/upload/image/20171111/1510382876921818.png
INFO: [ app_init ] --START--
INFO: Run Behavior\BuildLiteBehavior [ RunTime:0.000008s ]
INFO: [ app_init ] --END-- [ RunTime:0.000215s ]
ERR: 无法加载模块:Ueditor

[ 2018-05-25T18:17:26+08:00 ] 58.19.41.17 /ueditor/php/upload/image/20171111/1510382872933456.png
INFO: [ app_init ] --START--
INFO: Run Behavior\BuildLiteBehavior [ RunTime:0.000010s ]
INFO: [ app_init ] --END-- [ RunTime:0.000258s ]
ERR: 无法加载模块:Ueditor

[ 2018-05-25T18:17:26+08:00 ] 58.19.41.17 /ueditor/php/upload/image/20171111/1510382873123000.png
INFO: [ app_init ] --START--
INFO: Run Behavior\BuildLiteBehavior [ RunTime:0.000012s ]
INFO: [ app_init ] --END-- [ RunTime:0.000280s ]
ERR: 无法加载模块:Ueditor

[ 2018-05-25T18:17:26+08:00 ] 58.19.41.17 /ueditor/php/upload/image/20171111/1510382874386350.png
INFO: [ app_init ] --START--
INFO: Run Behavior\BuildLiteBehavior [ RunTime:0.000008s ]
INFO: [ app_init ] --END-- [ RunTime:0.000235s ]
ERR: 无法加载模块:Ueditor

[ 2018-05-25T18:17:26+08:00 ] 58.19.41.17 /ueditor/php/upload/image/20171111/1510382873733100.png
INFO: [ app_init ] --START--
INFO: Run Behavior\BuildLiteBehavior [ RunTime:0.000009s ]
INFO: [ app_init ] --END-- [ RunTime:0.000228s ]
ERR: 无法加载模块:Ueditor

[ 2018-05-25T18:17:26+08:00 ] 58.19.41.17 /ueditor/php/upload/image/20171111/1510382873261814.png
INFO: [ app_init ] --START--
INFO: Run Behavior\BuildLiteBehavior [ RunTime:0.000012s ]
INFO: [ app_init ] --END-- [ RunTime:0.000251s ]
ERR: 无法加载模块:Ueditor

[ 2018-05-25T18:17:26+08:00 ] 58.19.41.17 /ueditor/php/upload/image/20171111/1510382874130845.png
INFO: [ app_init ] --START--
INFO: Run Behavior\BuildLiteBehavior [ RunTime:0.000009s ]
INFO: [ app_init ] --END-- [ RunTime:0.000223s ]
ERR: 无法加载模块:Ueditor

[ 2018-05-25T18:17:26+08:00 ] 58.19.41.17 /ueditor/php/upload/image/20171111/1510382876921818.png
INFO: [ app_init ] --START--
INFO: Run Behavior\BuildLiteBehavior [ RunTime:0.000008s ]
INFO: [ app_init ] --END-- [ RunTime:0.000215s ]
ERR: 无法加载模块:Ueditor

[ 2018-05-25T18:17:30+08:00 ] 58.19.41.17 /ueditor/php/upload/image/20171111/1510382872933456.png
INFO: [ app_init ] --START--
INFO: Run Behavior\BuildLiteBehavior [ RunTime:0.000009s ]
INFO: [ app_init ] --END-- [ RunTime:0.000250s ]
ERR: 无法加载模块:Ueditor

[ 2018-05-25T18:17:30+08:00 ] 58.19.41.17 /ueditor/php/upload/image/20171111/1510382873733100.png
INFO: [ app_init ] --START--
INFO: Run Behavior\BuildLiteBehavior [ RunTime:0.000011s ]
INFO: [ app_init ] --END-- [ RunTime:0.000230s ]
ERR: 无法加载模块:Ueditor

[ 2018-05-25T18:17:30+08:00 ] 58.19.41.17 /ueditor/php/upload/image/20171111/1510382873261814.png
INFO: [ app_init ] --START--
INFO: Run Behavior\BuildLiteBehavior [ RunTime:0.000010s ]
INFO: [ app_init ] --END-- [ RunTime:0.003867s ]
ERR: 无法加载模块:Ueditor

[ 2018-05-25T18:17:30+08:00 ] 58.19.41.17 /ueditor/php/upload/image/20171111/1510382873123000.png
INFO: [ app_init ] --START--
INFO: Run Behavior\BuildLiteBehavior [ RunTime:0.000007s ]
INFO: [ app_init ] --END-- [ RunTime:0.000245s ]
ERR: 无法加载模块:Ueditor

[ 2018-05-25T18:17:30+08:00 ] 58.19.41.17 /ueditor/php/upload/image/20171111/1510382874130845.png
INFO: [ app_init ] --START--
INFO: Run Behavior\BuildLiteBehavior [ RunTime:0.000007s ]
INFO: [ app_init ] --END-- [ RunTime:0.000204s ]
ERR: 无法加载模块:Ueditor

[ 2018-05-25T18:17:30+08:00 ] 58.19.41.17 /ueditor/php/upload/image/20171111/1510382874386350.png
INFO: [ app_init ] --START--
INFO: Run Behavior\BuildLiteBehavior [ RunTime:0.000007s ]
INFO: [ app_init ] --END-- [ RunTime:0.000216s ]
ERR: 无法加载模块:Ueditor

[ 2018-05-25T18:17:30+08:00 ] 58.19.41.17 /ueditor/php/upload/image/20171111/1510382876921818.png
INFO: [ app_init ] --START--
INFO: Run Behavior\BuildLiteBehavior [ RunTime:0.000007s ]
INFO: [ app_init ] --END-- [ RunTime:0.000393s ]
ERR: 无法加载模块:Ueditor

