[ 2018-07-28T00:36:50+08:00 ] 123.125.67.227 /robots.txt
INFO: [ app_init ] --START--
INFO: Run Behavior\BuildLiteBehavior [ RunTime:0.000011s ]
INFO: [ app_init ] --END-- [ RunTime:0.000261s ]
ERR: 无法加载模块:Robots

[ 2018-07-28T01:22:18+08:00 ] 106.11.153.253 /robots.txt
INFO: [ app_init ] --START--
INFO: Run Behavior\BuildLiteBehavior [ RunTime:0.000012s ]
INFO: [ app_init ] --END-- [ RunTime:0.000305s ]
ERR: 无法加载模块:Robots

[ 2018-07-28T01:22:18+08:00 ] 106.11.153.253 /robots.txt
INFO: [ app_init ] --START--
INFO: Run Behavior\BuildLiteBehavior [ RunTime:0.000012s ]
INFO: [ app_init ] --END-- [ RunTime:0.000265s ]
ERR: 无法加载模块:Robots

[ 2018-07-28T01:22:21+08:00 ] 221.232.177.184 /robots.txt
INFO: [ app_init ] --START--
INFO: Run Behavior\BuildLiteBehavior [ RunTime:0.000010s ]
INFO: [ app_init ] --END-- [ RunTime:0.000269s ]
ERR: 无法加载模块:Robots

[ 2018-07-28T01:22:25+08:00 ] 221.232.177.64 /robots.txt
INFO: [ app_init ] --START--
INFO: Run Behavior\BuildLiteBehavior [ RunTime:0.000010s ]
INFO: [ app_init ] --END-- [ RunTime:0.000469s ]
ERR: 无法加载模块:Robots

[ 2018-07-28T21:09:03+08:00 ] 49.222.106.117 /Upload/20171112/5a07c429df95b.JPEG
INFO: [ app_init ] --START--
INFO: Run Behavior\BuildLiteBehavior [ RunTime:0.000011s ]
INFO: [ app_init ] --END-- [ RunTime:0.000247s ]
ERR: 无法加载模块:Upload

[ 2018-07-28T21:09:03+08:00 ] 49.222.106.117 /Upload/20171112/5a07c39c944a5.JPG
INFO: [ app_init ] --START--
INFO: Run Behavior\BuildLiteBehavior [ RunTime:0.000010s ]
INFO: [ app_init ] --END-- [ RunTime:0.000274s ]
ERR: 无法加载模块:Upload

[ 2018-07-28T21:09:03+08:00 ] 49.222.106.117 /Upload/20171111/5a069d91a14b3.png
INFO: [ app_init ] --START--
INFO: Run Behavior\BuildLiteBehavior [ RunTime:0.000011s ]
INFO: [ app_init ] --END-- [ RunTime:0.000294s ]
ERR: 无法加载模块:Upload

[ 2018-07-28T21:09:06+08:00 ] 49.222.106.117 /Upload/20171112/5a07c39c944a5.JPG
INFO: [ app_init ] --START--
INFO: Run Behavior\BuildLiteBehavior [ RunTime:0.000013s ]
INFO: [ app_init ] --END-- [ RunTime:0.000253s ]
ERR: 无法加载模块:Upload

[ 2018-07-28T21:09:06+08:00 ] 49.222.106.117 /Upload/20171112/5a07c429df95b.JPEG
INFO: [ app_init ] --START--
INFO: Run Behavior\BuildLiteBehavior [ RunTime:0.000008s ]
INFO: [ app_init ] --END-- [ RunTime:0.000220s ]
ERR: 无法加载模块:Upload

[ 2018-07-28T21:09:06+08:00 ] 49.222.106.117 /Upload/20171111/5a069d91a14b3.png
INFO: [ app_init ] --START--
INFO: Run Behavior\BuildLiteBehavior [ RunTime:0.000010s ]
INFO: [ app_init ] --END-- [ RunTime:0.000229s ]
ERR: 无法加载模块:Upload

[ 2018-07-28T21:10:55+08:00 ] 49.222.106.117 /Upload/20171112/5a07c39c944a5.JPG
INFO: [ app_init ] --START--
INFO: Run Behavior\BuildLiteBehavior [ RunTime:0.000011s ]
INFO: [ app_init ] --END-- [ RunTime:0.000280s ]
ERR: 无法加载模块:Upload

[ 2018-07-28T21:11:03+08:00 ] 49.222.106.117 /Upload/20171112/5a07c429df95b.JPEG
INFO: [ app_init ] --START--
INFO: Run Behavior\BuildLiteBehavior [ RunTime:0.000013s ]
INFO: [ app_init ] --END-- [ RunTime:0.000624s ]
ERR: 无法加载模块:Upload

[ 2018-07-28T21:11:03+08:00 ] 49.222.106.117 /Upload/20171111/5a069d91a14b3.png
INFO: [ app_init ] --START--
INFO: Run Behavior\BuildLiteBehavior [ RunTime:0.000007s ]
INFO: [ app_init ] --END-- [ RunTime:0.000212s ]
ERR: 无法加载模块:Upload

[ 2018-07-28T21:11:03+08:00 ] 49.222.106.117 /Upload/20171112/5a07c39c944a5.JPG
INFO: [ app_init ] --START--
INFO: Run Behavior\BuildLiteBehavior [ RunTime:0.000012s ]
INFO: [ app_init ] --END-- [ RunTime:0.000268s ]
ERR: 无法加载模块:Upload

[ 2018-07-28T21:11:09+08:00 ] 49.222.106.117 /Upload/20171112/5a07c429df95b.JPEG
INFO: [ app_init ] --START--
INFO: Run Behavior\BuildLiteBehavior [ RunTime:0.001394s ]
INFO: [ app_init ] --END-- [ RunTime:0.001684s ]
ERR: 无法加载模块:Upload

[ 2018-07-28T21:11:09+08:00 ] 49.222.106.117 /Upload/20171112/5a07c39c944a5.JPG
INFO: [ app_init ] --START--
INFO: Run Behavior\BuildLiteBehavior [ RunTime:0.000013s ]
INFO: [ app_init ] --END-- [ RunTime:0.000304s ]
ERR: 无法加载模块:Upload

[ 2018-07-28T21:11:09+08:00 ] 49.222.106.117 /Upload/20171111/5a069d91a14b3.png
INFO: [ app_init ] --START--
INFO: Run Behavior\BuildLiteBehavior [ RunTime:0.000014s ]
INFO: [ app_init ] --END-- [ RunTime:0.000422s ]
ERR: 无法加载模块:Upload

[ 2018-07-28T21:11:27+08:00 ] 49.222.106.117 /Upload/20171112/5a07c429df95b.JPEG
INFO: [ app_init ] --START--
INFO: Run Behavior\BuildLiteBehavior [ RunTime:0.000015s ]
INFO: [ app_init ] --END-- [ RunTime:0.000326s ]
ERR: 无法加载模块:Upload

[ 2018-07-28T21:11:27+08:00 ] 49.222.106.117 /Upload/20171112/5a07c39c944a5.JPG
INFO: [ app_init ] --START--
INFO: Run Behavior\BuildLiteBehavior [ RunTime:0.000011s ]
INFO: [ app_init ] --END-- [ RunTime:0.000294s ]
ERR: 无法加载模块:Upload

[ 2018-07-28T21:11:27+08:00 ] 49.222.106.117 /Upload/20171111/5a069d91a14b3.png
INFO: [ app_init ] --START--
INFO: Run Behavior\BuildLiteBehavior [ RunTime:0.000014s ]
INFO: [ app_init ] --END-- [ RunTime:0.000400s ]
ERR: 无法加载模块:Upload

[ 2018-07-28T21:11:31+08:00 ] 49.222.106.117 /Upload/20171111/1510381913121493.jpg
INFO: [ app_init ] --START--
INFO: Run Behavior\BuildLiteBehavior [ RunTime:0.000021s ]
INFO: [ app_init ] --END-- [ RunTime:0.000299s ]
ERR: 无法加载模块:Upload

[ 2018-07-28T21:19:04+08:00 ] 49.222.106.117 /Upload/20171112/5a07c429df95b.JPEG
INFO: [ app_init ] --START--
INFO: Run Behavior\BuildLiteBehavior [ RunTime:0.000009s ]
INFO: [ app_init ] --END-- [ RunTime:0.000222s ]
ERR: 无法加载模块:Upload

[ 2018-07-28T21:19:04+08:00 ] 49.222.106.117 /Upload/20171112/5a07c39c944a5.JPG
INFO: [ app_init ] --START--
INFO: Run Behavior\BuildLiteBehavior [ RunTime:0.000011s ]
INFO: [ app_init ] --END-- [ RunTime:0.000235s ]
ERR: 无法加载模块:Upload

[ 2018-07-28T21:19:04+08:00 ] 49.222.106.117 /Upload/20171111/5a069d91a14b3.png
INFO: [ app_init ] --START--
INFO: Run Behavior\BuildLiteBehavior [ RunTime:0.000007s ]
INFO: [ app_init ] --END-- [ RunTime:0.000240s ]
ERR: 无法加载模块:Upload

[ 2018-07-28T21:19:09+08:00 ] 49.222.106.117 /Upload/20171112/5a07c39c944a5.JPG
INFO: [ app_init ] --START--
INFO: Run Behavior\BuildLiteBehavior [ RunTime:0.000012s ]
INFO: [ app_init ] --END-- [ RunTime:0.000257s ]
ERR: 无法加载模块:Upload

[ 2018-07-28T21:19:09+08:00 ] 49.222.106.117 /Upload/20171112/5a07c429df95b.JPEG
INFO: [ app_init ] --START--
INFO: Run Behavior\BuildLiteBehavior [ RunTime:0.000010s ]
INFO: [ app_init ] --END-- [ RunTime:0.000239s ]
ERR: 无法加载模块:Upload

[ 2018-07-28T21:19:09+08:00 ] 49.222.106.117 /Upload/20171111/5a069d91a14b3.png
INFO: [ app_init ] --START--
INFO: Run Behavior\BuildLiteBehavior [ RunTime:0.000013s ]
INFO: [ app_init ] --END-- [ RunTime:0.000249s ]
ERR: 无法加载模块:Upload

[ 2018-07-28T23:45:46+08:00 ] 5.45.207.42 /robots.txt
INFO: [ app_init ] --START--
INFO: Run Behavior\BuildLiteBehavior [ RunTime:0.000017s ]
INFO: [ app_init ] --END-- [ RunTime:0.000470s ]
ERR: 无法加载模块:Robots

[ 2018-07-28T23:49:56+08:00 ] 49.222.106.117 /Upload/20171111/1510381913121493.jpg
INFO: [ app_init ] --START--
INFO: Run Behavior\BuildLiteBehavior [ RunTime:0.000008s ]
INFO: [ app_init ] --END-- [ RunTime:0.000215s ]
ERR: 无法加载模块:Upload

[ 2018-07-28T23:50:00+08:00 ] 49.222.106.117 /Upload/20171111/5a069d91a14b3.png
INFO: [ app_init ] --START--
INFO: Run Behavior\BuildLiteBehavior [ RunTime:0.000009s ]
INFO: [ app_init ] --END-- [ RunTime:0.000228s ]
ERR: 无法加载模块:Upload

[ 2018-07-28T23:50:00+08:00 ] 49.222.106.117 /Upload/20171112/5a07c429df95b.JPEG
INFO: [ app_init ] --START--
INFO: Run Behavior\BuildLiteBehavior [ RunTime:0.000008s ]
INFO: [ app_init ] --END-- [ RunTime:0.000227s ]
ERR: 无法加载模块:Upload

[ 2018-07-28T23:50:00+08:00 ] 49.222.106.117 /Upload/20171112/5a07c39c944a5.JPG
INFO: [ app_init ] --START--
INFO: Run Behavior\BuildLiteBehavior [ RunTime:0.000008s ]
INFO: [ app_init ] --END-- [ RunTime:0.000218s ]
ERR: 无法加载模块:Upload

[ 2018-07-28T23:50:18+08:00 ] 49.222.106.117 /favicon.ico
INFO: [ app_init ] --START--
INFO: Run Behavior\BuildLiteBehavior [ RunTime:0.000013s ]
INFO: [ app_init ] --END-- [ RunTime:0.000311s ]
ERR: 无法加载模块:Favicon

