[ 2016-06-13T11:06:34+08:00 ] 114.245.79.200 /Member/Login/login.html
INFO: [ app_begin ] --START--
INFO: Run Behavior\ReadHtmlCacheBehavior [ RunTime:0.000420s ]
INFO: [ app_begin ] --END-- [ RunTime:0.000718s ]
SQL: SHOW COLUMNS FROM `hsdcw_vipuser` [ RunTime:0.0005s ]
SQL: SELECT * FROM `hsdcw_vipuser` WHERE `username` = 'aa' LIMIT 1   [ RunTime:0.0001s ]

[ 2016-06-13T11:06:41+08:00 ] 114.245.79.200 /Member/Login/loginout
INFO: [ app_begin ] --START--
INFO: Run Behavior\ReadHtmlCacheBehavior [ RunTime:0.000426s ]
INFO: [ app_begin ] --END-- [ RunTime:0.000711s ]

[ 2016-06-13T13:57:46+08:00 ] 114.245.79.200 /Member/Login/loginout
INFO: [ app_begin ] --START--
INFO: Run Behavior\ReadHtmlCacheBehavior [ RunTime:0.000422s ]
INFO: [ app_begin ] --END-- [ RunTime:0.000707s ]

[ 2016-06-13T14:00:07+08:00 ] 114.245.79.200 /Member/Login/loginout
INFO: [ app_begin ] --START--
INFO: Run Behavior\ReadHtmlCacheBehavior [ RunTime:0.000550s ]
INFO: [ app_begin ] --END-- [ RunTime:0.000841s ]

[ 2016-06-13T14:02:13+08:00 ] 114.245.79.200 /Member/Login/loginout
INFO: [ app_begin ] --START--
INFO: Run Behavior\ReadHtmlCacheBehavior [ RunTime:0.000593s ]
INFO: [ app_begin ] --END-- [ RunTime:0.000923s ]

[ 2016-06-13T14:04:36+08:00 ] 114.245.79.200 /Member/Login/loginout
INFO: [ app_begin ] --START--
INFO: Run Behavior\ReadHtmlCacheBehavior [ RunTime:0.000399s ]
INFO: [ app_begin ] --END-- [ RunTime:0.000705s ]

[ 2016-06-13T14:04:55+08:00 ] 114.245.79.200 /Member/Login/loginout
INFO: [ app_begin ] --START--
INFO: Run Behavior\ReadHtmlCacheBehavior [ RunTime:0.000564s ]
INFO: [ app_begin ] --END-- [ RunTime:0.000848s ]

[ 2016-06-13T14:10:01+08:00 ] 114.245.79.200 /Member/Login/loginout
INFO: [ app_begin ] --START--
INFO: Run Behavior\ReadHtmlCacheBehavior [ RunTime:0.000419s ]
INFO: [ app_begin ] --END-- [ RunTime:0.000736s ]

[ 2016-06-13T14:11:45+08:00 ] 114.245.79.200 /Member/Login/loginout
INFO: [ app_begin ] --START--
INFO: Run Behavior\ReadHtmlCacheBehavior [ RunTime:0.000409s ]
INFO: [ app_begin ] --END-- [ RunTime:0.000709s ]

[ 2016-06-13T15:50:03+08:00 ] 114.245.79.200 /Member/Login/loginout
INFO: [ app_begin ] --START--
INFO: Run Behavior\ReadHtmlCacheBehavior [ RunTime:0.000423s ]
INFO: [ app_begin ] --END-- [ RunTime:0.000700s ]

[ 2016-06-13T16:29:33+08:00 ] 114.245.79.200 /Member/Login/login.html
INFO: [ app_begin ] --START--
INFO: Run Behavior\ReadHtmlCacheBehavior [ RunTime:0.000395s ]
INFO: [ app_begin ] --END-- [ RunTime:0.000674s ]
SQL: SHOW COLUMNS FROM `hsdcw_vipuser` [ RunTime:0.0005s ]
SQL: SELECT * FROM `hsdcw_vipuser` WHERE `username` = '' LIMIT 1   [ RunTime:0.0001s ]

[ 2016-06-13T16:29:33+08:00 ] 114.245.79.200 /Member/Login/login.html
INFO: [ app_begin ] --START--
INFO: Run Behavior\ReadHtmlCacheBehavior [ RunTime:0.000441s ]
INFO: [ app_begin ] --END-- [ RunTime:0.000728s ]
SQL: SHOW COLUMNS FROM `hsdcw_vipuser` [ RunTime:0.0005s ]
SQL: SELECT * FROM `hsdcw_vipuser` WHERE `username` = '' LIMIT 1   [ RunTime:0.0001s ]

[ 2016-06-13T16:29:39+08:00 ] 114.245.79.200 /Member/Login/login.html
INFO: [ app_begin ] --START--
INFO: Run Behavior\ReadHtmlCacheBehavior [ RunTime:0.000417s ]
INFO: [ app_begin ] --END-- [ RunTime:0.000695s ]
SQL: SHOW COLUMNS FROM `hsdcw_vipuser` [ RunTime:0.0005s ]
SQL: SELECT * FROM `hsdcw_vipuser` WHERE `username` = '' LIMIT 1   [ RunTime:0.0001s ]

[ 2016-06-13T16:29:40+08:00 ] 114.245.79.200 /Member/Login/login.html
INFO: [ app_begin ] --START--
INFO: Run Behavior\ReadHtmlCacheBehavior [ RunTime:0.000402s ]
INFO: [ app_begin ] --END-- [ RunTime:0.000676s ]
SQL: SHOW COLUMNS FROM `hsdcw_vipuser` [ RunTime:0.0005s ]
SQL: SELECT * FROM `hsdcw_vipuser` WHERE `username` = '' LIMIT 1   [ RunTime:0.0001s ]

[ 2016-06-13T16:29:40+08:00 ] 114.245.79.200 /Member/Login/login.html
INFO: [ app_begin ] --START--
INFO: Run Behavior\ReadHtmlCacheBehavior [ RunTime:0.000414s ]
INFO: [ app_begin ] --END-- [ RunTime:0.000686s ]
SQL: SHOW COLUMNS FROM `hsdcw_vipuser` [ RunTime:0.0003s ]
SQL: SELECT * FROM `hsdcw_vipuser` WHERE `username` = '' LIMIT 1   [ RunTime:0.0001s ]

[ 2016-06-13T16:31:26+08:00 ] 114.245.79.200 /Member/Login/login.html
INFO: [ app_begin ] --START--
INFO: Run Behavior\ReadHtmlCacheBehavior [ RunTime:0.000413s ]
INFO: [ app_begin ] --END-- [ RunTime:0.000687s ]
SQL: SHOW COLUMNS FROM `hsdcw_vipuser` [ RunTime:0.0005s ]
SQL: SELECT * FROM `hsdcw_vipuser` WHERE `username` = '' LIMIT 1   [ RunTime:0.0001s ]

[ 2016-06-13T16:31:26+08:00 ] 114.245.79.200 /Member/Login/login.html
INFO: [ app_begin ] --START--
INFO: Run Behavior\ReadHtmlCacheBehavior [ RunTime:0.000418s ]
INFO: [ app_begin ] --END-- [ RunTime:0.000692s ]
SQL: SHOW COLUMNS FROM `hsdcw_vipuser` [ RunTime:0.0005s ]
SQL: SELECT * FROM `hsdcw_vipuser` WHERE `username` = '' LIMIT 1   [ RunTime:0.0001s ]

[ 2016-06-13T16:31:27+08:00 ] 114.245.79.200 /Member/Login/login.html
INFO: [ app_begin ] --START--
INFO: Run Behavior\ReadHtmlCacheBehavior [ RunTime:0.000421s ]
INFO: [ app_begin ] --END-- [ RunTime:0.000694s ]
SQL: SHOW COLUMNS FROM `hsdcw_vipuser` [ RunTime:0.0005s ]
SQL: SELECT * FROM `hsdcw_vipuser` WHERE `username` = '' LIMIT 1   [ RunTime:0.0001s ]

[ 2016-06-13T16:57:26+08:00 ] 114.245.79.200 /Member/Login/login.html
INFO: [ app_begin ] --START--
INFO: Run Behavior\ReadHtmlCacheBehavior [ RunTime:0.000435s ]
INFO: [ app_begin ] --END-- [ RunTime:0.000708s ]
SQL: SHOW COLUMNS FROM `hsdcw_vipuser` [ RunTime:0.0006s ]
SQL: SELECT * FROM `hsdcw_vipuser` WHERE `username` = '' LIMIT 1   [ RunTime:0.0001s ]

[ 2016-06-13T16:57:27+08:00 ] 114.245.79.200 /Member/Login/login.html
INFO: [ app_begin ] --START--
INFO: Run Behavior\ReadHtmlCacheBehavior [ RunTime:0.000393s ]
INFO: [ app_begin ] --END-- [ RunTime:0.000684s ]
SQL: SHOW COLUMNS FROM `hsdcw_vipuser` [ RunTime:0.0005s ]
SQL: SELECT * FROM `hsdcw_vipuser` WHERE `username` = '' LIMIT 1   [ RunTime:0.0001s ]

[ 2016-06-13T16:57:27+08:00 ] 114.245.79.200 /Member/Login/login.html
INFO: [ app_begin ] --START--
INFO: Run Behavior\ReadHtmlCacheBehavior [ RunTime:0.000399s ]
INFO: [ app_begin ] --END-- [ RunTime:0.000674s ]
SQL: SHOW COLUMNS FROM `hsdcw_vipuser` [ RunTime:0.0005s ]
SQL: SELECT * FROM `hsdcw_vipuser` WHERE `username` = '' LIMIT 1   [ RunTime:0.0001s ]

[ 2016-06-13T16:57:27+08:00 ] 114.245.79.200 /Member/Login/login.html
INFO: [ app_begin ] --START--
INFO: Run Behavior\ReadHtmlCacheBehavior [ RunTime:0.000422s ]
INFO: [ app_begin ] --END-- [ RunTime:0.000698s ]
SQL: SHOW COLUMNS FROM `hsdcw_vipuser` [ RunTime:0.0005s ]
SQL: SELECT * FROM `hsdcw_vipuser` WHERE `username` = '' LIMIT 1   [ RunTime:0.0001s ]

[ 2016-06-13T16:57:27+08:00 ] 114.245.79.200 /Member/Login/login.html
INFO: [ app_begin ] --START--
INFO: Run Behavior\ReadHtmlCacheBehavior [ RunTime:0.000413s ]
INFO: [ app_begin ] --END-- [ RunTime:0.000745s ]
SQL: SHOW COLUMNS FROM `hsdcw_vipuser` [ RunTime:0.0005s ]
SQL: SELECT * FROM `hsdcw_vipuser` WHERE `username` = '' LIMIT 1   [ RunTime:0.0001s ]

[ 2016-06-13T16:57:27+08:00 ] 114.245.79.200 /Member/Login/login.html
INFO: [ app_begin ] --START--
INFO: Run Behavior\ReadHtmlCacheBehavior [ RunTime:0.000677s ]
INFO: [ app_begin ] --END-- [ RunTime:0.001005s ]
SQL: SHOW COLUMNS FROM `hsdcw_vipuser` [ RunTime:0.0005s ]
SQL: SELECT * FROM `hsdcw_vipuser` WHERE `username` = '' LIMIT 1   [ RunTime:0.0001s ]

[ 2016-06-13T16:57:28+08:00 ] 114.245.79.200 /Member/Login/login.html
INFO: [ app_begin ] --START--
INFO: Run Behavior\ReadHtmlCacheBehavior [ RunTime:0.000450s ]
INFO: [ app_begin ] --END-- [ RunTime:0.000828s ]
SQL: SHOW COLUMNS FROM `hsdcw_vipuser` [ RunTime:0.0005s ]
SQL: SELECT * FROM `hsdcw_vipuser` WHERE `username` = '' LIMIT 1   [ RunTime:0.0001s ]

[ 2016-06-13T16:57:28+08:00 ] 114.245.79.200 /Member/Login/login.html
INFO: [ app_begin ] --START--
INFO: Run Behavior\ReadHtmlCacheBehavior [ RunTime:0.000394s ]
INFO: [ app_begin ] --END-- [ RunTime:0.000668s ]
SQL: SHOW COLUMNS FROM `hsdcw_vipuser` [ RunTime:0.0005s ]
SQL: SELECT * FROM `hsdcw_vipuser` WHERE `username` = '' LIMIT 1   [ RunTime:0.0001s ]

[ 2016-06-13T16:57:28+08:00 ] 114.245.79.200 /Member/Login/login.html
INFO: [ app_begin ] --START--
INFO: Run Behavior\ReadHtmlCacheBehavior [ RunTime:0.000448s ]
INFO: [ app_begin ] --END-- [ RunTime:0.000721s ]
SQL: SHOW COLUMNS FROM `hsdcw_vipuser` [ RunTime:0.0005s ]
SQL: SELECT * FROM `hsdcw_vipuser` WHERE `username` = '' LIMIT 1   [ RunTime:0.0001s ]

[ 2016-06-13T16:57:29+08:00 ] 114.245.79.200 /Member/Login/login.html
INFO: [ app_begin ] --START--
INFO: Run Behavior\ReadHtmlCacheBehavior [ RunTime:0.000396s ]
INFO: [ app_begin ] --END-- [ RunTime:0.000691s ]
SQL: SHOW COLUMNS FROM `hsdcw_vipuser` [ RunTime:0.0005s ]
SQL: SELECT * FROM `hsdcw_vipuser` WHERE `username` = '' LIMIT 1   [ RunTime:0.0001s ]

[ 2016-06-13T16:57:29+08:00 ] 114.245.79.200 /Member/Login/login.html
INFO: [ app_begin ] --START--
INFO: Run Behavior\ReadHtmlCacheBehavior [ RunTime:0.000423s ]
INFO: [ app_begin ] --END-- [ RunTime:0.000701s ]
SQL: SHOW COLUMNS FROM `hsdcw_vipuser` [ RunTime:0.0005s ]
SQL: SELECT * FROM `hsdcw_vipuser` WHERE `username` = '' LIMIT 1   [ RunTime:0.0001s ]

[ 2016-06-13T16:57:29+08:00 ] 114.245.79.200 /Member/Login/login.html
INFO: [ app_begin ] --START--
INFO: Run Behavior\ReadHtmlCacheBehavior [ RunTime:0.000419s ]
INFO: [ app_begin ] --END-- [ RunTime:0.000696s ]
SQL: SHOW COLUMNS FROM `hsdcw_vipuser` [ RunTime:0.0005s ]
SQL: SELECT * FROM `hsdcw_vipuser` WHERE `username` = '' LIMIT 1   [ RunTime:0.0001s ]

[ 2016-06-13T16:57:29+08:00 ] 114.245.79.200 /Member/Login/login.html
INFO: [ app_begin ] --START--
INFO: Run Behavior\ReadHtmlCacheBehavior [ RunTime:0.000416s ]
INFO: [ app_begin ] --END-- [ RunTime:0.000696s ]
SQL: SHOW COLUMNS FROM `hsdcw_vipuser` [ RunTime:0.0005s ]
SQL: SELECT * FROM `hsdcw_vipuser` WHERE `username` = '' LIMIT 1   [ RunTime:0.0001s ]

[ 2016-06-13T16:57:30+08:00 ] 114.245.79.200 /Member/Login/login.html
INFO: [ app_begin ] --START--
INFO: Run Behavior\ReadHtmlCacheBehavior [ RunTime:0.000438s ]
INFO: [ app_begin ] --END-- [ RunTime:0.000714s ]
SQL: SHOW COLUMNS FROM `hsdcw_vipuser` [ RunTime:0.0005s ]
SQL: SELECT * FROM `hsdcw_vipuser` WHERE `username` = '' LIMIT 1   [ RunTime:0.0001s ]

[ 2016-06-13T16:57:30+08:00 ] 114.245.79.200 /Member/Login/login.html
INFO: [ app_begin ] --START--
INFO: Run Behavior\ReadHtmlCacheBehavior [ RunTime:0.000416s ]
INFO: [ app_begin ] --END-- [ RunTime:0.000691s ]
SQL: SHOW COLUMNS FROM `hsdcw_vipuser` [ RunTime:0.0005s ]
SQL: SELECT * FROM `hsdcw_vipuser` WHERE `username` = '' LIMIT 1   [ RunTime:0.0001s ]

[ 2016-06-13T16:57:31+08:00 ] 114.245.79.200 /Member/Login/login.html
INFO: [ app_begin ] --START--
INFO: Run Behavior\ReadHtmlCacheBehavior [ RunTime:0.000394s ]
INFO: [ app_begin ] --END-- [ RunTime:0.000704s ]
SQL: SHOW COLUMNS FROM `hsdcw_vipuser` [ RunTime:0.0007s ]
SQL: SELECT * FROM `hsdcw_vipuser` WHERE `username` = '' LIMIT 1   [ RunTime:0.0001s ]

[ 2016-06-13T16:57:32+08:00 ] 114.245.79.200 /Member/Login/login.html
INFO: [ app_begin ] --START--
INFO: Run Behavior\ReadHtmlCacheBehavior [ RunTime:0.000407s ]
INFO: [ app_begin ] --END-- [ RunTime:0.000728s ]
SQL: SHOW COLUMNS FROM `hsdcw_vipuser` [ RunTime:0.0005s ]
SQL: SELECT * FROM `hsdcw_vipuser` WHERE `username` = '' LIMIT 1   [ RunTime:0.0001s ]

[ 2016-06-13T16:57:32+08:00 ] 114.245.79.200 /Member/Login/login.html
INFO: [ app_begin ] --START--
INFO: Run Behavior\ReadHtmlCacheBehavior [ RunTime:0.000395s ]
INFO: [ app_begin ] --END-- [ RunTime:0.000704s ]
SQL: SHOW COLUMNS FROM `hsdcw_vipuser` [ RunTime:0.0005s ]
SQL: SELECT * FROM `hsdcw_vipuser` WHERE `username` = '' LIMIT 1   [ RunTime:0.0001s ]

[ 2016-06-13T16:57:32+08:00 ] 114.245.79.200 /Member/Login/login.html
INFO: [ app_begin ] --START--
INFO: Run Behavior\ReadHtmlCacheBehavior [ RunTime:0.000392s ]
INFO: [ app_begin ] --END-- [ RunTime:0.000687s ]
SQL: SHOW COLUMNS FROM `hsdcw_vipuser` [ RunTime:0.0005s ]
SQL: SELECT * FROM `hsdcw_vipuser` WHERE `username` = '' LIMIT 1   [ RunTime:0.0001s ]

[ 2016-06-13T16:57:32+08:00 ] 114.245.79.200 /Member/Login/login.html
INFO: [ app_begin ] --START--
INFO: Run Behavior\ReadHtmlCacheBehavior [ RunTime:0.000433s ]
INFO: [ app_begin ] --END-- [ RunTime:0.000712s ]
SQL: SHOW COLUMNS FROM `hsdcw_vipuser` [ RunTime:0.0005s ]
SQL: SELECT * FROM `hsdcw_vipuser` WHERE `username` = '' LIMIT 1   [ RunTime:0.0001s ]

[ 2016-06-13T16:57:32+08:00 ] 114.245.79.200 /Member/Login/login.html
INFO: [ app_begin ] --START--
INFO: Run Behavior\ReadHtmlCacheBehavior [ RunTime:0.000429s ]
INFO: [ app_begin ] --END-- [ RunTime:0.000711s ]
SQL: SHOW COLUMNS FROM `hsdcw_vipuser` [ RunTime:0.0005s ]
SQL: SELECT * FROM `hsdcw_vipuser` WHERE `username` = '' LIMIT 1   [ RunTime:0.0001s ]

[ 2016-06-13T17:35:38+08:00 ] 114.245.79.200 /Member/Login/login.html
INFO: [ app_begin ] --START--
INFO: Run Behavior\ReadHtmlCacheBehavior [ RunTime:0.000425s ]
INFO: [ app_begin ] --END-- [ RunTime:0.000728s ]
SQL: SHOW COLUMNS FROM `hsdcw_vipuser` [ RunTime:0.0006s ]
SQL: SELECT * FROM `hsdcw_vipuser` WHERE `username` = '' LIMIT 1   [ RunTime:0.0001s ]

[ 2016-06-13T17:35:39+08:00 ] 114.245.79.200 /Member/Login/login.html
INFO: [ app_begin ] --START--
INFO: Run Behavior\ReadHtmlCacheBehavior [ RunTime:0.000438s ]
INFO: [ app_begin ] --END-- [ RunTime:0.000720s ]
SQL: SHOW COLUMNS FROM `hsdcw_vipuser` [ RunTime:0.0005s ]
SQL: SELECT * FROM `hsdcw_vipuser` WHERE `username` = '' LIMIT 1   [ RunTime:0.0001s ]

[ 2016-06-13T17:35:41+08:00 ] 114.245.79.200 /Member/Login/login.html
INFO: [ app_begin ] --START--
INFO: Run Behavior\ReadHtmlCacheBehavior [ RunTime:0.000398s ]
INFO: [ app_begin ] --END-- [ RunTime:0.000672s ]
SQL: SHOW COLUMNS FROM `hsdcw_vipuser` [ RunTime:0.0005s ]
SQL: SELECT * FROM `hsdcw_vipuser` WHERE `username` = '' LIMIT 1   [ RunTime:0.0001s ]

[ 2016-06-13T17:35:41+08:00 ] 114.245.79.200 /Member/Login/login.html
INFO: [ app_begin ] --START--
INFO: Run Behavior\ReadHtmlCacheBehavior [ RunTime:0.000435s ]
INFO: [ app_begin ] --END-- [ RunTime:0.000712s ]
SQL: SHOW COLUMNS FROM `hsdcw_vipuser` [ RunTime:0.0005s ]
SQL: SELECT * FROM `hsdcw_vipuser` WHERE `username` = '' LIMIT 1   [ RunTime:0.0001s ]

[ 2016-06-13T17:35:41+08:00 ] 114.245.79.200 /Member/Login/login.html
INFO: [ app_begin ] --START--
INFO: Run Behavior\ReadHtmlCacheBehavior [ RunTime:0.000393s ]
INFO: [ app_begin ] --END-- [ RunTime:0.000667s ]
SQL: SHOW COLUMNS FROM `hsdcw_vipuser` [ RunTime:0.0005s ]
SQL: SELECT * FROM `hsdcw_vipuser` WHERE `username` = '' LIMIT 1   [ RunTime:0.0001s ]

[ 2016-06-13T17:35:42+08:00 ] 114.245.79.200 /Member/Login/login.html
INFO: [ app_begin ] --START--
INFO: Run Behavior\ReadHtmlCacheBehavior [ RunTime:0.000417s ]
INFO: [ app_begin ] --END-- [ RunTime:0.000697s ]
SQL: SHOW COLUMNS FROM `hsdcw_vipuser` [ RunTime:0.0006s ]
SQL: SELECT * FROM `hsdcw_vipuser` WHERE `username` = '' LIMIT 1   [ RunTime:0.0001s ]

[ 2016-06-13T17:35:43+08:00 ] 114.245.79.200 /Member/Login/login.html
INFO: [ app_begin ] --START--
INFO: Run Behavior\ReadHtmlCacheBehavior [ RunTime:0.000426s ]
INFO: [ app_begin ] --END-- [ RunTime:0.000707s ]
SQL: SHOW COLUMNS FROM `hsdcw_vipuser` [ RunTime:0.0005s ]
SQL: SELECT * FROM `hsdcw_vipuser` WHERE `username` = '' LIMIT 1   [ RunTime:0.0001s ]

[ 2016-06-13T17:36:00+08:00 ] 114.245.79.200 /Member/Login/login.html
INFO: [ app_begin ] --START--
INFO: Run Behavior\ReadHtmlCacheBehavior [ RunTime:0.000456s ]
INFO: [ app_begin ] --END-- [ RunTime:0.000731s ]
SQL: SHOW COLUMNS FROM `hsdcw_vipuser` [ RunTime:0.0005s ]
SQL: SELECT * FROM `hsdcw_vipuser` WHERE `username` = '' LIMIT 1   [ RunTime:0.0001s ]

[ 2016-06-13T17:36:04+08:00 ] 114.245.79.200 /Member/Login/login.html
INFO: [ app_begin ] --START--
INFO: Run Behavior\ReadHtmlCacheBehavior [ RunTime:0.000434s ]
INFO: [ app_begin ] --END-- [ RunTime:0.000737s ]
SQL: SHOW COLUMNS FROM `hsdcw_vipuser` [ RunTime:0.0005s ]
SQL: SELECT * FROM `hsdcw_vipuser` WHERE `username` = '' LIMIT 1   [ RunTime:0.0001s ]

[ 2016-06-13T17:36:08+08:00 ] 114.245.79.200 /Member/Login/login.html
INFO: [ app_begin ] --START--
INFO: Run Behavior\ReadHtmlCacheBehavior [ RunTime:0.000395s ]
INFO: [ app_begin ] --END-- [ RunTime:0.000683s ]
SQL: SHOW COLUMNS FROM `hsdcw_vipuser` [ RunTime:0.0005s ]
SQL: SELECT * FROM `hsdcw_vipuser` WHERE `username` = '' LIMIT 1   [ RunTime:0.0001s ]

[ 2016-06-13T17:36:08+08:00 ] 114.245.79.200 /Member/Login/login.html
INFO: [ app_begin ] --START--
INFO: Run Behavior\ReadHtmlCacheBehavior [ RunTime:0.000457s ]
INFO: [ app_begin ] --END-- [ RunTime:0.000768s ]
SQL: SHOW COLUMNS FROM `hsdcw_vipuser` [ RunTime:0.0005s ]
SQL: SELECT * FROM `hsdcw_vipuser` WHERE `username` = '' LIMIT 1   [ RunTime:0.0001s ]

[ 2016-06-13T17:36:09+08:00 ] 114.245.79.200 /Member/Login/login.html
INFO: [ app_begin ] --START--
INFO: Run Behavior\ReadHtmlCacheBehavior [ RunTime:0.000394s ]
INFO: [ app_begin ] --END-- [ RunTime:0.000671s ]
SQL: SHOW COLUMNS FROM `hsdcw_vipuser` [ RunTime:0.0005s ]
SQL: SELECT * FROM `hsdcw_vipuser` WHERE `username` = '' LIMIT 1   [ RunTime:0.0001s ]

[ 2016-06-13T17:36:09+08:00 ] 114.245.79.200 /Member/Login/login.html
INFO: [ app_begin ] --START--
INFO: Run Behavior\ReadHtmlCacheBehavior [ RunTime:0.000395s ]
INFO: [ app_begin ] --END-- [ RunTime:0.000692s ]
SQL: SHOW COLUMNS FROM `hsdcw_vipuser` [ RunTime:0.0005s ]
SQL: SELECT * FROM `hsdcw_vipuser` WHERE `username` = '' LIMIT 1   [ RunTime:0.0001s ]

[ 2016-06-13T17:36:09+08:00 ] 114.245.79.200 /Member/Login/login.html
INFO: [ app_begin ] --START--
INFO: Run Behavior\ReadHtmlCacheBehavior [ RunTime:0.000404s ]
INFO: [ app_begin ] --END-- [ RunTime:0.000677s ]
SQL: SHOW COLUMNS FROM `hsdcw_vipuser` [ RunTime:0.0005s ]
SQL: SELECT * FROM `hsdcw_vipuser` WHERE `username` = '' LIMIT 1   [ RunTime:0.0001s ]

[ 2016-06-13T17:36:09+08:00 ] 114.245.79.200 /Member/Login/login.html
INFO: [ app_begin ] --START--
INFO: Run Behavior\ReadHtmlCacheBehavior [ RunTime:0.000396s ]
INFO: [ app_begin ] --END-- [ RunTime:0.000692s ]
SQL: SHOW COLUMNS FROM `hsdcw_vipuser` [ RunTime:0.0005s ]
SQL: SELECT * FROM `hsdcw_vipuser` WHERE `username` = '' LIMIT 1   [ RunTime:0.0001s ]

[ 2016-06-13T17:36:09+08:00 ] 114.245.79.200 /Member/Login/login.html
INFO: [ app_begin ] --START--
INFO: Run Behavior\ReadHtmlCacheBehavior [ RunTime:0.000413s ]
INFO: [ app_begin ] --END-- [ RunTime:0.000684s ]
SQL: SHOW COLUMNS FROM `hsdcw_vipuser` [ RunTime:0.0005s ]
SQL: SELECT * FROM `hsdcw_vipuser` WHERE `username` = '' LIMIT 1   [ RunTime:0.0001s ]

[ 2016-06-13T17:36:10+08:00 ] 114.245.79.200 /Member/Login/login.html
INFO: [ app_begin ] --START--
INFO: Run Behavior\ReadHtmlCacheBehavior [ RunTime:0.000415s ]
INFO: [ app_begin ] --END-- [ RunTime:0.000689s ]
SQL: SHOW COLUMNS FROM `hsdcw_vipuser` [ RunTime:0.0005s ]
SQL: SELECT * FROM `hsdcw_vipuser` WHERE `username` = '' LIMIT 1   [ RunTime:0.0001s ]

[ 2016-06-13T17:36:10+08:00 ] 114.245.79.200 /Member/Login/login.html
INFO: [ app_begin ] --START--
INFO: Run Behavior\ReadHtmlCacheBehavior [ RunTime:0.000561s ]
INFO: [ app_begin ] --END-- [ RunTime:0.000939s ]
SQL: SHOW COLUMNS FROM `hsdcw_vipuser` [ RunTime:0.0005s ]
SQL: SELECT * FROM `hsdcw_vipuser` WHERE `username` = '' LIMIT 1   [ RunTime:0.0001s ]

[ 2016-06-13T17:36:11+08:00 ] 114.245.79.200 /Member/Login/login.html
INFO: [ app_begin ] --START--
INFO: Run Behavior\ReadHtmlCacheBehavior [ RunTime:0.000399s ]
INFO: [ app_begin ] --END-- [ RunTime:0.000676s ]
SQL: SHOW COLUMNS FROM `hsdcw_vipuser` [ RunTime:0.0005s ]
SQL: SELECT * FROM `hsdcw_vipuser` WHERE `username` = '' LIMIT 1   [ RunTime:0.0001s ]

[ 2016-06-13T17:36:11+08:00 ] 114.245.79.200 /Member/Login/login.html
INFO: [ app_begin ] --START--
INFO: Run Behavior\ReadHtmlCacheBehavior [ RunTime:0.000534s ]
INFO: [ app_begin ] --END-- [ RunTime:0.000810s ]
SQL: SHOW COLUMNS FROM `hsdcw_vipuser` [ RunTime:0.0005s ]
SQL: SELECT * FROM `hsdcw_vipuser` WHERE `username` = '' LIMIT 1   [ RunTime:0.0001s ]

[ 2016-06-13T17:36:11+08:00 ] 114.245.79.200 /Member/Login/login.html
INFO: [ app_begin ] --START--
INFO: Run Behavior\ReadHtmlCacheBehavior [ RunTime:0.000431s ]
INFO: [ app_begin ] --END-- [ RunTime:0.000709s ]
SQL: SHOW COLUMNS FROM `hsdcw_vipuser` [ RunTime:0.0007s ]
SQL: SELECT * FROM `hsdcw_vipuser` WHERE `username` = '' LIMIT 1   [ RunTime:0.0001s ]

[ 2016-06-13T17:36:12+08:00 ] 114.245.79.200 /Member/Login/login.html
INFO: [ app_begin ] --START--
INFO: Run Behavior\ReadHtmlCacheBehavior [ RunTime:0.000410s ]
INFO: [ app_begin ] --END-- [ RunTime:0.000707s ]
SQL: SHOW COLUMNS FROM `hsdcw_vipuser` [ RunTime:0.0005s ]
SQL: SELECT * FROM `hsdcw_vipuser` WHERE `username` = '' LIMIT 1   [ RunTime:0.0001s ]

[ 2016-06-13T17:51:07+08:00 ] 114.245.79.200 /Member/Login/login.html
INFO: [ app_begin ] --START--
INFO: Run Behavior\ReadHtmlCacheBehavior [ RunTime:0.000394s ]
INFO: [ app_begin ] --END-- [ RunTime:0.000686s ]
SQL: SHOW COLUMNS FROM `hsdcw_vipuser` [ RunTime:0.0005s ]
SQL: SELECT * FROM `hsdcw_vipuser` WHERE `username` = '' LIMIT 1   [ RunTime:0.0001s ]

[ 2016-06-13T17:52:42+08:00 ] 114.245.79.200 /Member/Login/login.html
INFO: [ app_begin ] --START--
INFO: Run Behavior\ReadHtmlCacheBehavior [ RunTime:0.000399s ]
INFO: [ app_begin ] --END-- [ RunTime:0.000677s ]
SQL: SHOW COLUMNS FROM `hsdcw_vipuser` [ RunTime:0.0006s ]
SQL: SELECT * FROM `hsdcw_vipuser` WHERE `username` = '' LIMIT 1   [ RunTime:0.0001s ]

[ 2016-06-13T17:52:43+08:00 ] 114.245.79.200 /Member/Login/login.html
INFO: [ app_begin ] --START--
INFO: Run Behavior\ReadHtmlCacheBehavior [ RunTime:0.000397s ]
INFO: [ app_begin ] --END-- [ RunTime:0.003694s ]
SQL: SHOW COLUMNS FROM `hsdcw_vipuser` [ RunTime:0.0032s ]
SQL: SELECT * FROM `hsdcw_vipuser` WHERE `username` = '' LIMIT 1   [ RunTime:0.0001s ]

[ 2016-06-13T18:34:10+08:00 ] 114.245.79.200 /Member/Login/login.html
INFO: [ app_begin ] --START--
INFO: Run Behavior\ReadHtmlCacheBehavior [ RunTime:0.000416s ]
INFO: [ app_begin ] --END-- [ RunTime:0.000690s ]
SQL: SHOW COLUMNS FROM `hsdcw_vipuser` [ RunTime:0.0005s ]
SQL: SELECT * FROM `hsdcw_vipuser` WHERE `username` = '' LIMIT 1   [ RunTime:0.0001s ]

[ 2016-06-13T21:40:14+08:00 ] 114.245.79.200 /Member/Login/loginout
INFO: [ app_begin ] --START--
INFO: Run Behavior\ReadHtmlCacheBehavior [ RunTime:0.000547s ]
INFO: [ app_begin ] --END-- [ RunTime:0.000889s ]

[ 2016-06-13T22:53:42+08:00 ] 114.245.79.200 /Member/Login/loginout
INFO: [ app_begin ] --START--
INFO: Run Behavior\ReadHtmlCacheBehavior [ RunTime:0.000413s ]
INFO: [ app_begin ] --END-- [ RunTime:0.000702s ]

