[ 2016-06-16T17:52:08+08:00 ] 123.119.15.170 /Member/Login/login.html
INFO: [ app_begin ] --START--
INFO: Run Behavior\ReadHtmlCacheBehavior [ RunTime:0.000423s ]
INFO: [ app_begin ] --END-- [ RunTime:0.000709s ]
SQL: SHOW COLUMNS FROM `hsdcw_vipuser` [ RunTime:0.0005s ]
SQL: SELECT * FROM `hsdcw_vipuser` WHERE `username` = 'aa' LIMIT 1   [ RunTime:0.0001s ]

[ 2016-06-16T19:40:10+08:00 ] 123.119.15.170 /Member/Login/login.html
INFO: [ app_begin ] --START--
INFO: Run Behavior\ReadHtmlCacheBehavior [ RunTime:0.000339s ]
INFO: [ app_begin ] --END-- [ RunTime:0.000595s ]
SQL: SHOW COLUMNS FROM `hsdcw_vipuser` [ RunTime:0.0005s ]
SQL: SELECT * FROM `hsdcw_vipuser` WHERE `username` = 'aa' LIMIT 1   [ RunTime:0.0001s ]

[ 2016-06-16T19:40:44+08:00 ] 123.119.15.170 /Member/Login/loginout
INFO: [ app_begin ] --START--
INFO: Run Behavior\ReadHtmlCacheBehavior [ RunTime:0.000361s ]
INFO: [ app_begin ] --END-- [ RunTime:0.000619s ]

[ 2016-06-16T19:40:48+08:00 ] 123.119.15.170 /Member/Login/loginout
INFO: [ app_begin ] --START--
INFO: Run Behavior\ReadHtmlCacheBehavior [ RunTime:0.000380s ]
INFO: [ app_begin ] --END-- [ RunTime:0.000674s ]

