[ 2016-06-12T13:21:21+08:00 ] 114.245.79.200 /Member/Login/login.html
INFO: [ app_begin ] --START--
INFO: Run Behavior\ReadHtmlCacheBehavior [ RunTime:0.000440s ]
INFO: [ app_begin ] --END-- [ RunTime:0.000728s ]
SQL: SHOW COLUMNS FROM `hsdcw_vipuser` [ RunTime:0.0006s ]
SQL: SELECT * FROM `hsdcw_vipuser` WHERE `username` = '' LIMIT 1   [ RunTime:0.0001s ]

[ 2016-06-12T13:21:23+08:00 ] 114.245.79.200 /Member/Login/login.html
INFO: [ app_begin ] --START--
INFO: Run Behavior\ReadHtmlCacheBehavior [ RunTime:0.000483s ]
INFO: [ app_begin ] --END-- [ RunTime:0.000785s ]
SQL: SHOW COLUMNS FROM `hsdcw_vipuser` [ RunTime:0.0006s ]
SQL: SELECT * FROM `hsdcw_vipuser` WHERE `username` = '' LIMIT 1   [ RunTime:0.0001s ]

[ 2016-06-12T13:21:25+08:00 ] 114.245.79.200 /Member/Login/login.html
INFO: [ app_begin ] --START--
INFO: Run Behavior\ReadHtmlCacheBehavior [ RunTime:0.000441s ]
INFO: [ app_begin ] --END-- [ RunTime:0.000728s ]
SQL: SHOW COLUMNS FROM `hsdcw_vipuser` [ RunTime:0.0007s ]
SQL: SELECT * FROM `hsdcw_vipuser` WHERE `username` = '' LIMIT 1   [ RunTime:0.0001s ]

[ 2016-06-12T13:21:25+08:00 ] 114.245.79.200 /Member/Login/login.html
INFO: [ app_begin ] --START--
INFO: Run Behavior\ReadHtmlCacheBehavior [ RunTime:0.000438s ]
INFO: [ app_begin ] --END-- [ RunTime:0.000741s ]
SQL: SHOW COLUMNS FROM `hsdcw_vipuser` [ RunTime:0.0006s ]
SQL: SELECT * FROM `hsdcw_vipuser` WHERE `username` = '' LIMIT 1   [ RunTime:0.0002s ]

[ 2016-06-12T13:21:25+08:00 ] 114.245.79.200 /Member/Login/login.html
INFO: [ app_begin ] --START--
INFO: Run Behavior\ReadHtmlCacheBehavior [ RunTime:0.000417s ]
INFO: [ app_begin ] --END-- [ RunTime:0.000734s ]
SQL: SHOW COLUMNS FROM `hsdcw_vipuser` [ RunTime:0.0005s ]
SQL: SELECT * FROM `hsdcw_vipuser` WHERE `username` = '' LIMIT 1   [ RunTime:0.0001s ]

[ 2016-06-12T13:21:26+08:00 ] 114.245.79.200 /Member/Login/login.html
INFO: [ app_begin ] --START--
INFO: Run Behavior\ReadHtmlCacheBehavior [ RunTime:0.000425s ]
INFO: [ app_begin ] --END-- [ RunTime:0.000712s ]
SQL: SHOW COLUMNS FROM `hsdcw_vipuser` [ RunTime:0.0006s ]
SQL: SELECT * FROM `hsdcw_vipuser` WHERE `username` = '' LIMIT 1   [ RunTime:0.0001s ]

[ 2016-06-12T13:21:26+08:00 ] 114.245.79.200 /Member/Login/login.html
INFO: [ app_begin ] --START--
INFO: Run Behavior\ReadHtmlCacheBehavior [ RunTime:0.000455s ]
INFO: [ app_begin ] --END-- [ RunTime:0.000744s ]
SQL: SHOW COLUMNS FROM `hsdcw_vipuser` [ RunTime:0.0005s ]
SQL: SELECT * FROM `hsdcw_vipuser` WHERE `username` = '' LIMIT 1   [ RunTime:0.0001s ]

[ 2016-06-12T13:21:27+08:00 ] 114.245.79.200 /Member/Login/login.html
INFO: [ app_begin ] --START--
INFO: Run Behavior\ReadHtmlCacheBehavior [ RunTime:0.000406s ]
INFO: [ app_begin ] --END-- [ RunTime:0.000703s ]
SQL: SHOW COLUMNS FROM `hsdcw_vipuser` [ RunTime:0.0005s ]
SQL: SELECT * FROM `hsdcw_vipuser` WHERE `username` = '' LIMIT 1   [ RunTime:0.0001s ]

[ 2016-06-12T13:21:29+08:00 ] 114.245.79.200 /Member/Login/login.html
INFO: [ app_begin ] --START--
INFO: Run Behavior\ReadHtmlCacheBehavior [ RunTime:0.000414s ]
INFO: [ app_begin ] --END-- [ RunTime:0.000721s ]
SQL: SHOW COLUMNS FROM `hsdcw_vipuser` [ RunTime:0.0005s ]
SQL: SELECT * FROM `hsdcw_vipuser` WHERE `username` = '' LIMIT 1   [ RunTime:0.0001s ]

[ 2016-06-12T13:21:30+08:00 ] 114.245.79.200 /Member/Login/login.html
INFO: [ app_begin ] --START--
INFO: Run Behavior\ReadHtmlCacheBehavior [ RunTime:0.000416s ]
INFO: [ app_begin ] --END-- [ RunTime:0.000705s ]
SQL: SHOW COLUMNS FROM `hsdcw_vipuser` [ RunTime:0.0006s ]
SQL: SELECT * FROM `hsdcw_vipuser` WHERE `username` = '' LIMIT 1   [ RunTime:0.0001s ]

[ 2016-06-12T13:21:31+08:00 ] 114.245.79.200 /Member/Login/login.html
INFO: [ app_begin ] --START--
INFO: Run Behavior\ReadHtmlCacheBehavior [ RunTime:0.000427s ]
INFO: [ app_begin ] --END-- [ RunTime:0.000782s ]
SQL: SHOW COLUMNS FROM `hsdcw_vipuser` [ RunTime:0.0006s ]
SQL: SELECT * FROM `hsdcw_vipuser` WHERE `username` = '' LIMIT 1   [ RunTime:0.0001s ]

[ 2016-06-12T13:21:33+08:00 ] 114.245.79.200 /Member/Login/login.html
INFO: [ app_begin ] --START--
INFO: Run Behavior\ReadHtmlCacheBehavior [ RunTime:0.000610s ]
INFO: [ app_begin ] --END-- [ RunTime:0.000940s ]
SQL: SHOW COLUMNS FROM `hsdcw_vipuser` [ RunTime:0.0005s ]
SQL: SELECT * FROM `hsdcw_vipuser` WHERE `username` = '' LIMIT 1   [ RunTime:0.0001s ]

[ 2016-06-12T13:21:34+08:00 ] 114.245.79.200 /Member/Login/login.html
INFO: [ app_begin ] --START--
INFO: Run Behavior\ReadHtmlCacheBehavior [ RunTime:0.000394s ]
INFO: [ app_begin ] --END-- [ RunTime:0.000678s ]
SQL: SHOW COLUMNS FROM `hsdcw_vipuser` [ RunTime:0.0005s ]
SQL: SELECT * FROM `hsdcw_vipuser` WHERE `username` = '' LIMIT 1   [ RunTime:0.0001s ]

[ 2016-06-12T13:21:36+08:00 ] 114.245.79.200 /Member/Login/login.html
INFO: [ app_begin ] --START--
INFO: Run Behavior\ReadHtmlCacheBehavior [ RunTime:0.000420s ]
INFO: [ app_begin ] --END-- [ RunTime:0.000709s ]
SQL: SHOW COLUMNS FROM `hsdcw_vipuser` [ RunTime:0.0005s ]
SQL: SELECT * FROM `hsdcw_vipuser` WHERE `username` = '' LIMIT 1   [ RunTime:0.0001s ]

