[ 2016-06-11T11:47:52+08:00 ] 114.245.79.200 /Member/Login/login.html
INFO: [ app_begin ] --START--
INFO: Run Behavior\ReadHtmlCacheBehavior [ RunTime:0.000476s ]
INFO: [ app_begin ] --END-- [ RunTime:0.000754s ]
SQL: SHOW COLUMNS FROM `hsdcw_vipuser` [ RunTime:0.0005s ]
SQL: SELECT * FROM `hsdcw_vipuser` WHERE `username` = '' LIMIT 1   [ RunTime:0.0001s ]

[ 2016-06-11T11:47:52+08:00 ] 114.245.79.200 /Member/Login/login.html
INFO: [ app_begin ] --START--
INFO: Run Behavior\ReadHtmlCacheBehavior [ RunTime:0.000436s ]
INFO: [ app_begin ] --END-- [ RunTime:0.000764s ]
SQL: SHOW COLUMNS FROM `hsdcw_vipuser` [ RunTime:0.0005s ]
SQL: SELECT * FROM `hsdcw_vipuser` WHERE `username` = '' LIMIT 1   [ RunTime:0.0001s ]

[ 2016-06-11T11:47:54+08:00 ] 114.245.79.200 /Member/Login/login.html
INFO: [ app_begin ] --START--
INFO: Run Behavior\ReadHtmlCacheBehavior [ RunTime:0.000420s ]
INFO: [ app_begin ] --END-- [ RunTime:0.000710s ]
SQL: SHOW COLUMNS FROM `hsdcw_vipuser` [ RunTime:0.0005s ]
SQL: SELECT * FROM `hsdcw_vipuser` WHERE `username` = '' LIMIT 1   [ RunTime:0.0001s ]

[ 2016-06-11T19:03:56+08:00 ] 114.245.79.200 /Member/Login/login.html
INFO: [ app_begin ] --START--
INFO: Run Behavior\ReadHtmlCacheBehavior [ RunTime:0.000415s ]
INFO: [ app_begin ] --END-- [ RunTime:0.000687s ]
SQL: SHOW COLUMNS FROM `hsdcw_vipuser` [ RunTime:0.0005s ]
SQL: SELECT * FROM `hsdcw_vipuser` WHERE `username` = 'aa' LIMIT 1   [ RunTime:0.0001s ]

[ 2016-06-11T19:11:39+08:00 ] 114.245.79.200 /Member/Login/login.html
INFO: [ app_begin ] --START--
INFO: Run Behavior\ReadHtmlCacheBehavior [ RunTime:0.000426s ]
INFO: [ app_begin ] --END-- [ RunTime:0.000702s ]
SQL: SHOW COLUMNS FROM `hsdcw_vipuser` [ RunTime:0.0005s ]
SQL: SELECT * FROM `hsdcw_vipuser` WHERE `username` = 'a@qq.com' LIMIT 1   [ RunTime:0.0002s ]

[ 2016-06-11T19:11:46+08:00 ] 114.245.79.200 /Member/Login/login.html
INFO: [ app_begin ] --START--
INFO: Run Behavior\ReadHtmlCacheBehavior [ RunTime:0.000421s ]
INFO: [ app_begin ] --END-- [ RunTime:0.000719s ]
SQL: SHOW COLUMNS FROM `hsdcw_vipuser` [ RunTime:0.0005s ]
SQL: SELECT * FROM `hsdcw_vipuser` WHERE `username` = 'aaa' LIMIT 1   [ RunTime:0.0002s ]

[ 2016-06-11T19:11:48+08:00 ] 114.245.79.200 /Member/Login/login.html
INFO: [ app_begin ] --START--
INFO: Run Behavior\ReadHtmlCacheBehavior [ RunTime:0.000424s ]
INFO: [ app_begin ] --END-- [ RunTime:0.000761s ]
SQL: SHOW COLUMNS FROM `hsdcw_vipuser` [ RunTime:0.0005s ]
SQL: SELECT * FROM `hsdcw_vipuser` WHERE `username` = 'aaa' LIMIT 1   [ RunTime:0.0001s ]

[ 2016-06-11T19:11:54+08:00 ] 114.245.79.200 /Member/Login/login.html
INFO: [ app_begin ] --START--
INFO: Run Behavior\ReadHtmlCacheBehavior [ RunTime:0.000414s ]
INFO: [ app_begin ] --END-- [ RunTime:0.000687s ]
SQL: SHOW COLUMNS FROM `hsdcw_vipuser` [ RunTime:0.0005s ]
SQL: SELECT * FROM `hsdcw_vipuser` WHERE `username` = 'aa' LIMIT 1   [ RunTime:0.0001s ]

[ 2016-06-11T19:11:54+08:00 ] 114.245.79.200 /Member/Login/login.html
INFO: [ app_begin ] --START--
INFO: Run Behavior\ReadHtmlCacheBehavior [ RunTime:0.000420s ]
INFO: [ app_begin ] --END-- [ RunTime:0.000697s ]
SQL: SHOW COLUMNS FROM `hsdcw_vipuser` [ RunTime:0.0005s ]
SQL: SELECT * FROM `hsdcw_vipuser` WHERE `username` = 'aa' LIMIT 1   [ RunTime:0.0001s ]

[ 2016-06-11T19:41:29+08:00 ] 117.136.0.107 /Member/Login/login.html
INFO: [ app_begin ] --START--
INFO: Run Behavior\ReadHtmlCacheBehavior [ RunTime:0.000398s ]
INFO: [ app_begin ] --END-- [ RunTime:0.000690s ]
SQL: SHOW COLUMNS FROM `hsdcw_vipuser` [ RunTime:0.0005s ]
SQL: SELECT * FROM `hsdcw_vipuser` WHERE `username` = 'aa' LIMIT 1   [ RunTime:0.0001s ]

[ 2016-06-11T21:16:13+08:00 ] 114.245.79.200 /Member/Login/login.html
INFO: [ app_begin ] --START--
INFO: Run Behavior\ReadHtmlCacheBehavior [ RunTime:0.000390s ]
INFO: [ app_begin ] --END-- [ RunTime:0.000663s ]
SQL: SHOW COLUMNS FROM `hsdcw_vipuser` [ RunTime:0.0005s ]
SQL: SELECT * FROM `hsdcw_vipuser` WHERE `username` = 'aaa' LIMIT 1   [ RunTime:0.0001s ]

[ 2016-06-11T21:16:18+08:00 ] 114.245.79.200 /Member/Login/login.html
INFO: [ app_begin ] --START--
INFO: Run Behavior\ReadHtmlCacheBehavior [ RunTime:0.000404s ]
INFO: [ app_begin ] --END-- [ RunTime:0.000746s ]
SQL: SHOW COLUMNS FROM `hsdcw_vipuser` [ RunTime:0.0005s ]
SQL: SELECT * FROM `hsdcw_vipuser` WHERE `username` = 'aa' LIMIT 1   [ RunTime:0.0001s ]

[ 2016-06-11T21:16:20+08:00 ] 114.245.79.200 /Member/Login/login.html
INFO: [ app_begin ] --START--
INFO: Run Behavior\ReadHtmlCacheBehavior [ RunTime:0.000401s ]
INFO: [ app_begin ] --END-- [ RunTime:0.000701s ]
SQL: SHOW COLUMNS FROM `hsdcw_vipuser` [ RunTime:0.0006s ]
SQL: SELECT * FROM `hsdcw_vipuser` WHERE `username` = 'aa' LIMIT 1   [ RunTime:0.0001s ]

[ 2016-06-11T21:17:14+08:00 ] 114.245.79.200 /Member/Login/loginout
INFO: [ app_begin ] --START--
INFO: Run Behavior\ReadHtmlCacheBehavior [ RunTime:0.000406s ]
INFO: [ app_begin ] --END-- [ RunTime:0.000682s ]

[ 2016-06-11T21:17:21+08:00 ] 114.245.79.200 /Member/Login/loginout
INFO: [ app_begin ] --START--
INFO: Run Behavior\ReadHtmlCacheBehavior [ RunTime:0.000395s ]
INFO: [ app_begin ] --END-- [ RunTime:0.000670s ]

[ 2016-06-11T21:17:35+08:00 ] 114.245.79.200 /Member/Login/loginout
INFO: [ app_begin ] --START--
INFO: Run Behavior\ReadHtmlCacheBehavior [ RunTime:0.000407s ]
INFO: [ app_begin ] --END-- [ RunTime:0.000678s ]

[ 2016-06-11T21:18:26+08:00 ] 114.245.79.200 /Member/Login/login.html
INFO: [ app_begin ] --START--
INFO: Run Behavior\ReadHtmlCacheBehavior [ RunTime:0.000569s ]
INFO: [ app_begin ] --END-- [ RunTime:0.000877s ]
SQL: SHOW COLUMNS FROM `hsdcw_vipuser` [ RunTime:0.0005s ]
SQL: SELECT * FROM `hsdcw_vipuser` WHERE `username` = 'aa' LIMIT 1   [ RunTime:0.0001s ]

[ 2016-06-11T21:18:31+08:00 ] 114.245.79.200 /Member/Login/loginout
INFO: [ app_begin ] --START--
INFO: Run Behavior\ReadHtmlCacheBehavior [ RunTime:0.000389s ]
INFO: [ app_begin ] --END-- [ RunTime:0.000666s ]

[ 2016-06-11T21:18:43+08:00 ] 114.245.79.200 /Member/Login/loginout
INFO: [ app_begin ] --START--
INFO: Run Behavior\ReadHtmlCacheBehavior [ RunTime:0.000395s ]
INFO: [ app_begin ] --END-- [ RunTime:0.000695s ]

[ 2016-06-11T21:18:58+08:00 ] 114.245.79.200 /Member/Login/loginout
INFO: [ app_begin ] --START--
INFO: Run Behavior\ReadHtmlCacheBehavior [ RunTime:0.000424s ]
INFO: [ app_begin ] --END-- [ RunTime:0.000788s ]

[ 2016-06-11T21:20:29+08:00 ] 114.245.79.200 /Member/Login/loginout
INFO: [ app_begin ] --START--
INFO: Run Behavior\ReadHtmlCacheBehavior [ RunTime:0.000471s ]
INFO: [ app_begin ] --END-- [ RunTime:0.000817s ]

[ 2016-06-11T21:21:32+08:00 ] 114.245.79.200 /Member/Login/loginout
INFO: [ app_begin ] --START--
INFO: Run Behavior\ReadHtmlCacheBehavior [ RunTime:0.000443s ]
INFO: [ app_begin ] --END-- [ RunTime:0.000720s ]

[ 2016-06-11T21:21:40+08:00 ] 114.245.79.200 /Member/Login/loginout
INFO: [ app_begin ] --START--
INFO: Run Behavior\ReadHtmlCacheBehavior [ RunTime:0.000416s ]
INFO: [ app_begin ] --END-- [ RunTime:0.000687s ]

[ 2016-06-11T21:23:23+08:00 ] 114.245.79.200 /Member/Login/login.html
INFO: [ app_begin ] --START--
INFO: Run Behavior\ReadHtmlCacheBehavior [ RunTime:0.000434s ]
INFO: [ app_begin ] --END-- [ RunTime:0.000782s ]
SQL: SHOW COLUMNS FROM `hsdcw_vipuser` [ RunTime:0.0005s ]
SQL: SELECT * FROM `hsdcw_vipuser` WHERE `username` = '' LIMIT 1   [ RunTime:0.0001s ]

[ 2016-06-11T21:23:28+08:00 ] 114.245.79.200 /Member/Login/login.html
INFO: [ app_begin ] --START--
INFO: Run Behavior\ReadHtmlCacheBehavior [ RunTime:0.000424s ]
INFO: [ app_begin ] --END-- [ RunTime:0.000752s ]
SQL: SHOW COLUMNS FROM `hsdcw_vipuser` [ RunTime:0.0006s ]
SQL: SELECT * FROM `hsdcw_vipuser` WHERE `username` = 'aa' LIMIT 1   [ RunTime:0.0001s ]

[ 2016-06-11T21:23:39+08:00 ] 114.245.79.200 /Member/Login/loginout
INFO: [ app_begin ] --START--
INFO: Run Behavior\ReadHtmlCacheBehavior [ RunTime:0.000393s ]
INFO: [ app_begin ] --END-- [ RunTime:0.000686s ]

[ 2016-06-11T21:26:28+08:00 ] 114.245.79.200 /Member/Login/loginout
INFO: [ app_begin ] --START--
INFO: Run Behavior\ReadHtmlCacheBehavior [ RunTime:0.000412s ]
INFO: [ app_begin ] --END-- [ RunTime:0.000689s ]
INFO: [ app_end ] --START--
INFO: Run Behavior\ShowPageTraceBehavior [ RunTime:0.000424s ]
INFO: [ app_end ] --END-- [ RunTime:0.000463s ]

[ 2016-06-11T21:28:23+08:00 ] 114.245.79.200 /Member/Login/loginout
INFO: [ app_begin ] --START--
INFO: Run Behavior\ReadHtmlCacheBehavior [ RunTime:0.000431s ]
INFO: [ app_begin ] --END-- [ RunTime:0.000721s ]

[ 2016-06-11T21:29:13+08:00 ] 114.245.79.200 /Member/Login/loginout
INFO: [ app_begin ] --START--
INFO: Run Behavior\ReadHtmlCacheBehavior [ RunTime:0.000395s ]
INFO: [ app_begin ] --END-- [ RunTime:0.000671s ]
INFO: [ app_end ] --START--
INFO: Run Behavior\ShowPageTraceBehavior [ RunTime:0.000406s ]
INFO: [ app_end ] --END-- [ RunTime:0.000445s ]

[ 2016-06-11T21:29:33+08:00 ] 114.245.79.200 /Member/Login/loginout
INFO: [ app_begin ] --START--
INFO: Run Behavior\ReadHtmlCacheBehavior [ RunTime:0.000394s ]
INFO: [ app_begin ] --END-- [ RunTime:0.000712s ]
INFO: [ app_end ] --START--
INFO: Run Behavior\ShowPageTraceBehavior [ RunTime:0.000406s ]
INFO: [ app_end ] --END-- [ RunTime:0.000449s ]

[ 2016-06-11T21:30:05+08:00 ] 114.245.79.200 /Member/Login/loginout
INFO: [ app_begin ] --START--
INFO: Run Behavior\ReadHtmlCacheBehavior [ RunTime:0.000398s ]
INFO: [ app_begin ] --END-- [ RunTime:0.000679s ]

[ 2016-06-11T21:30:52+08:00 ] 114.245.79.200 /Member/Login/loginout
INFO: [ app_begin ] --START--
INFO: Run Behavior\ReadHtmlCacheBehavior [ RunTime:0.000915s ]
INFO: [ app_begin ] --END-- [ RunTime:0.001245s ]

[ 2016-06-11T21:34:34+08:00 ] 114.245.79.200 /Member/Login/login.html
INFO: [ app_begin ] --START--
INFO: Run Behavior\ReadHtmlCacheBehavior [ RunTime:0.000427s ]
INFO: [ app_begin ] --END-- [ RunTime:0.000703s ]
SQL: SHOW COLUMNS FROM `hsdcw_vipuser` [ RunTime:0.0007s ]
SQL: SELECT * FROM `hsdcw_vipuser` WHERE `username` = 'aa' LIMIT 1   [ RunTime:0.0001s ]

[ 2016-06-11T21:34:42+08:00 ] 114.245.79.200 /Member/Login/loginout
INFO: [ app_begin ] --START--
INFO: Run Behavior\ReadHtmlCacheBehavior [ RunTime:0.000412s ]
INFO: [ app_begin ] --END-- [ RunTime:0.000682s ]

[ 2016-06-11T21:35:23+08:00 ] 114.245.79.200 /Member/Login/login.html
INFO: [ app_begin ] --START--
INFO: Run Behavior\ReadHtmlCacheBehavior [ RunTime:0.000446s ]
INFO: [ app_begin ] --END-- [ RunTime:0.000730s ]
SQL: SHOW COLUMNS FROM `hsdcw_vipuser` [ RunTime:0.0005s ]
SQL: SELECT * FROM `hsdcw_vipuser` WHERE `username` = 'aa' LIMIT 1   [ RunTime:0.0001s ]

[ 2016-06-11T21:35:26+08:00 ] 114.245.79.200 /Member/Login/loginout
INFO: [ app_begin ] --START--
INFO: Run Behavior\ReadHtmlCacheBehavior [ RunTime:0.000398s ]
INFO: [ app_begin ] --END-- [ RunTime:0.000697s ]

