[ 2018-05-15T02:27:46+08:00 ] 203.208.60.209 /Member/Login/login.html
INFO: [ app_init ] --START--
INFO: Run Behavior\BuildLiteBehavior [ RunTime:0.000009s ]
INFO: [ app_init ] --END-- [ RunTime:0.000220s ]
INFO: [ app_begin ] --START--
INFO: Run Behavior\ReadHtmlCacheBehavior [ RunTime:0.000319s ]
INFO: [ app_begin ] --END-- [ RunTime:0.000341s ]
INFO: [ app_end ] --START--
INFO: Run Behavior\ShowPageTraceBehavior [ RunTime:0.000327s ]
INFO: [ app_end ] --END-- [ RunTime:0.000349s ]

[ 2018-05-15T22:10:27+08:00 ] 119.79.168.10 /Member/Login/login.html
INFO: [ app_init ] --START--
INFO: Run Behavior\BuildLiteBehavior [ RunTime:0.000009s ]
INFO: [ app_init ] --END-- [ RunTime:0.000216s ]
INFO: [ app_begin ] --START--
INFO: Run Behavior\ReadHtmlCacheBehavior [ RunTime:0.000284s ]
INFO: [ app_begin ] --END-- [ RunTime:0.000304s ]
SQL: SHOW COLUMNS FROM `hsdcw_vipuser` [ RunTime:0.0245s ]
SQL: SELECT * FROM `hsdcw_vipuser` WHERE `username` = 'a@qq.com' LIMIT 1   [ RunTime:0.0020s ]

[ 2018-05-15T22:10:27+08:00 ] 119.79.168.10 /Member/Login/login.html
INFO: [ app_init ] --START--
INFO: Run Behavior\BuildLiteBehavior [ RunTime:0.000008s ]
INFO: [ app_init ] --END-- [ RunTime:0.000238s ]
INFO: [ app_begin ] --START--
INFO: Run Behavior\ReadHtmlCacheBehavior [ RunTime:0.000284s ]
INFO: [ app_begin ] --END-- [ RunTime:0.000305s ]
SQL: SHOW COLUMNS FROM `hsdcw_vipuser` [ RunTime:0.0006s ]
SQL: SELECT * FROM `hsdcw_vipuser` WHERE `username` = 'a@qq.com' LIMIT 1   [ RunTime:0.0002s ]

