[ 2018-06-02T01:01:52+08:00 ] 119.79.165.24 /Member/Login/loginout
INFO: [ app_init ] --START--
INFO: Run Behavior\BuildLiteBehavior [ RunTime:0.000011s ]
INFO: [ app_init ] --END-- [ RunTime:0.000317s ]
INFO: [ app_begin ] --START--
INFO: Run Behavior\ReadHtmlCacheBehavior [ RunTime:0.000450s ]
INFO: [ app_begin ] --END-- [ RunTime:0.000481s ]

[ 2018-06-02T14:45:41+08:00 ] 119.79.165.24 /Member/Login/login.html
INFO: [ app_init ] --START--
INFO: Run Behavior\BuildLiteBehavior [ RunTime:0.000012s ]
INFO: [ app_init ] --END-- [ RunTime:0.000377s ]
INFO: [ app_begin ] --START--
INFO: Run Behavior\ReadHtmlCacheBehavior [ RunTime:0.000398s ]
INFO: [ app_begin ] --END-- [ RunTime:0.000427s ]
SQL: SHOW COLUMNS FROM `hsdcw_vipuser` [ RunTime:0.0007s ]
SQL: SELECT * FROM `hsdcw_vipuser` WHERE `username` = '' LIMIT 1   [ RunTime:0.0002s ]

[ 2018-06-02T14:45:42+08:00 ] 119.79.165.24 /Member/Login/login.html
INFO: [ app_init ] --START--
INFO: Run Behavior\BuildLiteBehavior [ RunTime:0.000012s ]
INFO: [ app_init ] --END-- [ RunTime:0.000291s ]
INFO: [ app_begin ] --START--
INFO: Run Behavior\ReadHtmlCacheBehavior [ RunTime:0.000309s ]
INFO: [ app_begin ] --END-- [ RunTime:0.000338s ]
SQL: SHOW COLUMNS FROM `hsdcw_vipuser` [ RunTime:0.0007s ]
SQL: SELECT * FROM `hsdcw_vipuser` WHERE `username` = '' LIMIT 1   [ RunTime:0.0002s ]

[ 2018-06-02T14:45:42+08:00 ] 119.79.165.24 /Member/Login/login.html
INFO: [ app_init ] --START--
INFO: Run Behavior\BuildLiteBehavior [ RunTime:0.000009s ]
INFO: [ app_init ] --END-- [ RunTime:0.000233s ]
INFO: [ app_begin ] --START--
INFO: Run Behavior\ReadHtmlCacheBehavior [ RunTime:0.000328s ]
INFO: [ app_begin ] --END-- [ RunTime:0.000350s ]
SQL: SHOW COLUMNS FROM `hsdcw_vipuser` [ RunTime:0.0007s ]
SQL: SELECT * FROM `hsdcw_vipuser` WHERE `username` = '' LIMIT 1   [ RunTime:0.0002s ]

[ 2018-06-02T14:45:42+08:00 ] 119.79.165.24 /Member/Login/login.html
INFO: [ app_init ] --START--
INFO: Run Behavior\BuildLiteBehavior [ RunTime:0.000012s ]
INFO: [ app_init ] --END-- [ RunTime:0.000312s ]
INFO: [ app_begin ] --START--
INFO: Run Behavior\ReadHtmlCacheBehavior [ RunTime:0.000408s ]
INFO: [ app_begin ] --END-- [ RunTime:0.000436s ]
SQL: SHOW COLUMNS FROM `hsdcw_vipuser` [ RunTime:0.0006s ]
SQL: SELECT * FROM `hsdcw_vipuser` WHERE `username` = '' LIMIT 1   [ RunTime:0.0002s ]

[ 2018-06-02T14:45:42+08:00 ] 119.79.165.24 /Member/Login/login.html
INFO: [ app_init ] --START--
INFO: Run Behavior\BuildLiteBehavior [ RunTime:0.000010s ]
INFO: [ app_init ] --END-- [ RunTime:0.000288s ]
INFO: [ app_begin ] --START--
INFO: Run Behavior\ReadHtmlCacheBehavior [ RunTime:0.000331s ]
INFO: [ app_begin ] --END-- [ RunTime:0.000353s ]
SQL: SHOW COLUMNS FROM `hsdcw_vipuser` [ RunTime:0.0008s ]
SQL: SELECT * FROM `hsdcw_vipuser` WHERE `username` = '' LIMIT 1   [ RunTime:0.0002s ]

[ 2018-06-02T14:45:42+08:00 ] 119.79.165.24 /Member/Login/login.html
INFO: [ app_init ] --START--
INFO: Run Behavior\BuildLiteBehavior [ RunTime:0.000009s ]
INFO: [ app_init ] --END-- [ RunTime:0.000262s ]
INFO: [ app_begin ] --START--
INFO: Run Behavior\ReadHtmlCacheBehavior [ RunTime:0.000328s ]
INFO: [ app_begin ] --END-- [ RunTime:0.000369s ]
SQL: SHOW COLUMNS FROM `hsdcw_vipuser` [ RunTime:0.0007s ]
SQL: SELECT * FROM `hsdcw_vipuser` WHERE `username` = '' LIMIT 1   [ RunTime:0.0003s ]

[ 2018-06-02T14:45:44+08:00 ] 119.79.165.24 /Member/Login/login.html
INFO: [ app_init ] --START--
INFO: Run Behavior\BuildLiteBehavior [ RunTime:0.000023s ]
INFO: [ app_init ] --END-- [ RunTime:0.000295s ]
INFO: [ app_begin ] --START--
INFO: Run Behavior\ReadHtmlCacheBehavior [ RunTime:0.000330s ]
INFO: [ app_begin ] --END-- [ RunTime:0.000351s ]
SQL: SHOW COLUMNS FROM `hsdcw_vipuser` [ RunTime:0.0007s ]
SQL: SELECT * FROM `hsdcw_vipuser` WHERE `username` = '' LIMIT 1   [ RunTime:0.0002s ]

[ 2018-06-02T14:45:52+08:00 ] 119.79.165.24 /Member/Login/login.html
INFO: [ app_init ] --START--
INFO: Run Behavior\BuildLiteBehavior [ RunTime:0.000010s ]
INFO: [ app_init ] --END-- [ RunTime:0.000232s ]
INFO: [ app_begin ] --START--
INFO: Run Behavior\ReadHtmlCacheBehavior [ RunTime:0.000296s ]
INFO: [ app_begin ] --END-- [ RunTime:0.000318s ]
SQL: SHOW COLUMNS FROM `hsdcw_vipuser` [ RunTime:0.0007s ]
SQL: SELECT * FROM `hsdcw_vipuser` WHERE `username` = '' LIMIT 1   [ RunTime:0.0002s ]

[ 2018-06-02T14:45:55+08:00 ] 119.79.165.24 /Member/Login/login.html
INFO: [ app_init ] --START--
INFO: Run Behavior\BuildLiteBehavior [ RunTime:0.000009s ]
INFO: [ app_init ] --END-- [ RunTime:0.000239s ]
INFO: [ app_begin ] --START--
INFO: Run Behavior\ReadHtmlCacheBehavior [ RunTime:0.000315s ]
INFO: [ app_begin ] --END-- [ RunTime:0.000343s ]
SQL: SHOW COLUMNS FROM `hsdcw_vipuser` [ RunTime:0.0007s ]
SQL: SELECT * FROM `hsdcw_vipuser` WHERE `username` = '' LIMIT 1   [ RunTime:0.0002s ]

[ 2018-06-02T14:46:03+08:00 ] 119.79.165.24 /Member/Login/login.html
INFO: [ app_init ] --START--
INFO: Run Behavior\BuildLiteBehavior [ RunTime:0.000010s ]
INFO: [ app_init ] --END-- [ RunTime:0.000231s ]
INFO: [ app_begin ] --START--
INFO: Run Behavior\ReadHtmlCacheBehavior [ RunTime:0.000408s ]
INFO: [ app_begin ] --END-- [ RunTime:0.000433s ]
SQL: SHOW COLUMNS FROM `hsdcw_vipuser` [ RunTime:0.0007s ]
SQL: SELECT * FROM `hsdcw_vipuser` WHERE `username` = '他' LIMIT 1   [ RunTime:0.0002s ]

[ 2018-06-02T14:46:05+08:00 ] 119.79.165.24 /Member/Login/login.html
INFO: [ app_init ] --START--
INFO: Run Behavior\BuildLiteBehavior [ RunTime:0.000016s ]
INFO: [ app_init ] --END-- [ RunTime:0.000343s ]
INFO: [ app_begin ] --START--
INFO: Run Behavior\ReadHtmlCacheBehavior [ RunTime:0.000381s ]
INFO: [ app_begin ] --END-- [ RunTime:0.000410s ]
SQL: SHOW COLUMNS FROM `hsdcw_vipuser` [ RunTime:0.0006s ]
SQL: SELECT * FROM `hsdcw_vipuser` WHERE `username` = '他' LIMIT 1   [ RunTime:0.0002s ]

[ 2018-06-02T14:46:10+08:00 ] 119.79.165.24 /Member/Login/login.html
INFO: [ app_init ] --START--
INFO: Run Behavior\BuildLiteBehavior [ RunTime:0.000011s ]
INFO: [ app_init ] --END-- [ RunTime:0.000318s ]
INFO: [ app_begin ] --START--
INFO: Run Behavior\ReadHtmlCacheBehavior [ RunTime:0.000335s ]
INFO: [ app_begin ] --END-- [ RunTime:0.000446s ]
SQL: SHOW COLUMNS FROM `hsdcw_vipuser` [ RunTime:0.0006s ]
SQL: SELECT * FROM `hsdcw_vipuser` WHERE `username` = '' LIMIT 1   [ RunTime:0.0003s ]

[ 2018-06-02T19:03:09+08:00 ] 119.79.165.24 /Member/Login/login.html
INFO: [ app_init ] --START--
INFO: Run Behavior\BuildLiteBehavior [ RunTime:0.000010s ]
INFO: [ app_init ] --END-- [ RunTime:0.000243s ]
INFO: [ app_begin ] --START--
INFO: Run Behavior\ReadHtmlCacheBehavior [ RunTime:0.000390s ]
INFO: [ app_begin ] --END-- [ RunTime:0.000415s ]
SQL: SHOW COLUMNS FROM `hsdcw_vipuser` [ RunTime:0.0007s ]
SQL: SELECT * FROM `hsdcw_vipuser` WHERE `username` = '' LIMIT 1   [ RunTime:0.0002s ]

[ 2018-06-02T19:03:10+08:00 ] 119.79.165.24 /Member/Login/login.html
INFO: [ app_init ] --START--
INFO: Run Behavior\BuildLiteBehavior [ RunTime:0.000009s ]
INFO: [ app_init ] --END-- [ RunTime:0.000254s ]
INFO: [ app_begin ] --START--
INFO: Run Behavior\ReadHtmlCacheBehavior [ RunTime:0.000295s ]
INFO: [ app_begin ] --END-- [ RunTime:0.000317s ]
SQL: SHOW COLUMNS FROM `hsdcw_vipuser` [ RunTime:0.0006s ]
SQL: SELECT * FROM `hsdcw_vipuser` WHERE `username` = '' LIMIT 1   [ RunTime:0.0002s ]

[ 2018-06-02T19:03:10+08:00 ] 119.79.165.24 /Member/Login/login.html
INFO: [ app_init ] --START--
INFO: Run Behavior\BuildLiteBehavior [ RunTime:0.000009s ]
INFO: [ app_init ] --END-- [ RunTime:0.000261s ]
INFO: [ app_begin ] --START--
INFO: Run Behavior\ReadHtmlCacheBehavior [ RunTime:0.000307s ]
INFO: [ app_begin ] --END-- [ RunTime:0.000328s ]
SQL: SHOW COLUMNS FROM `hsdcw_vipuser` [ RunTime:0.0006s ]
SQL: SELECT * FROM `hsdcw_vipuser` WHERE `username` = '' LIMIT 1   [ RunTime:0.0002s ]

[ 2018-06-02T19:03:10+08:00 ] 119.79.165.24 /Member/Login/login.html
INFO: [ app_init ] --START--
INFO: Run Behavior\BuildLiteBehavior [ RunTime:0.000012s ]
INFO: [ app_init ] --END-- [ RunTime:0.000234s ]
INFO: [ app_begin ] --START--
INFO: Run Behavior\ReadHtmlCacheBehavior [ RunTime:0.000340s ]
INFO: [ app_begin ] --END-- [ RunTime:0.000361s ]
SQL: SHOW COLUMNS FROM `hsdcw_vipuser` [ RunTime:0.0006s ]
SQL: SELECT * FROM `hsdcw_vipuser` WHERE `username` = '' LIMIT 1   [ RunTime:0.0002s ]

[ 2018-06-02T21:18:30+08:00 ] 119.79.165.24 /Member/Login/login.html
INFO: [ app_init ] --START--
INFO: Run Behavior\BuildLiteBehavior [ RunTime:0.000009s ]
INFO: [ app_init ] --END-- [ RunTime:0.000240s ]
INFO: [ app_begin ] --START--
INFO: Run Behavior\ReadHtmlCacheBehavior [ RunTime:0.000298s ]
INFO: [ app_begin ] --END-- [ RunTime:0.000320s ]
SQL: SHOW COLUMNS FROM `hsdcw_vipuser` [ RunTime:0.0006s ]
SQL: SELECT * FROM `hsdcw_vipuser` WHERE `username` = '' LIMIT 1   [ RunTime:0.0003s ]

