[ 2016-06-10T23:52:31+08:00 ] 114.245.79.200 /Admin
INFO: [ app_init ] --START--
INFO: Run Behavior\BuildLiteBehavior [ RunTime:0.000021s ]
INFO: [ app_init ] --END-- [ RunTime:0.000432s ]
INFO: [ app_begin ] --START--
INFO: Run Behavior\ReadHtmlCacheBehavior [ RunTime:0.000479s ]
INFO: [ app_begin ] --END-- [ RunTime:0.000527s ]
INFO: [ view_parse ] --START--
INFO: [ template_filter ] --START--
INFO: Run Behavior\ContentReplaceBehavior [ RunTime:0.000048s ]
INFO: [ template_filter ] --END-- [ RunTime:0.000111s ]
INFO: Run Behavior\ParseTemplateBehavior [ RunTime:0.021027s ]
INFO: [ view_parse ] --END-- [ RunTime:0.021092s ]
INFO: [ view_filter ] --START--
INFO: Run Behavior\WriteHtmlCacheBehavior [ RunTime:0.000176s ]
INFO: [ view_filter ] --END-- [ RunTime:0.000209s ]

[ 2016-06-10T23:52:34+08:00 ] 114.245.79.200 /Admin/Login/index
INFO: [ app_init ] --START--
INFO: Run Behavior\BuildLiteBehavior [ RunTime:0.000013s ]
INFO: [ app_init ] --END-- [ RunTime:0.000323s ]
INFO: [ app_begin ] --START--
INFO: Run Behavior\ReadHtmlCacheBehavior [ RunTime:0.000450s ]
INFO: [ app_begin ] --END-- [ RunTime:0.000496s ]
INFO: [ view_parse ] --START--
INFO: [ template_filter ] --START--
INFO: Run Behavior\ContentReplaceBehavior [ RunTime:0.000042s ]
INFO: [ template_filter ] --END-- [ RunTime:0.000087s ]
INFO: Run Behavior\ParseTemplateBehavior [ RunTime:0.021968s ]
INFO: [ view_parse ] --END-- [ RunTime:0.022010s ]
INFO: [ view_filter ] --START--
INFO: Run Behavior\WriteHtmlCacheBehavior [ RunTime:0.000189s ]
INFO: [ view_filter ] --END-- [ RunTime:0.000222s ]
INFO: [ app_end ] --START--
INFO: Run Behavior\ShowPageTraceBehavior [ RunTime:0.000422s ]
INFO: [ app_end ] --END-- [ RunTime:0.000460s ]

[ 2016-06-10T23:52:35+08:00 ] 114.245.79.200 /Admin/Login/verify
INFO: [ app_init ] --START--
INFO: Run Behavior\BuildLiteBehavior [ RunTime:0.000019s ]
INFO: [ app_init ] --END-- [ RunTime:0.000494s ]
INFO: [ app_begin ] --START--
INFO: Run Behavior\ReadHtmlCacheBehavior [ RunTime:0.000454s ]
INFO: [ app_begin ] --END-- [ RunTime:0.000494s ]
NOTIC: [2] array_merge(): Argument #2 is not an array /www/web/hsdcw_cn/public_html/ThinkPHP/Library/Think/Verify.class.php 第 42 行.
NOTIC: [2] imagecreate(): Invalid image dimensions /www/web/hsdcw_cn/public_html/ThinkPHP/Library/Think/Verify.class.php 第 119 行.
NOTIC: [2] imagecolorallocate() expects parameter 1 to be resource, boolean given /www/web/hsdcw_cn/public_html/ThinkPHP/Library/Think/Verify.class.php 第 121 行.
NOTIC: [2] imagecolorallocate() expects parameter 1 to be resource, boolean given /www/web/hsdcw_cn/public_html/ThinkPHP/Library/Think/Verify.class.php 第 124 行.
NOTIC: [2] imagepng() expects parameter 1 to be resource, boolean given /www/web/hsdcw_cn/public_html/ThinkPHP/Library/Think/Verify.class.php 第 184 行.
NOTIC: [2] imagedestroy() expects parameter 1 to be resource, boolean given /www/web/hsdcw_cn/public_html/ThinkPHP/Library/Think/Verify.class.php 第 185 行.
INFO: [ app_end ] --START--
INFO: Run Behavior\ShowPageTraceBehavior [ RunTime:0.000543s ]
INFO: [ app_end ] --END-- [ RunTime:0.000589s ]

[ 2016-06-10T23:52:36+08:00 ] 114.245.79.200 /Admin/Login/verify
INFO: [ app_init ] --START--
INFO: Run Behavior\BuildLiteBehavior [ RunTime:0.000013s ]
INFO: [ app_init ] --END-- [ RunTime:0.000309s ]
INFO: [ app_begin ] --START--
INFO: Run Behavior\ReadHtmlCacheBehavior [ RunTime:0.000404s ]
INFO: [ app_begin ] --END-- [ RunTime:0.000452s ]
NOTIC: [2] array_merge(): Argument #2 is not an array /www/web/hsdcw_cn/public_html/ThinkPHP/Library/Think/Verify.class.php 第 42 行.
NOTIC: [2] imagecreate(): Invalid image dimensions /www/web/hsdcw_cn/public_html/ThinkPHP/Library/Think/Verify.class.php 第 119 行.
NOTIC: [2] imagecolorallocate() expects parameter 1 to be resource, boolean given /www/web/hsdcw_cn/public_html/ThinkPHP/Library/Think/Verify.class.php 第 121 行.
NOTIC: [2] imagecolorallocate() expects parameter 1 to be resource, boolean given /www/web/hsdcw_cn/public_html/ThinkPHP/Library/Think/Verify.class.php 第 124 行.
NOTIC: [2] imagepng() expects parameter 1 to be resource, boolean given /www/web/hsdcw_cn/public_html/ThinkPHP/Library/Think/Verify.class.php 第 184 行.
NOTIC: [2] imagedestroy() expects parameter 1 to be resource, boolean given /www/web/hsdcw_cn/public_html/ThinkPHP/Library/Think/Verify.class.php 第 185 行.
INFO: [ app_end ] --START--
INFO: Run Behavior\ShowPageTraceBehavior [ RunTime:0.000433s ]
INFO: [ app_end ] --END-- [ RunTime:0.000473s ]

[ 2016-06-10T23:52:37+08:00 ] 114.245.79.200 /Admin/Login/favicon.ico
INFO: [ app_init ] --START--
INFO: Run Behavior\BuildLiteBehavior [ RunTime:0.000013s ]
INFO: [ app_init ] --END-- [ RunTime:0.000310s ]

[ 2016-06-10T23:52:40+08:00 ] 114.245.79.200 /Admin/Login/index
INFO: [ app_init ] --START--
INFO: Run Behavior\BuildLiteBehavior [ RunTime:0.000013s ]
INFO: [ app_init ] --END-- [ RunTime:0.000317s ]
INFO: [ app_begin ] --START--
INFO: Run Behavior\ReadHtmlCacheBehavior [ RunTime:0.000528s ]
INFO: [ app_begin ] --END-- [ RunTime:0.000568s ]
INFO: [ view_parse ] --START--
INFO: [ template_filter ] --START--
INFO: Run Behavior\ContentReplaceBehavior [ RunTime:0.000043s ]
INFO: [ template_filter ] --END-- [ RunTime:0.000083s ]
INFO: Run Behavior\ParseTemplateBehavior [ RunTime:0.005017s ]
INFO: [ view_parse ] --END-- [ RunTime:0.005059s ]
INFO: [ view_filter ] --START--
INFO: Run Behavior\WriteHtmlCacheBehavior [ RunTime:0.000172s ]
INFO: [ view_filter ] --END-- [ RunTime:0.000204s ]
INFO: [ app_end ] --START--
INFO: Run Behavior\ShowPageTraceBehavior [ RunTime:0.000416s ]
INFO: [ app_end ] --END-- [ RunTime:0.000461s ]

[ 2016-06-10T23:52:41+08:00 ] 114.245.79.200 /Admin/Login/verify
INFO: [ app_init ] --START--
INFO: Run Behavior\BuildLiteBehavior [ RunTime:0.000014s ]
INFO: [ app_init ] --END-- [ RunTime:0.000339s ]
INFO: [ app_begin ] --START--
INFO: Run Behavior\ReadHtmlCacheBehavior [ RunTime:0.000439s ]
INFO: [ app_begin ] --END-- [ RunTime:0.000486s ]
NOTIC: [2] array_merge(): Argument #2 is not an array /www/web/hsdcw_cn/public_html/ThinkPHP/Library/Think/Verify.class.php 第 42 行.
NOTIC: [2] imagecreate(): Invalid image dimensions /www/web/hsdcw_cn/public_html/ThinkPHP/Library/Think/Verify.class.php 第 119 行.
NOTIC: [2] imagecolorallocate() expects parameter 1 to be resource, boolean given /www/web/hsdcw_cn/public_html/ThinkPHP/Library/Think/Verify.class.php 第 121 行.
NOTIC: [2] imagecolorallocate() expects parameter 1 to be resource, boolean given /www/web/hsdcw_cn/public_html/ThinkPHP/Library/Think/Verify.class.php 第 124 行.
NOTIC: [2] imagepng() expects parameter 1 to be resource, boolean given /www/web/hsdcw_cn/public_html/ThinkPHP/Library/Think/Verify.class.php 第 184 行.
NOTIC: [2] imagedestroy() expects parameter 1 to be resource, boolean given /www/web/hsdcw_cn/public_html/ThinkPHP/Library/Think/Verify.class.php 第 185 行.
INFO: [ app_end ] --START--
INFO: Run Behavior\ShowPageTraceBehavior [ RunTime:0.000449s ]
INFO: [ app_end ] --END-- [ RunTime:0.000488s ]

[ 2016-06-10T23:52:41+08:00 ] 114.245.79.200 /Admin/Login/verify
INFO: [ app_init ] --START--
INFO: Run Behavior\BuildLiteBehavior [ RunTime:0.000013s ]
INFO: [ app_init ] --END-- [ RunTime:0.000298s ]
INFO: [ app_begin ] --START--
INFO: Run Behavior\ReadHtmlCacheBehavior [ RunTime:0.000423s ]
INFO: [ app_begin ] --END-- [ RunTime:0.000472s ]
NOTIC: [2] array_merge(): Argument #2 is not an array /www/web/hsdcw_cn/public_html/ThinkPHP/Library/Think/Verify.class.php 第 42 行.
NOTIC: [2] imagecreate(): Invalid image dimensions /www/web/hsdcw_cn/public_html/ThinkPHP/Library/Think/Verify.class.php 第 119 行.
NOTIC: [2] imagecolorallocate() expects parameter 1 to be resource, boolean given /www/web/hsdcw_cn/public_html/ThinkPHP/Library/Think/Verify.class.php 第 121 行.
NOTIC: [2] imagecolorallocate() expects parameter 1 to be resource, boolean given /www/web/hsdcw_cn/public_html/ThinkPHP/Library/Think/Verify.class.php 第 124 行.
NOTIC: [2] imagepng() expects parameter 1 to be resource, boolean given /www/web/hsdcw_cn/public_html/ThinkPHP/Library/Think/Verify.class.php 第 184 行.
NOTIC: [2] imagedestroy() expects parameter 1 to be resource, boolean given /www/web/hsdcw_cn/public_html/ThinkPHP/Library/Think/Verify.class.php 第 185 行.
INFO: [ app_end ] --START--
INFO: Run Behavior\ShowPageTraceBehavior [ RunTime:0.000407s ]
INFO: [ app_end ] --END-- [ RunTime:0.000448s ]

[ 2016-06-10T23:52:43+08:00 ] 114.245.79.200 /Admin/Login/verify?0.2412853753194213
INFO: [ app_init ] --START--
INFO: Run Behavior\BuildLiteBehavior [ RunTime:0.000013s ]
INFO: [ app_init ] --END-- [ RunTime:0.000299s ]
INFO: [ app_begin ] --START--
INFO: Run Behavior\ReadHtmlCacheBehavior [ RunTime:0.000396s ]
INFO: [ app_begin ] --END-- [ RunTime:0.000436s ]
NOTIC: [2] array_merge(): Argument #2 is not an array /www/web/hsdcw_cn/public_html/ThinkPHP/Library/Think/Verify.class.php 第 42 行.
NOTIC: [2] imagecreate(): Invalid image dimensions /www/web/hsdcw_cn/public_html/ThinkPHP/Library/Think/Verify.class.php 第 119 行.
NOTIC: [2] imagecolorallocate() expects parameter 1 to be resource, boolean given /www/web/hsdcw_cn/public_html/ThinkPHP/Library/Think/Verify.class.php 第 121 行.
NOTIC: [2] imagecolorallocate() expects parameter 1 to be resource, boolean given /www/web/hsdcw_cn/public_html/ThinkPHP/Library/Think/Verify.class.php 第 124 行.
NOTIC: [2] imagepng() expects parameter 1 to be resource, boolean given /www/web/hsdcw_cn/public_html/ThinkPHP/Library/Think/Verify.class.php 第 184 行.
NOTIC: [2] imagedestroy() expects parameter 1 to be resource, boolean given /www/web/hsdcw_cn/public_html/ThinkPHP/Library/Think/Verify.class.php 第 185 行.
INFO: [ app_end ] --START--
INFO: Run Behavior\ShowPageTraceBehavior [ RunTime:0.000412s ]
INFO: [ app_end ] --END-- [ RunTime:0.000450s ]

[ 2016-06-10T23:52:43+08:00 ] 114.245.79.200 /Admin/Login/verify?0.2412853753194213?0.7656167834065855
INFO: [ app_init ] --START--
INFO: Run Behavior\BuildLiteBehavior [ RunTime:0.000014s ]
INFO: [ app_init ] --END-- [ RunTime:0.000304s ]
INFO: [ app_begin ] --START--
INFO: Run Behavior\ReadHtmlCacheBehavior [ RunTime:0.000688s ]
INFO: [ app_begin ] --END-- [ RunTime:0.000758s ]
NOTIC: [2] array_merge(): Argument #2 is not an array /www/web/hsdcw_cn/public_html/ThinkPHP/Library/Think/Verify.class.php 第 42 行.
NOTIC: [2] imagecreate(): Invalid image dimensions /www/web/hsdcw_cn/public_html/ThinkPHP/Library/Think/Verify.class.php 第 119 行.
NOTIC: [2] imagecolorallocate() expects parameter 1 to be resource, boolean given /www/web/hsdcw_cn/public_html/ThinkPHP/Library/Think/Verify.class.php 第 121 行.
NOTIC: [2] imagecolorallocate() expects parameter 1 to be resource, boolean given /www/web/hsdcw_cn/public_html/ThinkPHP/Library/Think/Verify.class.php 第 124 行.
NOTIC: [2] imagepng() expects parameter 1 to be resource, boolean given /www/web/hsdcw_cn/public_html/ThinkPHP/Library/Think/Verify.class.php 第 184 行.
NOTIC: [2] imagedestroy() expects parameter 1 to be resource, boolean given /www/web/hsdcw_cn/public_html/ThinkPHP/Library/Think/Verify.class.php 第 185 行.
INFO: [ app_end ] --START--
INFO: Run Behavior\ShowPageTraceBehavior [ RunTime:0.000726s ]
INFO: [ app_end ] --END-- [ RunTime:0.000780s ]

[ 2016-06-10T23:52:45+08:00 ] 114.245.79.200 /Admin/Login/verify?0.2412853753194213?0.7656167834065855?0.5787946782074869
INFO: [ app_init ] --START--
INFO: Run Behavior\BuildLiteBehavior [ RunTime:0.000015s ]
INFO: [ app_init ] --END-- [ RunTime:0.000565s ]
INFO: [ app_begin ] --START--
INFO: Run Behavior\ReadHtmlCacheBehavior [ RunTime:0.000430s ]
INFO: [ app_begin ] --END-- [ RunTime:0.000476s ]
NOTIC: [2] array_merge(): Argument #2 is not an array /www/web/hsdcw_cn/public_html/ThinkPHP/Library/Think/Verify.class.php 第 42 行.
NOTIC: [2] imagecreate(): Invalid image dimensions /www/web/hsdcw_cn/public_html/ThinkPHP/Library/Think/Verify.class.php 第 119 行.
NOTIC: [2] imagecolorallocate() expects parameter 1 to be resource, boolean given /www/web/hsdcw_cn/public_html/ThinkPHP/Library/Think/Verify.class.php 第 121 行.
NOTIC: [2] imagecolorallocate() expects parameter 1 to be resource, boolean given /www/web/hsdcw_cn/public_html/ThinkPHP/Library/Think/Verify.class.php 第 124 行.
NOTIC: [2] imagepng() expects parameter 1 to be resource, boolean given /www/web/hsdcw_cn/public_html/ThinkPHP/Library/Think/Verify.class.php 第 184 行.
NOTIC: [2] imagedestroy() expects parameter 1 to be resource, boolean given /www/web/hsdcw_cn/public_html/ThinkPHP/Library/Think/Verify.class.php 第 185 行.
INFO: [ app_end ] --START--
INFO: Run Behavior\ShowPageTraceBehavior [ RunTime:0.000420s ]
INFO: [ app_end ] --END-- [ RunTime:0.000458s ]

[ 2016-06-10T23:52:45+08:00 ] 114.245.79.200 /Admin/Login/verify?0.2412853753194213?0.7656167834065855?0.5787946782074869?0.7937594924587756
INFO: [ app_init ] --START--
INFO: Run Behavior\BuildLiteBehavior [ RunTime:0.000013s ]
INFO: [ app_init ] --END-- [ RunTime:0.000291s ]
INFO: [ app_begin ] --START--
INFO: Run Behavior\ReadHtmlCacheBehavior [ RunTime:0.000394s ]
INFO: [ app_begin ] --END-- [ RunTime:0.000434s ]
NOTIC: [2] array_merge(): Argument #2 is not an array /www/web/hsdcw_cn/public_html/ThinkPHP/Library/Think/Verify.class.php 第 42 行.
NOTIC: [2] imagecreate(): Invalid image dimensions /www/web/hsdcw_cn/public_html/ThinkPHP/Library/Think/Verify.class.php 第 119 行.
NOTIC: [2] imagecolorallocate() expects parameter 1 to be resource, boolean given /www/web/hsdcw_cn/public_html/ThinkPHP/Library/Think/Verify.class.php 第 121 行.
NOTIC: [2] imagecolorallocate() expects parameter 1 to be resource, boolean given /www/web/hsdcw_cn/public_html/ThinkPHP/Library/Think/Verify.class.php 第 124 行.
NOTIC: [2] imagepng() expects parameter 1 to be resource, boolean given /www/web/hsdcw_cn/public_html/ThinkPHP/Library/Think/Verify.class.php 第 184 行.
NOTIC: [2] imagedestroy() expects parameter 1 to be resource, boolean given /www/web/hsdcw_cn/public_html/ThinkPHP/Library/Think/Verify.class.php 第 185 行.
INFO: [ app_end ] --START--
INFO: Run Behavior\ShowPageTraceBehavior [ RunTime:0.000403s ]
INFO: [ app_end ] --END-- [ RunTime:0.000440s ]

[ 2016-06-10T23:52:47+08:00 ] 114.245.79.200 /Admin/Login/login?username=a%40qq.com&password=123&code=ss
INFO: [ app_init ] --START--
INFO: Run Behavior\BuildLiteBehavior [ RunTime:0.000014s ]
INFO: [ app_init ] --END-- [ RunTime:0.000324s ]
INFO: [ app_begin ] --START--
INFO: Run Behavior\ReadHtmlCacheBehavior [ RunTime:0.000508s ]
INFO: [ app_begin ] --END-- [ RunTime:0.000548s ]
ERR: 无法加载数据库驱动: Think\Db\Driver\

[ 2016-06-10T23:53:00+08:00 ] 114.245.79.200 /Admin/Login/login?username=a%40qq.com&password=123&code=ss
INFO: [ app_init ] --START--
INFO: Run Behavior\BuildLiteBehavior [ RunTime:0.000012s ]
INFO: [ app_init ] --END-- [ RunTime:0.000307s ]
INFO: [ app_begin ] --START--
INFO: Run Behavior\ReadHtmlCacheBehavior [ RunTime:0.000398s ]
INFO: [ app_begin ] --END-- [ RunTime:0.000443s ]
ERR: 无法加载数据库驱动: Think\Db\Driver\

